2018-02-10 18:03:49 [http-nio-8080-exec-82] INFO  c.m.s.w.l.HttpRequestLogInterceptor.preHandle(35) - 2018-02-10T18:03:49.933 - called url:/Spring-In-Action_WEBApp/login
2018-02-10 18:03:49 [http-nio-8080-exec-82] INFO  com.mvc.spittr.web.LoginController.isCurrentAuthenticationAnonymous(160) - isCurrentAuthenticationAnonymous() flag value: false and credential_null
2018-02-10 18:03:49 [http-nio-8080-exec-82] INFO  com.mvc.spittr.web.LoginController.loginPage(119) - login requested but redirect:/spitter
2018-02-10 18:03:49 [http-nio-8080-exec-86] INFO  c.m.s.w.l.HttpRequestLogInterceptor.preHandle(35) - 2018-02-10T18:03:49.964 - called url:/Spring-In-Action_WEBApp/spitter
2018-02-10 18:03:53 [http-nio-8080-exec-78] INFO  c.m.s.w.l.HttpRequestLogInterceptor.preHandle(35) - 2018-02-10T18:03:53.172 - called url:/Spring-In-Action_WEBApp/logout
2018-02-10 18:03:53 [http-nio-8080-exec-78] INFO  com.mvc.spittr.web.LoginController.logoutPage(177) - Before Logout - authentication_org.springframework.security.authentication.UsernamePasswordAuthenticationToken@f9ebdc6b: Principal: org.springframework.security.core.userdetails.User@586034f: Username: admin; Password: [PROTECTED]; Enabled: true; AccountNonExpired: true; credentialsNonExpired: true; AccountNonLocked: true; Granted Authorities: ADMIN,DB,USER; Credentials: [PROTECTED]; Authenticated: true; Details: org.springframework.security.web.authentication.WebAuthenticationDetails@1c07a: RemoteIpAddress: 127.0.0.1; SessionId: 2DB7CF6D06F8D31C7F588D13E238F348; Granted Authorities: ADMIN, DB, USER 
2018-02-10 18:03:53 [http-nio-8080-exec-78] INFO  com.mvc.spittr.web.LoginController.logoutPage(183) - After Logout authentication_org.springframework.security.authentication.UsernamePasswordAuthenticationToken@f9ebdc6b: Principal: org.springframework.security.core.userdetails.User@586034f: Username: admin; Password: [PROTECTED]; Enabled: true; AccountNonExpired: true; credentialsNonExpired: true; AccountNonLocked: true; Granted Authorities: ADMIN,DB,USER; Credentials: [PROTECTED]; Authenticated: true; Details: org.springframework.security.web.authentication.WebAuthenticationDetails@1c07a: RemoteIpAddress: 127.0.0.1; SessionId: 2DB7CF6D06F8D31C7F588D13E238F348; Granted Authorities: ADMIN, DB, USER 
2018-02-10 18:03:53 [http-nio-8080-exec-87] INFO  c.m.s.w.l.HttpRequestLogInterceptor.preHandle(35) - 2018-02-10T18:03:53.194 - called url:/Spring-In-Action_WEBApp/
2018-02-10 18:03:56 [http-nio-8080-exec-83] INFO  c.m.s.w.l.HttpRequestLogInterceptor.preHandle(35) - 2018-02-10T18:03:56.036 - called url:/Spring-In-Action_WEBApp/login
2018-02-10 18:03:56 [http-nio-8080-exec-83] INFO  com.mvc.spittr.web.LoginController.isCurrentAuthenticationAnonymous(160) - isCurrentAuthenticationAnonymous() flag value: true and credential_
2018-02-10 18:03:56 [http-nio-8080-exec-83] INFO  com.mvc.spittr.web.LoginController.loginPage(116) - login ok
2018-02-10 18:07:09 [ContainerBackgroundProcessor[StandardEngine[Catalina]]] INFO  c.m.s.web.config.WebAppInitializer.<clinit>(55) - ************************Start WebAppInitializer************************
2018-02-10 18:07:09 [ContainerBackgroundProcessor[StandardEngine[Catalina]]] INFO  c.m.s.web.config.WebAppInitializer.<clinit>(161) - ************************End WebAppInitializer************************
2018-02-10 18:07:09 [ContainerBackgroundProcessor[StandardEngine[Catalina]]] INFO  c.m.s.w.c.SecurityWebApplicationInitializer.<clinit>(16) - 1 ************************SecurityWebApplicationInitializer Intizialized************************
2018-02-10 18:07:09 [ContainerBackgroundProcessor[StandardEngine[Catalina]]] INFO  c.m.s.w.c.ApacheServletInitializer.<clinit>(29) - ************************Start AppWebConfig************************
2018-02-10 18:07:09 [ContainerBackgroundProcessor[StandardEngine[Catalina]]] INFO  c.m.s.w.c.ApacheServletInitializer.<clinit>(83) - ************************End AppWebConfig************************
2018-02-10 18:07:09 [ContainerBackgroundProcessor[StandardEngine[Catalina]]] INFO  c.m.s.web.config.WebAppInitializer.getRootConfigClasses(66) - AppRootConfig configured
2018-02-10 18:07:09 [ContainerBackgroundProcessor[StandardEngine[Catalina]]] INFO  c.m.s.web.config.WebAppInitializer.getServletConfigClasses(81) - AppWebConfig configured
2018-02-10 18:07:09 [ContainerBackgroundProcessor[StandardEngine[Catalina]]] INFO  c.m.s.web.config.WebAppInitializer.customizeRegistration(118) - CustomizeRegistration initialized
2018-02-10 18:07:09 [ContainerBackgroundProcessor[StandardEngine[Catalina]]] INFO  c.m.s.web.config.WebAppInitializer.customizeRegistration(128) - ***START*** Multipart initializing 
2018-02-10 18:07:09 [ContainerBackgroundProcessor[StandardEngine[Catalina]]] INFO  c.m.s.web.config.WebAppInitializer.customizeRegistration(129) - Download Directory:/tmp
2018-02-10 18:07:09 [ContainerBackgroundProcessor[StandardEngine[Catalina]]] INFO  c.m.s.web.config.WebAppInitializer.customizeRegistration(137) - Multipart uploads files at /home/sabaja/Scrivania/spring-hibernate-workspace/Spring-In-Action_WebApp/Downloads, maxFileSize=2097152, maxRequestSize=4194304, fileSizeThreshold=0
2018-02-10 18:07:09 [ContainerBackgroundProcessor[StandardEngine[Catalina]]] INFO  c.m.s.web.config.WebAppInitializer.customizeRegistration(140) - ***END*** Multipart initialized 
2018-02-10 18:07:09 [ContainerBackgroundProcessor[StandardEngine[Catalina]]] INFO  c.m.s.w.c.ApacheServletInitializer.onStartup(37) - WebApplicationInitializer@ServletApacheInitializer instantiated
2018-02-10 18:07:09 [ContainerBackgroundProcessor[StandardEngine[Catalina]]] INFO  c.m.s.w.c.ApacheServletInitializer.onStartup(52) - Servlet [com.mvc.spittr.web.servlet.GenericServletDemoServlet] was added
2018-02-10 18:07:10 [ContainerBackgroundProcessor[StandardEngine[Catalina]]] INFO  c.m.spittr.web.config.AppRootConfig.<clinit>(59) - ************************AppRootConfig************************
2018-02-10 18:07:10 [ContainerBackgroundProcessor[StandardEngine[Catalina]]] INFO  c.m.s.web.config.WebSecurityConfig.<clinit>(72) - ************************Start - WebSecurityConfig************************
2018-02-10 18:07:10 [ContainerBackgroundProcessor[StandardEngine[Catalina]]] INFO  c.m.s.web.config.WebSecurityConfig.<clinit>(226) - ************************End - WebSecurityConfig************************
2018-02-10 18:07:10 [ContainerBackgroundProcessor[StandardEngine[Catalina]]] INFO  c.mvc.spittr.web.config.AppWebConfig.<clinit>(49) - ************************Start AppWebConfig************************
2018-02-10 18:07:10 [ContainerBackgroundProcessor[StandardEngine[Catalina]]] INFO  c.mvc.spittr.web.config.AppWebConfig.<clinit>(209) - ************************End AppWebConfig************************
2018-02-10 18:07:10 [ContainerBackgroundProcessor[StandardEngine[Catalina]]] INFO  c.m.spittr.web.config.AppRootConfig.messageSource(74) - MessageSource initialized
2018-02-10 18:07:11 [ContainerBackgroundProcessor[StandardEngine[Catalina]]] INFO  c.m.s.w.c.RoleToUserProfileConverter.<clinit>(27) - ************************Start RoleToUserProfileConverter************************
2018-02-10 18:07:11 [ContainerBackgroundProcessor[StandardEngine[Catalina]]] INFO  c.m.s.w.c.RoleToUserProfileConverter.<clinit>(42) - ************************End RoleToUserProfileConverter************************
2018-02-10 18:07:11 [ContainerBackgroundProcessor[StandardEngine[Catalina]]] INFO  c.m.spittr.web.config.AppRootConfig.dataSource(142) - ***HIBERNATE*** - DB DataSource initialized - HIBERNATE -
2018-02-10 18:07:11 [ContainerBackgroundProcessor[StandardEngine[Catalina]]] INFO  c.m.spittr.web.config.AppRootConfig.getSessionFactory(150) - ***HIBERNATE*** - LocalSessionFactoryBean initialized - HIBERNATE -
2018-02-10 18:07:11 [ContainerBackgroundProcessor[StandardEngine[Catalina]]] INFO  c.m.spittr.web.config.AppRootConfig.getSessionFactory(152) - ***HIBERNATE*** - HibernateProperties initialized - HIBERNATE -
2018-02-10 18:07:14 [ContainerBackgroundProcessor[StandardEngine[Catalina]]] INFO  c.m.s.w.l.HttpRequestLogInterceptor.<clinit>(28) - HttpRequestLogInterceptor initialized
2018-02-10 18:07:14 [ContainerBackgroundProcessor[StandardEngine[Catalina]]] INFO  c.mvc.spittr.web.config.AppWebConfig.setApplicationContext(55) - InternalResourceViewResolver inizialized
2018-02-10 18:07:14 [ContainerBackgroundProcessor[StandardEngine[Catalina]]] INFO  c.m.s.web.config.WebSecurityConfig.getAuthenticationTrustResolver(111) - AuthenticationTrustResolver  initialized
2018-02-10 18:07:14 [ContainerBackgroundProcessor[StandardEngine[Catalina]]] INFO  c.m.s.web.config.WebSecurityConfig.getSpitterDetailService(98) - SpitterDetailService  initialized
2018-02-10 18:07:14 [ContainerBackgroundProcessor[StandardEngine[Catalina]]] INFO  c.m.s.web.config.WebSecurityConfig.getAuthenticationProvider(219) - UserDetailsService initialized
2018-02-10 18:07:14 [ContainerBackgroundProcessor[StandardEngine[Catalina]]] INFO  c.m.s.web.config.WebSecurityConfig.passwordEncoder(231) - BCryptPasswordEncoder  initialized
2018-02-10 18:07:15 [ContainerBackgroundProcessor[StandardEngine[Catalina]]] INFO  c.m.s.web.config.WebSecurityConfig.getAuthenticationProvider(221) - Password encriptinig
2018-02-10 18:07:15 [ContainerBackgroundProcessor[StandardEngine[Catalina]]] INFO  c.m.s.web.config.WebSecurityConfig.configureGlobalSecurity(208) - ConfigureGlobalSecurity user permit initialized
2018-02-10 18:07:15 [ContainerBackgroundProcessor[StandardEngine[Catalina]]] INFO  c.m.s.web.config.WebSecurityConfig.getTokenRepository(104) - HibernateTokenRepositoryImpl  initialized
2018-02-10 18:07:15 [ContainerBackgroundProcessor[StandardEngine[Catalina]]] INFO  c.m.s.web.config.WebSecurityConfig.getPersistentTokenBasedRememberMeServices(241) - PersistentTokenService  initialized
2018-02-10 18:07:15 [ContainerBackgroundProcessor[StandardEngine[Catalina]]] DEBUG com.mvc.spittr.web.SpittleController.<init>(53) - 2018-02-10T18:07:15.441 Constructor call
2018-02-10 18:07:15 [ContainerBackgroundProcessor[StandardEngine[Catalina]]] INFO  c.m.spittr.web.config.AppRootConfig.multipartResolver(92) - MultipartResolver initialized
2018-02-10 18:07:15 [ContainerBackgroundProcessor[StandardEngine[Catalina]]] INFO  c.m.spittr.web.config.AppRootConfig.getTransactionManager(165) - ***HIBERNATE*** - HibernateTransactionManager initialized - HIBERNATE -
2018-02-10 18:07:15 [ContainerBackgroundProcessor[StandardEngine[Catalina]]] INFO  c.m.spittr.web.config.AppRootConfig.getSimpleMessage(184) - SimpleMailMessage initialized
2018-02-10 18:07:15 [ContainerBackgroundProcessor[StandardEngine[Catalina]]] INFO  c.m.spittr.web.config.AppRootConfig.getJavaMailSender(207) - JavaMailMessage initialized
2018-02-10 18:07:15 [ContainerBackgroundProcessor[StandardEngine[Catalina]]] INFO  c.mvc.spittr.web.config.AppWebConfig.addInterceptors(122) - Interceptor added urls: /* /**
2018-02-10 18:07:15 [ContainerBackgroundProcessor[StandardEngine[Catalina]]] INFO  c.mvc.spittr.web.config.AppWebConfig.addFormatters(104) - Converter initialized, it converts string values[Roles] to UserProfiles
2018-02-10 18:07:16 [ContainerBackgroundProcessor[StandardEngine[Catalina]]] INFO  c.mvc.spittr.web.config.AppWebConfig.configureDefaultServletHandling(110) - DefaultServletHandlerConfigurer inizialized
2018-02-10 18:07:16 [ContainerBackgroundProcessor[StandardEngine[Catalina]]] INFO  c.mvc.spittr.web.config.AppWebConfig.viewResolver(65) - InternalResourceViewResolver inizialized
2018-02-10 18:07:16 [ContainerBackgroundProcessor[StandardEngine[Catalina]]] INFO  c.mvc.spittr.web.config.AppWebConfig.viewResolver(70) - resolver setting prefix /WEB-INF/views/
2018-02-10 18:07:16 [ContainerBackgroundProcessor[StandardEngine[Catalina]]] INFO  c.mvc.spittr.web.config.AppWebConfig.viewResolver(72) - resolver setting suffix .jsp
2018-02-10 18:07:16 [ContainerBackgroundProcessor[StandardEngine[Catalina]]] INFO  c.mvc.spittr.web.config.AppWebConfig.viewResolver(75) - org.springframework.web.servlet.view.JstlView.class set as view class
2018-02-10 18:07:16 [ContainerBackgroundProcessor[StandardEngine[Catalina]]] INFO  c.mvc.spittr.web.config.AppWebConfig.viewResolver2(82) - InternalResourceViewResolver for html inizialized
2018-02-10 18:07:16 [ContainerBackgroundProcessor[StandardEngine[Catalina]]] INFO  c.mvc.spittr.web.config.AppWebConfig.viewResolver2(87) - resolver setting prefix /WEB-INF/views/
2018-02-10 18:07:16 [ContainerBackgroundProcessor[StandardEngine[Catalina]]] INFO  c.mvc.spittr.web.config.AppWebConfig.viewResolver2(89) - resolver setting suffix .html
2018-02-10 18:07:16 [ContainerBackgroundProcessor[StandardEngine[Catalina]]] INFO  c.mvc.spittr.web.config.AppWebConfig.viewResolver2(92) - org.springframework.web.servlet.view.JstlView.class set as view class
2018-02-10 18:07:17 [ContainerBackgroundProcessor[StandardEngine[Catalina]]] INFO  c.m.s.web.config.WebSecurityConfig.configure(178) - WebSecurityConfig$$EnhancerBySpringCGLIB$$48e312f::configure view permit
2018-02-10 18:07:17 [ContainerBackgroundProcessor[StandardEngine[Catalina]]] INFO  c.m.s.web.config.WebSecurityConfig.configure(179) - WebSecurityConfig$$EnhancerBySpringCGLIB$$48e312f initialized
2018-02-10 18:07:17 [ContainerBackgroundProcessor[StandardEngine[Catalina]]] INFO  c.m.spittr.web.config.AppRootConfig.messageSource(74) - MessageSource initialized
2018-02-10 18:07:17 [ContainerBackgroundProcessor[StandardEngine[Catalina]]] INFO  c.m.spittr.web.config.AppRootConfig.dataSource(142) - ***HIBERNATE*** - DB DataSource initialized - HIBERNATE -
2018-02-10 18:07:17 [ContainerBackgroundProcessor[StandardEngine[Catalina]]] INFO  c.m.spittr.web.config.AppRootConfig.getSessionFactory(150) - ***HIBERNATE*** - LocalSessionFactoryBean initialized - HIBERNATE -
2018-02-10 18:07:17 [ContainerBackgroundProcessor[StandardEngine[Catalina]]] INFO  c.m.spittr.web.config.AppRootConfig.getSessionFactory(152) - ***HIBERNATE*** - HibernateProperties initialized - HIBERNATE -
2018-02-10 18:07:18 [ContainerBackgroundProcessor[StandardEngine[Catalina]]] INFO  c.mvc.spittr.web.config.AppWebConfig.setApplicationContext(55) - InternalResourceViewResolver inizialized
2018-02-10 18:07:18 [ContainerBackgroundProcessor[StandardEngine[Catalina]]] INFO  c.m.s.web.config.WebSecurityConfig.getAuthenticationTrustResolver(111) - AuthenticationTrustResolver  initialized
2018-02-10 18:07:18 [ContainerBackgroundProcessor[StandardEngine[Catalina]]] INFO  c.m.s.web.config.WebSecurityConfig.getSpitterDetailService(98) - SpitterDetailService  initialized
2018-02-10 18:07:18 [ContainerBackgroundProcessor[StandardEngine[Catalina]]] INFO  c.m.s.web.config.WebSecurityConfig.getAuthenticationProvider(219) - UserDetailsService initialized
2018-02-10 18:07:18 [ContainerBackgroundProcessor[StandardEngine[Catalina]]] INFO  c.m.s.web.config.WebSecurityConfig.passwordEncoder(231) - BCryptPasswordEncoder  initialized
2018-02-10 18:07:18 [ContainerBackgroundProcessor[StandardEngine[Catalina]]] INFO  c.m.s.web.config.WebSecurityConfig.getAuthenticationProvider(221) - Password encriptinig
2018-02-10 18:07:18 [ContainerBackgroundProcessor[StandardEngine[Catalina]]] INFO  c.m.s.web.config.WebSecurityConfig.configureGlobalSecurity(208) - ConfigureGlobalSecurity user permit initialized
2018-02-10 18:07:18 [ContainerBackgroundProcessor[StandardEngine[Catalina]]] INFO  c.m.s.web.config.WebSecurityConfig.getTokenRepository(104) - HibernateTokenRepositoryImpl  initialized
2018-02-10 18:07:18 [ContainerBackgroundProcessor[StandardEngine[Catalina]]] INFO  c.m.s.web.config.WebSecurityConfig.getPersistentTokenBasedRememberMeServices(241) - PersistentTokenService  initialized
2018-02-10 18:07:18 [ContainerBackgroundProcessor[StandardEngine[Catalina]]] DEBUG com.mvc.spittr.web.SpittleController.<init>(53) - 2018-02-10T18:07:18.508 Constructor call
2018-02-10 18:07:18 [ContainerBackgroundProcessor[StandardEngine[Catalina]]] INFO  c.m.spittr.web.config.AppRootConfig.multipartResolver(92) - MultipartResolver initialized
2018-02-10 18:07:18 [ContainerBackgroundProcessor[StandardEngine[Catalina]]] INFO  c.m.spittr.web.config.AppRootConfig.getTransactionManager(165) - ***HIBERNATE*** - HibernateTransactionManager initialized - HIBERNATE -
2018-02-10 18:07:18 [ContainerBackgroundProcessor[StandardEngine[Catalina]]] INFO  c.m.spittr.web.config.AppRootConfig.getSimpleMessage(184) - SimpleMailMessage initialized
2018-02-10 18:07:18 [ContainerBackgroundProcessor[StandardEngine[Catalina]]] INFO  c.m.spittr.web.config.AppRootConfig.getJavaMailSender(207) - JavaMailMessage initialized
2018-02-10 18:07:18 [ContainerBackgroundProcessor[StandardEngine[Catalina]]] INFO  c.m.s.web.config.WebSecurityConfig.configure(178) - WebSecurityConfig$$EnhancerBySpringCGLIB$$48e312f::configure view permit
2018-02-10 18:07:18 [ContainerBackgroundProcessor[StandardEngine[Catalina]]] INFO  c.m.s.web.config.WebSecurityConfig.configure(179) - WebSecurityConfig$$EnhancerBySpringCGLIB$$48e312f initialized
2018-02-10 18:07:18 [ContainerBackgroundProcessor[StandardEngine[Catalina]]] INFO  c.mvc.spittr.web.config.AppWebConfig.addInterceptors(122) - Interceptor added urls: /* /**
2018-02-10 18:07:18 [ContainerBackgroundProcessor[StandardEngine[Catalina]]] INFO  c.mvc.spittr.web.config.AppWebConfig.addFormatters(104) - Converter initialized, it converts string values[Roles] to UserProfiles
2018-02-10 18:07:19 [ContainerBackgroundProcessor[StandardEngine[Catalina]]] INFO  c.mvc.spittr.web.config.AppWebConfig.configureDefaultServletHandling(110) - DefaultServletHandlerConfigurer inizialized
2018-02-10 18:07:19 [ContainerBackgroundProcessor[StandardEngine[Catalina]]] INFO  c.mvc.spittr.web.config.AppWebConfig.viewResolver(65) - InternalResourceViewResolver inizialized
2018-02-10 18:07:19 [ContainerBackgroundProcessor[StandardEngine[Catalina]]] INFO  c.mvc.spittr.web.config.AppWebConfig.viewResolver(70) - resolver setting prefix /WEB-INF/views/
2018-02-10 18:07:19 [ContainerBackgroundProcessor[StandardEngine[Catalina]]] INFO  c.mvc.spittr.web.config.AppWebConfig.viewResolver(72) - resolver setting suffix .jsp
2018-02-10 18:07:19 [ContainerBackgroundProcessor[StandardEngine[Catalina]]] INFO  c.mvc.spittr.web.config.AppWebConfig.viewResolver(75) - org.springframework.web.servlet.view.JstlView.class set as view class
2018-02-10 18:07:19 [ContainerBackgroundProcessor[StandardEngine[Catalina]]] INFO  c.mvc.spittr.web.config.AppWebConfig.viewResolver2(82) - InternalResourceViewResolver for html inizialized
2018-02-10 18:07:19 [ContainerBackgroundProcessor[StandardEngine[Catalina]]] INFO  c.mvc.spittr.web.config.AppWebConfig.viewResolver2(87) - resolver setting prefix /WEB-INF/views/
2018-02-10 18:07:19 [ContainerBackgroundProcessor[StandardEngine[Catalina]]] INFO  c.mvc.spittr.web.config.AppWebConfig.viewResolver2(89) - resolver setting suffix .html
2018-02-10 18:07:19 [ContainerBackgroundProcessor[StandardEngine[Catalina]]] INFO  c.mvc.spittr.web.config.AppWebConfig.viewResolver2(92) - org.springframework.web.servlet.view.JstlView.class set as view class
2018-02-10 18:07:19 [ContainerBackgroundProcessor[StandardEngine[Catalina]]] INFO  c.m.s.w.s.GenericServletDemoServlet.<clinit>(29) - ************************Start - GenericServletDemoServlet************************
2018-02-10 18:07:19 [ContainerBackgroundProcessor[StandardEngine[Catalina]]] INFO  c.m.s.w.s.GenericServletDemoServlet.<clinit>(47) - ************************End - GenericServletDemoServlet************************
2018-02-10 18:08:53 [http-nio-8080-exec-83] INFO  c.m.s.w.l.HttpRequestLogInterceptor.preHandle(35) - 2018-02-10T18:08:53.860 - called url:/Spring-In-Action_WEBApp/
2018-02-10 18:09:03 [http-nio-8080-exec-89] INFO  c.m.s.w.l.HttpRequestLogInterceptor.preHandle(35) - 2018-02-10T18:09:03.426 - called url:/Spring-In-Action_WEBApp/spitter
2018-02-10 18:09:05 [http-nio-8080-exec-91] INFO  c.m.s.w.l.HttpRequestLogInterceptor.preHandle(35) - 2018-02-10T18:09:05.146 - called url:/Spring-In-Action_WEBApp/spittle
2018-02-10 18:09:05 [http-nio-8080-exec-91] INFO  com.mvc.spittr.web.SpittleController.spittles(81) - 2018-02-10T18:09:05.760 /spittle called
2018-02-10 18:10:05 [http-nio-8080-exec-93] INFO  c.m.s.w.l.HttpRequestLogInterceptor.preHandle(35) - 2018-02-10T18:10:05.624 - called url:/Spring-In-Action_WEBApp/spittle
2018-02-10 18:10:05 [http-nio-8080-exec-93] INFO  com.mvc.spittr.web.SpittleController.spittles(81) - 2018-02-10T18:10:05.636 /spittle called
2018-02-10 18:10:13 [http-nio-8080-exec-90] INFO  c.m.s.w.l.HttpRequestLogInterceptor.preHandle(35) - 2018-02-10T18:10:13.024 - called url:/Spring-In-Action_WEBApp/logout
2018-02-10 18:10:13 [http-nio-8080-exec-90] INFO  com.mvc.spittr.web.LoginController.logoutPage(177) - Before Logout - authentication_org.springframework.security.authentication.AnonymousAuthenticationToken@9055c2bc: Principal: anonymousUser; Credentials: [PROTECTED]; Authenticated: true; Details: org.springframework.security.web.authentication.WebAuthenticationDetails@b364: RemoteIpAddress: 0:0:0:0:0:0:0:1; SessionId: null; Granted Authorities: ROLE_ANONYMOUS 
2018-02-10 18:10:13 [http-nio-8080-exec-90] INFO  com.mvc.spittr.web.LoginController.logoutPage(183) - After Logout authentication_org.springframework.security.authentication.AnonymousAuthenticationToken@9055c2bc: Principal: anonymousUser; Credentials: [PROTECTED]; Authenticated: true; Details: org.springframework.security.web.authentication.WebAuthenticationDetails@b364: RemoteIpAddress: 0:0:0:0:0:0:0:1; SessionId: null; Granted Authorities: ROLE_ANONYMOUS 
2018-02-10 18:10:13 [http-nio-8080-exec-92] INFO  c.m.s.w.l.HttpRequestLogInterceptor.preHandle(35) - 2018-02-10T18:10:13.139 - called url:/Spring-In-Action_WEBApp/
2018-02-10 18:10:16 [http-nio-8080-exec-96] INFO  c.m.s.w.l.HttpRequestLogInterceptor.preHandle(35) - 2018-02-10T18:10:16.192 - called url:/Spring-In-Action_WEBApp/login
2018-02-10 18:10:16 [http-nio-8080-exec-96] INFO  com.mvc.spittr.web.LoginController.isCurrentAuthenticationAnonymous(160) - isCurrentAuthenticationAnonymous() flag value: true and credential_
2018-02-10 18:10:16 [http-nio-8080-exec-96] INFO  com.mvc.spittr.web.LoginController.loginPage(116) - login ok
2018-02-10 18:11:16 [http-nio-8080-exec-90] INFO  c.m.s.w.l.HttpRequestLogInterceptor.preHandle(35) - 2018-02-10T18:11:16.697 - called url:/Spring-In-Action_WEBApp/spitter
2018-02-10 18:11:28 [http-nio-8080-exec-91] INFO  c.m.s.w.l.HttpRequestLogInterceptor.preHandle(35) - 2018-02-10T18:11:28.220 - called url:/Spring-In-Action_WEBApp/logout
2018-02-10 18:11:28 [http-nio-8080-exec-91] INFO  com.mvc.spittr.web.LoginController.logoutPage(177) - Before Logout - authentication_org.springframework.security.authentication.UsernamePasswordAuthenticationToken@f9ebdc6b: Principal: org.springframework.security.core.userdetails.User@586034f: Username: admin; Password: [PROTECTED]; Enabled: true; AccountNonExpired: true; credentialsNonExpired: true; AccountNonLocked: true; Granted Authorities: ADMIN,DB,USER; Credentials: [PROTECTED]; Authenticated: true; Details: org.springframework.security.web.authentication.WebAuthenticationDetails@1c07a: RemoteIpAddress: 127.0.0.1; SessionId: 2DB7CF6D06F8D31C7F588D13E238F348; Granted Authorities: ADMIN, DB, USER 
2018-02-10 18:11:28 [http-nio-8080-exec-91] INFO  com.mvc.spittr.web.LoginController.logoutPage(183) - After Logout authentication_org.springframework.security.authentication.UsernamePasswordAuthenticationToken@f9ebdc6b: Principal: org.springframework.security.core.userdetails.User@586034f: Username: admin; Password: [PROTECTED]; Enabled: true; AccountNonExpired: true; credentialsNonExpired: true; AccountNonLocked: true; Granted Authorities: ADMIN,DB,USER; Credentials: [PROTECTED]; Authenticated: true; Details: org.springframework.security.web.authentication.WebAuthenticationDetails@1c07a: RemoteIpAddress: 127.0.0.1; SessionId: 2DB7CF6D06F8D31C7F588D13E238F348; Granted Authorities: ADMIN, DB, USER 
2018-02-10 18:11:28 [http-nio-8080-exec-95] INFO  c.m.s.w.l.HttpRequestLogInterceptor.preHandle(35) - 2018-02-10T18:11:28.246 - called url:/Spring-In-Action_WEBApp/
2018-02-10 18:18:59 [http-nio-8080-exec-88] INFO  c.m.s.w.l.HttpRequestLogInterceptor.preHandle(35) - 2018-02-10T18:18:59.971 - called url:/Spring-In-Action_WEBApp/login
2018-02-10 18:19:00 [http-nio-8080-exec-88] INFO  com.mvc.spittr.web.LoginController.isCurrentAuthenticationAnonymous(160) - isCurrentAuthenticationAnonymous() flag value: true and credential_
2018-02-10 18:19:00 [http-nio-8080-exec-88] INFO  com.mvc.spittr.web.LoginController.loginPage(116) - login ok
2018-02-10 18:19:13 [http-nio-8080-exec-91] INFO  c.m.s.w.l.HttpRequestLogInterceptor.preHandle(35) - 2018-02-10T18:19:13.863 - called url:/Spring-In-Action_WEBApp/spitter
2018-02-10 18:19:48 [http-nio-8080-exec-88] INFO  c.m.s.w.l.HttpRequestLogInterceptor.preHandle(35) - 2018-02-10T18:19:48.861 - called url:/Spring-In-Action_WEBApp/spittle
2018-02-10 18:19:48 [http-nio-8080-exec-88] INFO  com.mvc.spittr.web.SpittleController.spittles(81) - 2018-02-10T18:19:48.914 /spittle called
2018-02-10 18:19:52 [http-nio-8080-exec-90] INFO  c.m.s.w.l.HttpRequestLogInterceptor.preHandle(35) - 2018-02-10T18:19:52.014 - called url:/Spring-In-Action_WEBApp/spittle/9
2018-02-10 18:19:52 [http-nio-8080-exec-90] INFO  com.mvc.spittr.web.SpittleController.spittle(141) - http://localhost:8080/Spring-In-Action_WEBApp/spittle/9 request called 
2018-02-10 18:19:52 [http-nio-8080-exec-90] INFO  com.mvc.spittr.web.SpittleController.spittle(142) - 2018-02-10T18:19:52.566 single view is called with param 9 
2018-02-10 18:25:37 [http-nio-8080-exec-94] INFO  c.m.s.w.l.HttpRequestLogInterceptor.preHandle(35) - 2018-02-10T18:25:37.461 - called url:/Spring-In-Action_WEBApp/login
2018-02-10 18:25:37 [http-nio-8080-exec-94] INFO  com.mvc.spittr.web.LoginController.isCurrentAuthenticationAnonymous(160) - isCurrentAuthenticationAnonymous() flag value: true and credential_
2018-02-10 18:25:37 [http-nio-8080-exec-94] INFO  com.mvc.spittr.web.LoginController.loginPage(116) - login ok
2018-02-10 18:25:40 [http-nio-8080-exec-96] INFO  c.m.s.w.l.HttpRequestLogInterceptor.preHandle(35) - 2018-02-10T18:25:40.675 - called url:/Spring-In-Action_WEBApp/login
2018-02-10 18:25:40 [http-nio-8080-exec-96] INFO  com.mvc.spittr.web.LoginController.isCurrentAuthenticationAnonymous(160) - isCurrentAuthenticationAnonymous() flag value: true and credential_
2018-02-10 18:25:40 [http-nio-8080-exec-96] INFO  com.mvc.spittr.web.LoginController.loginPage(116) - login ok
2018-02-10 18:25:41 [http-nio-8080-exec-89] INFO  c.m.s.w.l.HttpRequestLogInterceptor.preHandle(35) - 2018-02-10T18:25:41.561 - called url:/Spring-In-Action_WEBApp/
2018-02-10 18:25:44 [http-nio-8080-exec-90] INFO  c.m.s.w.l.HttpRequestLogInterceptor.preHandle(35) - 2018-02-10T18:25:44.713 - called url:/Spring-In-Action_WEBApp/spitter
2018-02-10 18:25:46 [http-nio-8080-exec-94] INFO  c.m.s.w.l.HttpRequestLogInterceptor.preHandle(35) - 2018-02-10T18:25:46.307 - called url:/Spring-In-Action_WEBApp/spittle
2018-02-10 18:25:46 [http-nio-8080-exec-94] INFO  com.mvc.spittr.web.SpittleController.spittles(81) - 2018-02-10T18:25:46.323 /spittle called
2018-02-10 18:25:47 [http-nio-8080-exec-95] INFO  c.m.s.w.l.HttpRequestLogInterceptor.preHandle(35) - 2018-02-10T18:25:47.454 - called url:/Spring-In-Action_WEBApp/spittle/18
2018-02-10 18:25:47 [http-nio-8080-exec-95] INFO  com.mvc.spittr.web.SpittleController.spittle(141) - http://localhost:8080/Spring-In-Action_WEBApp/spittle/18 request called 
2018-02-10 18:25:47 [http-nio-8080-exec-95] INFO  com.mvc.spittr.web.SpittleController.spittle(142) - 2018-02-10T18:25:47.466 single view is called with param 18 
2018-02-10 18:27:00 [http-nio-8080-exec-97] INFO  c.m.s.w.l.HttpRequestLogInterceptor.preHandle(35) - 2018-02-10T18:27:00.391 - called url:/Spring-In-Action_WEBApp/spittle/18
2018-02-10 18:27:00 [http-nio-8080-exec-97] INFO  com.mvc.spittr.web.SpittleController.spittle(141) - http://localhost:8080/Spring-In-Action_WEBApp/spittle/18 request called 
2018-02-10 18:27:00 [http-nio-8080-exec-97] INFO  com.mvc.spittr.web.SpittleController.spittle(142) - 2018-02-10T18:27:00.403 single view is called with param 18 
2018-02-10 18:27:02 [http-nio-8080-exec-89] INFO  c.m.s.w.l.HttpRequestLogInterceptor.preHandle(35) - 2018-02-10T18:27:02.690 - called url:/Spring-In-Action_WEBApp/spittle
2018-02-10 18:27:02 [http-nio-8080-exec-89] INFO  com.mvc.spittr.web.SpittleController.spittles(81) - 2018-02-10T18:27:02.705 /spittle called
2018-02-10 18:27:05 [http-nio-8080-exec-90] INFO  c.m.s.w.l.HttpRequestLogInterceptor.preHandle(35) - 2018-02-10T18:27:05.976 - called url:/Spring-In-Action_WEBApp/spittle/18
2018-02-10 18:27:05 [http-nio-8080-exec-90] INFO  com.mvc.spittr.web.SpittleController.spittle(141) - http://localhost:8080/Spring-In-Action_WEBApp/spittle/18 request called 
2018-02-10 18:27:05 [http-nio-8080-exec-90] INFO  com.mvc.spittr.web.SpittleController.spittle(142) - 2018-02-10T18:27:05.991 single view is called with param 18 
2018-02-10 18:27:23 [http-nio-8080-exec-92] INFO  c.m.s.w.l.HttpRequestLogInterceptor.preHandle(35) - 2018-02-10T18:27:23.749 - called url:/Spring-In-Action_WEBApp/spittle/9
2018-02-10 18:27:23 [http-nio-8080-exec-92] INFO  com.mvc.spittr.web.SpittleController.spittle(141) - http://localhost:8080/Spring-In-Action_WEBApp/spittle/9 request called 
2018-02-10 18:27:23 [http-nio-8080-exec-92] INFO  com.mvc.spittr.web.SpittleController.spittle(142) - 2018-02-10T18:27:23.760 single view is called with param 9 
2018-02-10 18:27:43 [http-nio-8080-exec-94] INFO  c.m.s.w.l.HttpRequestLogInterceptor.preHandle(35) - 2018-02-10T18:27:43.447 - called url:/Spring-In-Action_WEBApp/spittle
2018-02-10 18:27:43 [http-nio-8080-exec-94] INFO  com.mvc.spittr.web.SpittleController.spittles(81) - 2018-02-10T18:27:43.460 /spittle called
2018-02-10 18:28:04 [http-nio-8080-exec-97] INFO  c.m.s.w.l.HttpRequestLogInterceptor.preHandle(35) - 2018-02-10T18:28:04.193 - called url:/Spring-In-Action_WEBApp/spittle/14
2018-02-10 18:28:04 [http-nio-8080-exec-97] INFO  com.mvc.spittr.web.SpittleController.spittle(141) - http://localhost:8080/Spring-In-Action_WEBApp/spittle/14 request called 
2018-02-10 18:28:04 [http-nio-8080-exec-97] INFO  com.mvc.spittr.web.SpittleController.spittle(142) - 2018-02-10T18:28:04.201 single view is called with param 14 
