2018-02-04 21:44:05 [localhost-startStop-1] INFO  c.m.s.w.c.SecurityWebApplicationInitializer.<clinit>(16) - 1 ************************SecurityWebApplicationInitializer Intizialized************************
2018-02-04 21:44:05 [localhost-startStop-1] INFO  c.m.s.web.config.WebAppInitializer.<clinit>(55) - ************************Start WebAppInitializer************************
2018-02-04 21:44:05 [localhost-startStop-1] INFO  c.m.s.web.config.WebAppInitializer.<clinit>(161) - ************************End WebAppInitializer************************
2018-02-04 21:44:05 [localhost-startStop-1] INFO  c.m.s.w.c.ApacheServletInitializer.<clinit>(29) - ************************Start AppWebConfig************************
2018-02-04 21:44:05 [localhost-startStop-1] INFO  c.m.s.w.c.ApacheServletInitializer.<clinit>(83) - ************************End AppWebConfig************************
2018-02-04 21:44:06 [localhost-startStop-1] INFO  c.m.s.web.config.WebAppInitializer.getRootConfigClasses(66) - AppRootConfig configured
2018-02-04 21:44:06 [localhost-startStop-1] INFO  c.m.s.web.config.WebAppInitializer.getServletConfigClasses(81) - AppWebConfig configured
2018-02-04 21:44:06 [localhost-startStop-1] INFO  c.m.s.web.config.WebAppInitializer.customizeRegistration(118) - CustomizeRegistration initialized
2018-02-04 21:44:06 [localhost-startStop-1] INFO  c.m.s.web.config.WebAppInitializer.customizeRegistration(128) - ***START*** Multipart initializing 
2018-02-04 21:44:06 [localhost-startStop-1] INFO  c.m.s.web.config.WebAppInitializer.customizeRegistration(129) - Download Directory:/tmp
2018-02-04 21:44:06 [localhost-startStop-1] INFO  c.m.s.web.config.WebAppInitializer.customizeRegistration(137) - Multipart uploads files at /home/sabaja/Scrivania/spring-hibernate-workspace/Spring-In-Action_WebApp/Downloads, maxFileSize=2097152, maxRequestSize=4194304, fileSizeThreshold=0
2018-02-04 21:44:06 [localhost-startStop-1] INFO  c.m.s.web.config.WebAppInitializer.customizeRegistration(140) - ***END*** Multipart initialized 
2018-02-04 21:44:06 [localhost-startStop-1] INFO  c.m.s.w.c.ApacheServletInitializer.onStartup(37) - WebApplicationInitializer@ServletApacheInitializer instantiated
2018-02-04 21:44:06 [localhost-startStop-1] INFO  c.m.s.w.c.ApacheServletInitializer.onStartup(52) - Servlet [com.mvc.spittr.web.servlet.GenericServletDemoServlet] was added
2018-02-04 21:44:09 [localhost-startStop-1] INFO  c.m.spittr.web.config.AppRootConfig.<clinit>(59) - ************************AppRootConfig************************
2018-02-04 21:44:09 [localhost-startStop-1] INFO  c.m.s.web.config.WebSecurityConfig.<clinit>(72) - ************************Start - WebSecurityConfig************************
2018-02-04 21:44:09 [localhost-startStop-1] INFO  c.m.s.web.config.WebSecurityConfig.<clinit>(218) - ************************End - WebSecurityConfig************************
2018-02-04 21:44:09 [localhost-startStop-1] INFO  c.mvc.spittr.web.config.AppWebConfig.<clinit>(49) - ************************Start AppWebConfig************************
2018-02-04 21:44:09 [localhost-startStop-1] INFO  c.mvc.spittr.web.config.AppWebConfig.<clinit>(209) - ************************End AppWebConfig************************
2018-02-04 21:44:09 [localhost-startStop-1] INFO  c.m.spittr.web.config.AppRootConfig.messageSource(74) - MessageSource initialized
2018-02-04 21:44:10 [localhost-startStop-1] INFO  c.m.s.web.config.WebSecurityConfig.getAuthenticationTrustResolver(111) - AuthenticationTrustResolver  initialized
2018-02-04 21:44:10 [localhost-startStop-1] INFO  c.m.s.w.c.RoleToUserProfileConverter.<clinit>(27) - ************************Start RoleToUserProfileConverter************************
2018-02-04 21:44:10 [localhost-startStop-1] INFO  c.m.s.w.c.RoleToUserProfileConverter.<clinit>(42) - ************************End RoleToUserProfileConverter************************
2018-02-04 21:44:10 [localhost-startStop-1] INFO  c.m.spittr.web.config.AppRootConfig.dataSource(142) - ***HIBERNATE*** - DB DataSource initialized - HIBERNATE -
2018-02-04 21:44:10 [localhost-startStop-1] INFO  c.m.spittr.web.config.AppRootConfig.getSessionFactory(150) - ***HIBERNATE*** - LocalSessionFactoryBean initialized - HIBERNATE -
2018-02-04 21:44:10 [localhost-startStop-1] INFO  c.m.spittr.web.config.AppRootConfig.getSessionFactory(152) - ***HIBERNATE*** - HibernateProperties initialized - HIBERNATE -
2018-02-04 21:44:17 [localhost-startStop-1] INFO  c.m.s.w.l.HttpRequestLogInterceptor.<clinit>(28) - HttpRequestLogInterceptor initialized
2018-02-04 21:44:17 [localhost-startStop-1] INFO  c.mvc.spittr.web.config.AppWebConfig.setApplicationContext(55) - InternalResourceViewResolver inizialized
2018-02-04 21:44:18 [localhost-startStop-1] INFO  c.m.s.web.config.WebSecurityConfig.getSpitterDetailService(98) - SpitterDetailService  initialized
2018-02-04 21:44:18 [localhost-startStop-1] INFO  c.m.s.web.config.WebSecurityConfig.getAuthenticationProvider(211) - UserDetailsService initialized
2018-02-04 21:44:18 [localhost-startStop-1] INFO  c.m.s.web.config.WebSecurityConfig.passwordEncoder(223) - BCryptPasswordEncoder  initialized
2018-02-04 21:44:18 [localhost-startStop-1] INFO  c.m.s.web.config.WebSecurityConfig.getAuthenticationProvider(213) - Password encriptinig
2018-02-04 21:44:18 [localhost-startStop-1] INFO  c.m.s.web.config.WebSecurityConfig.configureGlobalSecurity(200) - ConfigureGlobalSecurity user permit initialized
2018-02-04 21:44:19 [localhost-startStop-1] INFO  c.m.s.web.config.WebSecurityConfig.getTokenRepository(104) - HibernateTokenRepositoryImpl  initialized
2018-02-04 21:44:19 [localhost-startStop-1] INFO  c.m.s.web.config.WebSecurityConfig.getPersistentTokenBasedRememberMeServices(233) - PersistentTokenService  initialized
2018-02-04 21:44:19 [localhost-startStop-1] DEBUG com.mvc.spittr.web.SpittleController.<init>(53) - 2018-02-04T21:44:19.268 Constructor call
2018-02-04 21:44:19 [localhost-startStop-1] INFO  c.m.spittr.web.config.AppRootConfig.multipartResolver(92) - MultipartResolver initialized
2018-02-04 21:44:19 [localhost-startStop-1] INFO  c.m.spittr.web.config.AppRootConfig.getTransactionManager(165) - ***HIBERNATE*** - HibernateTransactionManager initialized - HIBERNATE -
2018-02-04 21:44:19 [localhost-startStop-1] INFO  c.m.spittr.web.config.AppRootConfig.getSimpleMessage(184) - SimpleMailMessage initialized
2018-02-04 21:44:19 [localhost-startStop-1] INFO  c.m.spittr.web.config.AppRootConfig.getJavaMailSender(207) - JavaMailMessage initialized
2018-02-04 21:44:19 [localhost-startStop-1] INFO  c.mvc.spittr.web.config.AppWebConfig.addInterceptors(122) - Interceptor added urls: /* /**
2018-02-04 21:44:20 [localhost-startStop-1] INFO  c.mvc.spittr.web.config.AppWebConfig.addFormatters(104) - Converter initialized, it converts string values[Roles] to UserProfiles
2018-02-04 21:44:20 [localhost-startStop-1] INFO  c.mvc.spittr.web.config.AppWebConfig.configureDefaultServletHandling(110) - DefaultServletHandlerConfigurer inizialized
2018-02-04 21:44:21 [localhost-startStop-1] INFO  c.mvc.spittr.web.config.AppWebConfig.viewResolver(65) - InternalResourceViewResolver inizialized
2018-02-04 21:44:21 [localhost-startStop-1] INFO  c.mvc.spittr.web.config.AppWebConfig.viewResolver(70) - resolver setting prefix /WEB-INF/views/
2018-02-04 21:44:21 [localhost-startStop-1] INFO  c.mvc.spittr.web.config.AppWebConfig.viewResolver(72) - resolver setting suffix .jsp
2018-02-04 21:44:21 [localhost-startStop-1] INFO  c.mvc.spittr.web.config.AppWebConfig.viewResolver(75) - org.springframework.web.servlet.view.JstlView.class set as view class
2018-02-04 21:44:21 [localhost-startStop-1] INFO  c.mvc.spittr.web.config.AppWebConfig.viewResolver2(82) - InternalResourceViewResolver for html inizialized
2018-02-04 21:44:21 [localhost-startStop-1] INFO  c.mvc.spittr.web.config.AppWebConfig.viewResolver2(87) - resolver setting prefix /WEB-INF/views/
2018-02-04 21:44:21 [localhost-startStop-1] INFO  c.mvc.spittr.web.config.AppWebConfig.viewResolver2(89) - resolver setting suffix .html
2018-02-04 21:44:21 [localhost-startStop-1] INFO  c.mvc.spittr.web.config.AppWebConfig.viewResolver2(92) - org.springframework.web.servlet.view.JstlView.class set as view class
2018-02-04 21:44:22 [localhost-startStop-1] INFO  c.m.s.web.config.WebSecurityConfig.configure(170) - WebSecurityConfig$$EnhancerBySpringCGLIB$$fedfdfd5::configure view permit
2018-02-04 21:44:22 [localhost-startStop-1] INFO  c.m.s.web.config.WebSecurityConfig.configure(171) - WebSecurityConfig$$EnhancerBySpringCGLIB$$fedfdfd5 initialized
2018-02-04 21:44:23 [localhost-startStop-1] INFO  c.m.spittr.web.config.AppRootConfig.messageSource(74) - MessageSource initialized
2018-02-04 21:44:23 [localhost-startStop-1] INFO  c.m.spittr.web.config.AppRootConfig.dataSource(142) - ***HIBERNATE*** - DB DataSource initialized - HIBERNATE -
2018-02-04 21:44:23 [localhost-startStop-1] INFO  c.m.spittr.web.config.AppRootConfig.getSessionFactory(150) - ***HIBERNATE*** - LocalSessionFactoryBean initialized - HIBERNATE -
2018-02-04 21:44:23 [localhost-startStop-1] INFO  c.m.spittr.web.config.AppRootConfig.getSessionFactory(152) - ***HIBERNATE*** - HibernateProperties initialized - HIBERNATE -
2018-02-04 21:44:24 [localhost-startStop-1] INFO  c.mvc.spittr.web.config.AppWebConfig.setApplicationContext(55) - InternalResourceViewResolver inizialized
2018-02-04 21:44:24 [localhost-startStop-1] INFO  c.m.s.web.config.WebSecurityConfig.getAuthenticationTrustResolver(111) - AuthenticationTrustResolver  initialized
2018-02-04 21:44:24 [localhost-startStop-1] INFO  c.m.s.web.config.WebSecurityConfig.getSpitterDetailService(98) - SpitterDetailService  initialized
2018-02-04 21:44:24 [localhost-startStop-1] INFO  c.m.s.web.config.WebSecurityConfig.getAuthenticationProvider(211) - UserDetailsService initialized
2018-02-04 21:44:24 [localhost-startStop-1] INFO  c.m.s.web.config.WebSecurityConfig.passwordEncoder(223) - BCryptPasswordEncoder  initialized
2018-02-04 21:44:24 [localhost-startStop-1] INFO  c.m.s.web.config.WebSecurityConfig.getAuthenticationProvider(213) - Password encriptinig
2018-02-04 21:44:24 [localhost-startStop-1] INFO  c.m.s.web.config.WebSecurityConfig.configureGlobalSecurity(200) - ConfigureGlobalSecurity user permit initialized
2018-02-04 21:44:24 [localhost-startStop-1] INFO  c.m.s.web.config.WebSecurityConfig.getTokenRepository(104) - HibernateTokenRepositoryImpl  initialized
2018-02-04 21:44:24 [localhost-startStop-1] INFO  c.m.s.web.config.WebSecurityConfig.getPersistentTokenBasedRememberMeServices(233) - PersistentTokenService  initialized
2018-02-04 21:44:24 [localhost-startStop-1] DEBUG com.mvc.spittr.web.SpittleController.<init>(53) - 2018-02-04T21:44:24.539 Constructor call
2018-02-04 21:44:24 [localhost-startStop-1] INFO  c.m.spittr.web.config.AppRootConfig.multipartResolver(92) - MultipartResolver initialized
2018-02-04 21:44:24 [localhost-startStop-1] INFO  c.m.spittr.web.config.AppRootConfig.getTransactionManager(165) - ***HIBERNATE*** - HibernateTransactionManager initialized - HIBERNATE -
2018-02-04 21:44:24 [localhost-startStop-1] INFO  c.m.spittr.web.config.AppRootConfig.getSimpleMessage(184) - SimpleMailMessage initialized
2018-02-04 21:44:24 [localhost-startStop-1] INFO  c.m.spittr.web.config.AppRootConfig.getJavaMailSender(207) - JavaMailMessage initialized
2018-02-04 21:44:24 [localhost-startStop-1] INFO  c.m.s.web.config.WebSecurityConfig.configure(170) - WebSecurityConfig$$EnhancerBySpringCGLIB$$fedfdfd5::configure view permit
2018-02-04 21:44:24 [localhost-startStop-1] INFO  c.m.s.web.config.WebSecurityConfig.configure(171) - WebSecurityConfig$$EnhancerBySpringCGLIB$$fedfdfd5 initialized
2018-02-04 21:44:24 [localhost-startStop-1] INFO  c.mvc.spittr.web.config.AppWebConfig.addInterceptors(122) - Interceptor added urls: /* /**
2018-02-04 21:44:24 [localhost-startStop-1] INFO  c.mvc.spittr.web.config.AppWebConfig.addFormatters(104) - Converter initialized, it converts string values[Roles] to UserProfiles
2018-02-04 21:44:25 [localhost-startStop-1] INFO  c.mvc.spittr.web.config.AppWebConfig.configureDefaultServletHandling(110) - DefaultServletHandlerConfigurer inizialized
2018-02-04 21:44:25 [localhost-startStop-1] INFO  c.mvc.spittr.web.config.AppWebConfig.viewResolver(65) - InternalResourceViewResolver inizialized
2018-02-04 21:44:25 [localhost-startStop-1] INFO  c.mvc.spittr.web.config.AppWebConfig.viewResolver(70) - resolver setting prefix /WEB-INF/views/
2018-02-04 21:44:25 [localhost-startStop-1] INFO  c.mvc.spittr.web.config.AppWebConfig.viewResolver(72) - resolver setting suffix .jsp
2018-02-04 21:44:25 [localhost-startStop-1] INFO  c.mvc.spittr.web.config.AppWebConfig.viewResolver(75) - org.springframework.web.servlet.view.JstlView.class set as view class
2018-02-04 21:44:25 [localhost-startStop-1] INFO  c.mvc.spittr.web.config.AppWebConfig.viewResolver2(82) - InternalResourceViewResolver for html inizialized
2018-02-04 21:44:25 [localhost-startStop-1] INFO  c.mvc.spittr.web.config.AppWebConfig.viewResolver2(87) - resolver setting prefix /WEB-INF/views/
2018-02-04 21:44:25 [localhost-startStop-1] INFO  c.mvc.spittr.web.config.AppWebConfig.viewResolver2(89) - resolver setting suffix .html
2018-02-04 21:44:25 [localhost-startStop-1] INFO  c.mvc.spittr.web.config.AppWebConfig.viewResolver2(92) - org.springframework.web.servlet.view.JstlView.class set as view class
2018-02-04 21:44:25 [localhost-startStop-1] INFO  c.m.s.w.s.GenericServletDemoServlet.<clinit>(29) - ************************Start - GenericServletDemoServlet************************
2018-02-04 21:44:25 [localhost-startStop-1] INFO  c.m.s.w.s.GenericServletDemoServlet.<clinit>(47) - ************************End - GenericServletDemoServlet************************
2018-02-04 21:44:30 [http-nio-8080-exec-2] INFO  c.m.s.w.l.HttpRequestLogInterceptor.preHandle(35) - 2018-02-04T21:44:30.176 - called url:/Spring-In-Action_WEBApp/
2018-02-04 21:55:54 [http-nio-8080-exec-5] INFO  c.m.s.w.l.HttpRequestLogInterceptor.preHandle(35) - 2018-02-04T21:55:54.756 - called url:/Spring-In-Action_WEBApp/
2018-02-04 21:55:57 [https-jsse-nio-8443-exec-4] INFO  c.m.s.w.l.HttpRequestLogInterceptor.preHandle(35) - 2018-02-04T21:55:57.831 - called url:/Spring-In-Action_WEBApp/login
2018-02-04 21:55:57 [https-jsse-nio-8443-exec-4] INFO  com.mvc.spittr.web.LoginController.isCurrentAuthenticationAnonymous(164) - AuthenticationTrustResolver is null flag value: true
2018-02-04 21:55:57 [https-jsse-nio-8443-exec-4] INFO  com.mvc.spittr.web.LoginController.loginPage(116) - login ok
2018-02-04 21:56:08 [https-jsse-nio-8443-exec-7] INFO  c.m.s.w.l.HttpRequestLogInterceptor.preHandle(35) - 2018-02-04T21:56:08.375 - called url:/Spring-In-Action_WEBApp/spittle
2018-02-04 21:56:09 [https-jsse-nio-8443-exec-7] INFO  com.mvc.spittr.web.SpittleController.spittles(81) - 2018-02-04T21:56:09.228 /spittle called
2018-02-04 21:56:20 [https-jsse-nio-8443-exec-10] INFO  c.m.s.w.l.HttpRequestLogInterceptor.preHandle(35) - 2018-02-04T21:56:20.426 - called url:/Spring-In-Action_WEBApp/login
2018-02-04 21:56:20 [https-jsse-nio-8443-exec-10] INFO  com.mvc.spittr.web.LoginController.isCurrentAuthenticationAnonymous(167) - AuthenticationTrustResolver is not null value: true
2018-02-04 21:56:20 [https-jsse-nio-8443-exec-10] INFO  com.mvc.spittr.web.LoginController.loginPage(116) - login ok
2018-02-04 21:56:21 [http-nio-8080-exec-1] INFO  c.m.s.w.l.HttpRequestLogInterceptor.preHandle(35) - 2018-02-04T21:56:21.494 - called url:/Spring-In-Action_WEBApp/
2018-02-04 21:56:22 [http-nio-8080-exec-3] INFO  c.m.s.w.l.HttpRequestLogInterceptor.preHandle(35) - 2018-02-04T21:56:22.522 - called url:/Spring-In-Action_WEBApp/spitter
2018-02-04 21:56:23 [http-nio-8080-exec-5] INFO  c.m.s.w.l.HttpRequestLogInterceptor.preHandle(35) - 2018-02-04T21:56:23.919 - called url:/Spring-In-Action_WEBApp/
2018-02-04 21:56:25 [https-jsse-nio-8443-exec-7] INFO  c.m.s.w.l.HttpRequestLogInterceptor.preHandle(35) - 2018-02-04T21:56:25.750 - called url:/Spring-In-Action_WEBApp/login
2018-02-04 21:56:25 [https-jsse-nio-8443-exec-7] INFO  com.mvc.spittr.web.LoginController.isCurrentAuthenticationAnonymous(167) - AuthenticationTrustResolver is not null value: true
2018-02-04 21:56:25 [https-jsse-nio-8443-exec-7] INFO  com.mvc.spittr.web.LoginController.loginPage(116) - login ok
2018-02-04 21:57:40 [https-jsse-nio-8443-exec-7] INFO  c.m.s.w.l.HttpRequestLogInterceptor.preHandle(35) - 2018-02-04T21:57:40.166 - called url:/Spring-In-Action_WEBApp/spittle
2018-02-04 21:57:40 [https-jsse-nio-8443-exec-7] INFO  com.mvc.spittr.web.SpittleController.spittles(81) - 2018-02-04T21:57:40.191 /spittle called
2018-02-04 21:57:43 [https-jsse-nio-8443-exec-4] INFO  c.m.s.w.l.HttpRequestLogInterceptor.preHandle(35) - 2018-02-04T21:57:43.030 - called url:/Spring-In-Action_WEBApp/login
2018-02-04 21:57:43 [https-jsse-nio-8443-exec-4] INFO  com.mvc.spittr.web.LoginController.isCurrentAuthenticationAnonymous(167) - AuthenticationTrustResolver is not null value: true
2018-02-04 21:57:43 [https-jsse-nio-8443-exec-4] INFO  com.mvc.spittr.web.LoginController.loginPage(116) - login ok
2018-02-04 21:57:45 [http-nio-8080-exec-1] INFO  c.m.s.w.l.HttpRequestLogInterceptor.preHandle(35) - 2018-02-04T21:57:45.046 - called url:/Spring-In-Action_WEBApp/
