2018-03-08 23:01:08 [http-nio-8080-exec-33] INFO  c.m.s.w.l.HttpRequestLogInterceptor.preHandle(35) - 2018-03-08T23:01:08.471 - called url:/Spring-In-Action_WEBApp/list
2018-03-08 23:01:08 [http-nio-8080-exec-33] INFO  com.mvc.spittr.web.LoginController.listUsers(119) - spitterService is null? false
2018-03-08 23:01:08 [http-nio-8080-exec-33] INFO  c.mvc.spittr.web.util.WebFacilities.getPrincipal(28) - Auth valaue: admin
2018-03-08 23:01:21 [http-nio-8080-exec-31] INFO  c.m.s.w.l.HttpRequestLogInterceptor.preHandle(35) - 2018-03-08T23:01:21.760 - called url:/Spring-In-Action_WEBApp/logout
2018-03-08 23:01:21 [http-nio-8080-exec-31] INFO  com.mvc.spittr.web.LoginController.logoutPage(142) - Before Logout - authentication_org.springframework.security.authentication.UsernamePasswordAuthenticationToken@821b8542: Principal: org.springframework.security.core.userdetails.User@586034f: Username: admin; Password: [PROTECTED]; Enabled: true; AccountNonExpired: true; credentialsNonExpired: true; AccountNonLocked: true; Granted Authorities: ROLE_ADMIN,ROLE_DB,ROLE_USER; Credentials: [PROTECTED]; Authenticated: true; Details: org.springframework.security.web.authentication.WebAuthenticationDetails@12afc: RemoteIpAddress: 127.0.0.1; SessionId: 8B188306865B83390672E314FD4817C6; Granted Authorities: ROLE_ADMIN, ROLE_DB, ROLE_USER 
2018-03-08 23:01:21 [http-nio-8080-exec-31] INFO  com.mvc.spittr.web.LoginController.logoutPage(148) - After Logout authentication_org.springframework.security.authentication.UsernamePasswordAuthenticationToken@821b8542: Principal: org.springframework.security.core.userdetails.User@586034f: Username: admin; Password: [PROTECTED]; Enabled: true; AccountNonExpired: true; credentialsNonExpired: true; AccountNonLocked: true; Granted Authorities: ROLE_ADMIN,ROLE_DB,ROLE_USER; Credentials: [PROTECTED]; Authenticated: true; Details: org.springframework.security.web.authentication.WebAuthenticationDetails@12afc: RemoteIpAddress: 127.0.0.1; SessionId: 8B188306865B83390672E314FD4817C6; Granted Authorities: ROLE_ADMIN, ROLE_DB, ROLE_USER 
2018-03-08 23:01:21 [http-nio-8080-exec-34] INFO  c.m.s.w.l.HttpRequestLogInterceptor.preHandle(35) - 2018-03-08T23:01:21.893 - called url:/Spring-In-Action_WEBApp/
2018-03-08 23:01:37 [http-nio-8080-exec-35] INFO  c.m.s.w.l.HttpRequestLogInterceptor.preHandle(35) - 2018-03-08T23:01:37.898 - called url:/Spring-In-Action_WEBApp/list
2018-03-08 23:01:37 [http-nio-8080-exec-35] INFO  com.mvc.spittr.web.LoginController.listUsers(119) - spitterService is null? false
2018-03-08 23:01:37 [http-nio-8080-exec-35] INFO  c.mvc.spittr.web.util.WebFacilities.getPrincipal(31) - Auth valaue: anonymous
2018-03-08 23:05:20 [ContainerBackgroundProcessor[StandardEngine[Catalina]]] INFO  c.m.s.w.c.RoleToUserProfileConverter.<clinit>(27) - ************************Start RoleToUserProfileConverter************************
2018-03-08 23:05:20 [ContainerBackgroundProcessor[StandardEngine[Catalina]]] INFO  c.m.s.w.c.RoleToUserProfileConverter.<clinit>(42) - ************************End RoleToUserProfileConverter************************
2018-03-08 23:05:23 [ContainerBackgroundProcessor[StandardEngine[Catalina]]] INFO  c.m.s.w.l.HttpRequestLogInterceptor.<clinit>(28) - HttpRequestLogInterceptor initialized
2018-03-08 23:05:24 [ContainerBackgroundProcessor[StandardEngine[Catalina]]] INFO  com.mvc.spittr.web.SpittleController.<init>(55) - 2018-03-08T23:05:24.554 Constructor call
2018-03-08 23:05:26 [ContainerBackgroundProcessor[StandardEngine[Catalina]]] INFO  com.mvc.spittr.web.SpittleController.<init>(55) - 2018-03-08T23:05:26.695 Constructor call
2018-03-08 23:05:27 [ContainerBackgroundProcessor[StandardEngine[Catalina]]] INFO  c.m.s.w.s.GenericServletDemoServlet.<clinit>(29) - ************************Start - GenericServletDemoServlet************************
2018-03-08 23:05:27 [ContainerBackgroundProcessor[StandardEngine[Catalina]]] INFO  c.m.s.w.s.GenericServletDemoServlet.<clinit>(47) - ************************End - GenericServletDemoServlet************************
2018-03-08 23:07:13 [http-nio-8080-exec-41] INFO  c.m.s.w.l.HttpRequestLogInterceptor.preHandle(35) - 2018-03-08T23:07:13.638 - called url:/Spring-In-Action_WEBApp/login
2018-03-08 23:07:13 [http-nio-8080-exec-41] INFO  com.mvc.spittr.web.LoginController.isCurrentAuthenticationAnonymous(177) - isCurrentAuthenticationAnonymous() flag value: true and credential_
2018-03-08 23:07:13 [http-nio-8080-exec-41] INFO  com.mvc.spittr.web.LoginController.isCurrentAuthenticationAnonymous(177) - isCurrentAuthenticationAnonymous() flag value: true and credential_
2018-03-08 23:07:13 [http-nio-8080-exec-41] INFO  com.mvc.spittr.web.LoginController.loginPage(105) - Is Current Authentication Anonymous? true
2018-03-08 23:07:21 [http-nio-8080-exec-32] INFO  c.m.s.w.l.HttpRequestLogInterceptor.preHandle(35) - 2018-03-08T23:07:21.179 - called url:/Spring-In-Action_WEBApp/list
2018-03-08 23:07:21 [http-nio-8080-exec-32] INFO  com.mvc.spittr.web.LoginController.listUsers(119) - spitterService is null? false
2018-03-08 23:07:21 [http-nio-8080-exec-32] INFO  c.mvc.spittr.web.util.WebFacilities.getPrincipal(31) - Auth valaue: anonymous
2018-03-08 23:08:07 [http-nio-8080-exec-36] INFO  c.m.s.w.l.HttpRequestLogInterceptor.preHandle(35) - 2018-03-08T23:08:07.602 - called url:/Spring-In-Action_WEBApp/
2018-03-08 23:08:14 [http-nio-8080-exec-42] INFO  c.m.s.w.l.HttpRequestLogInterceptor.preHandle(35) - 2018-03-08T23:08:14.724 - called url:/Spring-In-Action_WEBApp/list
2018-03-08 23:08:14 [http-nio-8080-exec-42] INFO  com.mvc.spittr.web.LoginController.listUsers(119) - spitterService is null? false
2018-03-08 23:08:14 [http-nio-8080-exec-42] INFO  c.mvc.spittr.web.util.WebFacilities.getPrincipal(31) - Auth valaue: anonymous
2018-03-08 23:09:48 [http-nio-8080-exec-44] INFO  c.m.s.w.l.HttpRequestLogInterceptor.preHandle(35) - 2018-03-08T23:09:48.694 - called url:/Spring-In-Action_WEBApp/
2018-03-08 23:09:51 [http-nio-8080-exec-45] INFO  c.m.s.w.l.HttpRequestLogInterceptor.preHandle(35) - 2018-03-08T23:09:51.963 - called url:/Spring-In-Action_WEBApp/spitter
2018-03-08 23:09:51 [http-nio-8080-exec-45] INFO  c.mvc.spittr.web.util.WebFacilities.getPrincipal(31) - Auth valaue: anonymous
2018-03-08 23:10:01 [http-nio-8080-exec-41] INFO  c.m.s.w.l.HttpRequestLogInterceptor.preHandle(35) - 2018-03-08T23:10:01.869 - called url:/Spring-In-Action_WEBApp/list
2018-03-08 23:10:01 [http-nio-8080-exec-41] INFO  com.mvc.spittr.web.LoginController.listUsers(119) - spitterService is null? false
2018-03-08 23:10:01 [http-nio-8080-exec-41] INFO  c.mvc.spittr.web.util.WebFacilities.getPrincipal(31) - Auth valaue: anonymous
2018-03-08 23:10:49 [http-nio-8080-exec-44] INFO  c.m.s.w.l.HttpRequestLogInterceptor.preHandle(35) - 2018-03-08T23:10:49.023 - called url:/Spring-In-Action_WEBApp/list
2018-03-08 23:10:49 [http-nio-8080-exec-44] INFO  com.mvc.spittr.web.LoginController.listUsers(119) - spitterService is null? false
2018-03-08 23:10:49 [http-nio-8080-exec-44] INFO  c.mvc.spittr.web.util.WebFacilities.getPrincipal(31) - Auth valaue: anonymous
2018-03-08 23:15:27 [ContainerBackgroundProcessor[StandardEngine[Catalina]]] INFO  c.m.s.w.c.RoleToUserProfileConverter.<clinit>(27) - ************************Start RoleToUserProfileConverter************************
2018-03-08 23:15:27 [ContainerBackgroundProcessor[StandardEngine[Catalina]]] INFO  c.m.s.w.c.RoleToUserProfileConverter.<clinit>(42) - ************************End RoleToUserProfileConverter************************
2018-03-08 23:15:31 [ContainerBackgroundProcessor[StandardEngine[Catalina]]] INFO  c.m.s.w.l.HttpRequestLogInterceptor.<clinit>(28) - HttpRequestLogInterceptor initialized
2018-03-08 23:15:32 [ContainerBackgroundProcessor[StandardEngine[Catalina]]] INFO  com.mvc.spittr.web.SpittleController.<init>(55) - 2018-03-08T23:15:32.141 Constructor call
2018-03-08 23:15:34 [ContainerBackgroundProcessor[StandardEngine[Catalina]]] INFO  com.mvc.spittr.web.SpittleController.<init>(55) - 2018-03-08T23:15:34.775 Constructor call
2018-03-08 23:15:35 [ContainerBackgroundProcessor[StandardEngine[Catalina]]] INFO  c.m.s.w.s.GenericServletDemoServlet.<clinit>(29) - ************************Start - GenericServletDemoServlet************************
2018-03-08 23:15:35 [ContainerBackgroundProcessor[StandardEngine[Catalina]]] INFO  c.m.s.w.s.GenericServletDemoServlet.<clinit>(47) - ************************End - GenericServletDemoServlet************************
2018-03-08 23:15:35 [http-nio-8080-exec-44] INFO  c.m.s.w.l.HttpRequestLogInterceptor.preHandle(35) - 2018-03-08T23:15:35.863 - called url:/Spring-In-Action_WEBApp/
2018-03-08 23:15:35 [http-nio-8080-exec-50] INFO  c.m.s.w.l.HttpRequestLogInterceptor.preHandle(35) - 2018-03-08T23:15:35.893 - called url:/Spring-In-Action_WEBApp/list
2018-03-08 23:15:35 [http-nio-8080-exec-50] INFO  com.mvc.spittr.web.LoginController.listUsers(119) - spitterService is null? false
2018-03-08 23:15:36 [http-nio-8080-exec-50] INFO  c.mvc.spittr.web.util.WebFacilities.getPrincipal(31) - Auth valaue: anonymous
2018-03-08 23:15:46 [http-nio-8080-exec-46] INFO  c.m.s.w.l.HttpRequestLogInterceptor.preHandle(35) - 2018-03-08T23:15:46.910 - called url:/Spring-In-Action_WEBApp/list
2018-03-08 23:15:46 [http-nio-8080-exec-46] INFO  com.mvc.spittr.web.LoginController.listUsers(119) - spitterService is null? false
2018-03-08 23:15:46 [http-nio-8080-exec-46] INFO  c.mvc.spittr.web.util.WebFacilities.getPrincipal(31) - Auth valaue: anonymous
2018-03-08 23:15:55 [http-nio-8080-exec-42] INFO  c.m.s.w.l.HttpRequestLogInterceptor.preHandle(35) - 2018-03-08T23:15:55.311 - called url:/Spring-In-Action_WEBApp/list
2018-03-08 23:15:55 [http-nio-8080-exec-42] INFO  com.mvc.spittr.web.LoginController.listUsers(119) - spitterService is null? false
2018-03-08 23:15:55 [http-nio-8080-exec-42] INFO  c.mvc.spittr.web.util.WebFacilities.getPrincipal(31) - Auth valaue: anonymous
2018-03-08 23:18:00 [http-nio-8080-exec-52] INFO  c.m.s.w.l.HttpRequestLogInterceptor.preHandle(35) - 2018-03-08T23:18:00.824 - called url:/Spring-In-Action_WEBApp/list
2018-03-08 23:18:00 [http-nio-8080-exec-52] INFO  com.mvc.spittr.web.LoginController.listUsers(119) - spitterService is null? false
2018-03-08 23:18:00 [http-nio-8080-exec-52] INFO  c.mvc.spittr.web.util.WebFacilities.getPrincipal(31) - Auth valaue: anonymous
2018-03-08 23:18:09 [http-nio-8080-exec-55] INFO  c.m.s.w.l.HttpRequestLogInterceptor.preHandle(35) - 2018-03-08T23:18:09.400 - called url:/Spring-In-Action_WEBApp/list
2018-03-08 23:18:09 [http-nio-8080-exec-55] INFO  com.mvc.spittr.web.LoginController.listUsers(119) - spitterService is null? false
2018-03-08 23:18:09 [http-nio-8080-exec-55] INFO  c.mvc.spittr.web.util.WebFacilities.getPrincipal(31) - Auth valaue: anonymous
2018-03-08 23:20:05 [http-nio-8080-exec-52] INFO  c.m.s.w.l.HttpRequestLogInterceptor.preHandle(35) - 2018-03-08T23:20:05.373 - called url:/Spring-In-Action_WEBApp/list
2018-03-08 23:20:05 [http-nio-8080-exec-52] INFO  com.mvc.spittr.web.LoginController.listUsers(119) - spitterService is null? false
2018-03-08 23:20:05 [http-nio-8080-exec-52] INFO  c.mvc.spittr.web.util.WebFacilities.getPrincipal(31) - Auth valaue: anonymous
2018-03-08 23:20:18 [http-nio-8080-exec-55] INFO  c.m.s.w.l.HttpRequestLogInterceptor.preHandle(35) - 2018-03-08T23:20:18.566 - called url:/Spring-In-Action_WEBApp/spitter/getrole-Beff
2018-03-08 23:21:21 [ContainerBackgroundProcessor[StandardEngine[Catalina]]] INFO  c.m.s.w.c.RoleToUserProfileConverter.<clinit>(27) - ************************Start RoleToUserProfileConverter************************
2018-03-08 23:21:21 [ContainerBackgroundProcessor[StandardEngine[Catalina]]] INFO  c.m.s.w.c.RoleToUserProfileConverter.<clinit>(42) - ************************End RoleToUserProfileConverter************************
2018-03-08 23:21:24 [ContainerBackgroundProcessor[StandardEngine[Catalina]]] INFO  c.m.s.w.l.HttpRequestLogInterceptor.<clinit>(28) - HttpRequestLogInterceptor initialized
2018-03-08 23:21:25 [ContainerBackgroundProcessor[StandardEngine[Catalina]]] INFO  com.mvc.spittr.web.SpittleController.<init>(55) - 2018-03-08T23:21:25.037 Constructor call
2018-03-08 23:21:26 [ContainerBackgroundProcessor[StandardEngine[Catalina]]] INFO  com.mvc.spittr.web.SpittleController.<init>(55) - 2018-03-08T23:21:26.925 Constructor call
2018-03-08 23:21:27 [ContainerBackgroundProcessor[StandardEngine[Catalina]]] INFO  c.m.s.w.s.GenericServletDemoServlet.<clinit>(29) - ************************Start - GenericServletDemoServlet************************
2018-03-08 23:21:27 [ContainerBackgroundProcessor[StandardEngine[Catalina]]] INFO  c.m.s.w.s.GenericServletDemoServlet.<clinit>(47) - ************************End - GenericServletDemoServlet************************
2018-03-08 23:21:36 [http-nio-8080-exec-55] INFO  c.m.s.w.l.HttpRequestLogInterceptor.preHandle(35) - 2018-03-08T23:21:36.064 - called url:/Spring-In-Action_WEBApp/spitter/getrole-Beff
