2018-02-19 23:02:21 [http-nio-8080-exec-2] INFO  c.m.s.w.l.HttpRequestLogInterceptor.preHandle(35) - 2018-02-19T23:02:21.866 - called url:/Spring-In-Action_WEBApp/spitter
2018-02-19 23:02:21 [http-nio-8080-exec-2] INFO  c.mvc.spittr.web.util.WebFacilities.getPrincipal(28) - Auth valaue: admin
2018-02-19 23:02:25 [http-nio-8080-exec-9] INFO  c.m.s.w.l.HttpRequestLogInterceptor.preHandle(35) - 2018-02-19T23:02:25.660 - called url:/Spring-In-Action_WEBApp/spitter/%7Busername%7D
2018-02-19 23:14:53 [http-nio-8080-exec-8] INFO  c.m.s.w.l.HttpRequestLogInterceptor.preHandle(35) - 2018-02-19T23:14:53.936 - called url:/Spring-In-Action_WEBApp/login
2018-02-19 23:14:53 [http-nio-8080-exec-8] INFO  com.mvc.spittr.web.LoginController.isCurrentAuthenticationAnonymous(115) - isCurrentAuthenticationAnonymous() flag value: true and credential_
2018-02-19 23:14:53 [http-nio-8080-exec-8] INFO  com.mvc.spittr.web.LoginController.isCurrentAuthenticationAnonymous(115) - isCurrentAuthenticationAnonymous() flag value: true and credential_
2018-02-19 23:14:53 [http-nio-8080-exec-8] INFO  com.mvc.spittr.web.LoginController.loginPage(98) - Is Current Authentication Anonymous? true
2018-02-19 23:18:04 [http-nio-8080-exec-2] INFO  c.m.s.w.l.HttpRequestLogInterceptor.preHandle(35) - 2018-02-19T23:18:04.224 - called url:/Spring-In-Action_WEBApp/login
2018-02-19 23:18:04 [http-nio-8080-exec-2] INFO  com.mvc.spittr.web.LoginController.isCurrentAuthenticationAnonymous(115) - isCurrentAuthenticationAnonymous() flag value: true and credential_
2018-02-19 23:18:04 [http-nio-8080-exec-2] INFO  com.mvc.spittr.web.LoginController.isCurrentAuthenticationAnonymous(115) - isCurrentAuthenticationAnonymous() flag value: true and credential_
2018-02-19 23:18:04 [http-nio-8080-exec-2] INFO  com.mvc.spittr.web.LoginController.loginPage(98) - Is Current Authentication Anonymous? true
2018-02-19 23:19:04 [http-nio-8080-exec-4] INFO  c.m.s.w.l.HttpRequestLogInterceptor.preHandle(35) - 2018-02-19T23:19:04.402 - called url:/Spring-In-Action_WEBApp/login
2018-02-19 23:19:04 [http-nio-8080-exec-4] INFO  com.mvc.spittr.web.LoginController.isCurrentAuthenticationAnonymous(115) - isCurrentAuthenticationAnonymous() flag value: true and credential_
2018-02-19 23:19:04 [http-nio-8080-exec-4] INFO  com.mvc.spittr.web.LoginController.isCurrentAuthenticationAnonymous(115) - isCurrentAuthenticationAnonymous() flag value: true and credential_
2018-02-19 23:19:04 [http-nio-8080-exec-4] INFO  com.mvc.spittr.web.LoginController.loginPage(98) - Is Current Authentication Anonymous? true
2018-02-19 23:21:13 [http-nio-8080-exec-5] INFO  c.m.s.w.l.HttpRequestLogInterceptor.preHandle(35) - 2018-02-19T23:21:13.219 - called url:/Spring-In-Action_WEBApp/login
2018-02-19 23:21:13 [http-nio-8080-exec-5] INFO  com.mvc.spittr.web.LoginController.isCurrentAuthenticationAnonymous(115) - isCurrentAuthenticationAnonymous() flag value: true and credential_
2018-02-19 23:21:13 [http-nio-8080-exec-5] INFO  com.mvc.spittr.web.LoginController.isCurrentAuthenticationAnonymous(115) - isCurrentAuthenticationAnonymous() flag value: true and credential_
2018-02-19 23:21:13 [http-nio-8080-exec-5] INFO  com.mvc.spittr.web.LoginController.loginPage(98) - Is Current Authentication Anonymous? true
2018-02-19 23:21:34 [http-nio-8080-exec-8] INFO  c.m.s.w.l.HttpRequestLogInterceptor.preHandle(35) - 2018-02-19T23:21:34.452 - called url:/Spring-In-Action_WEBApp/login
2018-02-19 23:21:34 [http-nio-8080-exec-8] INFO  com.mvc.spittr.web.LoginController.isCurrentAuthenticationAnonymous(115) - isCurrentAuthenticationAnonymous() flag value: true and credential_
2018-02-19 23:21:34 [http-nio-8080-exec-8] INFO  com.mvc.spittr.web.LoginController.isCurrentAuthenticationAnonymous(115) - isCurrentAuthenticationAnonymous() flag value: true and credential_
2018-02-19 23:21:34 [http-nio-8080-exec-8] INFO  com.mvc.spittr.web.LoginController.loginPage(98) - Is Current Authentication Anonymous? true
2018-02-19 23:21:37 [http-nio-8080-exec-7] INFO  c.m.s.w.l.HttpRequestLogInterceptor.preHandle(35) - 2018-02-19T23:21:37.283 - called url:/Spring-In-Action_WEBApp/
2018-02-19 23:22:01 [http-nio-8080-exec-6] INFO  c.m.s.w.l.HttpRequestLogInterceptor.preHandle(35) - 2018-02-19T23:22:01.237 - called url:/Spring-In-Action_WEBApp/login
2018-02-19 23:22:01 [http-nio-8080-exec-6] INFO  com.mvc.spittr.web.LoginController.isCurrentAuthenticationAnonymous(115) - isCurrentAuthenticationAnonymous() flag value: true and credential_
2018-02-19 23:22:01 [http-nio-8080-exec-6] INFO  com.mvc.spittr.web.LoginController.isCurrentAuthenticationAnonymous(115) - isCurrentAuthenticationAnonymous() flag value: true and credential_
2018-02-19 23:22:01 [http-nio-8080-exec-6] INFO  com.mvc.spittr.web.LoginController.loginPage(98) - Is Current Authentication Anonymous? true
2018-02-19 23:22:45 [http-nio-8080-exec-2] INFO  c.m.s.w.l.HttpRequestLogInterceptor.preHandle(35) - 2018-02-19T23:22:45.204 - called url:/Spring-In-Action_WEBApp/login
2018-02-19 23:22:45 [http-nio-8080-exec-2] INFO  com.mvc.spittr.web.LoginController.isCurrentAuthenticationAnonymous(115) - isCurrentAuthenticationAnonymous() flag value: true and credential_
2018-02-19 23:22:45 [http-nio-8080-exec-2] INFO  com.mvc.spittr.web.LoginController.isCurrentAuthenticationAnonymous(115) - isCurrentAuthenticationAnonymous() flag value: true and credential_
2018-02-19 23:22:45 [http-nio-8080-exec-2] INFO  com.mvc.spittr.web.LoginController.loginPage(98) - Is Current Authentication Anonymous? true
2018-02-19 23:22:51 [http-nio-8080-exec-6] INFO  c.m.s.w.l.HttpRequestLogInterceptor.preHandle(35) - 2018-02-19T23:22:51.742 - called url:/Spring-In-Action_WEBApp/
2018-02-19 23:22:54 [http-nio-8080-exec-7] INFO  c.m.s.w.l.HttpRequestLogInterceptor.preHandle(35) - 2018-02-19T23:22:54.808 - called url:/Spring-In-Action_WEBApp/login
2018-02-19 23:22:54 [http-nio-8080-exec-7] INFO  com.mvc.spittr.web.LoginController.isCurrentAuthenticationAnonymous(115) - isCurrentAuthenticationAnonymous() flag value: true and credential_
2018-02-19 23:22:54 [http-nio-8080-exec-7] INFO  com.mvc.spittr.web.LoginController.isCurrentAuthenticationAnonymous(115) - isCurrentAuthenticationAnonymous() flag value: true and credential_
2018-02-19 23:22:54 [http-nio-8080-exec-7] INFO  com.mvc.spittr.web.LoginController.loginPage(98) - Is Current Authentication Anonymous? true
2018-02-19 23:22:57 [http-nio-8080-exec-5] INFO  c.m.s.w.l.HttpRequestLogInterceptor.preHandle(35) - 2018-02-19T23:22:57.844 - called url:/Spring-In-Action_WEBApp/
2018-02-19 23:23:53 [http-nio-8080-exec-6] INFO  c.m.s.w.l.HttpRequestLogInterceptor.preHandle(35) - 2018-02-19T23:23:53.517 - called url:/Spring-In-Action_WEBApp/login
2018-02-19 23:23:53 [http-nio-8080-exec-6] INFO  com.mvc.spittr.web.LoginController.isCurrentAuthenticationAnonymous(115) - isCurrentAuthenticationAnonymous() flag value: true and credential_
2018-02-19 23:23:53 [http-nio-8080-exec-6] INFO  com.mvc.spittr.web.LoginController.isCurrentAuthenticationAnonymous(115) - isCurrentAuthenticationAnonymous() flag value: true and credential_
2018-02-19 23:23:53 [http-nio-8080-exec-6] INFO  com.mvc.spittr.web.LoginController.loginPage(98) - Is Current Authentication Anonymous? true
2018-02-19 23:23:59 [http-nio-8080-exec-3] INFO  c.m.s.w.l.HttpRequestLogInterceptor.preHandle(35) - 2018-02-19T23:23:59.794 - called url:/Spring-In-Action_WEBApp/
2018-02-19 23:24:01 [http-nio-8080-exec-5] INFO  c.m.s.w.l.HttpRequestLogInterceptor.preHandle(35) - 2018-02-19T23:24:01.381 - called url:/Spring-In-Action_WEBApp/login
2018-02-19 23:24:01 [http-nio-8080-exec-5] INFO  com.mvc.spittr.web.LoginController.isCurrentAuthenticationAnonymous(115) - isCurrentAuthenticationAnonymous() flag value: true and credential_
2018-02-19 23:24:01 [http-nio-8080-exec-5] INFO  com.mvc.spittr.web.LoginController.isCurrentAuthenticationAnonymous(115) - isCurrentAuthenticationAnonymous() flag value: true and credential_
2018-02-19 23:24:01 [http-nio-8080-exec-5] INFO  com.mvc.spittr.web.LoginController.loginPage(98) - Is Current Authentication Anonymous? true
2018-02-19 23:26:45 [http-nio-8080-exec-1] INFO  c.m.s.w.l.HttpRequestLogInterceptor.preHandle(35) - 2018-02-19T23:26:45.680 - called url:/Spring-In-Action_WEBApp/login
2018-02-19 23:26:45 [http-nio-8080-exec-1] INFO  com.mvc.spittr.web.LoginController.isCurrentAuthenticationAnonymous(115) - isCurrentAuthenticationAnonymous() flag value: true and credential_
2018-02-19 23:26:45 [http-nio-8080-exec-1] INFO  com.mvc.spittr.web.LoginController.isCurrentAuthenticationAnonymous(115) - isCurrentAuthenticationAnonymous() flag value: true and credential_
2018-02-19 23:26:45 [http-nio-8080-exec-1] INFO  com.mvc.spittr.web.LoginController.loginPage(98) - Is Current Authentication Anonymous? true
2018-02-19 23:28:08 [http-nio-8080-exec-5] INFO  c.m.s.w.l.HttpRequestLogInterceptor.preHandle(35) - 2018-02-19T23:28:08.666 - called url:/Spring-In-Action_WEBApp/login
2018-02-19 23:28:08 [http-nio-8080-exec-5] INFO  com.mvc.spittr.web.LoginController.isCurrentAuthenticationAnonymous(115) - isCurrentAuthenticationAnonymous() flag value: true and credential_
2018-02-19 23:28:08 [http-nio-8080-exec-5] INFO  com.mvc.spittr.web.LoginController.isCurrentAuthenticationAnonymous(115) - isCurrentAuthenticationAnonymous() flag value: true and credential_
2018-02-19 23:28:08 [http-nio-8080-exec-5] INFO  com.mvc.spittr.web.LoginController.loginPage(98) - Is Current Authentication Anonymous? true
2018-02-19 23:28:12 [http-nio-8080-exec-3] INFO  c.m.s.w.l.HttpRequestLogInterceptor.preHandle(35) - 2018-02-19T23:28:12.165 - called url:/Spring-In-Action_WEBApp/
2018-02-19 23:30:24 [http-nio-8080-exec-2] INFO  c.m.s.w.l.HttpRequestLogInterceptor.preHandle(35) - 2018-02-19T23:30:24.201 - called url:/Spring-In-Action_WEBApp/login
2018-02-19 23:30:24 [http-nio-8080-exec-2] INFO  com.mvc.spittr.web.LoginController.isCurrentAuthenticationAnonymous(115) - isCurrentAuthenticationAnonymous() flag value: true and credential_
2018-02-19 23:30:24 [http-nio-8080-exec-2] INFO  com.mvc.spittr.web.LoginController.isCurrentAuthenticationAnonymous(115) - isCurrentAuthenticationAnonymous() flag value: true and credential_
2018-02-19 23:30:24 [http-nio-8080-exec-2] INFO  com.mvc.spittr.web.LoginController.loginPage(98) - Is Current Authentication Anonymous? true
2018-02-19 23:30:26 [http-nio-8080-exec-1] INFO  c.m.s.w.l.HttpRequestLogInterceptor.preHandle(35) - 2018-02-19T23:30:26.980 - called url:/Spring-In-Action_WEBApp/
2018-02-19 23:30:28 [http-nio-8080-exec-7] INFO  c.m.s.w.l.HttpRequestLogInterceptor.preHandle(35) - 2018-02-19T23:30:28.356 - called url:/Spring-In-Action_WEBApp/login
2018-02-19 23:30:28 [http-nio-8080-exec-7] INFO  com.mvc.spittr.web.LoginController.isCurrentAuthenticationAnonymous(115) - isCurrentAuthenticationAnonymous() flag value: true and credential_
2018-02-19 23:30:28 [http-nio-8080-exec-7] INFO  com.mvc.spittr.web.LoginController.isCurrentAuthenticationAnonymous(115) - isCurrentAuthenticationAnonymous() flag value: true and credential_
2018-02-19 23:30:28 [http-nio-8080-exec-7] INFO  com.mvc.spittr.web.LoginController.loginPage(98) - Is Current Authentication Anonymous? true
2018-02-19 23:30:44 [http-nio-8080-exec-2] INFO  c.m.s.w.l.HttpRequestLogInterceptor.preHandle(35) - 2018-02-19T23:30:44.328 - called url:/Spring-In-Action_WEBApp/spitter/%7Busername%7D
2018-02-19 23:30:49 [http-nio-8080-exec-3] INFO  c.m.s.w.l.HttpRequestLogInterceptor.preHandle(35) - 2018-02-19T23:30:49.779 - called url:/Spring-In-Action_WEBApp/
2018-02-19 23:30:56 [http-nio-8080-exec-2] INFO  c.m.s.w.l.HttpRequestLogInterceptor.preHandle(35) - 2018-02-19T23:30:56.272 - called url:/Spring-In-Action_WEBApp/login
2018-02-19 23:30:56 [http-nio-8080-exec-2] INFO  com.mvc.spittr.web.LoginController.isCurrentAuthenticationAnonymous(115) - isCurrentAuthenticationAnonymous() flag value: false and credential_null
2018-02-19 23:30:56 [http-nio-8080-exec-2] INFO  com.mvc.spittr.web.LoginController.loginPage(101) - login requested but redirect:/spitter
2018-02-19 23:30:56 [http-nio-8080-exec-6] INFO  c.m.s.w.l.HttpRequestLogInterceptor.preHandle(35) - 2018-02-19T23:30:56.311 - called url:/Spring-In-Action_WEBApp/spitter
2018-02-19 23:30:56 [http-nio-8080-exec-6] INFO  c.mvc.spittr.web.util.WebFacilities.getPrincipal(28) - Auth valaue: admin
2018-02-19 23:31:09 [http-nio-8080-exec-7] INFO  c.m.s.w.l.HttpRequestLogInterceptor.preHandle(35) - 2018-02-19T23:31:09.890 - called url:/Spring-In-Action_WEBApp/
2018-02-19 23:31:12 [http-nio-8080-exec-9] INFO  c.m.s.w.l.HttpRequestLogInterceptor.preHandle(35) - 2018-02-19T23:31:12.440 - called url:/Spring-In-Action_WEBApp/login
2018-02-19 23:31:12 [http-nio-8080-exec-9] INFO  com.mvc.spittr.web.LoginController.isCurrentAuthenticationAnonymous(115) - isCurrentAuthenticationAnonymous() flag value: true and credential_
2018-02-19 23:31:12 [http-nio-8080-exec-9] INFO  com.mvc.spittr.web.LoginController.isCurrentAuthenticationAnonymous(115) - isCurrentAuthenticationAnonymous() flag value: true and credential_
2018-02-19 23:31:12 [http-nio-8080-exec-9] INFO  com.mvc.spittr.web.LoginController.loginPage(98) - Is Current Authentication Anonymous? true
2018-02-19 23:31:40 [http-nio-8080-exec-8] INFO  c.m.s.w.l.HttpRequestLogInterceptor.preHandle(35) - 2018-02-19T23:31:40.140 - called url:/Spring-In-Action_WEBApp/spitter
2018-02-19 23:31:40 [http-nio-8080-exec-8] INFO  c.mvc.spittr.web.util.WebFacilities.getPrincipal(28) - Auth valaue: admin
2018-02-19 23:31:42 [http-nio-8080-exec-10] INFO  c.m.s.w.l.HttpRequestLogInterceptor.preHandle(35) - 2018-02-19T23:31:42.500 - called url:/Spring-In-Action_WEBApp/logout
2018-02-19 23:31:42 [http-nio-8080-exec-10] INFO  com.mvc.spittr.web.LoginController.logoutPage(132) - Before Logout - authentication_org.springframework.security.authentication.UsernamePasswordAuthenticationToken@7de74a6a: Principal: org.springframework.security.core.userdetails.User@586034f: Username: admin; Password: [PROTECTED]; Enabled: true; AccountNonExpired: true; credentialsNonExpired: true; AccountNonLocked: true; Granted Authorities: ROLE_ADMIN,ROLE_DB,ROLE_USER; Credentials: [PROTECTED]; Authenticated: true; Details: org.springframework.security.web.authentication.WebAuthenticationDetails@fffde5d4: RemoteIpAddress: 0:0:0:0:0:0:0:1; SessionId: 7974768A7B80BD14224E5898658DBAA1; Granted Authorities: ROLE_ADMIN, ROLE_DB, ROLE_USER 
2018-02-19 23:31:42 [http-nio-8080-exec-10] INFO  com.mvc.spittr.web.LoginController.logoutPage(138) - After Logout authentication_org.springframework.security.authentication.UsernamePasswordAuthenticationToken@7de74a6a: Principal: org.springframework.security.core.userdetails.User@586034f: Username: admin; Password: [PROTECTED]; Enabled: true; AccountNonExpired: true; credentialsNonExpired: true; AccountNonLocked: true; Granted Authorities: ROLE_ADMIN,ROLE_DB,ROLE_USER; Credentials: [PROTECTED]; Authenticated: true; Details: org.springframework.security.web.authentication.WebAuthenticationDetails@fffde5d4: RemoteIpAddress: 0:0:0:0:0:0:0:1; SessionId: 7974768A7B80BD14224E5898658DBAA1; Granted Authorities: ROLE_ADMIN, ROLE_DB, ROLE_USER 
2018-02-19 23:31:42 [http-nio-8080-exec-5] INFO  c.m.s.w.l.HttpRequestLogInterceptor.preHandle(35) - 2018-02-19T23:31:42.780 - called url:/Spring-In-Action_WEBApp/
2018-02-19 23:31:45 [http-nio-8080-exec-6] INFO  c.m.s.w.l.HttpRequestLogInterceptor.preHandle(35) - 2018-02-19T23:31:45.954 - called url:/Spring-In-Action_WEBApp/login
2018-02-19 23:31:45 [http-nio-8080-exec-6] INFO  com.mvc.spittr.web.LoginController.isCurrentAuthenticationAnonymous(115) - isCurrentAuthenticationAnonymous() flag value: true and credential_
2018-02-19 23:31:45 [http-nio-8080-exec-6] INFO  com.mvc.spittr.web.LoginController.isCurrentAuthenticationAnonymous(115) - isCurrentAuthenticationAnonymous() flag value: true and credential_
2018-02-19 23:31:45 [http-nio-8080-exec-6] INFO  com.mvc.spittr.web.LoginController.loginPage(98) - Is Current Authentication Anonymous? true
2018-02-19 23:32:26 [http-nio-8080-exec-4] INFO  c.m.s.w.l.HttpRequestLogInterceptor.preHandle(35) - 2018-02-19T23:32:26.968 - called url:/Spring-In-Action_WEBApp/login
2018-02-19 23:32:26 [http-nio-8080-exec-4] INFO  com.mvc.spittr.web.LoginController.isCurrentAuthenticationAnonymous(115) - isCurrentAuthenticationAnonymous() flag value: true and credential_
2018-02-19 23:32:26 [http-nio-8080-exec-4] INFO  com.mvc.spittr.web.LoginController.isCurrentAuthenticationAnonymous(115) - isCurrentAuthenticationAnonymous() flag value: true and credential_
2018-02-19 23:32:26 [http-nio-8080-exec-4] INFO  com.mvc.spittr.web.LoginController.loginPage(98) - Is Current Authentication Anonymous? true
2018-02-19 23:32:30 [http-nio-8080-exec-5] INFO  c.m.s.w.l.HttpRequestLogInterceptor.preHandle(35) - 2018-02-19T23:32:30.253 - called url:/Spring-In-Action_WEBApp/
2018-02-19 23:34:27 [http-nio-8080-exec-3] INFO  c.m.s.w.l.HttpRequestLogInterceptor.preHandle(35) - 2018-02-19T23:34:27.510 - called url:/Spring-In-Action_WEBApp/login
2018-02-19 23:34:27 [http-nio-8080-exec-3] INFO  com.mvc.spittr.web.LoginController.isCurrentAuthenticationAnonymous(115) - isCurrentAuthenticationAnonymous() flag value: true and credential_
2018-02-19 23:34:27 [http-nio-8080-exec-3] INFO  com.mvc.spittr.web.LoginController.isCurrentAuthenticationAnonymous(115) - isCurrentAuthenticationAnonymous() flag value: true and credential_
2018-02-19 23:34:27 [http-nio-8080-exec-3] INFO  com.mvc.spittr.web.LoginController.loginPage(98) - Is Current Authentication Anonymous? true
2018-02-19 23:34:34 [http-nio-8080-exec-10] INFO  c.m.s.w.l.HttpRequestLogInterceptor.preHandle(35) - 2018-02-19T23:34:34.585 - called url:/Spring-In-Action_WEBApp/
2018-02-19 23:34:36 [http-nio-8080-exec-5] INFO  c.m.s.w.l.HttpRequestLogInterceptor.preHandle(35) - 2018-02-19T23:34:36.151 - called url:/Spring-In-Action_WEBApp/spitter
2018-02-19 23:34:36 [http-nio-8080-exec-5] INFO  c.mvc.spittr.web.util.WebFacilities.getPrincipal(31) - Auth valaue: anonymous
2018-02-19 23:34:38 [http-nio-8080-exec-6] INFO  c.m.s.w.l.HttpRequestLogInterceptor.preHandle(35) - 2018-02-19T23:34:38.483 - called url:/Spring-In-Action_WEBApp/spittle
2018-02-19 23:34:38 [http-nio-8080-exec-6] INFO  c.mvc.spittr.web.util.WebFacilities.getPrincipal(31) - Auth valaue: anonymous
2018-02-19 23:34:38 [http-nio-8080-exec-6] INFO  com.mvc.spittr.web.SpittleController.spittles(84) - 2018-02-19T23:34:38.636 /spittle called
2018-02-19 23:36:54 [http-nio-8080-exec-7] INFO  c.m.s.w.l.HttpRequestLogInterceptor.preHandle(35) - 2018-02-19T23:36:54.409 - called url:/Spring-In-Action_WEBApp/spittle
2018-02-19 23:36:54 [http-nio-8080-exec-7] INFO  c.mvc.spittr.web.util.WebFacilities.getPrincipal(31) - Auth valaue: anonymous
2018-02-19 23:36:54 [http-nio-8080-exec-7] INFO  com.mvc.spittr.web.SpittleController.spittles(84) - 2018-02-19T23:36:54.428 /spittle called
2018-02-19 23:37:09 [http-nio-8080-exec-9] INFO  c.m.s.w.l.HttpRequestLogInterceptor.preHandle(35) - 2018-02-19T23:37:09.112 - called url:/Spring-In-Action_WEBApp/spittle/14
2018-02-19 23:37:09 [http-nio-8080-exec-9] INFO  c.mvc.spittr.web.util.WebFacilities.getPrincipal(31) - Auth valaue: anonymous
2018-02-19 23:37:09 [http-nio-8080-exec-9] INFO  com.mvc.spittr.web.SpittleController.spittle(145) - http://localhost:8080/Spring-In-Action_WEBApp/spittle/14 request called 
2018-02-19 23:37:09 [http-nio-8080-exec-9] INFO  com.mvc.spittr.web.SpittleController.spittle(146) - 2018-02-19T23:37:09.284 single view is called with param 14 
