2018-03-04 17:00:52 [ContainerBackgroundProcessor[StandardEngine[Catalina]]] INFO  c.m.s.w.c.RoleToUserProfileConverter.<clinit>(27) - ************************Start RoleToUserProfileConverter************************
2018-03-04 17:00:52 [ContainerBackgroundProcessor[StandardEngine[Catalina]]] INFO  c.m.s.w.c.RoleToUserProfileConverter.<clinit>(42) - ************************End RoleToUserProfileConverter************************
2018-03-04 17:00:56 [ContainerBackgroundProcessor[StandardEngine[Catalina]]] INFO  c.m.s.w.l.HttpRequestLogInterceptor.<clinit>(28) - HttpRequestLogInterceptor initialized
2018-03-04 17:00:57 [ContainerBackgroundProcessor[StandardEngine[Catalina]]] DEBUG com.mvc.spittr.web.SpittleController.<init>(55) - 2018-03-04T17:00:57.091 Constructor call
2018-03-04 17:00:59 [ContainerBackgroundProcessor[StandardEngine[Catalina]]] DEBUG com.mvc.spittr.web.SpittleController.<init>(55) - 2018-03-04T17:00:59.489 Constructor call
2018-03-04 17:00:59 [ContainerBackgroundProcessor[StandardEngine[Catalina]]] INFO  c.m.s.w.s.GenericServletDemoServlet.<clinit>(29) - ************************Start - GenericServletDemoServlet************************
2018-03-04 17:00:59 [ContainerBackgroundProcessor[StandardEngine[Catalina]]] INFO  c.m.s.w.s.GenericServletDemoServlet.<clinit>(47) - ************************End - GenericServletDemoServlet************************
2018-03-04 17:02:09 [ContainerBackgroundProcessor[StandardEngine[Catalina]]] INFO  c.m.s.w.c.RoleToUserProfileConverter.<clinit>(27) - ************************Start RoleToUserProfileConverter************************
2018-03-04 17:02:09 [ContainerBackgroundProcessor[StandardEngine[Catalina]]] INFO  c.m.s.w.c.RoleToUserProfileConverter.<clinit>(42) - ************************End RoleToUserProfileConverter************************
2018-03-04 17:02:12 [ContainerBackgroundProcessor[StandardEngine[Catalina]]] INFO  c.m.s.w.l.HttpRequestLogInterceptor.<clinit>(28) - HttpRequestLogInterceptor initialized
2018-03-04 17:02:13 [ContainerBackgroundProcessor[StandardEngine[Catalina]]] DEBUG com.mvc.spittr.web.SpittleController.<init>(55) - 2018-03-04T17:02:13.586 Constructor call
2018-03-04 17:02:16 [ContainerBackgroundProcessor[StandardEngine[Catalina]]] DEBUG com.mvc.spittr.web.SpittleController.<init>(55) - 2018-03-04T17:02:16.282 Constructor call
2018-03-04 17:02:16 [ContainerBackgroundProcessor[StandardEngine[Catalina]]] INFO  c.m.s.w.s.GenericServletDemoServlet.<clinit>(29) - ************************Start - GenericServletDemoServlet************************
2018-03-04 17:02:16 [ContainerBackgroundProcessor[StandardEngine[Catalina]]] INFO  c.m.s.w.s.GenericServletDemoServlet.<clinit>(47) - ************************End - GenericServletDemoServlet************************
2018-03-04 17:02:33 [ContainerBackgroundProcessor[StandardEngine[Catalina]]] INFO  c.m.s.w.c.RoleToUserProfileConverter.<clinit>(27) - ************************Start RoleToUserProfileConverter************************
2018-03-04 17:02:33 [ContainerBackgroundProcessor[StandardEngine[Catalina]]] INFO  c.m.s.w.c.RoleToUserProfileConverter.<clinit>(42) - ************************End RoleToUserProfileConverter************************
2018-03-04 17:02:36 [ContainerBackgroundProcessor[StandardEngine[Catalina]]] INFO  c.m.s.w.l.HttpRequestLogInterceptor.<clinit>(28) - HttpRequestLogInterceptor initialized
2018-03-04 17:02:37 [ContainerBackgroundProcessor[StandardEngine[Catalina]]] DEBUG com.mvc.spittr.web.SpittleController.<init>(55) - 2018-03-04T17:02:37.283 Constructor call
2018-03-04 17:02:39 [ContainerBackgroundProcessor[StandardEngine[Catalina]]] DEBUG com.mvc.spittr.web.SpittleController.<init>(55) - 2018-03-04T17:02:39.338 Constructor call
2018-03-04 17:02:39 [ContainerBackgroundProcessor[StandardEngine[Catalina]]] INFO  c.m.s.w.s.GenericServletDemoServlet.<clinit>(29) - ************************Start - GenericServletDemoServlet************************
2018-03-04 17:02:39 [ContainerBackgroundProcessor[StandardEngine[Catalina]]] INFO  c.m.s.w.s.GenericServletDemoServlet.<clinit>(47) - ************************End - GenericServletDemoServlet************************
2018-03-04 17:36:45 [ContainerBackgroundProcessor[StandardEngine[Catalina]]] INFO  c.m.s.w.c.RoleToUserProfileConverter.<clinit>(27) - ************************Start RoleToUserProfileConverter************************
2018-03-04 17:36:45 [ContainerBackgroundProcessor[StandardEngine[Catalina]]] INFO  c.m.s.w.c.RoleToUserProfileConverter.<clinit>(42) - ************************End RoleToUserProfileConverter************************
2018-03-04 17:36:50 [ContainerBackgroundProcessor[StandardEngine[Catalina]]] INFO  c.m.s.w.l.HttpRequestLogInterceptor.<clinit>(28) - HttpRequestLogInterceptor initialized
2018-03-04 17:36:51 [ContainerBackgroundProcessor[StandardEngine[Catalina]]] DEBUG com.mvc.spittr.web.SpittleController.<init>(55) - 2018-03-04T17:36:51.303 Constructor call
2018-03-04 17:36:54 [ContainerBackgroundProcessor[StandardEngine[Catalina]]] DEBUG com.mvc.spittr.web.SpittleController.<init>(55) - 2018-03-04T17:36:54.114 Constructor call
2018-03-04 17:36:54 [ContainerBackgroundProcessor[StandardEngine[Catalina]]] INFO  c.m.s.w.s.GenericServletDemoServlet.<clinit>(29) - ************************Start - GenericServletDemoServlet************************
2018-03-04 17:36:54 [ContainerBackgroundProcessor[StandardEngine[Catalina]]] INFO  c.m.s.w.s.GenericServletDemoServlet.<clinit>(47) - ************************End - GenericServletDemoServlet************************
2018-03-04 17:37:13 [ContainerBackgroundProcessor[StandardEngine[Catalina]]] INFO  c.m.s.w.c.RoleToUserProfileConverter.<clinit>(27) - ************************Start RoleToUserProfileConverter************************
2018-03-04 17:37:13 [ContainerBackgroundProcessor[StandardEngine[Catalina]]] INFO  c.m.s.w.c.RoleToUserProfileConverter.<clinit>(42) - ************************End RoleToUserProfileConverter************************
2018-03-04 17:37:16 [ContainerBackgroundProcessor[StandardEngine[Catalina]]] INFO  c.m.s.w.l.HttpRequestLogInterceptor.<clinit>(28) - HttpRequestLogInterceptor initialized
2018-03-04 17:37:17 [ContainerBackgroundProcessor[StandardEngine[Catalina]]] DEBUG com.mvc.spittr.web.SpittleController.<init>(55) - 2018-03-04T17:37:17.549 Constructor call
2018-03-04 17:37:19 [ContainerBackgroundProcessor[StandardEngine[Catalina]]] DEBUG com.mvc.spittr.web.SpittleController.<init>(55) - 2018-03-04T17:37:19.808 Constructor call
2018-03-04 17:37:20 [ContainerBackgroundProcessor[StandardEngine[Catalina]]] INFO  c.m.s.w.s.GenericServletDemoServlet.<clinit>(29) - ************************Start - GenericServletDemoServlet************************
2018-03-04 17:37:20 [ContainerBackgroundProcessor[StandardEngine[Catalina]]] INFO  c.m.s.w.s.GenericServletDemoServlet.<clinit>(47) - ************************End - GenericServletDemoServlet************************
2018-03-04 17:37:39 [ContainerBackgroundProcessor[StandardEngine[Catalina]]] INFO  c.m.s.w.c.RoleToUserProfileConverter.<clinit>(27) - ************************Start RoleToUserProfileConverter************************
2018-03-04 17:37:39 [ContainerBackgroundProcessor[StandardEngine[Catalina]]] INFO  c.m.s.w.c.RoleToUserProfileConverter.<clinit>(42) - ************************End RoleToUserProfileConverter************************
2018-03-04 17:37:42 [ContainerBackgroundProcessor[StandardEngine[Catalina]]] INFO  c.m.s.w.l.HttpRequestLogInterceptor.<clinit>(28) - HttpRequestLogInterceptor initialized
2018-03-04 17:37:43 [ContainerBackgroundProcessor[StandardEngine[Catalina]]] DEBUG com.mvc.spittr.web.SpittleController.<init>(55) - 2018-03-04T17:37:43.067 Constructor call
2018-03-04 17:37:45 [ContainerBackgroundProcessor[StandardEngine[Catalina]]] DEBUG com.mvc.spittr.web.SpittleController.<init>(55) - 2018-03-04T17:37:45.224 Constructor call
2018-03-04 17:37:45 [ContainerBackgroundProcessor[StandardEngine[Catalina]]] INFO  c.m.s.w.s.GenericServletDemoServlet.<clinit>(29) - ************************Start - GenericServletDemoServlet************************
2018-03-04 17:37:45 [ContainerBackgroundProcessor[StandardEngine[Catalina]]] INFO  c.m.s.w.s.GenericServletDemoServlet.<clinit>(47) - ************************End - GenericServletDemoServlet************************
