2018-02-15 23:06:50 [ContainerBackgroundProcessor[StandardEngine[Catalina]]] INFO  c.m.s.w.c.ApacheServletInitializer.<clinit>(29) - ************************Start AppWebConfig************************
2018-02-15 23:06:50 [ContainerBackgroundProcessor[StandardEngine[Catalina]]] INFO  c.m.s.w.c.ApacheServletInitializer.<clinit>(83) - ************************End AppWebConfig************************
2018-02-15 23:06:50 [ContainerBackgroundProcessor[StandardEngine[Catalina]]] INFO  c.m.s.web.config.WebAppInitializer.<clinit>(55) - ************************Start WebAppInitializer************************
2018-02-15 23:06:50 [ContainerBackgroundProcessor[StandardEngine[Catalina]]] INFO  c.m.s.web.config.WebAppInitializer.<clinit>(161) - ************************End WebAppInitializer************************
2018-02-15 23:06:50 [ContainerBackgroundProcessor[StandardEngine[Catalina]]] INFO  c.m.s.w.c.SecurityWebApplicationInitializer.<clinit>(16) - 1 ************************SecurityWebApplicationInitializer Intizialized************************
2018-02-15 23:06:50 [ContainerBackgroundProcessor[StandardEngine[Catalina]]] INFO  c.m.s.web.config.WebAppInitializer.getRootConfigClasses(66) - AppRootConfig configured
2018-02-15 23:06:50 [ContainerBackgroundProcessor[StandardEngine[Catalina]]] INFO  c.m.s.web.config.WebAppInitializer.getServletConfigClasses(81) - AppWebConfig configured
2018-02-15 23:06:50 [ContainerBackgroundProcessor[StandardEngine[Catalina]]] INFO  c.m.s.web.config.WebAppInitializer.customizeRegistration(118) - CustomizeRegistration initialized
2018-02-15 23:06:50 [ContainerBackgroundProcessor[StandardEngine[Catalina]]] INFO  c.m.s.web.config.WebAppInitializer.customizeRegistration(128) - ***START*** Multipart initializing 
2018-02-15 23:06:50 [ContainerBackgroundProcessor[StandardEngine[Catalina]]] INFO  c.m.s.web.config.WebAppInitializer.customizeRegistration(129) - Download Directory:/tmp
2018-02-15 23:06:50 [ContainerBackgroundProcessor[StandardEngine[Catalina]]] INFO  c.m.s.web.config.WebAppInitializer.customizeRegistration(137) - Multipart uploads files at /home/sabaja/Scrivania/spring-hibernate-workspace/Spring-In-Action_WebApp/Downloads, maxFileSize=2097152, maxRequestSize=4194304, fileSizeThreshold=0
2018-02-15 23:06:50 [ContainerBackgroundProcessor[StandardEngine[Catalina]]] INFO  c.m.s.web.config.WebAppInitializer.customizeRegistration(140) - ***END*** Multipart initialized 
2018-02-15 23:06:50 [ContainerBackgroundProcessor[StandardEngine[Catalina]]] INFO  c.m.s.w.c.ApacheServletInitializer.onStartup(37) - WebApplicationInitializer@ServletApacheInitializer instantiated
2018-02-15 23:06:50 [ContainerBackgroundProcessor[StandardEngine[Catalina]]] INFO  c.m.s.w.c.ApacheServletInitializer.onStartup(52) - Servlet [com.mvc.spittr.web.servlet.GenericServletDemoServlet] was added
2018-02-15 23:06:52 [ContainerBackgroundProcessor[StandardEngine[Catalina]]] INFO  c.m.spittr.web.config.AppRootConfig.<clinit>(59) - ************************AppRootConfig************************
2018-02-15 23:06:52 [ContainerBackgroundProcessor[StandardEngine[Catalina]]] INFO  c.m.s.web.config.WebSecurityConfig.<clinit>(64) - ************************Start - WebSecurityConfig************************
2018-02-15 23:06:52 [ContainerBackgroundProcessor[StandardEngine[Catalina]]] INFO  c.m.s.web.config.WebSecurityConfig.<clinit>(219) - ************************End - WebSecurityConfig************************
2018-02-15 23:06:52 [ContainerBackgroundProcessor[StandardEngine[Catalina]]] INFO  c.mvc.spittr.web.config.AppWebConfig.<clinit>(49) - ************************Start AppWebConfig************************
2018-02-15 23:06:52 [ContainerBackgroundProcessor[StandardEngine[Catalina]]] INFO  c.mvc.spittr.web.config.AppWebConfig.<clinit>(209) - ************************End AppWebConfig************************
2018-02-15 23:06:52 [ContainerBackgroundProcessor[StandardEngine[Catalina]]] INFO  c.m.spittr.web.config.AppRootConfig.messageSource(74) - MessageSource initialized
2018-02-15 23:06:53 [ContainerBackgroundProcessor[StandardEngine[Catalina]]] INFO  c.m.s.w.c.RoleToUserProfileConverter.<clinit>(27) - ************************Start RoleToUserProfileConverter************************
2018-02-15 23:06:53 [ContainerBackgroundProcessor[StandardEngine[Catalina]]] INFO  c.m.s.w.c.RoleToUserProfileConverter.<clinit>(42) - ************************End RoleToUserProfileConverter************************
2018-02-15 23:06:53 [ContainerBackgroundProcessor[StandardEngine[Catalina]]] INFO  c.m.spittr.web.config.AppRootConfig.dataSource(142) - ***HIBERNATE*** - DB DataSource initialized - HIBERNATE -
2018-02-15 23:06:53 [ContainerBackgroundProcessor[StandardEngine[Catalina]]] INFO  c.m.spittr.web.config.AppRootConfig.getSessionFactory(150) - ***HIBERNATE*** - LocalSessionFactoryBean initialized - HIBERNATE -
2018-02-15 23:06:53 [ContainerBackgroundProcessor[StandardEngine[Catalina]]] INFO  c.m.spittr.web.config.AppRootConfig.getSessionFactory(152) - ***HIBERNATE*** - HibernateProperties initialized - HIBERNATE -
2018-02-15 23:06:57 [ContainerBackgroundProcessor[StandardEngine[Catalina]]] INFO  c.m.s.w.l.HttpRequestLogInterceptor.<clinit>(28) - HttpRequestLogInterceptor initialized
2018-02-15 23:06:57 [ContainerBackgroundProcessor[StandardEngine[Catalina]]] INFO  c.mvc.spittr.web.config.AppWebConfig.setApplicationContext(55) - InternalResourceViewResolver inizialized
2018-02-15 23:06:57 [ContainerBackgroundProcessor[StandardEngine[Catalina]]] INFO  c.m.s.web.config.WebSecurityConfig.getAuthenticationTrustResolver(103) - AuthenticationTrustResolver  initialized
2018-02-15 23:06:57 [ContainerBackgroundProcessor[StandardEngine[Catalina]]] INFO  c.m.s.web.config.WebSecurityConfig.getSpitterDetailService(90) - SpitterDetailService  initialized
2018-02-15 23:06:57 [ContainerBackgroundProcessor[StandardEngine[Catalina]]] INFO  c.m.s.web.config.WebSecurityConfig.getAuthenticationProvider(212) - UserDetailsService initialized
2018-02-15 23:06:57 [ContainerBackgroundProcessor[StandardEngine[Catalina]]] INFO  c.m.s.web.config.WebSecurityConfig.passwordEncoder(224) - BCryptPasswordEncoder  initialized
2018-02-15 23:06:57 [ContainerBackgroundProcessor[StandardEngine[Catalina]]] INFO  c.m.s.web.config.WebSecurityConfig.getAuthenticationProvider(214) - Password encriptinig
2018-02-15 23:06:57 [ContainerBackgroundProcessor[StandardEngine[Catalina]]] INFO  c.m.s.web.config.WebSecurityConfig.configureGlobalSecurity(201) - ConfigureGlobalSecurity user permit initialized
2018-02-15 23:06:58 [ContainerBackgroundProcessor[StandardEngine[Catalina]]] INFO  c.m.s.web.config.WebSecurityConfig.getTokenRepository(96) - HibernateTokenRepositoryImpl  initialized
2018-02-15 23:06:58 [ContainerBackgroundProcessor[StandardEngine[Catalina]]] INFO  c.m.s.web.config.WebSecurityConfig.getPersistentTokenBasedRememberMeServices(234) - PersistentTokenService  initialized
2018-02-15 23:06:58 [ContainerBackgroundProcessor[StandardEngine[Catalina]]] DEBUG com.mvc.spittr.web.SpittleController.<init>(55) - 2018-02-15T23:06:58.152 Constructor call
2018-02-15 23:06:58 [ContainerBackgroundProcessor[StandardEngine[Catalina]]] INFO  c.m.spittr.web.config.AppRootConfig.multipartResolver(92) - MultipartResolver initialized
2018-02-15 23:06:58 [ContainerBackgroundProcessor[StandardEngine[Catalina]]] INFO  c.m.spittr.web.config.AppRootConfig.getTransactionManager(165) - ***HIBERNATE*** - HibernateTransactionManager initialized - HIBERNATE -
2018-02-15 23:06:58 [ContainerBackgroundProcessor[StandardEngine[Catalina]]] INFO  c.m.spittr.web.config.AppRootConfig.getSimpleMessage(184) - SimpleMailMessage initialized
2018-02-15 23:06:58 [ContainerBackgroundProcessor[StandardEngine[Catalina]]] INFO  c.m.spittr.web.config.AppRootConfig.getJavaMailSender(207) - JavaMailMessage initialized
2018-02-15 23:06:58 [ContainerBackgroundProcessor[StandardEngine[Catalina]]] INFO  c.mvc.spittr.web.config.AppWebConfig.addInterceptors(122) - Interceptor added urls: /* /**
2018-02-15 23:06:58 [ContainerBackgroundProcessor[StandardEngine[Catalina]]] INFO  c.mvc.spittr.web.config.AppWebConfig.addFormatters(104) - Converter initialized, it converts string values[Roles] to UserProfiles
2018-02-15 23:06:58 [ContainerBackgroundProcessor[StandardEngine[Catalina]]] INFO  c.mvc.spittr.web.config.AppWebConfig.configureDefaultServletHandling(110) - DefaultServletHandlerConfigurer inizialized
2018-02-15 23:06:59 [ContainerBackgroundProcessor[StandardEngine[Catalina]]] INFO  c.mvc.spittr.web.config.AppWebConfig.viewResolver(65) - InternalResourceViewResolver inizialized
2018-02-15 23:06:59 [ContainerBackgroundProcessor[StandardEngine[Catalina]]] INFO  c.mvc.spittr.web.config.AppWebConfig.viewResolver(70) - resolver setting prefix /WEB-INF/views/
2018-02-15 23:06:59 [ContainerBackgroundProcessor[StandardEngine[Catalina]]] INFO  c.mvc.spittr.web.config.AppWebConfig.viewResolver(72) - resolver setting suffix .jsp
2018-02-15 23:06:59 [ContainerBackgroundProcessor[StandardEngine[Catalina]]] INFO  c.mvc.spittr.web.config.AppWebConfig.viewResolver(75) - org.springframework.web.servlet.view.JstlView.class set as view class
2018-02-15 23:06:59 [ContainerBackgroundProcessor[StandardEngine[Catalina]]] INFO  c.mvc.spittr.web.config.AppWebConfig.viewResolver2(82) - InternalResourceViewResolver for html inizialized
2018-02-15 23:06:59 [ContainerBackgroundProcessor[StandardEngine[Catalina]]] INFO  c.mvc.spittr.web.config.AppWebConfig.viewResolver2(87) - resolver setting prefix /WEB-INF/views/
2018-02-15 23:06:59 [ContainerBackgroundProcessor[StandardEngine[Catalina]]] INFO  c.mvc.spittr.web.config.AppWebConfig.viewResolver2(89) - resolver setting suffix .html
2018-02-15 23:06:59 [ContainerBackgroundProcessor[StandardEngine[Catalina]]] INFO  c.mvc.spittr.web.config.AppWebConfig.viewResolver2(92) - org.springframework.web.servlet.view.JstlView.class set as view class
2018-02-15 23:06:59 [ContainerBackgroundProcessor[StandardEngine[Catalina]]] INFO  c.m.s.web.config.WebSecurityConfig.configure(171) - WebSecurityConfig$$EnhancerBySpringCGLIB$$6cc5164b::configure view permit
2018-02-15 23:06:59 [ContainerBackgroundProcessor[StandardEngine[Catalina]]] INFO  c.m.s.web.config.WebSecurityConfig.configure(172) - WebSecurityConfig$$EnhancerBySpringCGLIB$$6cc5164b initialized
2018-02-15 23:07:00 [ContainerBackgroundProcessor[StandardEngine[Catalina]]] INFO  c.m.s.w.s.GenericServletDemoServlet.<clinit>(29) - ************************Start - GenericServletDemoServlet************************
2018-02-15 23:07:00 [ContainerBackgroundProcessor[StandardEngine[Catalina]]] INFO  c.m.s.w.s.GenericServletDemoServlet.<clinit>(47) - ************************End - GenericServletDemoServlet************************
2018-02-15 23:15:42 [localhost-startStop-1] INFO  c.m.s.w.c.ApacheServletInitializer.<clinit>(29) - ************************Start AppWebConfig************************
2018-02-15 23:15:42 [localhost-startStop-1] INFO  c.m.s.w.c.ApacheServletInitializer.<clinit>(83) - ************************End AppWebConfig************************
2018-02-15 23:15:42 [localhost-startStop-1] INFO  c.m.s.w.c.SecurityWebApplicationInitializer.<clinit>(16) - 1 ************************SecurityWebApplicationInitializer Intizialized************************
2018-02-15 23:15:42 [localhost-startStop-1] INFO  c.m.s.web.config.WebAppInitializer.<clinit>(55) - ************************Start WebAppInitializer************************
2018-02-15 23:15:42 [localhost-startStop-1] INFO  c.m.s.web.config.WebAppInitializer.<clinit>(161) - ************************End WebAppInitializer************************
2018-02-15 23:15:42 [localhost-startStop-1] INFO  c.m.s.web.config.WebAppInitializer.getRootConfigClasses(66) - AppRootConfig configured
2018-02-15 23:15:42 [localhost-startStop-1] INFO  c.m.s.web.config.WebAppInitializer.getServletConfigClasses(81) - AppWebConfig configured
2018-02-15 23:15:42 [localhost-startStop-1] INFO  c.m.s.web.config.WebAppInitializer.customizeRegistration(118) - CustomizeRegistration initialized
2018-02-15 23:15:42 [localhost-startStop-1] INFO  c.m.s.web.config.WebAppInitializer.customizeRegistration(128) - ***START*** Multipart initializing 
2018-02-15 23:15:42 [localhost-startStop-1] INFO  c.m.s.web.config.WebAppInitializer.customizeRegistration(129) - Download Directory:/tmp
2018-02-15 23:15:42 [localhost-startStop-1] INFO  c.m.s.web.config.WebAppInitializer.customizeRegistration(137) - Multipart uploads files at /home/sabaja/Scrivania/spring-hibernate-workspace/Spring-In-Action_WebApp/Downloads, maxFileSize=2097152, maxRequestSize=4194304, fileSizeThreshold=0
2018-02-15 23:15:42 [localhost-startStop-1] INFO  c.m.s.web.config.WebAppInitializer.customizeRegistration(140) - ***END*** Multipart initialized 
2018-02-15 23:15:42 [localhost-startStop-1] INFO  c.m.s.w.c.ApacheServletInitializer.onStartup(37) - WebApplicationInitializer@ServletApacheInitializer instantiated
2018-02-15 23:15:42 [localhost-startStop-1] INFO  c.m.s.w.c.ApacheServletInitializer.onStartup(52) - Servlet [com.mvc.spittr.web.servlet.GenericServletDemoServlet] was added
2018-02-15 23:15:45 [localhost-startStop-1] INFO  c.m.spittr.web.config.AppRootConfig.<clinit>(59) - ************************AppRootConfig************************
2018-02-15 23:15:45 [localhost-startStop-1] INFO  c.m.s.web.config.WebSecurityConfig.<clinit>(65) - ************************Start - WebSecurityConfig************************
2018-02-15 23:15:45 [localhost-startStop-1] INFO  c.m.s.web.config.WebSecurityConfig.<clinit>(217) - ************************End - WebSecurityConfig************************
2018-02-15 23:15:45 [localhost-startStop-1] INFO  c.mvc.spittr.web.config.AppWebConfig.<clinit>(49) - ************************Start AppWebConfig************************
2018-02-15 23:15:45 [localhost-startStop-1] INFO  c.mvc.spittr.web.config.AppWebConfig.<clinit>(209) - ************************End AppWebConfig************************
2018-02-15 23:15:46 [localhost-startStop-1] INFO  c.m.spittr.web.config.AppRootConfig.messageSource(74) - MessageSource initialized
2018-02-15 23:15:46 [localhost-startStop-1] INFO  c.m.s.web.config.WebSecurityConfig.getAuthenticationTrustResolver(104) - AuthenticationTrustResolver  initialized
2018-02-15 23:15:46 [localhost-startStop-1] INFO  c.m.s.w.c.RoleToUserProfileConverter.<clinit>(27) - ************************Start RoleToUserProfileConverter************************
2018-02-15 23:15:46 [localhost-startStop-1] INFO  c.m.s.w.c.RoleToUserProfileConverter.<clinit>(42) - ************************End RoleToUserProfileConverter************************
2018-02-15 23:15:46 [localhost-startStop-1] INFO  c.m.spittr.web.config.AppRootConfig.dataSource(142) - ***HIBERNATE*** - DB DataSource initialized - HIBERNATE -
2018-02-15 23:15:47 [localhost-startStop-1] INFO  c.m.spittr.web.config.AppRootConfig.getSessionFactory(150) - ***HIBERNATE*** - LocalSessionFactoryBean initialized - HIBERNATE -
2018-02-15 23:15:47 [localhost-startStop-1] INFO  c.m.spittr.web.config.AppRootConfig.getSessionFactory(152) - ***HIBERNATE*** - HibernateProperties initialized - HIBERNATE -
2018-02-15 23:15:51 [localhost-startStop-1] INFO  c.m.s.w.l.HttpRequestLogInterceptor.<clinit>(28) - HttpRequestLogInterceptor initialized
2018-02-15 23:15:51 [localhost-startStop-1] INFO  c.mvc.spittr.web.config.AppWebConfig.setApplicationContext(55) - InternalResourceViewResolver inizialized
2018-02-15 23:15:52 [localhost-startStop-1] INFO  c.m.s.web.config.WebSecurityConfig.getSpitterDetailService(91) - SpitterDetailService  initialized
2018-02-15 23:15:52 [localhost-startStop-1] INFO  c.m.s.web.config.WebSecurityConfig.getAuthenticationProvider(210) - UserDetailsService initialized
2018-02-15 23:15:52 [localhost-startStop-1] INFO  c.m.s.web.config.WebSecurityConfig.passwordEncoder(222) - BCryptPasswordEncoder  initialized
2018-02-15 23:15:52 [localhost-startStop-1] INFO  c.m.s.web.config.WebSecurityConfig.getAuthenticationProvider(212) - Password encriptinig
2018-02-15 23:15:52 [localhost-startStop-1] INFO  c.m.s.web.config.WebSecurityConfig.configureGlobalSecurity(199) - ConfigureGlobalSecurity user permit initialized
2018-02-15 23:15:52 [localhost-startStop-1] INFO  c.m.s.web.config.WebSecurityConfig.getTokenRepository(97) - HibernateTokenRepositoryImpl  initialized
2018-02-15 23:15:52 [localhost-startStop-1] INFO  c.m.s.web.config.WebSecurityConfig.getPersistentTokenBasedRememberMeServices(232) - PersistentTokenService  initialized
2018-02-15 23:15:53 [localhost-startStop-1] DEBUG com.mvc.spittr.web.SpittleController.<init>(55) - 2018-02-15T23:15:53.085 Constructor call
2018-02-15 23:15:53 [localhost-startStop-1] INFO  c.m.spittr.web.config.AppRootConfig.multipartResolver(92) - MultipartResolver initialized
2018-02-15 23:15:53 [localhost-startStop-1] INFO  c.m.spittr.web.config.AppRootConfig.getTransactionManager(165) - ***HIBERNATE*** - HibernateTransactionManager initialized - HIBERNATE -
2018-02-15 23:15:53 [localhost-startStop-1] INFO  c.m.spittr.web.config.AppRootConfig.getSimpleMessage(184) - SimpleMailMessage initialized
2018-02-15 23:15:53 [localhost-startStop-1] INFO  c.m.spittr.web.config.AppRootConfig.getJavaMailSender(207) - JavaMailMessage initialized
2018-02-15 23:15:53 [localhost-startStop-1] INFO  c.mvc.spittr.web.config.AppWebConfig.addInterceptors(122) - Interceptor added urls: /* /**
2018-02-15 23:15:53 [localhost-startStop-1] INFO  c.mvc.spittr.web.config.AppWebConfig.addFormatters(104) - Converter initialized, it converts string values[Roles] to UserProfiles
2018-02-15 23:15:54 [localhost-startStop-1] INFO  c.mvc.spittr.web.config.AppWebConfig.configureDefaultServletHandling(110) - DefaultServletHandlerConfigurer inizialized
2018-02-15 23:15:55 [localhost-startStop-1] INFO  c.mvc.spittr.web.config.AppWebConfig.viewResolver(65) - InternalResourceViewResolver inizialized
2018-02-15 23:15:55 [localhost-startStop-1] INFO  c.mvc.spittr.web.config.AppWebConfig.viewResolver(70) - resolver setting prefix /WEB-INF/views/
2018-02-15 23:15:55 [localhost-startStop-1] INFO  c.mvc.spittr.web.config.AppWebConfig.viewResolver(72) - resolver setting suffix .jsp
2018-02-15 23:15:55 [localhost-startStop-1] INFO  c.mvc.spittr.web.config.AppWebConfig.viewResolver(75) - org.springframework.web.servlet.view.JstlView.class set as view class
2018-02-15 23:15:55 [localhost-startStop-1] INFO  c.mvc.spittr.web.config.AppWebConfig.viewResolver2(82) - InternalResourceViewResolver for html inizialized
2018-02-15 23:15:55 [localhost-startStop-1] INFO  c.mvc.spittr.web.config.AppWebConfig.viewResolver2(87) - resolver setting prefix /WEB-INF/views/
2018-02-15 23:15:55 [localhost-startStop-1] INFO  c.mvc.spittr.web.config.AppWebConfig.viewResolver2(89) - resolver setting suffix .html
2018-02-15 23:15:55 [localhost-startStop-1] INFO  c.mvc.spittr.web.config.AppWebConfig.viewResolver2(92) - org.springframework.web.servlet.view.JstlView.class set as view class
2018-02-15 23:15:56 [localhost-startStop-1] INFO  c.m.s.web.config.WebSecurityConfig.configure(169) - WebSecurityConfig$$EnhancerBySpringCGLIB$$896b2a49::configure view permit
2018-02-15 23:15:56 [localhost-startStop-1] INFO  c.m.s.web.config.WebSecurityConfig.configure(170) - WebSecurityConfig$$EnhancerBySpringCGLIB$$896b2a49 initialized
2018-02-15 23:15:57 [localhost-startStop-1] INFO  c.m.spittr.web.config.AppRootConfig.messageSource(74) - MessageSource initialized
2018-02-15 23:15:57 [localhost-startStop-1] INFO  c.m.spittr.web.config.AppRootConfig.dataSource(142) - ***HIBERNATE*** - DB DataSource initialized - HIBERNATE -
2018-02-15 23:15:57 [localhost-startStop-1] INFO  c.m.spittr.web.config.AppRootConfig.getSessionFactory(150) - ***HIBERNATE*** - LocalSessionFactoryBean initialized - HIBERNATE -
2018-02-15 23:15:57 [localhost-startStop-1] INFO  c.m.spittr.web.config.AppRootConfig.getSessionFactory(152) - ***HIBERNATE*** - HibernateProperties initialized - HIBERNATE -
2018-02-15 23:15:58 [localhost-startStop-1] INFO  c.mvc.spittr.web.config.AppWebConfig.setApplicationContext(55) - InternalResourceViewResolver inizialized
2018-02-15 23:15:58 [localhost-startStop-1] INFO  c.m.s.web.config.WebSecurityConfig.getAuthenticationTrustResolver(104) - AuthenticationTrustResolver  initialized
2018-02-15 23:15:58 [localhost-startStop-1] INFO  c.m.s.web.config.WebSecurityConfig.getSpitterDetailService(91) - SpitterDetailService  initialized
2018-02-15 23:15:58 [localhost-startStop-1] INFO  c.m.s.web.config.WebSecurityConfig.getAuthenticationProvider(210) - UserDetailsService initialized
2018-02-15 23:15:58 [localhost-startStop-1] INFO  c.m.s.web.config.WebSecurityConfig.passwordEncoder(222) - BCryptPasswordEncoder  initialized
2018-02-15 23:15:58 [localhost-startStop-1] INFO  c.m.s.web.config.WebSecurityConfig.getAuthenticationProvider(212) - Password encriptinig
2018-02-15 23:15:58 [localhost-startStop-1] INFO  c.m.s.web.config.WebSecurityConfig.configureGlobalSecurity(199) - ConfigureGlobalSecurity user permit initialized
2018-02-15 23:15:58 [localhost-startStop-1] INFO  c.m.s.web.config.WebSecurityConfig.getTokenRepository(97) - HibernateTokenRepositoryImpl  initialized
2018-02-15 23:15:58 [localhost-startStop-1] INFO  c.m.s.web.config.WebSecurityConfig.getPersistentTokenBasedRememberMeServices(232) - PersistentTokenService  initialized
2018-02-15 23:15:58 [localhost-startStop-1] DEBUG com.mvc.spittr.web.SpittleController.<init>(55) - 2018-02-15T23:15:58.689 Constructor call
2018-02-15 23:15:58 [localhost-startStop-1] INFO  c.m.spittr.web.config.AppRootConfig.multipartResolver(92) - MultipartResolver initialized
2018-02-15 23:15:58 [localhost-startStop-1] INFO  c.m.spittr.web.config.AppRootConfig.getTransactionManager(165) - ***HIBERNATE*** - HibernateTransactionManager initialized - HIBERNATE -
2018-02-15 23:15:58 [localhost-startStop-1] INFO  c.m.spittr.web.config.AppRootConfig.getSimpleMessage(184) - SimpleMailMessage initialized
2018-02-15 23:15:58 [localhost-startStop-1] INFO  c.m.spittr.web.config.AppRootConfig.getJavaMailSender(207) - JavaMailMessage initialized
2018-02-15 23:15:58 [localhost-startStop-1] INFO  c.m.s.web.config.WebSecurityConfig.configure(169) - WebSecurityConfig$$EnhancerBySpringCGLIB$$896b2a49::configure view permit
2018-02-15 23:15:58 [localhost-startStop-1] INFO  c.m.s.web.config.WebSecurityConfig.configure(170) - WebSecurityConfig$$EnhancerBySpringCGLIB$$896b2a49 initialized
2018-02-15 23:15:59 [localhost-startStop-1] INFO  c.mvc.spittr.web.config.AppWebConfig.addInterceptors(122) - Interceptor added urls: /* /**
2018-02-15 23:15:59 [localhost-startStop-1] INFO  c.mvc.spittr.web.config.AppWebConfig.addFormatters(104) - Converter initialized, it converts string values[Roles] to UserProfiles
2018-02-15 23:15:59 [localhost-startStop-1] INFO  c.mvc.spittr.web.config.AppWebConfig.configureDefaultServletHandling(110) - DefaultServletHandlerConfigurer inizialized
2018-02-15 23:16:00 [localhost-startStop-1] INFO  c.mvc.spittr.web.config.AppWebConfig.viewResolver(65) - InternalResourceViewResolver inizialized
2018-02-15 23:16:00 [localhost-startStop-1] INFO  c.mvc.spittr.web.config.AppWebConfig.viewResolver(70) - resolver setting prefix /WEB-INF/views/
2018-02-15 23:16:00 [localhost-startStop-1] INFO  c.mvc.spittr.web.config.AppWebConfig.viewResolver(72) - resolver setting suffix .jsp
2018-02-15 23:16:00 [localhost-startStop-1] INFO  c.mvc.spittr.web.config.AppWebConfig.viewResolver(75) - org.springframework.web.servlet.view.JstlView.class set as view class
2018-02-15 23:16:00 [localhost-startStop-1] INFO  c.mvc.spittr.web.config.AppWebConfig.viewResolver2(82) - InternalResourceViewResolver for html inizialized
2018-02-15 23:16:00 [localhost-startStop-1] INFO  c.mvc.spittr.web.config.AppWebConfig.viewResolver2(87) - resolver setting prefix /WEB-INF/views/
2018-02-15 23:16:00 [localhost-startStop-1] INFO  c.mvc.spittr.web.config.AppWebConfig.viewResolver2(89) - resolver setting suffix .html
2018-02-15 23:16:00 [localhost-startStop-1] INFO  c.mvc.spittr.web.config.AppWebConfig.viewResolver2(92) - org.springframework.web.servlet.view.JstlView.class set as view class
2018-02-15 23:16:00 [localhost-startStop-1] INFO  c.m.s.w.s.GenericServletDemoServlet.<clinit>(29) - ************************Start - GenericServletDemoServlet************************
2018-02-15 23:16:00 [localhost-startStop-1] INFO  c.m.s.w.s.GenericServletDemoServlet.<clinit>(47) - ************************End - GenericServletDemoServlet************************
2018-02-15 23:16:04 [http-nio-8080-exec-2] INFO  c.m.s.w.l.HttpRequestLogInterceptor.preHandle(35) - 2018-02-15T23:16:04.511 - called url:/Spring-In-Action_WEBApp/
2018-02-15 23:17:37 [http-nio-8080-exec-7] INFO  c.m.s.w.l.HttpRequestLogInterceptor.preHandle(35) - 2018-02-15T23:17:37.507 - called url:/Spring-In-Action_WEBApp/
2018-02-15 23:17:39 [http-nio-8080-exec-9] INFO  c.m.s.w.l.HttpRequestLogInterceptor.preHandle(35) - 2018-02-15T23:17:39.562 - called url:/Spring-In-Action_WEBApp/login
2018-02-15 23:17:39 [http-nio-8080-exec-9] INFO  com.mvc.spittr.web.LoginController.isCurrentAuthenticationAnonymous(115) - isCurrentAuthenticationAnonymous() flag value: true and credential_
2018-02-15 23:17:39 [http-nio-8080-exec-9] INFO  com.mvc.spittr.web.LoginController.isCurrentAuthenticationAnonymous(115) - isCurrentAuthenticationAnonymous() flag value: true and credential_
2018-02-15 23:17:39 [http-nio-8080-exec-9] INFO  com.mvc.spittr.web.LoginController.loginPage(98) - Is Current Authentication Anonymous? true
2018-02-15 23:17:44 [http-nio-8080-exec-2] INFO  c.m.s.w.l.HttpRequestLogInterceptor.preHandle(35) - 2018-02-15T23:17:44.383 - called url:/Spring-In-Action_WEBApp/spitter
2018-02-15 23:17:44 [http-nio-8080-exec-2] INFO  c.mvc.spittr.web.util.WebFacilities.getPrincipal(28) - Auth valaue: admin
2018-02-15 23:17:49 [http-nio-8080-exec-5] INFO  c.m.s.w.l.HttpRequestLogInterceptor.preHandle(35) - 2018-02-15T23:17:49.439 - called url:/Spring-In-Action_WEBApp/spittle
2018-02-15 23:17:49 [http-nio-8080-exec-5] INFO  c.mvc.spittr.web.util.WebFacilities.getPrincipal(28) - Auth valaue: admin
2018-02-15 23:17:49 [http-nio-8080-exec-5] INFO  com.mvc.spittr.web.SpittleController.spittles(84) - 2018-02-15T23:17:49.881 /spittle called
2018-02-15 23:18:07 [http-nio-8080-exec-9] INFO  c.m.s.w.l.HttpRequestLogInterceptor.preHandle(35) - 2018-02-15T23:18:07.831 - called url:/Spring-In-Action_WEBApp/spitter
2018-02-15 23:18:07 [http-nio-8080-exec-9] INFO  c.mvc.spittr.web.util.WebFacilities.getPrincipal(28) - Auth valaue: admin
2018-02-15 23:19:41 [http-nio-8080-exec-6] INFO  c.m.s.w.l.HttpRequestLogInterceptor.preHandle(35) - 2018-02-15T23:19:41.505 - called url:/Spring-In-Action_WEBApp/spittle
2018-02-15 23:19:41 [http-nio-8080-exec-6] INFO  c.mvc.spittr.web.util.WebFacilities.getPrincipal(28) - Auth valaue: admin
2018-02-15 23:19:41 [http-nio-8080-exec-6] INFO  com.mvc.spittr.web.SpittleController.spittles(84) - 2018-02-15T23:19:41.522 /spittle called
2018-02-15 23:19:41 [http-nio-8080-exec-7] INFO  c.m.s.w.l.HttpRequestLogInterceptor.preHandle(35) - 2018-02-15T23:19:41.981 - called url:/Spring-In-Action_WEBApp/spitter
2018-02-15 23:19:41 [http-nio-8080-exec-7] INFO  c.mvc.spittr.web.util.WebFacilities.getPrincipal(28) - Auth valaue: admin
2018-02-15 23:19:42 [http-nio-8080-exec-9] INFO  c.m.s.w.l.HttpRequestLogInterceptor.preHandle(35) - 2018-02-15T23:19:42.903 - called url:/Spring-In-Action_WEBApp/spittle
2018-02-15 23:19:42 [http-nio-8080-exec-9] INFO  c.mvc.spittr.web.util.WebFacilities.getPrincipal(28) - Auth valaue: admin
2018-02-15 23:19:42 [http-nio-8080-exec-9] INFO  com.mvc.spittr.web.SpittleController.spittles(84) - 2018-02-15T23:19:42.920 /spittle called
2018-02-15 23:19:43 [http-nio-8080-exec-10] INFO  c.m.s.w.l.HttpRequestLogInterceptor.preHandle(35) - 2018-02-15T23:19:43.445 - called url:/Spring-In-Action_WEBApp/spitter
2018-02-15 23:19:43 [http-nio-8080-exec-10] INFO  c.mvc.spittr.web.util.WebFacilities.getPrincipal(28) - Auth valaue: admin
2018-02-15 23:19:43 [http-nio-8080-exec-3] INFO  c.m.s.w.l.HttpRequestLogInterceptor.preHandle(35) - 2018-02-15T23:19:43.914 - called url:/Spring-In-Action_WEBApp/spittle
2018-02-15 23:19:43 [http-nio-8080-exec-3] INFO  c.mvc.spittr.web.util.WebFacilities.getPrincipal(28) - Auth valaue: admin
2018-02-15 23:19:43 [http-nio-8080-exec-3] INFO  com.mvc.spittr.web.SpittleController.spittles(84) - 2018-02-15T23:19:43.927 /spittle called
2018-02-15 23:19:44 [http-nio-8080-exec-6] INFO  c.m.s.w.l.HttpRequestLogInterceptor.preHandle(35) - 2018-02-15T23:19:44.363 - called url:/Spring-In-Action_WEBApp/spitter
2018-02-15 23:19:44 [http-nio-8080-exec-6] INFO  c.mvc.spittr.web.util.WebFacilities.getPrincipal(28) - Auth valaue: admin
2018-02-15 23:19:44 [http-nio-8080-exec-7] INFO  c.m.s.w.l.HttpRequestLogInterceptor.preHandle(35) - 2018-02-15T23:19:44.962 - called url:/Spring-In-Action_WEBApp/spittle
2018-02-15 23:19:44 [http-nio-8080-exec-7] INFO  c.mvc.spittr.web.util.WebFacilities.getPrincipal(28) - Auth valaue: admin
2018-02-15 23:19:44 [http-nio-8080-exec-7] INFO  com.mvc.spittr.web.SpittleController.spittles(84) - 2018-02-15T23:19:44.999 /spittle called
2018-02-15 23:19:45 [http-nio-8080-exec-9] INFO  c.m.s.w.l.HttpRequestLogInterceptor.preHandle(35) - 2018-02-15T23:19:45.525 - called url:/Spring-In-Action_WEBApp/spitter
2018-02-15 23:19:45 [http-nio-8080-exec-9] INFO  c.mvc.spittr.web.util.WebFacilities.getPrincipal(28) - Auth valaue: admin
2018-02-15 23:23:55 [http-nio-8080-exec-4] INFO  c.m.s.w.l.HttpRequestLogInterceptor.preHandle(35) - 2018-02-15T23:23:55.884 - called url:/Spring-In-Action_WEBApp/logout
2018-02-15 23:23:55 [http-nio-8080-exec-4] INFO  com.mvc.spittr.web.LoginController.logoutPage(132) - Before Logout - authentication_org.springframework.security.authentication.UsernamePasswordAuthenticationToken@821aafbe: Principal: org.springframework.security.core.userdetails.User@586034f: Username: admin; Password: [PROTECTED]; Enabled: true; AccountNonExpired: true; credentialsNonExpired: true; AccountNonLocked: true; Granted Authorities: ROLE_ADMIN,ROLE_DB,ROLE_USER; Credentials: [PROTECTED]; Authenticated: true; Details: org.springframework.security.web.authentication.WebAuthenticationDetails@0: RemoteIpAddress: 0:0:0:0:0:0:0:1; SessionId: 6224CB0BF86615870BF393A3DE4962C6; Granted Authorities: ROLE_ADMIN, ROLE_DB, ROLE_USER 
2018-02-15 23:23:56 [http-nio-8080-exec-4] INFO  com.mvc.spittr.web.LoginController.logoutPage(138) - After Logout authentication_org.springframework.security.authentication.UsernamePasswordAuthenticationToken@821aafbe: Principal: org.springframework.security.core.userdetails.User@586034f: Username: admin; Password: [PROTECTED]; Enabled: true; AccountNonExpired: true; credentialsNonExpired: true; AccountNonLocked: true; Granted Authorities: ROLE_ADMIN,ROLE_DB,ROLE_USER; Credentials: [PROTECTED]; Authenticated: true; Details: org.springframework.security.web.authentication.WebAuthenticationDetails@0: RemoteIpAddress: 0:0:0:0:0:0:0:1; SessionId: 6224CB0BF86615870BF393A3DE4962C6; Granted Authorities: ROLE_ADMIN, ROLE_DB, ROLE_USER 
2018-02-15 23:23:56 [http-nio-8080-exec-6] INFO  c.m.s.w.l.HttpRequestLogInterceptor.preHandle(35) - 2018-02-15T23:23:56.121 - called url:/Spring-In-Action_WEBApp/
2018-02-15 23:23:58 [http-nio-8080-exec-7] INFO  c.m.s.w.l.HttpRequestLogInterceptor.preHandle(35) - 2018-02-15T23:23:58.436 - called url:/Spring-In-Action_WEBApp/login
2018-02-15 23:23:58 [http-nio-8080-exec-7] INFO  com.mvc.spittr.web.LoginController.isCurrentAuthenticationAnonymous(115) - isCurrentAuthenticationAnonymous() flag value: true and credential_
2018-02-15 23:23:58 [http-nio-8080-exec-7] INFO  com.mvc.spittr.web.LoginController.isCurrentAuthenticationAnonymous(115) - isCurrentAuthenticationAnonymous() flag value: true and credential_
2018-02-15 23:23:58 [http-nio-8080-exec-7] INFO  com.mvc.spittr.web.LoginController.loginPage(98) - Is Current Authentication Anonymous? true
2018-02-15 23:25:26 [http-nio-8080-exec-3] INFO  c.m.s.w.l.HttpRequestLogInterceptor.preHandle(35) - 2018-02-15T23:25:26.594 - called url:/Spring-In-Action_WEBApp/spitter
2018-02-15 23:25:26 [http-nio-8080-exec-3] INFO  c.mvc.spittr.web.util.WebFacilities.getPrincipal(28) - Auth valaue: admin
2018-02-15 23:25:28 [http-nio-8080-exec-6] INFO  c.m.s.w.l.HttpRequestLogInterceptor.preHandle(35) - 2018-02-15T23:25:28.781 - called url:/Spring-In-Action_WEBApp/logout
2018-02-15 23:25:28 [http-nio-8080-exec-6] INFO  com.mvc.spittr.web.LoginController.logoutPage(132) - Before Logout - authentication_org.springframework.security.authentication.UsernamePasswordAuthenticationToken@821aafbe: Principal: org.springframework.security.core.userdetails.User@586034f: Username: admin; Password: [PROTECTED]; Enabled: true; AccountNonExpired: true; credentialsNonExpired: true; AccountNonLocked: true; Granted Authorities: ROLE_ADMIN,ROLE_DB,ROLE_USER; Credentials: [PROTECTED]; Authenticated: true; Details: org.springframework.security.web.authentication.WebAuthenticationDetails@0: RemoteIpAddress: 0:0:0:0:0:0:0:1; SessionId: 6224CB0BF86615870BF393A3DE4962C6; Granted Authorities: ROLE_ADMIN, ROLE_DB, ROLE_USER 
2018-02-15 23:25:28 [http-nio-8080-exec-6] INFO  com.mvc.spittr.web.LoginController.logoutPage(138) - After Logout authentication_org.springframework.security.authentication.UsernamePasswordAuthenticationToken@821aafbe: Principal: org.springframework.security.core.userdetails.User@586034f: Username: admin; Password: [PROTECTED]; Enabled: true; AccountNonExpired: true; credentialsNonExpired: true; AccountNonLocked: true; Granted Authorities: ROLE_ADMIN,ROLE_DB,ROLE_USER; Credentials: [PROTECTED]; Authenticated: true; Details: org.springframework.security.web.authentication.WebAuthenticationDetails@0: RemoteIpAddress: 0:0:0:0:0:0:0:1; SessionId: 6224CB0BF86615870BF393A3DE4962C6; Granted Authorities: ROLE_ADMIN, ROLE_DB, ROLE_USER 
2018-02-15 23:25:28 [http-nio-8080-exec-5] INFO  c.m.s.w.l.HttpRequestLogInterceptor.preHandle(35) - 2018-02-15T23:25:28.803 - called url:/Spring-In-Action_WEBApp/
2018-02-15 23:25:30 [http-nio-8080-exec-8] INFO  c.m.s.w.l.HttpRequestLogInterceptor.preHandle(35) - 2018-02-15T23:25:30.490 - called url:/Spring-In-Action_WEBApp/login
2018-02-15 23:25:30 [http-nio-8080-exec-8] INFO  com.mvc.spittr.web.LoginController.isCurrentAuthenticationAnonymous(115) - isCurrentAuthenticationAnonymous() flag value: true and credential_
2018-02-15 23:25:30 [http-nio-8080-exec-8] INFO  com.mvc.spittr.web.LoginController.isCurrentAuthenticationAnonymous(115) - isCurrentAuthenticationAnonymous() flag value: true and credential_
2018-02-15 23:25:30 [http-nio-8080-exec-8] INFO  com.mvc.spittr.web.LoginController.loginPage(98) - Is Current Authentication Anonymous? true
2018-02-15 23:26:44 [http-nio-8080-exec-3] INFO  c.m.s.w.l.HttpRequestLogInterceptor.preHandle(35) - 2018-02-15T23:26:44.393 - called url:/Spring-In-Action_WEBApp/login
2018-02-15 23:26:44 [http-nio-8080-exec-3] INFO  com.mvc.spittr.web.LoginController.isCurrentAuthenticationAnonymous(115) - isCurrentAuthenticationAnonymous() flag value: true and credential_
2018-02-15 23:26:44 [http-nio-8080-exec-3] INFO  com.mvc.spittr.web.LoginController.isCurrentAuthenticationAnonymous(115) - isCurrentAuthenticationAnonymous() flag value: true and credential_
2018-02-15 23:26:44 [http-nio-8080-exec-3] INFO  com.mvc.spittr.web.LoginController.loginPage(98) - Is Current Authentication Anonymous? true
2018-02-15 23:33:34 [http-nio-8080-exec-3] INFO  c.m.s.w.l.HttpRequestLogInterceptor.preHandle(35) - 2018-02-15T23:33:34.934 - called url:/Spring-In-Action_WEBApp/login
2018-02-15 23:33:34 [http-nio-8080-exec-3] INFO  com.mvc.spittr.web.LoginController.isCurrentAuthenticationAnonymous(115) - isCurrentAuthenticationAnonymous() flag value: true and credential_
2018-02-15 23:33:34 [http-nio-8080-exec-3] INFO  com.mvc.spittr.web.LoginController.isCurrentAuthenticationAnonymous(115) - isCurrentAuthenticationAnonymous() flag value: true and credential_
2018-02-15 23:33:34 [http-nio-8080-exec-3] INFO  com.mvc.spittr.web.LoginController.loginPage(98) - Is Current Authentication Anonymous? true
2018-02-15 23:33:52 [http-nio-8080-exec-5] INFO  c.m.s.w.l.HttpRequestLogInterceptor.preHandle(35) - 2018-02-15T23:33:52.625 - called url:/Spring-In-Action_WEBApp/
2018-02-15 23:33:55 [http-nio-8080-exec-1] INFO  c.m.s.w.l.HttpRequestLogInterceptor.preHandle(35) - 2018-02-15T23:33:55.309 - called url:/Spring-In-Action_WEBApp/login
2018-02-15 23:33:55 [http-nio-8080-exec-1] INFO  com.mvc.spittr.web.LoginController.isCurrentAuthenticationAnonymous(115) - isCurrentAuthenticationAnonymous() flag value: true and credential_
2018-02-15 23:33:55 [http-nio-8080-exec-1] INFO  com.mvc.spittr.web.LoginController.isCurrentAuthenticationAnonymous(115) - isCurrentAuthenticationAnonymous() flag value: true and credential_
2018-02-15 23:33:55 [http-nio-8080-exec-1] INFO  com.mvc.spittr.web.LoginController.loginPage(98) - Is Current Authentication Anonymous? true
2018-02-15 23:36:56 [http-nio-8080-exec-4] INFO  c.m.s.w.l.HttpRequestLogInterceptor.preHandle(35) - 2018-02-15T23:36:56.255 - called url:/Spring-In-Action_WEBApp/login
2018-02-15 23:36:56 [http-nio-8080-exec-4] INFO  com.mvc.spittr.web.LoginController.isCurrentAuthenticationAnonymous(115) - isCurrentAuthenticationAnonymous() flag value: true and credential_
2018-02-15 23:36:56 [http-nio-8080-exec-4] INFO  com.mvc.spittr.web.LoginController.isCurrentAuthenticationAnonymous(115) - isCurrentAuthenticationAnonymous() flag value: true and credential_
2018-02-15 23:36:56 [http-nio-8080-exec-4] INFO  com.mvc.spittr.web.LoginController.loginPage(98) - Is Current Authentication Anonymous? true
2018-02-15 23:43:36 [http-nio-8080-exec-8] INFO  c.m.s.w.l.HttpRequestLogInterceptor.preHandle(35) - 2018-02-15T23:43:36.447 - called url:/Spring-In-Action_WEBApp/login
2018-02-15 23:43:36 [http-nio-8080-exec-8] INFO  com.mvc.spittr.web.LoginController.isCurrentAuthenticationAnonymous(115) - isCurrentAuthenticationAnonymous() flag value: true and credential_
2018-02-15 23:43:36 [http-nio-8080-exec-8] INFO  com.mvc.spittr.web.LoginController.isCurrentAuthenticationAnonymous(115) - isCurrentAuthenticationAnonymous() flag value: true and credential_
2018-02-15 23:43:36 [http-nio-8080-exec-8] INFO  com.mvc.spittr.web.LoginController.loginPage(98) - Is Current Authentication Anonymous? true
