2018-02-24 16:01:35 [ContainerBackgroundProcessor[StandardEngine[Catalina]]] INFO  c.m.s.web.config.WebAppInitializer.<clinit>(55) - ************************Start WebAppInitializer************************
2018-02-24 16:01:35 [ContainerBackgroundProcessor[StandardEngine[Catalina]]] INFO  c.m.s.web.config.WebAppInitializer.<clinit>(161) - ************************End WebAppInitializer************************
2018-02-24 16:01:35 [ContainerBackgroundProcessor[StandardEngine[Catalina]]] INFO  c.m.s.w.c.ApacheServletInitializer.<clinit>(29) - ************************Start AppWebConfig************************
2018-02-24 16:01:35 [ContainerBackgroundProcessor[StandardEngine[Catalina]]] INFO  c.m.s.w.c.ApacheServletInitializer.<clinit>(83) - ************************End AppWebConfig************************
2018-02-24 16:01:35 [ContainerBackgroundProcessor[StandardEngine[Catalina]]] INFO  c.m.s.w.c.SecurityWebApplicationInitializer.<clinit>(16) - 1 ************************SecurityWebApplicationInitializer Intizialized************************
2018-02-24 16:01:35 [ContainerBackgroundProcessor[StandardEngine[Catalina]]] INFO  c.m.s.web.config.WebAppInitializer.getRootConfigClasses(66) - AppRootConfig configured
2018-02-24 16:01:35 [ContainerBackgroundProcessor[StandardEngine[Catalina]]] INFO  c.m.s.web.config.WebAppInitializer.getServletConfigClasses(81) - AppWebConfig configured
2018-02-24 16:01:35 [ContainerBackgroundProcessor[StandardEngine[Catalina]]] INFO  c.m.s.web.config.WebAppInitializer.customizeRegistration(118) - CustomizeRegistration initialized
2018-02-24 16:01:35 [ContainerBackgroundProcessor[StandardEngine[Catalina]]] INFO  c.m.s.web.config.WebAppInitializer.customizeRegistration(128) - ***START*** Multipart initializing 
2018-02-24 16:01:35 [ContainerBackgroundProcessor[StandardEngine[Catalina]]] INFO  c.m.s.web.config.WebAppInitializer.customizeRegistration(129) - Download Directory:/tmp
2018-02-24 16:01:35 [ContainerBackgroundProcessor[StandardEngine[Catalina]]] INFO  c.m.s.web.config.WebAppInitializer.customizeRegistration(137) - Multipart uploads files at /home/sabaja/Scrivania/spring-hibernate-workspace/Spring-In-Action_WebApp/Downloads, maxFileSize=2097152, maxRequestSize=4194304, fileSizeThreshold=0
2018-02-24 16:01:35 [ContainerBackgroundProcessor[StandardEngine[Catalina]]] INFO  c.m.s.web.config.WebAppInitializer.customizeRegistration(140) - ***END*** Multipart initialized 
2018-02-24 16:01:35 [ContainerBackgroundProcessor[StandardEngine[Catalina]]] INFO  c.m.s.w.c.ApacheServletInitializer.onStartup(37) - WebApplicationInitializer@ServletApacheInitializer instantiated
2018-02-24 16:01:35 [ContainerBackgroundProcessor[StandardEngine[Catalina]]] INFO  c.m.s.w.c.ApacheServletInitializer.onStartup(52) - Servlet [com.mvc.spittr.web.servlet.GenericServletDemoServlet] was added
2018-02-24 16:01:37 [ContainerBackgroundProcessor[StandardEngine[Catalina]]] INFO  c.m.spittr.web.config.AppRootConfig.<clinit>(59) - ************************AppRootConfig************************
2018-02-24 16:01:37 [ContainerBackgroundProcessor[StandardEngine[Catalina]]] INFO  c.m.s.web.config.WebSecurityConfig.<clinit>(66) - ************************Start - WebSecurityConfig************************
2018-02-24 16:01:37 [ContainerBackgroundProcessor[StandardEngine[Catalina]]] INFO  c.m.s.web.config.WebSecurityConfig.<clinit>(205) - ************************End - WebSecurityConfig************************
2018-02-24 16:01:37 [ContainerBackgroundProcessor[StandardEngine[Catalina]]] INFO  c.mvc.spittr.web.config.AppWebConfig.<clinit>(49) - ************************Start AppWebConfig************************
2018-02-24 16:01:37 [ContainerBackgroundProcessor[StandardEngine[Catalina]]] INFO  c.mvc.spittr.web.config.AppWebConfig.<clinit>(209) - ************************End AppWebConfig************************
2018-02-24 16:01:37 [ContainerBackgroundProcessor[StandardEngine[Catalina]]] INFO  c.m.spittr.web.config.AppRootConfig.messageSource(74) - MessageSource initialized
2018-02-24 16:01:38 [ContainerBackgroundProcessor[StandardEngine[Catalina]]] INFO  c.m.s.web.config.WebSecurityConfig.getAuthenticationTrustResolver(105) - AuthenticationTrustResolver  initialized
2018-02-24 16:01:38 [ContainerBackgroundProcessor[StandardEngine[Catalina]]] INFO  c.m.s.w.c.RoleToUserProfileConverter.<clinit>(27) - ************************Start RoleToUserProfileConverter************************
2018-02-24 16:01:38 [ContainerBackgroundProcessor[StandardEngine[Catalina]]] INFO  c.m.s.w.c.RoleToUserProfileConverter.<clinit>(42) - ************************End RoleToUserProfileConverter************************
2018-02-24 16:01:38 [ContainerBackgroundProcessor[StandardEngine[Catalina]]] INFO  c.m.spittr.web.config.AppRootConfig.dataSource(141) - ***HIBERNATE*** - DB DataSource initialized - HIBERNATE -
2018-02-24 16:01:38 [ContainerBackgroundProcessor[StandardEngine[Catalina]]] INFO  c.m.spittr.web.config.AppRootConfig.getSessionFactory(149) - ***HIBERNATE*** - LocalSessionFactoryBean initialized - HIBERNATE -
2018-02-24 16:01:38 [ContainerBackgroundProcessor[StandardEngine[Catalina]]] INFO  c.m.spittr.web.config.AppRootConfig.getSessionFactory(151) - ***HIBERNATE*** - HibernateProperties initialized - HIBERNATE -
2018-02-24 16:01:42 [ContainerBackgroundProcessor[StandardEngine[Catalina]]] INFO  c.m.s.w.l.HttpRequestLogInterceptor.<clinit>(28) - HttpRequestLogInterceptor initialized
2018-02-24 16:01:43 [ContainerBackgroundProcessor[StandardEngine[Catalina]]] INFO  c.mvc.spittr.web.config.AppWebConfig.setApplicationContext(55) - InternalResourceViewResolver inizialized
2018-02-24 16:01:43 [ContainerBackgroundProcessor[StandardEngine[Catalina]]] INFO  c.m.s.web.config.WebSecurityConfig.getSpitterDetailService(92) - SpitterDetailService  initialized
2018-02-24 16:01:43 [ContainerBackgroundProcessor[StandardEngine[Catalina]]] INFO  c.m.s.web.config.WebSecurityConfig.getAuthenticationProvider(198) - UserDetailsService initialized
2018-02-24 16:01:43 [ContainerBackgroundProcessor[StandardEngine[Catalina]]] INFO  c.m.s.web.config.WebSecurityConfig.passwordEncoder(210) - BCryptPasswordEncoder  initialized
2018-02-24 16:01:43 [ContainerBackgroundProcessor[StandardEngine[Catalina]]] INFO  c.m.s.web.config.WebSecurityConfig.getAuthenticationProvider(200) - Password encriptinig
2018-02-24 16:01:43 [ContainerBackgroundProcessor[StandardEngine[Catalina]]] INFO  c.m.s.web.config.WebSecurityConfig.configureGlobalSecurity(187) - ConfigureGlobalSecurity user permit initialized
2018-02-24 16:01:43 [ContainerBackgroundProcessor[StandardEngine[Catalina]]] INFO  c.m.s.web.config.WebSecurityConfig.getTokenRepository(98) - HibernateTokenRepositoryImpl  initialized
2018-02-24 16:01:43 [ContainerBackgroundProcessor[StandardEngine[Catalina]]] INFO  c.m.s.web.config.WebSecurityConfig.getPersistentTokenBasedRememberMeServices(220) - PersistentTokenService  initialized
2018-02-24 16:01:43 [ContainerBackgroundProcessor[StandardEngine[Catalina]]] DEBUG com.mvc.spittr.web.SpittleController.<init>(55) - 2018-02-24T16:01:43.964 Constructor call
2018-02-24 16:01:44 [ContainerBackgroundProcessor[StandardEngine[Catalina]]] INFO  c.m.spittr.web.config.AppRootConfig.multipartResolver(91) - MultipartResolver initialized
2018-02-24 16:01:44 [ContainerBackgroundProcessor[StandardEngine[Catalina]]] INFO  c.m.spittr.web.config.AppRootConfig.getTransactionManager(165) - ***HIBERNATE*** - HibernateTransactionManager initialized - HIBERNATE -
2018-02-24 16:01:44 [ContainerBackgroundProcessor[StandardEngine[Catalina]]] INFO  c.m.spittr.web.config.AppRootConfig.getSimpleMessage(184) - SimpleMailMessage initialized
2018-02-24 16:01:44 [ContainerBackgroundProcessor[StandardEngine[Catalina]]] INFO  c.m.spittr.web.config.AppRootConfig.getJavaMailSender(205) - JavaMailMessage initialized
2018-02-24 16:01:44 [ContainerBackgroundProcessor[StandardEngine[Catalina]]] INFO  c.mvc.spittr.web.config.AppWebConfig.addInterceptors(122) - Interceptor added urls: /* /**
2018-02-24 16:01:44 [ContainerBackgroundProcessor[StandardEngine[Catalina]]] INFO  c.mvc.spittr.web.config.AppWebConfig.addFormatters(104) - Converter initialized, it converts string values[Roles] to UserProfiles
2018-02-24 16:01:44 [ContainerBackgroundProcessor[StandardEngine[Catalina]]] INFO  c.mvc.spittr.web.config.AppWebConfig.configureDefaultServletHandling(110) - DefaultServletHandlerConfigurer inizialized
2018-02-24 16:01:45 [ContainerBackgroundProcessor[StandardEngine[Catalina]]] INFO  c.mvc.spittr.web.config.AppWebConfig.viewResolver(65) - InternalResourceViewResolver inizialized
2018-02-24 16:01:45 [ContainerBackgroundProcessor[StandardEngine[Catalina]]] INFO  c.mvc.spittr.web.config.AppWebConfig.viewResolver(70) - resolver setting prefix /WEB-INF/views/
2018-02-24 16:01:45 [ContainerBackgroundProcessor[StandardEngine[Catalina]]] INFO  c.mvc.spittr.web.config.AppWebConfig.viewResolver(72) - resolver setting suffix .jsp
2018-02-24 16:01:45 [ContainerBackgroundProcessor[StandardEngine[Catalina]]] INFO  c.mvc.spittr.web.config.AppWebConfig.viewResolver(75) - org.springframework.web.servlet.view.JstlView.class set as view class
2018-02-24 16:01:45 [ContainerBackgroundProcessor[StandardEngine[Catalina]]] INFO  c.mvc.spittr.web.config.AppWebConfig.viewResolver2(82) - InternalResourceViewResolver for html inizialized
2018-02-24 16:01:45 [ContainerBackgroundProcessor[StandardEngine[Catalina]]] INFO  c.mvc.spittr.web.config.AppWebConfig.viewResolver2(87) - resolver setting prefix /WEB-INF/views/
2018-02-24 16:01:45 [ContainerBackgroundProcessor[StandardEngine[Catalina]]] INFO  c.mvc.spittr.web.config.AppWebConfig.viewResolver2(89) - resolver setting suffix .html
2018-02-24 16:01:45 [ContainerBackgroundProcessor[StandardEngine[Catalina]]] INFO  c.mvc.spittr.web.config.AppWebConfig.viewResolver2(92) - org.springframework.web.servlet.view.JstlView.class set as view class
2018-02-24 16:01:45 [ContainerBackgroundProcessor[StandardEngine[Catalina]]] INFO  c.m.s.web.config.WebSecurityConfig.configure(157) - WebSecurityConfig$$EnhancerBySpringCGLIB$$6f013d06::configure view permit
2018-02-24 16:01:45 [ContainerBackgroundProcessor[StandardEngine[Catalina]]] INFO  c.m.s.web.config.WebSecurityConfig.configure(158) - WebSecurityConfig$$EnhancerBySpringCGLIB$$6f013d06 initialized
2018-02-24 16:01:46 [ContainerBackgroundProcessor[StandardEngine[Catalina]]] INFO  c.m.spittr.web.config.AppRootConfig.messageSource(74) - MessageSource initialized
2018-02-24 16:01:47 [ContainerBackgroundProcessor[StandardEngine[Catalina]]] INFO  c.m.spittr.web.config.AppRootConfig.dataSource(141) - ***HIBERNATE*** - DB DataSource initialized - HIBERNATE -
2018-02-24 16:01:47 [ContainerBackgroundProcessor[StandardEngine[Catalina]]] INFO  c.m.spittr.web.config.AppRootConfig.getSessionFactory(149) - ***HIBERNATE*** - LocalSessionFactoryBean initialized - HIBERNATE -
2018-02-24 16:01:47 [ContainerBackgroundProcessor[StandardEngine[Catalina]]] INFO  c.m.spittr.web.config.AppRootConfig.getSessionFactory(151) - ***HIBERNATE*** - HibernateProperties initialized - HIBERNATE -
2018-02-24 16:01:47 [ContainerBackgroundProcessor[StandardEngine[Catalina]]] INFO  c.mvc.spittr.web.config.AppWebConfig.setApplicationContext(55) - InternalResourceViewResolver inizialized
2018-02-24 16:01:47 [ContainerBackgroundProcessor[StandardEngine[Catalina]]] INFO  c.m.s.web.config.WebSecurityConfig.getAuthenticationTrustResolver(105) - AuthenticationTrustResolver  initialized
2018-02-24 16:01:47 [ContainerBackgroundProcessor[StandardEngine[Catalina]]] INFO  c.m.s.web.config.WebSecurityConfig.getSpitterDetailService(92) - SpitterDetailService  initialized
2018-02-24 16:01:47 [ContainerBackgroundProcessor[StandardEngine[Catalina]]] INFO  c.m.s.web.config.WebSecurityConfig.getAuthenticationProvider(198) - UserDetailsService initialized
2018-02-24 16:01:47 [ContainerBackgroundProcessor[StandardEngine[Catalina]]] INFO  c.m.s.web.config.WebSecurityConfig.passwordEncoder(210) - BCryptPasswordEncoder  initialized
2018-02-24 16:01:47 [ContainerBackgroundProcessor[StandardEngine[Catalina]]] INFO  c.m.s.web.config.WebSecurityConfig.getAuthenticationProvider(200) - Password encriptinig
2018-02-24 16:01:47 [ContainerBackgroundProcessor[StandardEngine[Catalina]]] INFO  c.m.s.web.config.WebSecurityConfig.configureGlobalSecurity(187) - ConfigureGlobalSecurity user permit initialized
2018-02-24 16:01:47 [ContainerBackgroundProcessor[StandardEngine[Catalina]]] INFO  c.m.s.web.config.WebSecurityConfig.getTokenRepository(98) - HibernateTokenRepositoryImpl  initialized
2018-02-24 16:01:47 [ContainerBackgroundProcessor[StandardEngine[Catalina]]] INFO  c.m.s.web.config.WebSecurityConfig.getPersistentTokenBasedRememberMeServices(220) - PersistentTokenService  initialized
2018-02-24 16:01:47 [ContainerBackgroundProcessor[StandardEngine[Catalina]]] DEBUG com.mvc.spittr.web.SpittleController.<init>(55) - 2018-02-24T16:01:47.892 Constructor call
2018-02-24 16:01:47 [ContainerBackgroundProcessor[StandardEngine[Catalina]]] INFO  c.m.spittr.web.config.AppRootConfig.multipartResolver(91) - MultipartResolver initialized
2018-02-24 16:01:47 [ContainerBackgroundProcessor[StandardEngine[Catalina]]] INFO  c.m.spittr.web.config.AppRootConfig.getTransactionManager(165) - ***HIBERNATE*** - HibernateTransactionManager initialized - HIBERNATE -
2018-02-24 16:01:47 [ContainerBackgroundProcessor[StandardEngine[Catalina]]] INFO  c.m.spittr.web.config.AppRootConfig.getSimpleMessage(184) - SimpleMailMessage initialized
2018-02-24 16:01:47 [ContainerBackgroundProcessor[StandardEngine[Catalina]]] INFO  c.m.spittr.web.config.AppRootConfig.getJavaMailSender(205) - JavaMailMessage initialized
2018-02-24 16:01:48 [ContainerBackgroundProcessor[StandardEngine[Catalina]]] INFO  c.m.s.web.config.WebSecurityConfig.configure(157) - WebSecurityConfig$$EnhancerBySpringCGLIB$$6f013d06::configure view permit
2018-02-24 16:01:48 [ContainerBackgroundProcessor[StandardEngine[Catalina]]] INFO  c.m.s.web.config.WebSecurityConfig.configure(158) - WebSecurityConfig$$EnhancerBySpringCGLIB$$6f013d06 initialized
2018-02-24 16:01:48 [ContainerBackgroundProcessor[StandardEngine[Catalina]]] INFO  c.mvc.spittr.web.config.AppWebConfig.addInterceptors(122) - Interceptor added urls: /* /**
2018-02-24 16:01:48 [ContainerBackgroundProcessor[StandardEngine[Catalina]]] INFO  c.mvc.spittr.web.config.AppWebConfig.addFormatters(104) - Converter initialized, it converts string values[Roles] to UserProfiles
2018-02-24 16:01:48 [ContainerBackgroundProcessor[StandardEngine[Catalina]]] INFO  c.mvc.spittr.web.config.AppWebConfig.configureDefaultServletHandling(110) - DefaultServletHandlerConfigurer inizialized
2018-02-24 16:01:48 [ContainerBackgroundProcessor[StandardEngine[Catalina]]] INFO  c.mvc.spittr.web.config.AppWebConfig.viewResolver(65) - InternalResourceViewResolver inizialized
2018-02-24 16:01:48 [ContainerBackgroundProcessor[StandardEngine[Catalina]]] INFO  c.mvc.spittr.web.config.AppWebConfig.viewResolver(70) - resolver setting prefix /WEB-INF/views/
2018-02-24 16:01:48 [ContainerBackgroundProcessor[StandardEngine[Catalina]]] INFO  c.mvc.spittr.web.config.AppWebConfig.viewResolver(72) - resolver setting suffix .jsp
2018-02-24 16:01:48 [ContainerBackgroundProcessor[StandardEngine[Catalina]]] INFO  c.mvc.spittr.web.config.AppWebConfig.viewResolver(75) - org.springframework.web.servlet.view.JstlView.class set as view class
2018-02-24 16:01:48 [ContainerBackgroundProcessor[StandardEngine[Catalina]]] INFO  c.mvc.spittr.web.config.AppWebConfig.viewResolver2(82) - InternalResourceViewResolver for html inizialized
2018-02-24 16:01:48 [ContainerBackgroundProcessor[StandardEngine[Catalina]]] INFO  c.mvc.spittr.web.config.AppWebConfig.viewResolver2(87) - resolver setting prefix /WEB-INF/views/
2018-02-24 16:01:48 [ContainerBackgroundProcessor[StandardEngine[Catalina]]] INFO  c.mvc.spittr.web.config.AppWebConfig.viewResolver2(89) - resolver setting suffix .html
2018-02-24 16:01:48 [ContainerBackgroundProcessor[StandardEngine[Catalina]]] INFO  c.mvc.spittr.web.config.AppWebConfig.viewResolver2(92) - org.springframework.web.servlet.view.JstlView.class set as view class
2018-02-24 16:01:48 [ContainerBackgroundProcessor[StandardEngine[Catalina]]] INFO  c.m.s.w.s.GenericServletDemoServlet.<clinit>(29) - ************************Start - GenericServletDemoServlet************************
2018-02-24 16:01:48 [ContainerBackgroundProcessor[StandardEngine[Catalina]]] INFO  c.m.s.w.s.GenericServletDemoServlet.<clinit>(47) - ************************End - GenericServletDemoServlet************************
2018-02-24 16:30:30 [localhost-startStop-1] INFO  c.m.s.web.config.WebAppInitializer.<clinit>(55) - ************************Start WebAppInitializer************************
2018-02-24 16:30:30 [localhost-startStop-1] INFO  c.m.s.web.config.WebAppInitializer.<clinit>(161) - ************************End WebAppInitializer************************
2018-02-24 16:30:30 [localhost-startStop-1] INFO  c.m.s.w.c.SecurityWebApplicationInitializer.<clinit>(16) - 1 ************************SecurityWebApplicationInitializer Intizialized************************
2018-02-24 16:30:30 [localhost-startStop-1] INFO  c.m.s.w.c.ApacheServletInitializer.<clinit>(29) - ************************Start AppWebConfig************************
2018-02-24 16:30:30 [localhost-startStop-1] INFO  c.m.s.w.c.ApacheServletInitializer.<clinit>(83) - ************************End AppWebConfig************************
2018-02-24 16:30:30 [localhost-startStop-1] INFO  c.m.s.web.config.WebAppInitializer.getRootConfigClasses(66) - AppRootConfig configured
2018-02-24 16:30:30 [localhost-startStop-1] INFO  c.m.s.web.config.WebAppInitializer.getServletConfigClasses(81) - AppWebConfig configured
2018-02-24 16:30:30 [localhost-startStop-1] INFO  c.m.s.web.config.WebAppInitializer.customizeRegistration(118) - CustomizeRegistration initialized
2018-02-24 16:30:30 [localhost-startStop-1] INFO  c.m.s.web.config.WebAppInitializer.customizeRegistration(128) - ***START*** Multipart initializing 
2018-02-24 16:30:30 [localhost-startStop-1] INFO  c.m.s.web.config.WebAppInitializer.customizeRegistration(129) - Download Directory:/tmp
2018-02-24 16:30:30 [localhost-startStop-1] INFO  c.m.s.web.config.WebAppInitializer.customizeRegistration(137) - Multipart uploads files at /home/sabaja/Scrivania/spring-hibernate-workspace/Spring-In-Action_WebApp/Downloads, maxFileSize=2097152, maxRequestSize=4194304, fileSizeThreshold=0
2018-02-24 16:30:30 [localhost-startStop-1] INFO  c.m.s.web.config.WebAppInitializer.customizeRegistration(140) - ***END*** Multipart initialized 
2018-02-24 16:30:30 [localhost-startStop-1] INFO  c.m.s.w.c.ApacheServletInitializer.onStartup(37) - WebApplicationInitializer@ServletApacheInitializer instantiated
2018-02-24 16:30:30 [localhost-startStop-1] INFO  c.m.s.w.c.ApacheServletInitializer.onStartup(52) - Servlet [com.mvc.spittr.web.servlet.GenericServletDemoServlet] was added
2018-02-24 16:30:32 [localhost-startStop-1] INFO  c.m.spittr.web.config.AppRootConfig.<clinit>(54) - ************************AppRootConfig************************
2018-02-24 16:30:32 [localhost-startStop-1] INFO  c.m.s.web.config.WebSecurityConfig.<clinit>(66) - ************************Start - WebSecurityConfig************************
2018-02-24 16:30:32 [localhost-startStop-1] INFO  c.m.s.web.config.WebSecurityConfig.<clinit>(205) - ************************End - WebSecurityConfig************************
2018-02-24 16:30:32 [localhost-startStop-1] INFO  c.mvc.spittr.web.config.AppWebConfig.<clinit>(49) - ************************Start AppWebConfig************************
2018-02-24 16:30:32 [localhost-startStop-1] INFO  c.mvc.spittr.web.config.AppWebConfig.<clinit>(209) - ************************End AppWebConfig************************
2018-02-24 16:30:32 [localhost-startStop-1] INFO  c.m.s.w.c.HibernateConfiguration.<clinit>(36) - ************************HibernateConfiguration************************
2018-02-24 16:30:33 [localhost-startStop-1] INFO  c.m.spittr.web.config.AppRootConfig.messageSource(63) - MessageSource initialized
2018-02-24 16:30:33 [localhost-startStop-1] INFO  c.m.s.web.config.WebSecurityConfig.getAuthenticationTrustResolver(105) - AuthenticationTrustResolver  initialized
2018-02-24 16:30:33 [localhost-startStop-1] INFO  c.m.s.w.c.RoleToUserProfileConverter.<clinit>(27) - ************************Start RoleToUserProfileConverter************************
2018-02-24 16:30:33 [localhost-startStop-1] INFO  c.m.s.w.c.RoleToUserProfileConverter.<clinit>(42) - ************************End RoleToUserProfileConverter************************
2018-02-24 16:30:33 [localhost-startStop-1] INFO  c.m.s.w.c.HibernateConfiguration.dataSource(48) - ***HIBERNATE*** - DB DataSource initialized - HIBERNATE -
2018-02-24 16:30:34 [localhost-startStop-1] INFO  c.m.s.w.c.HibernateConfiguration.getSessionFactory(56) - ***HIBERNATE*** - LocalSessionFactoryBean initialized - HIBERNATE -
2018-02-24 16:30:34 [localhost-startStop-1] INFO  c.m.s.w.c.HibernateConfiguration.getSessionFactory(58) - ***HIBERNATE*** - HibernateProperties initialized - HIBERNATE -
2018-02-24 16:30:37 [localhost-startStop-1] INFO  c.m.s.w.l.HttpRequestLogInterceptor.<clinit>(28) - HttpRequestLogInterceptor initialized
2018-02-24 16:30:37 [localhost-startStop-1] INFO  c.mvc.spittr.web.config.AppWebConfig.setApplicationContext(55) - InternalResourceViewResolver inizialized
2018-02-24 16:30:38 [localhost-startStop-1] INFO  c.m.s.web.config.WebSecurityConfig.getSpitterDetailService(92) - SpitterDetailService  initialized
2018-02-24 16:30:38 [localhost-startStop-1] INFO  c.m.s.web.config.WebSecurityConfig.getAuthenticationProvider(198) - UserDetailsService initialized
2018-02-24 16:30:38 [localhost-startStop-1] INFO  c.m.s.web.config.WebSecurityConfig.passwordEncoder(210) - BCryptPasswordEncoder  initialized
2018-02-24 16:30:38 [localhost-startStop-1] INFO  c.m.s.web.config.WebSecurityConfig.getAuthenticationProvider(200) - Password encriptinig
2018-02-24 16:30:38 [localhost-startStop-1] INFO  c.m.s.web.config.WebSecurityConfig.configureGlobalSecurity(187) - ConfigureGlobalSecurity user permit initialized
2018-02-24 16:30:38 [localhost-startStop-1] INFO  c.m.s.web.config.WebSecurityConfig.getTokenRepository(98) - HibernateTokenRepositoryImpl  initialized
2018-02-24 16:30:38 [localhost-startStop-1] INFO  c.m.s.web.config.WebSecurityConfig.getPersistentTokenBasedRememberMeServices(220) - PersistentTokenService  initialized
2018-02-24 16:30:38 [localhost-startStop-1] DEBUG com.mvc.spittr.web.SpittleController.<init>(55) - 2018-02-24T16:30:38.777 Constructor call
2018-02-24 16:30:38 [localhost-startStop-1] INFO  c.m.spittr.web.config.AppRootConfig.multipartResolver(79) - MultipartResolver initialized
2018-02-24 16:30:39 [localhost-startStop-1] INFO  c.m.spittr.web.config.AppRootConfig.getJavaMailSender(91) - JavaMailMessage initialized
2018-02-24 16:30:39 [localhost-startStop-1] INFO  c.mvc.spittr.web.config.AppWebConfig.addInterceptors(122) - Interceptor added urls: /* /**
2018-02-24 16:30:39 [localhost-startStop-1] INFO  c.mvc.spittr.web.config.AppWebConfig.addFormatters(104) - Converter initialized, it converts string values[Roles] to UserProfiles
2018-02-24 16:30:39 [localhost-startStop-1] INFO  c.mvc.spittr.web.config.AppWebConfig.configureDefaultServletHandling(110) - DefaultServletHandlerConfigurer inizialized
2018-02-24 16:30:40 [localhost-startStop-1] INFO  c.mvc.spittr.web.config.AppWebConfig.viewResolver(65) - InternalResourceViewResolver inizialized
2018-02-24 16:30:40 [localhost-startStop-1] INFO  c.mvc.spittr.web.config.AppWebConfig.viewResolver(70) - resolver setting prefix /WEB-INF/views/
2018-02-24 16:30:40 [localhost-startStop-1] INFO  c.mvc.spittr.web.config.AppWebConfig.viewResolver(72) - resolver setting suffix .jsp
2018-02-24 16:30:40 [localhost-startStop-1] INFO  c.mvc.spittr.web.config.AppWebConfig.viewResolver(75) - org.springframework.web.servlet.view.JstlView.class set as view class
2018-02-24 16:30:40 [localhost-startStop-1] INFO  c.mvc.spittr.web.config.AppWebConfig.viewResolver2(82) - InternalResourceViewResolver for html inizialized
2018-02-24 16:30:40 [localhost-startStop-1] INFO  c.mvc.spittr.web.config.AppWebConfig.viewResolver2(87) - resolver setting prefix /WEB-INF/views/
2018-02-24 16:30:40 [localhost-startStop-1] INFO  c.mvc.spittr.web.config.AppWebConfig.viewResolver2(89) - resolver setting suffix .html
2018-02-24 16:30:40 [localhost-startStop-1] INFO  c.mvc.spittr.web.config.AppWebConfig.viewResolver2(92) - org.springframework.web.servlet.view.JstlView.class set as view class
2018-02-24 16:30:40 [localhost-startStop-1] INFO  c.m.s.w.c.HibernateConfiguration.getTransactionManager(69) - ***HIBERNATE*** - HibernateTransactionManager initialized - HIBERNATE -
2018-02-24 16:30:40 [localhost-startStop-1] INFO  c.m.s.web.config.WebSecurityConfig.configure(157) - WebSecurityConfig$$EnhancerBySpringCGLIB$$d236005d::configure view permit
2018-02-24 16:30:40 [localhost-startStop-1] INFO  c.m.s.web.config.WebSecurityConfig.configure(158) - WebSecurityConfig$$EnhancerBySpringCGLIB$$d236005d initialized
2018-02-24 16:30:42 [localhost-startStop-1] INFO  c.m.spittr.web.config.AppRootConfig.messageSource(63) - MessageSource initialized
2018-02-24 16:30:42 [localhost-startStop-1] INFO  c.m.s.w.c.HibernateConfiguration.dataSource(48) - ***HIBERNATE*** - DB DataSource initialized - HIBERNATE -
2018-02-24 16:30:42 [localhost-startStop-1] INFO  c.m.s.w.c.HibernateConfiguration.getSessionFactory(56) - ***HIBERNATE*** - LocalSessionFactoryBean initialized - HIBERNATE -
2018-02-24 16:30:42 [localhost-startStop-1] INFO  c.m.s.w.c.HibernateConfiguration.getSessionFactory(58) - ***HIBERNATE*** - HibernateProperties initialized - HIBERNATE -
2018-02-24 16:30:42 [localhost-startStop-1] INFO  c.mvc.spittr.web.config.AppWebConfig.setApplicationContext(55) - InternalResourceViewResolver inizialized
2018-02-24 16:30:42 [localhost-startStop-1] INFO  c.m.s.web.config.WebSecurityConfig.getAuthenticationTrustResolver(105) - AuthenticationTrustResolver  initialized
2018-02-24 16:30:42 [localhost-startStop-1] INFO  c.m.s.web.config.WebSecurityConfig.getSpitterDetailService(92) - SpitterDetailService  initialized
2018-02-24 16:30:42 [localhost-startStop-1] INFO  c.m.s.web.config.WebSecurityConfig.getAuthenticationProvider(198) - UserDetailsService initialized
2018-02-24 16:30:42 [localhost-startStop-1] INFO  c.m.s.web.config.WebSecurityConfig.passwordEncoder(210) - BCryptPasswordEncoder  initialized
2018-02-24 16:30:43 [localhost-startStop-1] INFO  c.m.s.web.config.WebSecurityConfig.getAuthenticationProvider(200) - Password encriptinig
2018-02-24 16:30:43 [localhost-startStop-1] INFO  c.m.s.web.config.WebSecurityConfig.configureGlobalSecurity(187) - ConfigureGlobalSecurity user permit initialized
2018-02-24 16:30:43 [localhost-startStop-1] INFO  c.m.s.web.config.WebSecurityConfig.getTokenRepository(98) - HibernateTokenRepositoryImpl  initialized
2018-02-24 16:30:43 [localhost-startStop-1] INFO  c.m.s.web.config.WebSecurityConfig.getPersistentTokenBasedRememberMeServices(220) - PersistentTokenService  initialized
2018-02-24 16:30:43 [localhost-startStop-1] DEBUG com.mvc.spittr.web.SpittleController.<init>(55) - 2018-02-24T16:30:43.178 Constructor call
2018-02-24 16:30:43 [localhost-startStop-1] INFO  c.m.spittr.web.config.AppRootConfig.multipartResolver(79) - MultipartResolver initialized
2018-02-24 16:30:43 [localhost-startStop-1] INFO  c.m.spittr.web.config.AppRootConfig.getJavaMailSender(91) - JavaMailMessage initialized
2018-02-24 16:30:43 [localhost-startStop-1] INFO  c.m.s.w.c.HibernateConfiguration.getTransactionManager(69) - ***HIBERNATE*** - HibernateTransactionManager initialized - HIBERNATE -
2018-02-24 16:30:43 [localhost-startStop-1] INFO  c.m.s.web.config.WebSecurityConfig.configure(157) - WebSecurityConfig$$EnhancerBySpringCGLIB$$d236005d::configure view permit
2018-02-24 16:30:43 [localhost-startStop-1] INFO  c.m.s.web.config.WebSecurityConfig.configure(158) - WebSecurityConfig$$EnhancerBySpringCGLIB$$d236005d initialized
2018-02-24 16:30:43 [localhost-startStop-1] INFO  c.mvc.spittr.web.config.AppWebConfig.addInterceptors(122) - Interceptor added urls: /* /**
2018-02-24 16:30:43 [localhost-startStop-1] INFO  c.mvc.spittr.web.config.AppWebConfig.addFormatters(104) - Converter initialized, it converts string values[Roles] to UserProfiles
2018-02-24 16:30:43 [localhost-startStop-1] INFO  c.mvc.spittr.web.config.AppWebConfig.configureDefaultServletHandling(110) - DefaultServletHandlerConfigurer inizialized
2018-02-24 16:30:43 [localhost-startStop-1] INFO  c.mvc.spittr.web.config.AppWebConfig.viewResolver(65) - InternalResourceViewResolver inizialized
2018-02-24 16:30:43 [localhost-startStop-1] INFO  c.mvc.spittr.web.config.AppWebConfig.viewResolver(70) - resolver setting prefix /WEB-INF/views/
2018-02-24 16:30:43 [localhost-startStop-1] INFO  c.mvc.spittr.web.config.AppWebConfig.viewResolver(72) - resolver setting suffix .jsp
2018-02-24 16:30:43 [localhost-startStop-1] INFO  c.mvc.spittr.web.config.AppWebConfig.viewResolver(75) - org.springframework.web.servlet.view.JstlView.class set as view class
2018-02-24 16:30:43 [localhost-startStop-1] INFO  c.mvc.spittr.web.config.AppWebConfig.viewResolver2(82) - InternalResourceViewResolver for html inizialized
2018-02-24 16:30:43 [localhost-startStop-1] INFO  c.mvc.spittr.web.config.AppWebConfig.viewResolver2(87) - resolver setting prefix /WEB-INF/views/
2018-02-24 16:30:43 [localhost-startStop-1] INFO  c.mvc.spittr.web.config.AppWebConfig.viewResolver2(89) - resolver setting suffix .html
2018-02-24 16:30:43 [localhost-startStop-1] INFO  c.mvc.spittr.web.config.AppWebConfig.viewResolver2(92) - org.springframework.web.servlet.view.JstlView.class set as view class
2018-02-24 16:30:44 [localhost-startStop-1] INFO  c.m.s.w.s.GenericServletDemoServlet.<clinit>(29) - ************************Start - GenericServletDemoServlet************************
2018-02-24 16:30:44 [localhost-startStop-1] INFO  c.m.s.w.s.GenericServletDemoServlet.<clinit>(47) - ************************End - GenericServletDemoServlet************************
2018-02-24 16:30:48 [http-nio-8080-exec-2] INFO  c.m.s.w.l.HttpRequestLogInterceptor.preHandle(35) - 2018-02-24T16:30:48.056 - called url:/Spring-In-Action_WEBApp/
2018-02-24 16:34:09 [ContainerBackgroundProcessor[StandardEngine[Catalina]]] INFO  c.m.s.w.c.ApacheServletInitializer.<clinit>(29) - ************************Start AppWebConfig************************
2018-02-24 16:34:09 [ContainerBackgroundProcessor[StandardEngine[Catalina]]] INFO  c.m.s.w.c.ApacheServletInitializer.<clinit>(83) - ************************End AppWebConfig************************
2018-02-24 16:34:09 [ContainerBackgroundProcessor[StandardEngine[Catalina]]] INFO  c.m.s.web.config.WebAppInitializer.<clinit>(55) - ************************Start WebAppInitializer************************
2018-02-24 16:34:09 [ContainerBackgroundProcessor[StandardEngine[Catalina]]] INFO  c.m.s.web.config.WebAppInitializer.<clinit>(161) - ************************End WebAppInitializer************************
2018-02-24 16:34:09 [ContainerBackgroundProcessor[StandardEngine[Catalina]]] INFO  c.m.s.w.c.SecurityWebApplicationInitializer.<clinit>(16) - 1 ************************SecurityWebApplicationInitializer Intizialized************************
2018-02-24 16:34:09 [ContainerBackgroundProcessor[StandardEngine[Catalina]]] INFO  c.m.s.web.config.WebAppInitializer.getRootConfigClasses(66) - AppRootConfig configured
2018-02-24 16:34:09 [ContainerBackgroundProcessor[StandardEngine[Catalina]]] INFO  c.m.s.web.config.WebAppInitializer.getServletConfigClasses(81) - AppWebConfig configured
2018-02-24 16:34:09 [ContainerBackgroundProcessor[StandardEngine[Catalina]]] INFO  c.m.s.web.config.WebAppInitializer.customizeRegistration(118) - CustomizeRegistration initialized
2018-02-24 16:34:09 [ContainerBackgroundProcessor[StandardEngine[Catalina]]] INFO  c.m.s.web.config.WebAppInitializer.customizeRegistration(128) - ***START*** Multipart initializing 
2018-02-24 16:34:09 [ContainerBackgroundProcessor[StandardEngine[Catalina]]] INFO  c.m.s.web.config.WebAppInitializer.customizeRegistration(129) - Download Directory:/tmp
2018-02-24 16:34:09 [ContainerBackgroundProcessor[StandardEngine[Catalina]]] INFO  c.m.s.web.config.WebAppInitializer.customizeRegistration(137) - Multipart uploads files at /home/sabaja/Scrivania/spring-hibernate-workspace/Spring-In-Action_WebApp/Downloads, maxFileSize=2097152, maxRequestSize=4194304, fileSizeThreshold=0
2018-02-24 16:34:09 [ContainerBackgroundProcessor[StandardEngine[Catalina]]] INFO  c.m.s.web.config.WebAppInitializer.customizeRegistration(140) - ***END*** Multipart initialized 
2018-02-24 16:34:09 [ContainerBackgroundProcessor[StandardEngine[Catalina]]] INFO  c.m.s.w.c.ApacheServletInitializer.onStartup(37) - WebApplicationInitializer@ServletApacheInitializer instantiated
2018-02-24 16:34:09 [ContainerBackgroundProcessor[StandardEngine[Catalina]]] INFO  c.m.s.w.c.ApacheServletInitializer.onStartup(52) - Servlet [com.mvc.spittr.web.servlet.GenericServletDemoServlet] was added
2018-02-24 16:34:10 [ContainerBackgroundProcessor[StandardEngine[Catalina]]] INFO  c.m.spittr.web.config.AppRootConfig.<clinit>(38) - ************************AppRootConfig************************
2018-02-24 16:34:10 [ContainerBackgroundProcessor[StandardEngine[Catalina]]] INFO  c.m.s.web.config.WebSecurityConfig.<clinit>(66) - ************************Start - WebSecurityConfig************************
2018-02-24 16:34:10 [ContainerBackgroundProcessor[StandardEngine[Catalina]]] INFO  c.m.s.web.config.WebSecurityConfig.<clinit>(205) - ************************End - WebSecurityConfig************************
2018-02-24 16:34:10 [ContainerBackgroundProcessor[StandardEngine[Catalina]]] INFO  c.mvc.spittr.web.config.AppWebConfig.<clinit>(49) - ************************Start AppWebConfig************************
2018-02-24 16:34:10 [ContainerBackgroundProcessor[StandardEngine[Catalina]]] INFO  c.mvc.spittr.web.config.AppWebConfig.<clinit>(209) - ************************End AppWebConfig************************
2018-02-24 16:34:10 [ContainerBackgroundProcessor[StandardEngine[Catalina]]] INFO  c.m.s.w.c.HibernateConfiguration.<clinit>(36) - ************************HibernateConfiguration************************
2018-02-24 16:34:11 [ContainerBackgroundProcessor[StandardEngine[Catalina]]] INFO  c.m.spittr.web.config.AppRootConfig.messageSource(47) - MessageSource initialized
2018-02-24 16:34:11 [ContainerBackgroundProcessor[StandardEngine[Catalina]]] INFO  c.m.s.web.config.WebSecurityConfig.getAuthenticationTrustResolver(105) - AuthenticationTrustResolver  initialized
2018-02-24 16:34:11 [ContainerBackgroundProcessor[StandardEngine[Catalina]]] INFO  c.m.s.w.c.RoleToUserProfileConverter.<clinit>(27) - ************************Start RoleToUserProfileConverter************************
2018-02-24 16:34:11 [ContainerBackgroundProcessor[StandardEngine[Catalina]]] INFO  c.m.s.w.c.RoleToUserProfileConverter.<clinit>(42) - ************************End RoleToUserProfileConverter************************
2018-02-24 16:34:11 [ContainerBackgroundProcessor[StandardEngine[Catalina]]] INFO  c.m.s.w.c.HibernateConfiguration.dataSource(48) - ***HIBERNATE*** - DB DataSource initialized - HIBERNATE -
2018-02-24 16:34:11 [ContainerBackgroundProcessor[StandardEngine[Catalina]]] INFO  c.m.s.w.c.HibernateConfiguration.getSessionFactory(56) - ***HIBERNATE*** - LocalSessionFactoryBean initialized - HIBERNATE -
2018-02-24 16:34:11 [ContainerBackgroundProcessor[StandardEngine[Catalina]]] INFO  c.m.s.w.c.HibernateConfiguration.getSessionFactory(58) - ***HIBERNATE*** - HibernateProperties initialized - HIBERNATE -
2018-02-24 16:34:14 [ContainerBackgroundProcessor[StandardEngine[Catalina]]] INFO  c.m.s.w.l.HttpRequestLogInterceptor.<clinit>(28) - HttpRequestLogInterceptor initialized
2018-02-24 16:34:14 [ContainerBackgroundProcessor[StandardEngine[Catalina]]] INFO  c.mvc.spittr.web.config.AppWebConfig.setApplicationContext(55) - InternalResourceViewResolver inizialized
2018-02-24 16:34:14 [ContainerBackgroundProcessor[StandardEngine[Catalina]]] INFO  c.m.s.web.config.WebSecurityConfig.getSpitterDetailService(92) - SpitterDetailService  initialized
2018-02-24 16:34:15 [ContainerBackgroundProcessor[StandardEngine[Catalina]]] INFO  c.m.s.web.config.WebSecurityConfig.getAuthenticationProvider(198) - UserDetailsService initialized
2018-02-24 16:34:15 [ContainerBackgroundProcessor[StandardEngine[Catalina]]] INFO  c.m.s.web.config.WebSecurityConfig.passwordEncoder(210) - BCryptPasswordEncoder  initialized
2018-02-24 16:34:15 [ContainerBackgroundProcessor[StandardEngine[Catalina]]] INFO  c.m.s.web.config.WebSecurityConfig.getAuthenticationProvider(200) - Password encriptinig
2018-02-24 16:34:15 [ContainerBackgroundProcessor[StandardEngine[Catalina]]] INFO  c.m.s.web.config.WebSecurityConfig.configureGlobalSecurity(187) - ConfigureGlobalSecurity user permit initialized
2018-02-24 16:34:15 [ContainerBackgroundProcessor[StandardEngine[Catalina]]] INFO  c.m.s.web.config.WebSecurityConfig.getTokenRepository(98) - HibernateTokenRepositoryImpl  initialized
2018-02-24 16:34:15 [ContainerBackgroundProcessor[StandardEngine[Catalina]]] INFO  c.m.s.web.config.WebSecurityConfig.getPersistentTokenBasedRememberMeServices(220) - PersistentTokenService  initialized
2018-02-24 16:34:15 [ContainerBackgroundProcessor[StandardEngine[Catalina]]] DEBUG com.mvc.spittr.web.SpittleController.<init>(55) - 2018-02-24T16:34:15.336 Constructor call
2018-02-24 16:34:15 [ContainerBackgroundProcessor[StandardEngine[Catalina]]] INFO  c.m.spittr.web.config.AppRootConfig.multipartResolver(63) - MultipartResolver initialized
2018-02-24 16:34:15 [ContainerBackgroundProcessor[StandardEngine[Catalina]]] INFO  c.m.spittr.web.config.AppRootConfig.getJavaMailSender(75) - JavaMailMessage initialized
2018-02-24 16:34:15 [ContainerBackgroundProcessor[StandardEngine[Catalina]]] INFO  c.mvc.spittr.web.config.AppWebConfig.addInterceptors(122) - Interceptor added urls: /* /**
2018-02-24 16:34:15 [ContainerBackgroundProcessor[StandardEngine[Catalina]]] INFO  c.mvc.spittr.web.config.AppWebConfig.addFormatters(104) - Converter initialized, it converts string values[Roles] to UserProfiles
2018-02-24 16:34:15 [ContainerBackgroundProcessor[StandardEngine[Catalina]]] INFO  c.mvc.spittr.web.config.AppWebConfig.configureDefaultServletHandling(110) - DefaultServletHandlerConfigurer inizialized
2018-02-24 16:34:16 [ContainerBackgroundProcessor[StandardEngine[Catalina]]] INFO  c.mvc.spittr.web.config.AppWebConfig.viewResolver(65) - InternalResourceViewResolver inizialized
2018-02-24 16:34:16 [ContainerBackgroundProcessor[StandardEngine[Catalina]]] INFO  c.mvc.spittr.web.config.AppWebConfig.viewResolver(70) - resolver setting prefix /WEB-INF/views/
2018-02-24 16:34:16 [ContainerBackgroundProcessor[StandardEngine[Catalina]]] INFO  c.mvc.spittr.web.config.AppWebConfig.viewResolver(72) - resolver setting suffix .jsp
2018-02-24 16:34:16 [ContainerBackgroundProcessor[StandardEngine[Catalina]]] INFO  c.mvc.spittr.web.config.AppWebConfig.viewResolver(75) - org.springframework.web.servlet.view.JstlView.class set as view class
2018-02-24 16:34:16 [ContainerBackgroundProcessor[StandardEngine[Catalina]]] INFO  c.mvc.spittr.web.config.AppWebConfig.viewResolver2(82) - InternalResourceViewResolver for html inizialized
2018-02-24 16:34:16 [ContainerBackgroundProcessor[StandardEngine[Catalina]]] INFO  c.mvc.spittr.web.config.AppWebConfig.viewResolver2(87) - resolver setting prefix /WEB-INF/views/
2018-02-24 16:34:16 [ContainerBackgroundProcessor[StandardEngine[Catalina]]] INFO  c.mvc.spittr.web.config.AppWebConfig.viewResolver2(89) - resolver setting suffix .html
2018-02-24 16:34:16 [ContainerBackgroundProcessor[StandardEngine[Catalina]]] INFO  c.mvc.spittr.web.config.AppWebConfig.viewResolver2(92) - org.springframework.web.servlet.view.JstlView.class set as view class
2018-02-24 16:34:16 [ContainerBackgroundProcessor[StandardEngine[Catalina]]] INFO  c.m.s.w.c.HibernateConfiguration.getTransactionManager(69) - ***HIBERNATE*** - HibernateTransactionManager initialized - HIBERNATE -
2018-02-24 16:34:16 [ContainerBackgroundProcessor[StandardEngine[Catalina]]] INFO  c.m.s.web.config.WebSecurityConfig.configure(157) - WebSecurityConfig$$EnhancerBySpringCGLIB$$ed546145::configure view permit
2018-02-24 16:34:16 [ContainerBackgroundProcessor[StandardEngine[Catalina]]] INFO  c.m.s.web.config.WebSecurityConfig.configure(158) - WebSecurityConfig$$EnhancerBySpringCGLIB$$ed546145 initialized
2018-02-24 16:34:17 [ContainerBackgroundProcessor[StandardEngine[Catalina]]] INFO  c.m.spittr.web.config.AppRootConfig.messageSource(47) - MessageSource initialized
2018-02-24 16:34:17 [ContainerBackgroundProcessor[StandardEngine[Catalina]]] INFO  c.m.s.w.c.HibernateConfiguration.dataSource(48) - ***HIBERNATE*** - DB DataSource initialized - HIBERNATE -
2018-02-24 16:34:17 [ContainerBackgroundProcessor[StandardEngine[Catalina]]] INFO  c.m.s.w.c.HibernateConfiguration.getSessionFactory(56) - ***HIBERNATE*** - LocalSessionFactoryBean initialized - HIBERNATE -
2018-02-24 16:34:17 [ContainerBackgroundProcessor[StandardEngine[Catalina]]] INFO  c.m.s.w.c.HibernateConfiguration.getSessionFactory(58) - ***HIBERNATE*** - HibernateProperties initialized - HIBERNATE -
2018-02-24 16:34:18 [ContainerBackgroundProcessor[StandardEngine[Catalina]]] INFO  c.mvc.spittr.web.config.AppWebConfig.setApplicationContext(55) - InternalResourceViewResolver inizialized
2018-02-24 16:34:18 [ContainerBackgroundProcessor[StandardEngine[Catalina]]] INFO  c.m.s.web.config.WebSecurityConfig.getAuthenticationTrustResolver(105) - AuthenticationTrustResolver  initialized
2018-02-24 16:34:18 [ContainerBackgroundProcessor[StandardEngine[Catalina]]] INFO  c.m.s.web.config.WebSecurityConfig.getSpitterDetailService(92) - SpitterDetailService  initialized
2018-02-24 16:34:18 [ContainerBackgroundProcessor[StandardEngine[Catalina]]] INFO  c.m.s.web.config.WebSecurityConfig.getAuthenticationProvider(198) - UserDetailsService initialized
2018-02-24 16:34:18 [ContainerBackgroundProcessor[StandardEngine[Catalina]]] INFO  c.m.s.web.config.WebSecurityConfig.passwordEncoder(210) - BCryptPasswordEncoder  initialized
2018-02-24 16:34:18 [ContainerBackgroundProcessor[StandardEngine[Catalina]]] INFO  c.m.s.web.config.WebSecurityConfig.getAuthenticationProvider(200) - Password encriptinig
2018-02-24 16:34:18 [ContainerBackgroundProcessor[StandardEngine[Catalina]]] INFO  c.m.s.web.config.WebSecurityConfig.configureGlobalSecurity(187) - ConfigureGlobalSecurity user permit initialized
2018-02-24 16:34:18 [ContainerBackgroundProcessor[StandardEngine[Catalina]]] INFO  c.m.s.web.config.WebSecurityConfig.getTokenRepository(98) - HibernateTokenRepositoryImpl  initialized
2018-02-24 16:34:18 [ContainerBackgroundProcessor[StandardEngine[Catalina]]] INFO  c.m.s.web.config.WebSecurityConfig.getPersistentTokenBasedRememberMeServices(220) - PersistentTokenService  initialized
2018-02-24 16:34:18 [ContainerBackgroundProcessor[StandardEngine[Catalina]]] DEBUG com.mvc.spittr.web.SpittleController.<init>(55) - 2018-02-24T16:34:18.355 Constructor call
2018-02-24 16:34:18 [ContainerBackgroundProcessor[StandardEngine[Catalina]]] INFO  c.m.spittr.web.config.AppRootConfig.multipartResolver(63) - MultipartResolver initialized
2018-02-24 16:34:18 [ContainerBackgroundProcessor[StandardEngine[Catalina]]] INFO  c.m.spittr.web.config.AppRootConfig.getJavaMailSender(75) - JavaMailMessage initialized
2018-02-24 16:34:18 [ContainerBackgroundProcessor[StandardEngine[Catalina]]] INFO  c.m.s.w.c.HibernateConfiguration.getTransactionManager(69) - ***HIBERNATE*** - HibernateTransactionManager initialized - HIBERNATE -
2018-02-24 16:34:18 [ContainerBackgroundProcessor[StandardEngine[Catalina]]] INFO  c.m.s.web.config.WebSecurityConfig.configure(157) - WebSecurityConfig$$EnhancerBySpringCGLIB$$ed546145::configure view permit
2018-02-24 16:34:18 [ContainerBackgroundProcessor[StandardEngine[Catalina]]] INFO  c.m.s.web.config.WebSecurityConfig.configure(158) - WebSecurityConfig$$EnhancerBySpringCGLIB$$ed546145 initialized
2018-02-24 16:34:18 [ContainerBackgroundProcessor[StandardEngine[Catalina]]] INFO  c.mvc.spittr.web.config.AppWebConfig.addInterceptors(122) - Interceptor added urls: /* /**
2018-02-24 16:34:18 [ContainerBackgroundProcessor[StandardEngine[Catalina]]] INFO  c.mvc.spittr.web.config.AppWebConfig.addFormatters(104) - Converter initialized, it converts string values[Roles] to UserProfiles
2018-02-24 16:34:18 [ContainerBackgroundProcessor[StandardEngine[Catalina]]] INFO  c.mvc.spittr.web.config.AppWebConfig.configureDefaultServletHandling(110) - DefaultServletHandlerConfigurer inizialized
2018-02-24 16:34:19 [ContainerBackgroundProcessor[StandardEngine[Catalina]]] INFO  c.mvc.spittr.web.config.AppWebConfig.viewResolver(65) - InternalResourceViewResolver inizialized
2018-02-24 16:34:19 [ContainerBackgroundProcessor[StandardEngine[Catalina]]] INFO  c.mvc.spittr.web.config.AppWebConfig.viewResolver(70) - resolver setting prefix /WEB-INF/views/
2018-02-24 16:34:19 [ContainerBackgroundProcessor[StandardEngine[Catalina]]] INFO  c.mvc.spittr.web.config.AppWebConfig.viewResolver(72) - resolver setting suffix .jsp
2018-02-24 16:34:19 [ContainerBackgroundProcessor[StandardEngine[Catalina]]] INFO  c.mvc.spittr.web.config.AppWebConfig.viewResolver(75) - org.springframework.web.servlet.view.JstlView.class set as view class
2018-02-24 16:34:19 [ContainerBackgroundProcessor[StandardEngine[Catalina]]] INFO  c.mvc.spittr.web.config.AppWebConfig.viewResolver2(82) - InternalResourceViewResolver for html inizialized
2018-02-24 16:34:19 [ContainerBackgroundProcessor[StandardEngine[Catalina]]] INFO  c.mvc.spittr.web.config.AppWebConfig.viewResolver2(87) - resolver setting prefix /WEB-INF/views/
2018-02-24 16:34:19 [ContainerBackgroundProcessor[StandardEngine[Catalina]]] INFO  c.mvc.spittr.web.config.AppWebConfig.viewResolver2(89) - resolver setting suffix .html
2018-02-24 16:34:19 [ContainerBackgroundProcessor[StandardEngine[Catalina]]] INFO  c.mvc.spittr.web.config.AppWebConfig.viewResolver2(92) - org.springframework.web.servlet.view.JstlView.class set as view class
2018-02-24 16:34:19 [ContainerBackgroundProcessor[StandardEngine[Catalina]]] INFO  c.m.s.w.s.GenericServletDemoServlet.<clinit>(29) - ************************Start - GenericServletDemoServlet************************
2018-02-24 16:34:19 [ContainerBackgroundProcessor[StandardEngine[Catalina]]] INFO  c.m.s.w.s.GenericServletDemoServlet.<clinit>(47) - ************************End - GenericServletDemoServlet************************
2018-02-24 16:36:01 [http-nio-8080-exec-8] INFO  c.m.s.w.l.HttpRequestLogInterceptor.preHandle(35) - 2018-02-24T16:36:01.975 - called url:/Spring-In-Action_WEBApp/list
2018-02-24 16:36:02 [http-nio-8080-exec-8] INFO  com.mvc.spittr.web.LoginController.listUsers(118) - spitterService is null? false
2018-02-24 16:36:02 [http-nio-8080-exec-8] INFO  com.mvc.spittr.web.LoginController.listUsers(124) - User is null? true
2018-02-24 16:36:02 [http-nio-8080-exec-8] INFO  c.mvc.spittr.web.util.WebFacilities.getPrincipal(31) - Auth valaue: anonymous
