2018-03-14 23:03:37 [http-nio-8080-exec-49] INFO  c.m.s.w.l.HttpRequestLogInterceptor.preHandle(35) - 2018-03-14T23:03:37.277 - called url:/Spring-In-Action_WEBApp/spitter/getrole-admin
2018-03-14 23:03:37 [http-nio-8080-exec-49] INFO  com.mvc.spittr.web.SpitterController.showRoleUsername(165) - UserRole added to model: 
2018-03-14 23:04:08 [http-nio-8080-exec-53] INFO  c.m.s.w.l.HttpRequestLogInterceptor.preHandle(35) - 2018-03-14T23:04:08.422 - called url:/Spring-In-Action_WEBApp/list
2018-03-14 23:04:08 [http-nio-8080-exec-53] INFO  com.mvc.spittr.web.LoginController.listUsers(119) - spitterService is null? false
2018-03-14 23:04:08 [http-nio-8080-exec-53] INFO  c.mvc.spittr.web.util.WebFacilities.getPrincipal(31) - Auth valaue: anonymous
2018-03-14 23:04:11 [http-nio-8080-exec-51] INFO  c.m.s.w.l.HttpRequestLogInterceptor.preHandle(35) - 2018-03-14T23:04:11.216 - called url:/Spring-In-Action_WEBApp/spitter/getrole-Beff
2018-03-14 23:04:11 [http-nio-8080-exec-51] INFO  com.mvc.spittr.web.SpitterController.showRoleUsername(165) - UserRole added to model: 
2018-03-14 23:06:02 [ContainerBackgroundProcessor[StandardEngine[Catalina]]] INFO  c.m.s.w.c.RoleToUserProfileConverter.<clinit>(27) - ************************Start RoleToUserProfileConverter************************
2018-03-14 23:06:02 [ContainerBackgroundProcessor[StandardEngine[Catalina]]] INFO  c.m.s.w.c.RoleToUserProfileConverter.<clinit>(42) - ************************End RoleToUserProfileConverter************************
2018-03-14 23:06:06 [ContainerBackgroundProcessor[StandardEngine[Catalina]]] INFO  c.m.s.w.l.HttpRequestLogInterceptor.<clinit>(28) - HttpRequestLogInterceptor initialized
2018-03-14 23:06:07 [ContainerBackgroundProcessor[StandardEngine[Catalina]]] INFO  com.mvc.spittr.web.SpittleController.<init>(55) - 2018-03-14T23:06:07.104 Constructor call
2018-03-14 23:06:09 [ContainerBackgroundProcessor[StandardEngine[Catalina]]] INFO  com.mvc.spittr.web.SpittleController.<init>(55) - 2018-03-14T23:06:09.076 Constructor call
2018-03-14 23:06:09 [ContainerBackgroundProcessor[StandardEngine[Catalina]]] INFO  c.m.s.w.s.GenericServletDemoServlet.<clinit>(29) - ************************Start - GenericServletDemoServlet************************
2018-03-14 23:06:09 [ContainerBackgroundProcessor[StandardEngine[Catalina]]] INFO  c.m.s.w.s.GenericServletDemoServlet.<clinit>(47) - ************************End - GenericServletDemoServlet************************
2018-03-14 23:06:27 [ContainerBackgroundProcessor[StandardEngine[Catalina]]] INFO  c.m.s.w.c.RoleToUserProfileConverter.<clinit>(27) - ************************Start RoleToUserProfileConverter************************
2018-03-14 23:06:27 [ContainerBackgroundProcessor[StandardEngine[Catalina]]] INFO  c.m.s.w.c.RoleToUserProfileConverter.<clinit>(42) - ************************End RoleToUserProfileConverter************************
2018-03-14 23:06:30 [ContainerBackgroundProcessor[StandardEngine[Catalina]]] INFO  c.m.s.w.l.HttpRequestLogInterceptor.<clinit>(28) - HttpRequestLogInterceptor initialized
2018-03-14 23:06:31 [ContainerBackgroundProcessor[StandardEngine[Catalina]]] INFO  com.mvc.spittr.web.SpittleController.<init>(55) - 2018-03-14T23:06:31.596 Constructor call
2018-03-14 23:06:33 [ContainerBackgroundProcessor[StandardEngine[Catalina]]] INFO  com.mvc.spittr.web.SpittleController.<init>(55) - 2018-03-14T23:06:33.556 Constructor call
2018-03-14 23:06:33 [ContainerBackgroundProcessor[StandardEngine[Catalina]]] INFO  c.m.s.w.s.GenericServletDemoServlet.<clinit>(29) - ************************Start - GenericServletDemoServlet************************
2018-03-14 23:06:33 [ContainerBackgroundProcessor[StandardEngine[Catalina]]] INFO  c.m.s.w.s.GenericServletDemoServlet.<clinit>(47) - ************************End - GenericServletDemoServlet************************
2018-03-14 23:06:39 [http-nio-8080-exec-57] INFO  c.m.s.w.l.HttpRequestLogInterceptor.preHandle(35) - 2018-03-14T23:06:39.593 - called url:/Spring-In-Action_WEBApp/spitter/getrole-Beff
2018-03-14 23:06:40 [http-nio-8080-exec-57] INFO  com.mvc.spittr.web.SpitterController.showRoleUsername(164) - UserRole added to model: UsernameRole [username=Beff, roles=[]] 
2018-03-14 23:07:59 [ContainerBackgroundProcessor[StandardEngine[Catalina]]] INFO  c.m.s.w.c.RoleToUserProfileConverter.<clinit>(27) - ************************Start RoleToUserProfileConverter************************
2018-03-14 23:07:59 [ContainerBackgroundProcessor[StandardEngine[Catalina]]] INFO  c.m.s.w.c.RoleToUserProfileConverter.<clinit>(42) - ************************End RoleToUserProfileConverter************************
2018-03-14 23:08:09 [ContainerBackgroundProcessor[StandardEngine[Catalina]]] INFO  c.m.s.w.l.HttpRequestLogInterceptor.<clinit>(28) - HttpRequestLogInterceptor initialized
2018-03-14 23:08:10 [ContainerBackgroundProcessor[StandardEngine[Catalina]]] INFO  com.mvc.spittr.web.SpittleController.<init>(55) - 2018-03-14T23:08:10.703 Constructor call
2018-03-14 23:08:15 [ContainerBackgroundProcessor[StandardEngine[Catalina]]] INFO  com.mvc.spittr.web.SpittleController.<init>(55) - 2018-03-14T23:08:15.497 Constructor call
2018-03-14 23:08:15 [ContainerBackgroundProcessor[StandardEngine[Catalina]]] INFO  c.m.s.w.s.GenericServletDemoServlet.<clinit>(29) - ************************Start - GenericServletDemoServlet************************
2018-03-14 23:08:15 [ContainerBackgroundProcessor[StandardEngine[Catalina]]] INFO  c.m.s.w.s.GenericServletDemoServlet.<clinit>(47) - ************************End - GenericServletDemoServlet************************
2018-03-14 23:10:27 [ContainerBackgroundProcessor[StandardEngine[Catalina]]] INFO  c.m.s.w.c.RoleToUserProfileConverter.<clinit>(27) - ************************Start RoleToUserProfileConverter************************
2018-03-14 23:10:27 [ContainerBackgroundProcessor[StandardEngine[Catalina]]] INFO  c.m.s.w.c.RoleToUserProfileConverter.<clinit>(42) - ************************End RoleToUserProfileConverter************************
2018-03-14 23:10:34 [ContainerBackgroundProcessor[StandardEngine[Catalina]]] INFO  c.m.s.w.l.HttpRequestLogInterceptor.<clinit>(28) - HttpRequestLogInterceptor initialized
2018-03-14 23:10:35 [ContainerBackgroundProcessor[StandardEngine[Catalina]]] INFO  com.mvc.spittr.web.SpittleController.<init>(55) - 2018-03-14T23:10:35.550 Constructor call
2018-03-14 23:10:38 [ContainerBackgroundProcessor[StandardEngine[Catalina]]] INFO  com.mvc.spittr.web.SpittleController.<init>(55) - 2018-03-14T23:10:38.019 Constructor call
2018-03-14 23:10:38 [ContainerBackgroundProcessor[StandardEngine[Catalina]]] INFO  c.m.s.w.s.GenericServletDemoServlet.<clinit>(29) - ************************Start - GenericServletDemoServlet************************
2018-03-14 23:10:38 [ContainerBackgroundProcessor[StandardEngine[Catalina]]] INFO  c.m.s.w.s.GenericServletDemoServlet.<clinit>(47) - ************************End - GenericServletDemoServlet************************
2018-03-14 23:21:17 [localhost-startStop-1] INFO  c.m.s.w.c.RoleToUserProfileConverter.<clinit>(27) - ************************Start RoleToUserProfileConverter************************
2018-03-14 23:21:17 [localhost-startStop-1] INFO  c.m.s.w.c.RoleToUserProfileConverter.<clinit>(42) - ************************End RoleToUserProfileConverter************************
2018-03-14 23:21:24 [localhost-startStop-1] INFO  c.m.s.w.l.HttpRequestLogInterceptor.<clinit>(28) - HttpRequestLogInterceptor initialized
2018-03-14 23:21:25 [localhost-startStop-1] INFO  com.mvc.spittr.web.SpittleController.<init>(55) - 2018-03-14T23:21:25.322 Constructor call
2018-03-14 23:21:28 [localhost-startStop-1] INFO  com.mvc.spittr.web.SpittleController.<init>(55) - 2018-03-14T23:21:28.370 Constructor call
2018-03-14 23:21:28 [localhost-startStop-1] INFO  c.m.s.w.s.GenericServletDemoServlet.<clinit>(29) - ************************Start - GenericServletDemoServlet************************
2018-03-14 23:21:28 [localhost-startStop-1] INFO  c.m.s.w.s.GenericServletDemoServlet.<clinit>(47) - ************************End - GenericServletDemoServlet************************
2018-03-14 23:22:06 [http-nio-8080-exec-3] INFO  c.m.s.w.l.HttpRequestLogInterceptor.preHandle(35) - 2018-03-14T23:22:06.670 - called url:/Spring-In-Action_WEBApp/list
2018-03-14 23:22:06 [http-nio-8080-exec-3] INFO  com.mvc.spittr.web.LoginController.listUsers(119) - spitterService is null? false
2018-03-14 23:22:07 [http-nio-8080-exec-3] INFO  c.mvc.spittr.web.util.WebFacilities.getPrincipal(31) - Auth valaue: anonymous
2018-03-14 23:22:21 [http-nio-8080-exec-6] INFO  c.m.s.w.l.HttpRequestLogInterceptor.preHandle(35) - 2018-03-14T23:22:21.126 - called url:/Spring-In-Action_WEBApp/spitter/getrole-Beff
2018-03-14 23:22:21 [http-nio-8080-exec-6] INFO  com.mvc.spittr.web.SpitterController.showRoleUsername(164) - UserRole added to model: UsernameRole [username=Beff, roles=[]] - []
