2018-02-10 23:25:52 [http-nio-8080-exec-93] INFO  c.m.s.w.l.HttpRequestLogInterceptor.preHandle(35) - 2018-02-10T23:25:52.660 - called url:/Spring-In-Action_WEBApp/spittle
2018-02-10 23:25:52 [http-nio-8080-exec-93] INFO  com.mvc.spittr.web.SpittleController.spittles(81) - 2018-02-10T23:25:52.833 /spittle called
2018-02-10 23:25:54 [http-nio-8080-exec-92] INFO  c.m.s.w.l.HttpRequestLogInterceptor.preHandle(35) - 2018-02-10T23:25:54.890 - called url:/Spring-In-Action_WEBApp/spittle
2018-02-10 23:25:57 [http-nio-8080-exec-91] INFO  c.m.s.w.l.HttpRequestLogInterceptor.preHandle(35) - 2018-02-10T23:25:57.352 - called url:/Spring-In-Action_WEBApp/spittle
2018-02-10 23:25:59 [http-nio-8080-exec-96] INFO  c.m.s.w.l.HttpRequestLogInterceptor.preHandle(35) - 2018-02-10T23:25:59.638 - called url:/Spring-In-Action_WEBApp/spitter
2018-02-10 23:26:12 [http-nio-8080-exec-89] INFO  c.m.s.w.l.HttpRequestLogInterceptor.preHandle(35) - 2018-02-10T23:26:12.279 - called url:/Spring-In-Action_WEBApp/spittle
2018-02-10 23:26:18 [http-nio-8080-exec-88] INFO  c.m.s.w.l.HttpRequestLogInterceptor.preHandle(35) - 2018-02-10T23:26:18.342 - called url:/Spring-In-Action_WEBApp/spittle
2018-02-10 23:34:02 [localhost-startStop-1] INFO  c.m.s.w.c.SecurityWebApplicationInitializer.<clinit>(16) - 1 ************************SecurityWebApplicationInitializer Intizialized************************
2018-02-10 23:34:02 [localhost-startStop-1] INFO  c.m.s.web.config.WebAppInitializer.<clinit>(55) - ************************Start WebAppInitializer************************
2018-02-10 23:34:02 [localhost-startStop-1] INFO  c.m.s.web.config.WebAppInitializer.<clinit>(161) - ************************End WebAppInitializer************************
2018-02-10 23:34:02 [localhost-startStop-1] INFO  c.m.s.w.c.ApacheServletInitializer.<clinit>(29) - ************************Start AppWebConfig************************
2018-02-10 23:34:02 [localhost-startStop-1] INFO  c.m.s.w.c.ApacheServletInitializer.<clinit>(83) - ************************End AppWebConfig************************
2018-02-10 23:34:02 [localhost-startStop-1] INFO  c.m.s.web.config.WebAppInitializer.getRootConfigClasses(66) - AppRootConfig configured
2018-02-10 23:34:02 [localhost-startStop-1] INFO  c.m.s.web.config.WebAppInitializer.getServletConfigClasses(81) - AppWebConfig configured
2018-02-10 23:34:02 [localhost-startStop-1] INFO  c.m.s.web.config.WebAppInitializer.customizeRegistration(118) - CustomizeRegistration initialized
2018-02-10 23:34:02 [localhost-startStop-1] INFO  c.m.s.web.config.WebAppInitializer.customizeRegistration(128) - ***START*** Multipart initializing 
2018-02-10 23:34:02 [localhost-startStop-1] INFO  c.m.s.web.config.WebAppInitializer.customizeRegistration(129) - Download Directory:/tmp
2018-02-10 23:34:02 [localhost-startStop-1] INFO  c.m.s.web.config.WebAppInitializer.customizeRegistration(137) - Multipart uploads files at /home/sabaja/Scrivania/spring-hibernate-workspace/Spring-In-Action_WebApp/Downloads, maxFileSize=2097152, maxRequestSize=4194304, fileSizeThreshold=0
2018-02-10 23:34:02 [localhost-startStop-1] INFO  c.m.s.web.config.WebAppInitializer.customizeRegistration(140) - ***END*** Multipart initialized 
2018-02-10 23:34:02 [localhost-startStop-1] INFO  c.m.s.w.c.ApacheServletInitializer.onStartup(37) - WebApplicationInitializer@ServletApacheInitializer instantiated
2018-02-10 23:34:02 [localhost-startStop-1] INFO  c.m.s.w.c.ApacheServletInitializer.onStartup(52) - Servlet [com.mvc.spittr.web.servlet.GenericServletDemoServlet] was added
2018-02-10 23:34:04 [localhost-startStop-1] INFO  c.m.spittr.web.config.AppRootConfig.<clinit>(59) - ************************AppRootConfig************************
2018-02-10 23:34:04 [localhost-startStop-1] INFO  c.m.s.web.config.WebSecurityConfig.<clinit>(72) - ************************Start - WebSecurityConfig************************
2018-02-10 23:34:04 [localhost-startStop-1] INFO  c.m.s.web.config.WebSecurityConfig.<clinit>(226) - ************************End - WebSecurityConfig************************
2018-02-10 23:34:04 [localhost-startStop-1] INFO  c.mvc.spittr.web.config.AppWebConfig.<clinit>(49) - ************************Start AppWebConfig************************
2018-02-10 23:34:04 [localhost-startStop-1] INFO  c.mvc.spittr.web.config.AppWebConfig.<clinit>(209) - ************************End AppWebConfig************************
2018-02-10 23:34:05 [localhost-startStop-1] INFO  c.m.spittr.web.config.AppRootConfig.messageSource(74) - MessageSource initialized
2018-02-10 23:34:05 [localhost-startStop-1] INFO  c.m.s.web.config.WebSecurityConfig.getAuthenticationTrustResolver(111) - AuthenticationTrustResolver  initialized
2018-02-10 23:34:05 [localhost-startStop-1] INFO  c.m.s.w.c.RoleToUserProfileConverter.<clinit>(27) - ************************Start RoleToUserProfileConverter************************
2018-02-10 23:34:05 [localhost-startStop-1] INFO  c.m.s.w.c.RoleToUserProfileConverter.<clinit>(42) - ************************End RoleToUserProfileConverter************************
2018-02-10 23:34:05 [localhost-startStop-1] INFO  c.m.spittr.web.config.AppRootConfig.dataSource(142) - ***HIBERNATE*** - DB DataSource initialized - HIBERNATE -
2018-02-10 23:34:05 [localhost-startStop-1] INFO  c.m.spittr.web.config.AppRootConfig.getSessionFactory(150) - ***HIBERNATE*** - LocalSessionFactoryBean initialized - HIBERNATE -
2018-02-10 23:34:05 [localhost-startStop-1] INFO  c.m.spittr.web.config.AppRootConfig.getSessionFactory(152) - ***HIBERNATE*** - HibernateProperties initialized - HIBERNATE -
2018-02-10 23:34:10 [localhost-startStop-1] INFO  c.m.s.w.l.HttpRequestLogInterceptor.<clinit>(28) - HttpRequestLogInterceptor initialized
2018-02-10 23:34:10 [localhost-startStop-1] INFO  c.mvc.spittr.web.config.AppWebConfig.setApplicationContext(55) - InternalResourceViewResolver inizialized
2018-02-10 23:34:10 [localhost-startStop-1] INFO  c.m.s.web.config.WebSecurityConfig.getSpitterDetailService(98) - SpitterDetailService  initialized
2018-02-10 23:34:10 [localhost-startStop-1] INFO  c.m.s.web.config.WebSecurityConfig.getAuthenticationProvider(219) - UserDetailsService initialized
2018-02-10 23:34:10 [localhost-startStop-1] INFO  c.m.s.web.config.WebSecurityConfig.passwordEncoder(231) - BCryptPasswordEncoder  initialized
2018-02-10 23:34:10 [localhost-startStop-1] INFO  c.m.s.web.config.WebSecurityConfig.getAuthenticationProvider(221) - Password encriptinig
2018-02-10 23:34:10 [localhost-startStop-1] INFO  c.m.s.web.config.WebSecurityConfig.configureGlobalSecurity(208) - ConfigureGlobalSecurity user permit initialized
2018-02-10 23:34:10 [localhost-startStop-1] INFO  c.m.s.web.config.WebSecurityConfig.getTokenRepository(104) - HibernateTokenRepositoryImpl  initialized
2018-02-10 23:34:10 [localhost-startStop-1] INFO  c.m.s.web.config.WebSecurityConfig.getPersistentTokenBasedRememberMeServices(241) - PersistentTokenService  initialized
2018-02-10 23:34:10 [localhost-startStop-1] DEBUG com.mvc.spittr.web.SpittleController.<init>(53) - 2018-02-10T23:34:10.949 Constructor call
2018-02-10 23:34:10 [localhost-startStop-1] INFO  c.m.spittr.web.config.AppRootConfig.multipartResolver(92) - MultipartResolver initialized
2018-02-10 23:34:11 [localhost-startStop-1] INFO  c.m.spittr.web.config.AppRootConfig.getTransactionManager(165) - ***HIBERNATE*** - HibernateTransactionManager initialized - HIBERNATE -
2018-02-10 23:34:11 [localhost-startStop-1] INFO  c.m.spittr.web.config.AppRootConfig.getSimpleMessage(184) - SimpleMailMessage initialized
2018-02-10 23:34:11 [localhost-startStop-1] INFO  c.m.spittr.web.config.AppRootConfig.getJavaMailSender(207) - JavaMailMessage initialized
2018-02-10 23:34:11 [localhost-startStop-1] INFO  c.mvc.spittr.web.config.AppWebConfig.addInterceptors(122) - Interceptor added urls: /* /**
2018-02-10 23:34:11 [localhost-startStop-1] INFO  c.mvc.spittr.web.config.AppWebConfig.addFormatters(104) - Converter initialized, it converts string values[Roles] to UserProfiles
2018-02-10 23:34:11 [localhost-startStop-1] INFO  c.mvc.spittr.web.config.AppWebConfig.configureDefaultServletHandling(110) - DefaultServletHandlerConfigurer inizialized
2018-02-10 23:34:12 [localhost-startStop-1] INFO  c.mvc.spittr.web.config.AppWebConfig.viewResolver(65) - InternalResourceViewResolver inizialized
2018-02-10 23:34:12 [localhost-startStop-1] INFO  c.mvc.spittr.web.config.AppWebConfig.viewResolver(70) - resolver setting prefix /WEB-INF/views/
2018-02-10 23:34:12 [localhost-startStop-1] INFO  c.mvc.spittr.web.config.AppWebConfig.viewResolver(72) - resolver setting suffix .jsp
2018-02-10 23:34:12 [localhost-startStop-1] INFO  c.mvc.spittr.web.config.AppWebConfig.viewResolver(75) - org.springframework.web.servlet.view.JstlView.class set as view class
2018-02-10 23:34:12 [localhost-startStop-1] INFO  c.mvc.spittr.web.config.AppWebConfig.viewResolver2(82) - InternalResourceViewResolver for html inizialized
2018-02-10 23:34:12 [localhost-startStop-1] INFO  c.mvc.spittr.web.config.AppWebConfig.viewResolver2(87) - resolver setting prefix /WEB-INF/views/
2018-02-10 23:34:12 [localhost-startStop-1] INFO  c.mvc.spittr.web.config.AppWebConfig.viewResolver2(89) - resolver setting suffix .html
2018-02-10 23:34:12 [localhost-startStop-1] INFO  c.mvc.spittr.web.config.AppWebConfig.viewResolver2(92) - org.springframework.web.servlet.view.JstlView.class set as view class
2018-02-10 23:34:12 [localhost-startStop-1] INFO  c.m.s.web.config.WebSecurityConfig.configure(178) - WebSecurityConfig$$EnhancerBySpringCGLIB$$6e9d4f42::configure view permit
2018-02-10 23:34:12 [localhost-startStop-1] INFO  c.m.s.web.config.WebSecurityConfig.configure(179) - WebSecurityConfig$$EnhancerBySpringCGLIB$$6e9d4f42 initialized
2018-02-10 23:34:13 [localhost-startStop-1] INFO  c.m.spittr.web.config.AppRootConfig.messageSource(74) - MessageSource initialized
2018-02-10 23:34:13 [localhost-startStop-1] INFO  c.m.spittr.web.config.AppRootConfig.dataSource(142) - ***HIBERNATE*** - DB DataSource initialized - HIBERNATE -
2018-02-10 23:34:13 [localhost-startStop-1] INFO  c.m.spittr.web.config.AppRootConfig.getSessionFactory(150) - ***HIBERNATE*** - LocalSessionFactoryBean initialized - HIBERNATE -
2018-02-10 23:34:13 [localhost-startStop-1] INFO  c.m.spittr.web.config.AppRootConfig.getSessionFactory(152) - ***HIBERNATE*** - HibernateProperties initialized - HIBERNATE -
2018-02-10 23:34:14 [localhost-startStop-1] INFO  c.mvc.spittr.web.config.AppWebConfig.setApplicationContext(55) - InternalResourceViewResolver inizialized
2018-02-10 23:34:14 [localhost-startStop-1] INFO  c.m.s.web.config.WebSecurityConfig.getAuthenticationTrustResolver(111) - AuthenticationTrustResolver  initialized
2018-02-10 23:34:14 [localhost-startStop-1] INFO  c.m.s.web.config.WebSecurityConfig.getSpitterDetailService(98) - SpitterDetailService  initialized
2018-02-10 23:34:14 [localhost-startStop-1] INFO  c.m.s.web.config.WebSecurityConfig.getAuthenticationProvider(219) - UserDetailsService initialized
2018-02-10 23:34:14 [localhost-startStop-1] INFO  c.m.s.web.config.WebSecurityConfig.passwordEncoder(231) - BCryptPasswordEncoder  initialized
2018-02-10 23:34:14 [localhost-startStop-1] INFO  c.m.s.web.config.WebSecurityConfig.getAuthenticationProvider(221) - Password encriptinig
2018-02-10 23:34:14 [localhost-startStop-1] INFO  c.m.s.web.config.WebSecurityConfig.configureGlobalSecurity(208) - ConfigureGlobalSecurity user permit initialized
2018-02-10 23:34:14 [localhost-startStop-1] INFO  c.m.s.web.config.WebSecurityConfig.getTokenRepository(104) - HibernateTokenRepositoryImpl  initialized
2018-02-10 23:34:14 [localhost-startStop-1] INFO  c.m.s.web.config.WebSecurityConfig.getPersistentTokenBasedRememberMeServices(241) - PersistentTokenService  initialized
2018-02-10 23:34:14 [localhost-startStop-1] DEBUG com.mvc.spittr.web.SpittleController.<init>(53) - 2018-02-10T23:34:14.683 Constructor call
2018-02-10 23:34:14 [localhost-startStop-1] INFO  c.m.spittr.web.config.AppRootConfig.multipartResolver(92) - MultipartResolver initialized
2018-02-10 23:34:14 [localhost-startStop-1] INFO  c.m.spittr.web.config.AppRootConfig.getTransactionManager(165) - ***HIBERNATE*** - HibernateTransactionManager initialized - HIBERNATE -
2018-02-10 23:34:14 [localhost-startStop-1] INFO  c.m.spittr.web.config.AppRootConfig.getSimpleMessage(184) - SimpleMailMessage initialized
2018-02-10 23:34:14 [localhost-startStop-1] INFO  c.m.spittr.web.config.AppRootConfig.getJavaMailSender(207) - JavaMailMessage initialized
2018-02-10 23:34:14 [localhost-startStop-1] INFO  c.m.s.web.config.WebSecurityConfig.configure(178) - WebSecurityConfig$$EnhancerBySpringCGLIB$$6e9d4f42::configure view permit
2018-02-10 23:34:14 [localhost-startStop-1] INFO  c.m.s.web.config.WebSecurityConfig.configure(179) - WebSecurityConfig$$EnhancerBySpringCGLIB$$6e9d4f42 initialized
2018-02-10 23:34:15 [localhost-startStop-1] INFO  c.mvc.spittr.web.config.AppWebConfig.addInterceptors(122) - Interceptor added urls: /* /**
2018-02-10 23:34:15 [localhost-startStop-1] INFO  c.mvc.spittr.web.config.AppWebConfig.addFormatters(104) - Converter initialized, it converts string values[Roles] to UserProfiles
2018-02-10 23:34:15 [localhost-startStop-1] INFO  c.mvc.spittr.web.config.AppWebConfig.configureDefaultServletHandling(110) - DefaultServletHandlerConfigurer inizialized
2018-02-10 23:34:15 [localhost-startStop-1] INFO  c.mvc.spittr.web.config.AppWebConfig.viewResolver(65) - InternalResourceViewResolver inizialized
2018-02-10 23:34:15 [localhost-startStop-1] INFO  c.mvc.spittr.web.config.AppWebConfig.viewResolver(70) - resolver setting prefix /WEB-INF/views/
2018-02-10 23:34:15 [localhost-startStop-1] INFO  c.mvc.spittr.web.config.AppWebConfig.viewResolver(72) - resolver setting suffix .jsp
2018-02-10 23:34:15 [localhost-startStop-1] INFO  c.mvc.spittr.web.config.AppWebConfig.viewResolver(75) - org.springframework.web.servlet.view.JstlView.class set as view class
2018-02-10 23:34:15 [localhost-startStop-1] INFO  c.mvc.spittr.web.config.AppWebConfig.viewResolver2(82) - InternalResourceViewResolver for html inizialized
2018-02-10 23:34:15 [localhost-startStop-1] INFO  c.mvc.spittr.web.config.AppWebConfig.viewResolver2(87) - resolver setting prefix /WEB-INF/views/
2018-02-10 23:34:15 [localhost-startStop-1] INFO  c.mvc.spittr.web.config.AppWebConfig.viewResolver2(89) - resolver setting suffix .html
2018-02-10 23:34:15 [localhost-startStop-1] INFO  c.mvc.spittr.web.config.AppWebConfig.viewResolver2(92) - org.springframework.web.servlet.view.JstlView.class set as view class
2018-02-10 23:34:15 [localhost-startStop-1] INFO  c.m.s.w.s.GenericServletDemoServlet.<clinit>(29) - ************************Start - GenericServletDemoServlet************************
2018-02-10 23:34:15 [localhost-startStop-1] INFO  c.m.s.w.s.GenericServletDemoServlet.<clinit>(47) - ************************End - GenericServletDemoServlet************************
2018-02-10 23:34:20 [http-nio-8080-exec-2] INFO  c.m.s.w.l.HttpRequestLogInterceptor.preHandle(35) - 2018-02-10T23:34:20.197 - called url:/Spring-In-Action_WEBApp/
2018-02-10 23:34:26 [http-nio-8080-exec-4] INFO  c.m.s.w.l.HttpRequestLogInterceptor.preHandle(35) - 2018-02-10T23:34:26.174 - called url:/Spring-In-Action_WEBApp/spitter
2018-02-10 23:34:27 [http-nio-8080-exec-7] INFO  c.m.s.w.l.HttpRequestLogInterceptor.preHandle(35) - 2018-02-10T23:34:27.763 - called url:/Spring-In-Action_WEBApp/spittle
2018-02-10 23:34:28 [http-nio-8080-exec-7] INFO  com.mvc.spittr.web.SpittleController.spittles(81) - 2018-02-10T23:34:28.548 /spittle called
2018-02-10 23:34:32 [http-nio-8080-exec-8] INFO  c.m.s.w.l.HttpRequestLogInterceptor.preHandle(35) - 2018-02-10T23:34:32.991 - called url:/Spring-In-Action_WEBApp/spittle/9
2018-02-10 23:34:33 [http-nio-8080-exec-8] INFO  com.mvc.spittr.web.SpittleController.spittle(141) - http://localhost:8080/Spring-In-Action_WEBApp/spittle/9 request called 
2018-02-10 23:34:33 [http-nio-8080-exec-8] INFO  com.mvc.spittr.web.SpittleController.spittle(142) - 2018-02-10T23:34:33.108 single view is called with param 9 
2018-02-10 23:35:03 [http-nio-8080-exec-1] INFO  c.m.s.w.l.HttpRequestLogInterceptor.preHandle(35) - 2018-02-10T23:35:03.555 - called url:/Spring-In-Action_WEBApp/logout
2018-02-10 23:35:03 [http-nio-8080-exec-1] INFO  com.mvc.spittr.web.LoginController.logoutPage(177) - Before Logout - authentication_org.springframework.security.authentication.AnonymousAuthenticationToken@905571d8: Principal: anonymousUser; Credentials: [PROTECTED]; Authenticated: true; Details: org.springframework.security.web.authentication.WebAuthenticationDetails@0: RemoteIpAddress: 127.0.0.1; SessionId: 6A939F319A3F5FF2A331F76BBF51DC33; Granted Authorities: ROLE_ANONYMOUS 
2018-02-10 23:35:03 [http-nio-8080-exec-1] INFO  com.mvc.spittr.web.LoginController.logoutPage(183) - After Logout authentication_org.springframework.security.authentication.AnonymousAuthenticationToken@905571d8: Principal: anonymousUser; Credentials: [PROTECTED]; Authenticated: true; Details: org.springframework.security.web.authentication.WebAuthenticationDetails@0: RemoteIpAddress: 127.0.0.1; SessionId: 6A939F319A3F5FF2A331F76BBF51DC33; Granted Authorities: ROLE_ANONYMOUS 
2018-02-10 23:35:03 [http-nio-8080-exec-2] INFO  c.m.s.w.l.HttpRequestLogInterceptor.preHandle(35) - 2018-02-10T23:35:03.730 - called url:/Spring-In-Action_WEBApp/
2018-02-10 23:35:05 [http-nio-8080-exec-5] INFO  c.m.s.w.l.HttpRequestLogInterceptor.preHandle(35) - 2018-02-10T23:35:05.576 - called url:/Spring-In-Action_WEBApp/spitter
2018-02-10 23:36:25 [http-nio-8080-exec-8] INFO  c.m.s.w.l.HttpRequestLogInterceptor.preHandle(35) - 2018-02-10T23:36:25.417 - called url:/Spring-In-Action_WEBApp/spittle
2018-02-10 23:36:25 [http-nio-8080-exec-8] INFO  com.mvc.spittr.web.SpittleController.spittles(81) - 2018-02-10T23:36:25.433 /spittle called
2018-02-10 23:40:39 [http-nio-8080-exec-1] INFO  c.m.s.w.l.HttpRequestLogInterceptor.preHandle(35) - 2018-02-10T23:40:39.930 - called url:/Spring-In-Action_WEBApp/spittle
2018-02-10 23:40:39 [http-nio-8080-exec-1] INFO  com.mvc.spittr.web.SpittleController.spittles(81) - 2018-02-10T23:40:39.984 /spittle called
2018-02-10 23:41:33 [http-nio-8080-exec-7] INFO  c.m.s.w.l.HttpRequestLogInterceptor.preHandle(35) - 2018-02-10T23:41:33.293 - called url:/Spring-In-Action_WEBApp/spittle/9
2018-02-10 23:41:33 [http-nio-8080-exec-7] INFO  com.mvc.spittr.web.SpittleController.spittle(141) - http://localhost:8080/Spring-In-Action_WEBApp/spittle/9 request called 
2018-02-10 23:41:33 [http-nio-8080-exec-7] INFO  com.mvc.spittr.web.SpittleController.spittle(142) - 2018-02-10T23:41:33.306 single view is called with param 9 
2018-02-10 23:43:24 [http-nio-8080-exec-9] INFO  c.m.s.w.l.HttpRequestLogInterceptor.preHandle(35) - 2018-02-10T23:43:24.323 - called url:/Spring-In-Action_WEBApp/spittle
2018-02-10 23:43:24 [http-nio-8080-exec-9] INFO  com.mvc.spittr.web.SpittleController.spittles(81) - 2018-02-10T23:43:24.338 /spittle called
2018-02-10 23:43:28 [http-nio-8080-exec-10] INFO  c.m.s.w.l.HttpRequestLogInterceptor.preHandle(35) - 2018-02-10T23:43:28.268 - called url:/Spring-In-Action_WEBApp/spittle/9
2018-02-10 23:43:28 [http-nio-8080-exec-10] INFO  com.mvc.spittr.web.SpittleController.spittle(141) - http://localhost:8080/Spring-In-Action_WEBApp/spittle/9 request called 
2018-02-10 23:43:28 [http-nio-8080-exec-10] INFO  com.mvc.spittr.web.SpittleController.spittle(142) - 2018-02-10T23:43:28.279 single view is called with param 9 
2018-02-10 23:45:38 [http-nio-8080-exec-1] INFO  c.m.s.w.l.HttpRequestLogInterceptor.preHandle(35) - 2018-02-10T23:45:38.331 - called url:/Spring-In-Action_WEBApp/spittle
2018-02-10 23:45:38 [http-nio-8080-exec-1] INFO  com.mvc.spittr.web.SpittleController.spittles(81) - 2018-02-10T23:45:38.356 /spittle called
2018-02-10 23:45:40 [http-nio-8080-exec-5] INFO  c.m.s.w.l.HttpRequestLogInterceptor.preHandle(35) - 2018-02-10T23:45:40.476 - called url:/Spring-In-Action_WEBApp/spittle/9
2018-02-10 23:45:40 [http-nio-8080-exec-5] INFO  com.mvc.spittr.web.SpittleController.spittle(141) - http://localhost:8080/Spring-In-Action_WEBApp/spittle/9 request called 
2018-02-10 23:45:40 [http-nio-8080-exec-5] INFO  com.mvc.spittr.web.SpittleController.spittle(142) - 2018-02-10T23:45:40.491 single view is called with param 9 
2018-02-10 23:46:32 [http-nio-8080-exec-6] INFO  c.m.s.w.l.HttpRequestLogInterceptor.preHandle(35) - 2018-02-10T23:46:32.813 - called url:/Spring-In-Action_WEBApp/spittle
2018-02-10 23:46:32 [http-nio-8080-exec-6] INFO  com.mvc.spittr.web.SpittleController.spittles(81) - 2018-02-10T23:46:32.829 /spittle called
2018-02-10 23:46:34 [http-nio-8080-exec-9] INFO  c.m.s.w.l.HttpRequestLogInterceptor.preHandle(35) - 2018-02-10T23:46:34.379 - called url:/Spring-In-Action_WEBApp/spittle/9
2018-02-10 23:46:34 [http-nio-8080-exec-9] INFO  com.mvc.spittr.web.SpittleController.spittle(141) - http://localhost:8080/Spring-In-Action_WEBApp/spittle/9 request called 
2018-02-10 23:46:34 [http-nio-8080-exec-9] INFO  com.mvc.spittr.web.SpittleController.spittle(142) - 2018-02-10T23:46:34.389 single view is called with param 9 
2018-02-10 23:47:34 [http-nio-8080-exec-3] INFO  c.m.s.w.l.HttpRequestLogInterceptor.preHandle(35) - 2018-02-10T23:47:34.186 - called url:/Spring-In-Action_WEBApp/spittle
2018-02-10 23:47:34 [http-nio-8080-exec-3] INFO  com.mvc.spittr.web.SpittleController.spittles(81) - 2018-02-10T23:47:34.200 /spittle called
2018-02-10 23:47:35 [http-nio-8080-exec-4] INFO  c.m.s.w.l.HttpRequestLogInterceptor.preHandle(35) - 2018-02-10T23:47:35.449 - called url:/Spring-In-Action_WEBApp/spittle/9
2018-02-10 23:47:35 [http-nio-8080-exec-4] INFO  com.mvc.spittr.web.SpittleController.spittle(141) - http://localhost:8080/Spring-In-Action_WEBApp/spittle/9 request called 
2018-02-10 23:47:35 [http-nio-8080-exec-4] INFO  com.mvc.spittr.web.SpittleController.spittle(142) - 2018-02-10T23:47:35.460 single view is called with param 9 
2018-02-10 23:47:44 [http-nio-8080-exec-5] INFO  c.m.s.w.l.HttpRequestLogInterceptor.preHandle(35) - 2018-02-10T23:47:44.791 - called url:/Spring-In-Action_WEBApp/spittle/9
2018-02-10 23:47:44 [http-nio-8080-exec-5] INFO  com.mvc.spittr.web.SpittleController.spittle(141) - http://localhost:8080/Spring-In-Action_WEBApp/spittle/9 request called 
2018-02-10 23:47:44 [http-nio-8080-exec-5] INFO  com.mvc.spittr.web.SpittleController.spittle(142) - 2018-02-10T23:47:44.801 single view is called with param 9 
2018-02-10 23:47:50 [http-nio-8080-exec-7] INFO  c.m.s.w.l.HttpRequestLogInterceptor.preHandle(35) - 2018-02-10T23:47:50.286 - called url:/Spring-In-Action_WEBApp/logout
2018-02-10 23:47:50 [http-nio-8080-exec-7] INFO  com.mvc.spittr.web.LoginController.logoutPage(177) - Before Logout - authentication_org.springframework.security.authentication.AnonymousAuthenticationToken@905571d8: Principal: anonymousUser; Credentials: [PROTECTED]; Authenticated: true; Details: org.springframework.security.web.authentication.WebAuthenticationDetails@0: RemoteIpAddress: 127.0.0.1; SessionId: 6A939F319A3F5FF2A331F76BBF51DC33; Granted Authorities: ROLE_ANONYMOUS 
2018-02-10 23:47:50 [http-nio-8080-exec-7] INFO  com.mvc.spittr.web.LoginController.logoutPage(183) - After Logout authentication_org.springframework.security.authentication.AnonymousAuthenticationToken@905571d8: Principal: anonymousUser; Credentials: [PROTECTED]; Authenticated: true; Details: org.springframework.security.web.authentication.WebAuthenticationDetails@0: RemoteIpAddress: 127.0.0.1; SessionId: 6A939F319A3F5FF2A331F76BBF51DC33; Granted Authorities: ROLE_ANONYMOUS 
2018-02-10 23:47:50 [http-nio-8080-exec-8] INFO  c.m.s.w.l.HttpRequestLogInterceptor.preHandle(35) - 2018-02-10T23:47:50.299 - called url:/Spring-In-Action_WEBApp/
2018-02-10 23:47:51 [http-nio-8080-exec-9] INFO  c.m.s.w.l.HttpRequestLogInterceptor.preHandle(35) - 2018-02-10T23:47:51.678 - called url:/Spring-In-Action_WEBApp/spitter
2018-02-10 23:47:53 [http-nio-8080-exec-1] INFO  c.m.s.w.l.HttpRequestLogInterceptor.preHandle(35) - 2018-02-10T23:47:53.910 - called url:/Spring-In-Action_WEBApp/spittle
2018-02-10 23:47:57 [http-nio-8080-exec-2] INFO  c.m.s.w.l.HttpRequestLogInterceptor.preHandle(35) - 2018-02-10T23:47:57.872 - called url:/Spring-In-Action_WEBApp/spittle
2018-02-10 23:48:06 [http-nio-8080-exec-5] INFO  c.m.s.w.l.HttpRequestLogInterceptor.preHandle(35) - 2018-02-10T23:48:06.112 - called url:/Spring-In-Action_WEBApp/logout
2018-02-10 23:48:06 [http-nio-8080-exec-5] INFO  com.mvc.spittr.web.LoginController.logoutPage(177) - Before Logout - authentication_org.springframework.security.authentication.AnonymousAuthenticationToken@905571d8: Principal: anonymousUser; Credentials: [PROTECTED]; Authenticated: true; Details: org.springframework.security.web.authentication.WebAuthenticationDetails@0: RemoteIpAddress: 127.0.0.1; SessionId: 6A939F319A3F5FF2A331F76BBF51DC33; Granted Authorities: ROLE_ANONYMOUS 
2018-02-10 23:48:11 [http-nio-8080-exec-6] INFO  c.m.s.w.l.HttpRequestLogInterceptor.preHandle(35) - 2018-02-10T23:48:11.676 - called url:/Spring-In-Action_WEBApp/spittle
2018-02-10 23:48:16 [http-nio-8080-exec-8] INFO  c.m.s.w.l.HttpRequestLogInterceptor.preHandle(35) - 2018-02-10T23:48:16.984 - called url:/Spring-In-Action_WEBApp/spittle
2018-02-10 23:48:29 [http-nio-8080-exec-10] INFO  c.m.s.w.l.HttpRequestLogInterceptor.preHandle(35) - 2018-02-10T23:48:29.590 - called url:/Spring-In-Action_WEBApp/spittle
2018-02-10 23:49:37 [localhost-startStop-1] INFO  c.m.s.w.c.SecurityWebApplicationInitializer.<clinit>(16) - 1 ************************SecurityWebApplicationInitializer Intizialized************************
2018-02-10 23:49:37 [localhost-startStop-1] INFO  c.m.s.web.config.WebAppInitializer.<clinit>(55) - ************************Start WebAppInitializer************************
2018-02-10 23:49:37 [localhost-startStop-1] INFO  c.m.s.web.config.WebAppInitializer.<clinit>(161) - ************************End WebAppInitializer************************
2018-02-10 23:49:37 [localhost-startStop-1] INFO  c.m.s.w.c.ApacheServletInitializer.<clinit>(29) - ************************Start AppWebConfig************************
2018-02-10 23:49:37 [localhost-startStop-1] INFO  c.m.s.w.c.ApacheServletInitializer.<clinit>(83) - ************************End AppWebConfig************************
2018-02-10 23:49:38 [localhost-startStop-1] INFO  c.m.s.web.config.WebAppInitializer.getRootConfigClasses(66) - AppRootConfig configured
2018-02-10 23:49:38 [localhost-startStop-1] INFO  c.m.s.web.config.WebAppInitializer.getServletConfigClasses(81) - AppWebConfig configured
2018-02-10 23:49:38 [localhost-startStop-1] INFO  c.m.s.web.config.WebAppInitializer.customizeRegistration(118) - CustomizeRegistration initialized
2018-02-10 23:49:38 [localhost-startStop-1] INFO  c.m.s.web.config.WebAppInitializer.customizeRegistration(128) - ***START*** Multipart initializing 
2018-02-10 23:49:38 [localhost-startStop-1] INFO  c.m.s.web.config.WebAppInitializer.customizeRegistration(129) - Download Directory:/tmp
2018-02-10 23:49:38 [localhost-startStop-1] INFO  c.m.s.web.config.WebAppInitializer.customizeRegistration(137) - Multipart uploads files at /home/sabaja/Scrivania/spring-hibernate-workspace/Spring-In-Action_WebApp/Downloads, maxFileSize=2097152, maxRequestSize=4194304, fileSizeThreshold=0
2018-02-10 23:49:38 [localhost-startStop-1] INFO  c.m.s.web.config.WebAppInitializer.customizeRegistration(140) - ***END*** Multipart initialized 
2018-02-10 23:49:38 [localhost-startStop-1] INFO  c.m.s.w.c.ApacheServletInitializer.onStartup(37) - WebApplicationInitializer@ServletApacheInitializer instantiated
2018-02-10 23:49:38 [localhost-startStop-1] INFO  c.m.s.w.c.ApacheServletInitializer.onStartup(52) - Servlet [com.mvc.spittr.web.servlet.GenericServletDemoServlet] was added
2018-02-10 23:49:39 [localhost-startStop-1] INFO  c.m.spittr.web.config.AppRootConfig.<clinit>(59) - ************************AppRootConfig************************
2018-02-10 23:49:39 [localhost-startStop-1] INFO  c.m.s.web.config.WebSecurityConfig.<clinit>(72) - ************************Start - WebSecurityConfig************************
2018-02-10 23:49:39 [localhost-startStop-1] INFO  c.m.s.web.config.WebSecurityConfig.<clinit>(226) - ************************End - WebSecurityConfig************************
2018-02-10 23:49:39 [localhost-startStop-1] INFO  c.mvc.spittr.web.config.AppWebConfig.<clinit>(49) - ************************Start AppWebConfig************************
2018-02-10 23:49:39 [localhost-startStop-1] INFO  c.mvc.spittr.web.config.AppWebConfig.<clinit>(209) - ************************End AppWebConfig************************
2018-02-10 23:49:40 [localhost-startStop-1] INFO  c.m.spittr.web.config.AppRootConfig.messageSource(74) - MessageSource initialized
2018-02-10 23:49:40 [localhost-startStop-1] INFO  c.m.s.web.config.WebSecurityConfig.getAuthenticationTrustResolver(111) - AuthenticationTrustResolver  initialized
2018-02-10 23:49:40 [localhost-startStop-1] INFO  c.m.s.w.c.RoleToUserProfileConverter.<clinit>(27) - ************************Start RoleToUserProfileConverter************************
2018-02-10 23:49:40 [localhost-startStop-1] INFO  c.m.s.w.c.RoleToUserProfileConverter.<clinit>(42) - ************************End RoleToUserProfileConverter************************
2018-02-10 23:49:40 [localhost-startStop-1] INFO  c.m.spittr.web.config.AppRootConfig.dataSource(142) - ***HIBERNATE*** - DB DataSource initialized - HIBERNATE -
2018-02-10 23:49:41 [localhost-startStop-1] INFO  c.m.spittr.web.config.AppRootConfig.getSessionFactory(150) - ***HIBERNATE*** - LocalSessionFactoryBean initialized - HIBERNATE -
2018-02-10 23:49:41 [localhost-startStop-1] INFO  c.m.spittr.web.config.AppRootConfig.getSessionFactory(152) - ***HIBERNATE*** - HibernateProperties initialized - HIBERNATE -
2018-02-10 23:49:44 [localhost-startStop-1] INFO  c.m.s.w.l.HttpRequestLogInterceptor.<clinit>(28) - HttpRequestLogInterceptor initialized
2018-02-10 23:49:44 [localhost-startStop-1] INFO  c.mvc.spittr.web.config.AppWebConfig.setApplicationContext(55) - InternalResourceViewResolver inizialized
2018-02-10 23:49:45 [localhost-startStop-1] INFO  c.m.s.web.config.WebSecurityConfig.getSpitterDetailService(98) - SpitterDetailService  initialized
2018-02-10 23:49:45 [localhost-startStop-1] INFO  c.m.s.web.config.WebSecurityConfig.getAuthenticationProvider(219) - UserDetailsService initialized
2018-02-10 23:49:45 [localhost-startStop-1] INFO  c.m.s.web.config.WebSecurityConfig.passwordEncoder(231) - BCryptPasswordEncoder  initialized
2018-02-10 23:49:45 [localhost-startStop-1] INFO  c.m.s.web.config.WebSecurityConfig.getAuthenticationProvider(221) - Password encriptinig
2018-02-10 23:49:45 [localhost-startStop-1] INFO  c.m.s.web.config.WebSecurityConfig.configureGlobalSecurity(208) - ConfigureGlobalSecurity user permit initialized
2018-02-10 23:49:45 [localhost-startStop-1] INFO  c.m.s.web.config.WebSecurityConfig.getTokenRepository(104) - HibernateTokenRepositoryImpl  initialized
2018-02-10 23:49:45 [localhost-startStop-1] INFO  c.m.s.web.config.WebSecurityConfig.getPersistentTokenBasedRememberMeServices(241) - PersistentTokenService  initialized
2018-02-10 23:49:45 [localhost-startStop-1] DEBUG com.mvc.spittr.web.SpittleController.<init>(53) - 2018-02-10T23:49:45.886 Constructor call
2018-02-10 23:49:45 [localhost-startStop-1] INFO  c.m.spittr.web.config.AppRootConfig.multipartResolver(92) - MultipartResolver initialized
2018-02-10 23:49:46 [localhost-startStop-1] INFO  c.m.spittr.web.config.AppRootConfig.getTransactionManager(165) - ***HIBERNATE*** - HibernateTransactionManager initialized - HIBERNATE -
2018-02-10 23:49:46 [localhost-startStop-1] INFO  c.m.spittr.web.config.AppRootConfig.getSimpleMessage(184) - SimpleMailMessage initialized
2018-02-10 23:49:46 [localhost-startStop-1] INFO  c.m.spittr.web.config.AppRootConfig.getJavaMailSender(207) - JavaMailMessage initialized
2018-02-10 23:49:46 [localhost-startStop-1] INFO  c.mvc.spittr.web.config.AppWebConfig.addInterceptors(122) - Interceptor added urls: /* /**
2018-02-10 23:49:46 [localhost-startStop-1] INFO  c.mvc.spittr.web.config.AppWebConfig.addFormatters(104) - Converter initialized, it converts string values[Roles] to UserProfiles
2018-02-10 23:49:46 [localhost-startStop-1] INFO  c.mvc.spittr.web.config.AppWebConfig.configureDefaultServletHandling(110) - DefaultServletHandlerConfigurer inizialized
2018-02-10 23:49:47 [localhost-startStop-1] INFO  c.mvc.spittr.web.config.AppWebConfig.viewResolver(65) - InternalResourceViewResolver inizialized
2018-02-10 23:49:47 [localhost-startStop-1] INFO  c.mvc.spittr.web.config.AppWebConfig.viewResolver(70) - resolver setting prefix /WEB-INF/views/
2018-02-10 23:49:47 [localhost-startStop-1] INFO  c.mvc.spittr.web.config.AppWebConfig.viewResolver(72) - resolver setting suffix .jsp
2018-02-10 23:49:47 [localhost-startStop-1] INFO  c.mvc.spittr.web.config.AppWebConfig.viewResolver(75) - org.springframework.web.servlet.view.JstlView.class set as view class
2018-02-10 23:49:47 [localhost-startStop-1] INFO  c.mvc.spittr.web.config.AppWebConfig.viewResolver2(82) - InternalResourceViewResolver for html inizialized
2018-02-10 23:49:47 [localhost-startStop-1] INFO  c.mvc.spittr.web.config.AppWebConfig.viewResolver2(87) - resolver setting prefix /WEB-INF/views/
2018-02-10 23:49:47 [localhost-startStop-1] INFO  c.mvc.spittr.web.config.AppWebConfig.viewResolver2(89) - resolver setting suffix .html
2018-02-10 23:49:47 [localhost-startStop-1] INFO  c.mvc.spittr.web.config.AppWebConfig.viewResolver2(92) - org.springframework.web.servlet.view.JstlView.class set as view class
2018-02-10 23:49:47 [localhost-startStop-1] INFO  c.m.s.web.config.WebSecurityConfig.configure(178) - WebSecurityConfig$$EnhancerBySpringCGLIB$$6e9d4f42::configure view permit
2018-02-10 23:49:47 [localhost-startStop-1] INFO  c.m.s.web.config.WebSecurityConfig.configure(179) - WebSecurityConfig$$EnhancerBySpringCGLIB$$6e9d4f42 initialized
2018-02-10 23:49:48 [localhost-startStop-1] INFO  c.m.spittr.web.config.AppRootConfig.messageSource(74) - MessageSource initialized
2018-02-10 23:49:48 [localhost-startStop-1] INFO  c.m.spittr.web.config.AppRootConfig.dataSource(142) - ***HIBERNATE*** - DB DataSource initialized - HIBERNATE -
2018-02-10 23:49:48 [localhost-startStop-1] INFO  c.m.spittr.web.config.AppRootConfig.getSessionFactory(150) - ***HIBERNATE*** - LocalSessionFactoryBean initialized - HIBERNATE -
2018-02-10 23:49:48 [localhost-startStop-1] INFO  c.m.spittr.web.config.AppRootConfig.getSessionFactory(152) - ***HIBERNATE*** - HibernateProperties initialized - HIBERNATE -
2018-02-10 23:49:48 [localhost-startStop-1] INFO  c.mvc.spittr.web.config.AppWebConfig.setApplicationContext(55) - InternalResourceViewResolver inizialized
2018-02-10 23:49:49 [localhost-startStop-1] INFO  c.m.s.web.config.WebSecurityConfig.getAuthenticationTrustResolver(111) - AuthenticationTrustResolver  initialized
2018-02-10 23:49:49 [localhost-startStop-1] INFO  c.m.s.web.config.WebSecurityConfig.getSpitterDetailService(98) - SpitterDetailService  initialized
2018-02-10 23:49:49 [localhost-startStop-1] INFO  c.m.s.web.config.WebSecurityConfig.getAuthenticationProvider(219) - UserDetailsService initialized
2018-02-10 23:49:49 [localhost-startStop-1] INFO  c.m.s.web.config.WebSecurityConfig.passwordEncoder(231) - BCryptPasswordEncoder  initialized
2018-02-10 23:49:49 [localhost-startStop-1] INFO  c.m.s.web.config.WebSecurityConfig.getAuthenticationProvider(221) - Password encriptinig
2018-02-10 23:49:49 [localhost-startStop-1] INFO  c.m.s.web.config.WebSecurityConfig.configureGlobalSecurity(208) - ConfigureGlobalSecurity user permit initialized
2018-02-10 23:49:49 [localhost-startStop-1] INFO  c.m.s.web.config.WebSecurityConfig.getTokenRepository(104) - HibernateTokenRepositoryImpl  initialized
2018-02-10 23:49:49 [localhost-startStop-1] INFO  c.m.s.web.config.WebSecurityConfig.getPersistentTokenBasedRememberMeServices(241) - PersistentTokenService  initialized
2018-02-10 23:49:49 [localhost-startStop-1] DEBUG com.mvc.spittr.web.SpittleController.<init>(53) - 2018-02-10T23:49:49.310 Constructor call
2018-02-10 23:49:49 [localhost-startStop-1] INFO  c.m.spittr.web.config.AppRootConfig.multipartResolver(92) - MultipartResolver initialized
2018-02-10 23:49:49 [localhost-startStop-1] INFO  c.m.spittr.web.config.AppRootConfig.getTransactionManager(165) - ***HIBERNATE*** - HibernateTransactionManager initialized - HIBERNATE -
2018-02-10 23:49:49 [localhost-startStop-1] INFO  c.m.spittr.web.config.AppRootConfig.getSimpleMessage(184) - SimpleMailMessage initialized
2018-02-10 23:49:49 [localhost-startStop-1] INFO  c.m.spittr.web.config.AppRootConfig.getJavaMailSender(207) - JavaMailMessage initialized
2018-02-10 23:49:49 [localhost-startStop-1] INFO  c.m.s.web.config.WebSecurityConfig.configure(178) - WebSecurityConfig$$EnhancerBySpringCGLIB$$6e9d4f42::configure view permit
2018-02-10 23:49:49 [localhost-startStop-1] INFO  c.m.s.web.config.WebSecurityConfig.configure(179) - WebSecurityConfig$$EnhancerBySpringCGLIB$$6e9d4f42 initialized
2018-02-10 23:49:49 [localhost-startStop-1] INFO  c.mvc.spittr.web.config.AppWebConfig.addInterceptors(122) - Interceptor added urls: /* /**
2018-02-10 23:49:49 [localhost-startStop-1] INFO  c.mvc.spittr.web.config.AppWebConfig.addFormatters(104) - Converter initialized, it converts string values[Roles] to UserProfiles
2018-02-10 23:49:49 [localhost-startStop-1] INFO  c.mvc.spittr.web.config.AppWebConfig.configureDefaultServletHandling(110) - DefaultServletHandlerConfigurer inizialized
2018-02-10 23:49:49 [localhost-startStop-1] INFO  c.mvc.spittr.web.config.AppWebConfig.viewResolver(65) - InternalResourceViewResolver inizialized
2018-02-10 23:49:49 [localhost-startStop-1] INFO  c.mvc.spittr.web.config.AppWebConfig.viewResolver(70) - resolver setting prefix /WEB-INF/views/
2018-02-10 23:49:49 [localhost-startStop-1] INFO  c.mvc.spittr.web.config.AppWebConfig.viewResolver(72) - resolver setting suffix .jsp
2018-02-10 23:49:49 [localhost-startStop-1] INFO  c.mvc.spittr.web.config.AppWebConfig.viewResolver(75) - org.springframework.web.servlet.view.JstlView.class set as view class
2018-02-10 23:49:49 [localhost-startStop-1] INFO  c.mvc.spittr.web.config.AppWebConfig.viewResolver2(82) - InternalResourceViewResolver for html inizialized
2018-02-10 23:49:49 [localhost-startStop-1] INFO  c.mvc.spittr.web.config.AppWebConfig.viewResolver2(87) - resolver setting prefix /WEB-INF/views/
2018-02-10 23:49:49 [localhost-startStop-1] INFO  c.mvc.spittr.web.config.AppWebConfig.viewResolver2(89) - resolver setting suffix .html
2018-02-10 23:49:49 [localhost-startStop-1] INFO  c.mvc.spittr.web.config.AppWebConfig.viewResolver2(92) - org.springframework.web.servlet.view.JstlView.class set as view class
2018-02-10 23:49:50 [localhost-startStop-1] INFO  c.m.s.w.s.GenericServletDemoServlet.<clinit>(29) - ************************Start - GenericServletDemoServlet************************
2018-02-10 23:49:50 [localhost-startStop-1] INFO  c.m.s.w.s.GenericServletDemoServlet.<clinit>(47) - ************************End - GenericServletDemoServlet************************
2018-02-10 23:49:58 [http-nio-8080-exec-2] INFO  c.m.s.w.l.HttpRequestLogInterceptor.preHandle(35) - 2018-02-10T23:49:58.158 - called url:/Spring-In-Action_WEBApp/spittle
2018-02-10 23:49:59 [http-nio-8080-exec-2] INFO  com.mvc.spittr.web.SpittleController.spittles(81) - 2018-02-10T23:49:59.029 /spittle called
2018-02-10 23:51:18 [http-nio-8080-exec-8] INFO  c.m.s.w.l.HttpRequestLogInterceptor.preHandle(35) - 2018-02-10T23:51:18.149 - called url:/Spring-In-Action_WEBApp/spittle
2018-02-10 23:51:18 [http-nio-8080-exec-8] INFO  com.mvc.spittr.web.SpittleController.spittles(81) - 2018-02-10T23:51:18.174 /spittle called
2018-02-10 23:51:22 [http-nio-8080-exec-1] INFO  c.m.s.w.l.HttpRequestLogInterceptor.preHandle(35) - 2018-02-10T23:51:22.333 - called url:/Spring-In-Action_WEBApp/spittle/9
2018-02-10 23:51:22 [http-nio-8080-exec-1] INFO  com.mvc.spittr.web.SpittleController.spittle(141) - http://localhost:8080/Spring-In-Action_WEBApp/spittle/9 request called 
2018-02-10 23:51:22 [http-nio-8080-exec-1] INFO  com.mvc.spittr.web.SpittleController.spittle(142) - 2018-02-10T23:51:22.426 single view is called with param 9 
