2017-07-10 22:04:16 [localhost-startStop-1] INFO  com.mvc.spittr.web.HomeController - 2017-07-10T22:04:16.411 Constructor call
2017-07-10 22:04:16 [localhost-startStop-1] DEBUG a.mvc.spittr.web.SpittleController - 2017-07-10T22:04:16.450 Constructor call
2017-07-10 22:04:31 [http-nio-8080-exec-2] INFO  com.mvc.spittr.web.HomeController - http://localhost:8080/Spring-In-Action_WEBApp/homepage request called 
2017-07-10 22:04:31 [http-nio-8080-exec-2] INFO  com.mvc.spittr.web.HomeController - 2017-07-10T22:04:31.433 /Home called
2017-07-10 22:05:39 [http-nio-8080-exec-8] INFO  a.mvc.spittr.web.SpitterController - http://localhost:8080/Spring-In-Action_WEBApp/spitter/registration request called 
2017-07-10 22:05:39 [http-nio-8080-exec-8] INFO  a.mvc.spittr.web.SpitterController - 2017-07-10T22:05:39.883 showRegistration() called view=registerForm
2017-07-10 22:05:47 [http-nio-8080-exec-10] INFO  a.mvc.spittr.web.SpitterController - http://localhost:8080/Spring-In-Action_WEBApp/spitter/registration request called 
2017-07-10 22:05:47 [http-nio-8080-exec-10] INFO  a.mvc.spittr.web.SpitterController - spitter was registered value= Spitter [id=0, firstName=qw, lastName=qr, username=admin, password=123]
2017-07-10 22:06:15 [ContainerBackgroundProcessor[StandardEngine[Catalina]]] INFO  com.mvc.spittr.web.HomeController - 2017-07-10T22:06:15.422 Constructor call
2017-07-10 22:06:15 [ContainerBackgroundProcessor[StandardEngine[Catalina]]] DEBUG a.mvc.spittr.web.SpittleController - 2017-07-10T22:06:15.449 Constructor call
2017-07-10 22:08:06 [http-nio-8080-exec-8] INFO  com.mvc.spittr.web.HomeController - http://localhost:8080/Spring-In-Action_WEBApp/homepage request called 
2017-07-10 22:08:06 [http-nio-8080-exec-8] INFO  com.mvc.spittr.web.HomeController - 2017-07-10T22:08:06.244 /Home called
2017-07-10 22:08:08 [http-nio-8080-exec-5] INFO  a.mvc.spittr.web.SpittleController - http://localhost:8080/Spring-In-Action_WEBApp/spittle request called 
2017-07-10 22:08:08 [http-nio-8080-exec-5] INFO  a.mvc.spittr.web.SpittleController - 2017-07-10T22:08:08.497 /spittle called with params: count=30, value=9223372036854775807, view=spittles
2017-07-10 22:10:06 [ContainerBackgroundProcessor[StandardEngine[Catalina]]] INFO  com.mvc.spittr.web.HomeController - 2017-07-10T22:10:06.699 Constructor call
2017-07-10 22:10:06 [ContainerBackgroundProcessor[StandardEngine[Catalina]]] DEBUG a.mvc.spittr.web.SpittleController - 2017-07-10T22:10:06.717 Constructor call
2017-07-10 22:50:55 [localhost-startStop-1] INFO  com.mvc.spittr.web.HomeController - 2017-07-10T22:50:55.209 Constructor call
2017-07-10 22:50:55 [localhost-startStop-1] DEBUG a.mvc.spittr.web.SpittleController - 2017-07-10T22:50:55.237 Constructor call
2017-07-10 22:51:05 [http-nio-8080-exec-3] INFO  a.mvc.spittr.web.SpitterController - http://localhost:8080/Spring-In-Action_WEBApp/spitter/registration request called 
2017-07-10 22:51:05 [http-nio-8080-exec-3] INFO  a.mvc.spittr.web.SpitterController - 2017-07-10T22:51:05.106 showRegistration() called view=registerForm
2017-07-10 22:51:09 [http-nio-8080-exec-4] INFO  a.mvc.spittr.web.SpitterController - http://localhost:8080/Spring-In-Action_WEBApp/spitter/registration request called 
2017-07-10 22:51:09 [http-nio-8080-exec-4] INFO  a.mvc.spittr.web.SpitterController - 2017-07-10T22:51:09.763 showRegistration() called view=registerForm
2017-07-10 22:51:12 [http-nio-8080-exec-6] INFO  a.mvc.spittr.web.SpittleController - http://localhost:8080/Spring-In-Action_WEBApp/spittle request called 
2017-07-10 22:51:12 [http-nio-8080-exec-6] INFO  a.mvc.spittr.web.SpittleController - 2017-07-10T22:51:12.204 /spittle called with params: count=30, value=9223372036854775807, view=spittles
2017-07-10 22:51:14 [http-nio-8080-exec-8] INFO  a.mvc.spittr.web.SpittleController - http://localhost:8080/Spring-In-Action_WEBApp/spittle/30 request called 
2017-07-10 22:51:14 [http-nio-8080-exec-8] INFO  a.mvc.spittr.web.SpittleController - 2017-07-10T22:51:14.313 single view is called with param 30 
2017-07-10 22:56:31 [ContainerBackgroundProcessor[StandardEngine[Catalina]]] INFO  com.mvc.spittr.web.HomeController - 2017-07-10T22:56:31.659 Constructor call
2017-07-10 22:56:31 [ContainerBackgroundProcessor[StandardEngine[Catalina]]] DEBUG a.mvc.spittr.web.SpittleController - 2017-07-10T22:56:31.683 Constructor call
2017-07-10 23:00:22 [ContainerBackgroundProcessor[StandardEngine[Catalina]]] INFO  com.mvc.spittr.web.HomeController - 2017-07-10T23:00:22.801 Constructor call
2017-07-10 23:00:22 [ContainerBackgroundProcessor[StandardEngine[Catalina]]] DEBUG a.mvc.spittr.web.SpittleController - 2017-07-10T23:00:22.820 Constructor call
2017-07-10 23:00:55 [http-nio-8080-exec-8] INFO  a.mvc.spittr.web.SpitterController - http://localhost:8080/Spring-In-Action_WEBApp/spitter/registration request called 
2017-07-10 23:00:55 [http-nio-8080-exec-8] INFO  a.mvc.spittr.web.SpitterController - 2017-07-10T23:00:55.700 showRegistration() called view=registerForm
2017-07-10 23:01:59 [http-nio-8080-exec-14] INFO  a.mvc.spittr.web.SpitterController - http://localhost:8080/Spring-In-Action_WEBApp/spitter/registration request called 
2017-07-10 23:01:59 [http-nio-8080-exec-14] INFO  a.mvc.spittr.web.SpitterController - spitter was registered value= Spitter [id=0, firstName=Jacopo, lastName=, username=admin, password=123]
2017-07-10 23:01:59 [http-nio-8080-exec-15] INFO  a.mvc.spittr.web.SpitterController - http://localhost:8080/Spring-In-Action_WEBApp/spitter/admin request called 
2017-07-10 23:01:59 [http-nio-8080-exec-15] INFO  a.mvc.spittr.web.SpitterController - spitter was viewed with value= admin
2017-07-10 23:02:11 [http-nio-8080-exec-2] INFO  a.mvc.spittr.web.SpitterController - http://localhost:8080/Spring-In-Action_WEBApp/spitter/registration request called 
2017-07-10 23:02:11 [http-nio-8080-exec-2] INFO  a.mvc.spittr.web.SpitterController - 2017-07-10T23:02:11.972 showRegistration() called view=registerForm
2017-07-10 23:02:15 [http-nio-8080-exec-11] INFO  a.mvc.spittr.web.SpitterController - http://localhost:8080/Spring-In-Action_WEBApp/spitter/registration request called 
2017-07-10 23:02:15 [http-nio-8080-exec-11] INFO  a.mvc.spittr.web.SpitterController - spitter was registered value= Spitter [id=0, firstName=Jacopo\, lastName=rfwe, username=admin, password=123]
2017-07-10 23:02:15 [http-nio-8080-exec-12] INFO  a.mvc.spittr.web.SpitterController - http://localhost:8080/Spring-In-Action_WEBApp/spitter/admin request called 
2017-07-10 23:02:15 [http-nio-8080-exec-12] INFO  a.mvc.spittr.web.SpitterController - spitter was viewed with value= admin
2017-07-10 23:02:18 [http-nio-8080-exec-4] INFO  a.mvc.spittr.web.SpitterController - http://localhost:8080/Spring-In-Action_WEBApp/spitter/registration request called 
2017-07-10 23:02:18 [http-nio-8080-exec-4] INFO  a.mvc.spittr.web.SpitterController - 2017-07-10T23:02:18.707 showRegistration() called view=registerForm
2017-07-10 23:07:10 [ContainerBackgroundProcessor[StandardEngine[Catalina]]] INFO  com.mvc.spittr.web.HomeController - 2017-07-10T23:07:10.241 Constructor call
2017-07-10 23:07:10 [ContainerBackgroundProcessor[StandardEngine[Catalina]]] DEBUG a.mvc.spittr.web.SpittleController - 2017-07-10T23:07:10.270 Constructor call
2017-07-10 23:07:34 [http-nio-8080-exec-18] INFO  a.mvc.spittr.web.SpitterController - http://localhost:8080/Spring-In-Action_WEBApp/spitter/registration request called 
2017-07-10 23:07:34 [http-nio-8080-exec-18] INFO  a.mvc.spittr.web.SpitterController - spitter was registered value= Spitter [id=0, firstName=Jacopo\, lastName=rfwe, username=admin, password=123]
2017-07-10 23:07:34 [http-nio-8080-exec-22] INFO  a.mvc.spittr.web.SpitterController - http://localhost:8080/Spring-In-Action_WEBApp/spitter/admin request called 
2017-07-10 23:07:34 [http-nio-8080-exec-22] INFO  a.mvc.spittr.web.SpitterController - spitter username value= admin
2017-07-10 23:08:47 [ContainerBackgroundProcessor[StandardEngine[Catalina]]] INFO  com.mvc.spittr.web.HomeController - 2017-07-10T23:08:47.100 Constructor call
2017-07-10 23:08:47 [ContainerBackgroundProcessor[StandardEngine[Catalina]]] DEBUG a.mvc.spittr.web.SpittleController - 2017-07-10T23:08:47.124 Constructor call
2017-07-10 23:09:41 [ContainerBackgroundProcessor[StandardEngine[Catalina]]] INFO  com.mvc.spittr.web.HomeController - 2017-07-10T23:09:41.618 Constructor call
2017-07-10 23:09:41 [ContainerBackgroundProcessor[StandardEngine[Catalina]]] DEBUG a.mvc.spittr.web.SpittleController - 2017-07-10T23:09:41.641 Constructor call
2017-07-10 23:09:46 [http-nio-8080-exec-25] INFO  a.mvc.spittr.web.SpitterController - http://localhost:8080/Spring-In-Action_WEBApp/spitter/admin request called 
2017-07-10 23:09:46 [http-nio-8080-exec-25] INFO  a.mvc.spittr.web.SpitterController - spitter username value= admin
2017-07-10 23:09:49 [http-nio-8080-exec-19] INFO  a.mvc.spittr.web.SpitterController - http://localhost:8080/Spring-In-Action_WEBApp/spitter/registration request called 
2017-07-10 23:09:49 [http-nio-8080-exec-19] INFO  a.mvc.spittr.web.SpitterController - 2017-07-10T23:09:49.599 showRegistration() called view=registerForm
2017-07-10 23:10:08 [http-nio-8080-exec-24] INFO  a.mvc.spittr.web.SpitterController - http://localhost:8080/Spring-In-Action_WEBApp/spitter/registration request called 
2017-07-10 23:10:08 [http-nio-8080-exec-24] INFO  a.mvc.spittr.web.SpitterController - spitter was registered value= Spitter [id=0, firstName=Jacopo\, lastName=rfwe, username=Elena, password=123]
2017-07-10 23:10:08 [http-nio-8080-exec-27] INFO  a.mvc.spittr.web.SpitterController - http://localhost:8080/Spring-In-Action_WEBApp/spitter/Elena request called 
2017-07-10 23:10:08 [http-nio-8080-exec-27] INFO  a.mvc.spittr.web.SpitterController - spitter username value= Elena
2017-07-10 23:10:58 [http-nio-8080-exec-28] INFO  a.mvc.spittr.web.SpitterController - http://localhost:8080/Spring-In-Action_WEBApp/spitter/Elena request called 
2017-07-10 23:10:58 [http-nio-8080-exec-28] INFO  a.mvc.spittr.web.SpitterController - spitter username value= Elena
2017-07-10 23:11:02 [http-nio-8080-exec-30] INFO  a.mvc.spittr.web.SpitterController - http://localhost:8080/Spring-In-Action_WEBApp/spitter/Elena request called 
2017-07-10 23:11:02 [http-nio-8080-exec-30] INFO  a.mvc.spittr.web.SpitterController - spitter username value= Elena
2017-07-10 23:11:04 [http-nio-8080-exec-21] INFO  a.mvc.spittr.web.SpitterController - http://localhost:8080/Spring-In-Action_WEBApp/spitter/Elena request called 
2017-07-10 23:11:04 [http-nio-8080-exec-21] INFO  a.mvc.spittr.web.SpitterController - spitter username value= Elena
2017-07-10 23:11:05 [http-nio-8080-exec-23] INFO  a.mvc.spittr.web.SpitterController - http://localhost:8080/Spring-In-Action_WEBApp/spitter/Elena request called 
2017-07-10 23:11:05 [http-nio-8080-exec-23] INFO  a.mvc.spittr.web.SpitterController - spitter username value= Elena
2017-07-10 23:11:06 [http-nio-8080-exec-32] INFO  a.mvc.spittr.web.SpitterController - http://localhost:8080/Spring-In-Action_WEBApp/spitter/registration request called 
2017-07-10 23:11:06 [http-nio-8080-exec-32] INFO  a.mvc.spittr.web.SpitterController - 2017-07-10T23:11:06.639 showRegistration() called view=registerForm
2017-07-10 23:11:10 [http-nio-8080-exec-33] INFO  a.mvc.spittr.web.SpitterController - http://localhost:8080/Spring-In-Action_WEBApp/spitter/registration request called 
2017-07-10 23:11:10 [http-nio-8080-exec-33] INFO  a.mvc.spittr.web.SpitterController - spitter was registered value= Spitter [id=0, firstName=Jacopo\, lastName=rfwe, username=Elena, password=]
2017-07-10 23:11:10 [http-nio-8080-exec-28] INFO  a.mvc.spittr.web.SpitterController - http://localhost:8080/Spring-In-Action_WEBApp/spitter/Elena request called 
2017-07-10 23:11:10 [http-nio-8080-exec-28] INFO  a.mvc.spittr.web.SpitterController - spitter username value= Elena
2017-07-10 23:11:22 [http-nio-8080-exec-34] INFO  a.mvc.spittr.web.SpitterController - http://localhost:8080/Spring-In-Action_WEBApp/spitter/registration request called 
2017-07-10 23:11:22 [http-nio-8080-exec-34] INFO  a.mvc.spittr.web.SpitterController - 2017-07-10T23:11:22.313 showRegistration() called view=registerForm
2017-07-10 23:15:25 [ContainerBackgroundProcessor[StandardEngine[Catalina]]] INFO  com.mvc.spittr.web.HomeController.<init>(51) - 2017-07-10T23:15:25.716 Constructor call
2017-07-10 23:15:25 [ContainerBackgroundProcessor[StandardEngine[Catalina]]] DEBUG a.mvc.spittr.web.SpittleController.<init>(45) - 2017-07-10T23:15:25.733 Constructor call
2017-07-10 23:15:43 [http-nio-8080-exec-33] INFO  com.mvc.spittr.web.HomeController.home(62) - http://localhost:8080/Spring-In-Action_WEBApp/homepage request called 
2017-07-10 23:15:43 [http-nio-8080-exec-33] INFO  com.mvc.spittr.web.HomeController.home(63) - 2017-07-10T23:15:43.814 /Home called
2017-07-10 23:16:12 [http-nio-8080-exec-35] INFO  a.mvc.spittr.web.SpitterController.showRegistration(56) - http://localhost:8080/Spring-In-Action_WEBApp/spitter/registration request called 
2017-07-10 23:16:12 [http-nio-8080-exec-35] INFO  a.mvc.spittr.web.SpitterController.showRegistration(57) - 2017-07-10T23:16:12.955 showRegistration() called view=registerForm
