2018-02-25 22:14:56 [localhost-startStop-1] INFO  c.m.s.w.c.ApacheServletInitializer.<clinit>(29) - ************************Start AppWebConfig************************
2018-02-25 22:14:56 [localhost-startStop-1] INFO  c.m.s.w.c.ApacheServletInitializer.<clinit>(83) - ************************End AppWebConfig************************
2018-02-25 22:14:56 [localhost-startStop-1] INFO  c.m.s.web.config.WebAppInitializer.<clinit>(55) - ************************Start WebAppInitializer************************
2018-02-25 22:14:56 [localhost-startStop-1] INFO  c.m.s.web.config.WebAppInitializer.<clinit>(161) - ************************End WebAppInitializer************************
2018-02-25 22:14:56 [localhost-startStop-1] INFO  c.m.s.w.c.SecurityWebApplicationInitializer.<clinit>(16) - 1 ************************SecurityWebApplicationInitializer Intizialized************************
2018-02-25 22:14:57 [localhost-startStop-1] INFO  c.m.s.web.config.WebAppInitializer.getRootConfigClasses(66) - AppRootConfig configured
2018-02-25 22:14:57 [localhost-startStop-1] INFO  c.m.s.web.config.WebAppInitializer.getServletConfigClasses(81) - AppWebConfig configured
2018-02-25 22:14:57 [localhost-startStop-1] INFO  c.m.s.web.config.WebAppInitializer.customizeRegistration(118) - CustomizeRegistration initialized
2018-02-25 22:14:57 [localhost-startStop-1] INFO  c.m.s.web.config.WebAppInitializer.customizeRegistration(128) - ***START*** Multipart initializing 
2018-02-25 22:14:57 [localhost-startStop-1] INFO  c.m.s.web.config.WebAppInitializer.customizeRegistration(129) - Download Directory:/tmp
2018-02-25 22:14:57 [localhost-startStop-1] INFO  c.m.s.web.config.WebAppInitializer.customizeRegistration(137) - Multipart uploads files at /home/sabaja/Scrivania/spring-hibernate-workspace/Spring-In-Action_WebApp/Downloads, maxFileSize=2097152, maxRequestSize=4194304, fileSizeThreshold=0
2018-02-25 22:14:57 [localhost-startStop-1] INFO  c.m.s.web.config.WebAppInitializer.customizeRegistration(140) - ***END*** Multipart initialized 
2018-02-25 22:14:57 [localhost-startStop-1] INFO  c.m.s.w.c.ApacheServletInitializer.onStartup(37) - WebApplicationInitializer@ServletApacheInitializer instantiated
2018-02-25 22:14:57 [localhost-startStop-1] INFO  c.m.s.w.c.ApacheServletInitializer.onStartup(52) - Servlet [com.mvc.spittr.web.servlet.GenericServletDemoServlet] was added
2018-02-25 22:14:59 [localhost-startStop-1] INFO  c.m.spittr.web.config.AppRootConfig.<clinit>(38) - ************************AppRootConfig************************
2018-02-25 22:14:59 [localhost-startStop-1] INFO  c.m.s.web.config.WebSecurityConfig.<clinit>(66) - ************************Start - WebSecurityConfig************************
2018-02-25 22:14:59 [localhost-startStop-1] INFO  c.m.s.web.config.WebSecurityConfig.<clinit>(205) - ************************End - WebSecurityConfig************************
2018-02-25 22:14:59 [localhost-startStop-1] INFO  c.mvc.spittr.web.config.AppWebConfig.<clinit>(49) - ************************Start AppWebConfig************************
2018-02-25 22:14:59 [localhost-startStop-1] INFO  c.mvc.spittr.web.config.AppWebConfig.<clinit>(209) - ************************End AppWebConfig************************
2018-02-25 22:14:59 [localhost-startStop-1] INFO  c.m.s.w.c.HibernateConfiguration.<clinit>(36) - ************************HibernateConfiguration************************
2018-02-25 22:14:59 [localhost-startStop-1] INFO  c.m.spittr.web.config.AppRootConfig.messageSource(47) - MessageSource initialized
2018-02-25 22:14:59 [localhost-startStop-1] INFO  c.m.s.web.config.WebSecurityConfig.getAuthenticationTrustResolver(105) - AuthenticationTrustResolver  initialized
2018-02-25 22:15:00 [localhost-startStop-1] INFO  c.m.s.w.c.RoleToUserProfileConverter.<clinit>(27) - ************************Start RoleToUserProfileConverter************************
2018-02-25 22:15:00 [localhost-startStop-1] INFO  c.m.s.w.c.RoleToUserProfileConverter.<clinit>(42) - ************************End RoleToUserProfileConverter************************
2018-02-25 22:15:00 [localhost-startStop-1] INFO  c.m.s.w.c.HibernateConfiguration.dataSource(48) - ***HIBERNATE*** - DB DataSource initialized - HIBERNATE -
2018-02-25 22:15:00 [localhost-startStop-1] INFO  c.m.s.w.c.HibernateConfiguration.getSessionFactory(56) - ***HIBERNATE*** - LocalSessionFactoryBean initialized - HIBERNATE -
2018-02-25 22:15:00 [localhost-startStop-1] INFO  c.m.s.w.c.HibernateConfiguration.getSessionFactory(58) - ***HIBERNATE*** - HibernateProperties initialized - HIBERNATE -
2018-02-25 22:15:04 [localhost-startStop-1] INFO  c.m.s.w.l.HttpRequestLogInterceptor.<clinit>(28) - HttpRequestLogInterceptor initialized
2018-02-25 22:15:04 [localhost-startStop-1] INFO  c.mvc.spittr.web.config.AppWebConfig.setApplicationContext(55) - InternalResourceViewResolver inizialized
2018-02-25 22:15:05 [localhost-startStop-1] INFO  c.m.s.web.config.WebSecurityConfig.getSpitterDetailService(92) - SpitterDetailService  initialized
2018-02-25 22:15:05 [localhost-startStop-1] INFO  c.m.s.web.config.WebSecurityConfig.getAuthenticationProvider(198) - UserDetailsService initialized
2018-02-25 22:15:05 [localhost-startStop-1] INFO  c.m.s.web.config.WebSecurityConfig.passwordEncoder(210) - BCryptPasswordEncoder  initialized
2018-02-25 22:15:05 [localhost-startStop-1] INFO  c.m.s.web.config.WebSecurityConfig.getAuthenticationProvider(200) - Password encriptinig
2018-02-25 22:15:05 [localhost-startStop-1] INFO  c.m.s.web.config.WebSecurityConfig.configureGlobalSecurity(187) - ConfigureGlobalSecurity user permit initialized
2018-02-25 22:15:05 [localhost-startStop-1] INFO  c.m.s.web.config.WebSecurityConfig.getTokenRepository(98) - HibernateTokenRepositoryImpl  initialized
2018-02-25 22:15:05 [localhost-startStop-1] INFO  c.m.s.web.config.WebSecurityConfig.getPersistentTokenBasedRememberMeServices(220) - PersistentTokenService  initialized
2018-02-25 22:15:05 [localhost-startStop-1] DEBUG com.mvc.spittr.web.SpittleController.<init>(55) - 2018-02-25T22:15:05.634 Constructor call
2018-02-25 22:15:05 [localhost-startStop-1] INFO  c.m.spittr.web.config.AppRootConfig.multipartResolver(63) - MultipartResolver initialized
2018-02-25 22:15:05 [localhost-startStop-1] INFO  c.m.spittr.web.config.AppRootConfig.getJavaMailSender(75) - JavaMailMessage initialized
2018-02-25 22:15:05 [localhost-startStop-1] INFO  c.mvc.spittr.web.config.AppWebConfig.addInterceptors(122) - Interceptor added urls: /* /**
2018-02-25 22:15:06 [localhost-startStop-1] INFO  c.mvc.spittr.web.config.AppWebConfig.addFormatters(104) - Converter initialized, it converts string values[Roles] to UserProfiles
2018-02-25 22:15:06 [localhost-startStop-1] INFO  c.mvc.spittr.web.config.AppWebConfig.configureDefaultServletHandling(110) - DefaultServletHandlerConfigurer inizialized
2018-02-25 22:15:07 [localhost-startStop-1] INFO  c.mvc.spittr.web.config.AppWebConfig.viewResolver(65) - InternalResourceViewResolver inizialized
2018-02-25 22:15:07 [localhost-startStop-1] INFO  c.mvc.spittr.web.config.AppWebConfig.viewResolver(70) - resolver setting prefix /WEB-INF/views/
2018-02-25 22:15:07 [localhost-startStop-1] INFO  c.mvc.spittr.web.config.AppWebConfig.viewResolver(72) - resolver setting suffix .jsp
2018-02-25 22:15:07 [localhost-startStop-1] INFO  c.mvc.spittr.web.config.AppWebConfig.viewResolver(75) - org.springframework.web.servlet.view.JstlView.class set as view class
2018-02-25 22:15:07 [localhost-startStop-1] INFO  c.mvc.spittr.web.config.AppWebConfig.viewResolver2(82) - InternalResourceViewResolver for html inizialized
2018-02-25 22:15:07 [localhost-startStop-1] INFO  c.mvc.spittr.web.config.AppWebConfig.viewResolver2(87) - resolver setting prefix /WEB-INF/views/
2018-02-25 22:15:07 [localhost-startStop-1] INFO  c.mvc.spittr.web.config.AppWebConfig.viewResolver2(89) - resolver setting suffix .html
2018-02-25 22:15:07 [localhost-startStop-1] INFO  c.mvc.spittr.web.config.AppWebConfig.viewResolver2(92) - org.springframework.web.servlet.view.JstlView.class set as view class
2018-02-25 22:15:07 [localhost-startStop-1] INFO  c.m.s.w.c.HibernateConfiguration.getTransactionManager(69) - ***HIBERNATE*** - HibernateTransactionManager initialized - HIBERNATE -
2018-02-25 22:15:07 [localhost-startStop-1] INFO  c.m.s.web.config.WebSecurityConfig.configure(157) - WebSecurityConfig$$EnhancerBySpringCGLIB$$b0af61d9::configure view permit
2018-02-25 22:15:07 [localhost-startStop-1] INFO  c.m.s.web.config.WebSecurityConfig.configure(158) - WebSecurityConfig$$EnhancerBySpringCGLIB$$b0af61d9 initialized
2018-02-25 22:15:08 [localhost-startStop-1] INFO  c.m.spittr.web.config.AppRootConfig.messageSource(47) - MessageSource initialized
2018-02-25 22:15:09 [localhost-startStop-1] INFO  c.m.s.w.c.HibernateConfiguration.dataSource(48) - ***HIBERNATE*** - DB DataSource initialized - HIBERNATE -
2018-02-25 22:15:09 [localhost-startStop-1] INFO  c.m.s.w.c.HibernateConfiguration.getSessionFactory(56) - ***HIBERNATE*** - LocalSessionFactoryBean initialized - HIBERNATE -
2018-02-25 22:15:09 [localhost-startStop-1] INFO  c.m.s.w.c.HibernateConfiguration.getSessionFactory(58) - ***HIBERNATE*** - HibernateProperties initialized - HIBERNATE -
2018-02-25 22:15:09 [localhost-startStop-1] INFO  c.mvc.spittr.web.config.AppWebConfig.setApplicationContext(55) - InternalResourceViewResolver inizialized
2018-02-25 22:15:09 [localhost-startStop-1] INFO  c.m.s.web.config.WebSecurityConfig.getAuthenticationTrustResolver(105) - AuthenticationTrustResolver  initialized
2018-02-25 22:15:09 [localhost-startStop-1] INFO  c.m.s.web.config.WebSecurityConfig.getSpitterDetailService(92) - SpitterDetailService  initialized
2018-02-25 22:15:09 [localhost-startStop-1] INFO  c.m.s.web.config.WebSecurityConfig.getAuthenticationProvider(198) - UserDetailsService initialized
2018-02-25 22:15:09 [localhost-startStop-1] INFO  c.m.s.web.config.WebSecurityConfig.passwordEncoder(210) - BCryptPasswordEncoder  initialized
2018-02-25 22:15:09 [localhost-startStop-1] INFO  c.m.s.web.config.WebSecurityConfig.getAuthenticationProvider(200) - Password encriptinig
2018-02-25 22:15:09 [localhost-startStop-1] INFO  c.m.s.web.config.WebSecurityConfig.configureGlobalSecurity(187) - ConfigureGlobalSecurity user permit initialized
2018-02-25 22:15:09 [localhost-startStop-1] INFO  c.m.s.web.config.WebSecurityConfig.getTokenRepository(98) - HibernateTokenRepositoryImpl  initialized
2018-02-25 22:15:09 [localhost-startStop-1] INFO  c.m.s.web.config.WebSecurityConfig.getPersistentTokenBasedRememberMeServices(220) - PersistentTokenService  initialized
2018-02-25 22:15:09 [localhost-startStop-1] DEBUG com.mvc.spittr.web.SpittleController.<init>(55) - 2018-02-25T22:15:09.954 Constructor call
2018-02-25 22:15:10 [localhost-startStop-1] INFO  c.m.spittr.web.config.AppRootConfig.multipartResolver(63) - MultipartResolver initialized
2018-02-25 22:15:10 [localhost-startStop-1] INFO  c.m.spittr.web.config.AppRootConfig.getJavaMailSender(75) - JavaMailMessage initialized
2018-02-25 22:15:10 [localhost-startStop-1] INFO  c.mvc.spittr.web.config.AppWebConfig.addInterceptors(122) - Interceptor added urls: /* /**
2018-02-25 22:15:10 [localhost-startStop-1] INFO  c.mvc.spittr.web.config.AppWebConfig.addFormatters(104) - Converter initialized, it converts string values[Roles] to UserProfiles
2018-02-25 22:15:10 [localhost-startStop-1] INFO  c.mvc.spittr.web.config.AppWebConfig.configureDefaultServletHandling(110) - DefaultServletHandlerConfigurer inizialized
2018-02-25 22:15:10 [localhost-startStop-1] INFO  c.mvc.spittr.web.config.AppWebConfig.viewResolver(65) - InternalResourceViewResolver inizialized
2018-02-25 22:15:10 [localhost-startStop-1] INFO  c.mvc.spittr.web.config.AppWebConfig.viewResolver(70) - resolver setting prefix /WEB-INF/views/
2018-02-25 22:15:10 [localhost-startStop-1] INFO  c.mvc.spittr.web.config.AppWebConfig.viewResolver(72) - resolver setting suffix .jsp
2018-02-25 22:15:10 [localhost-startStop-1] INFO  c.mvc.spittr.web.config.AppWebConfig.viewResolver(75) - org.springframework.web.servlet.view.JstlView.class set as view class
2018-02-25 22:15:10 [localhost-startStop-1] INFO  c.mvc.spittr.web.config.AppWebConfig.viewResolver2(82) - InternalResourceViewResolver for html inizialized
2018-02-25 22:15:10 [localhost-startStop-1] INFO  c.mvc.spittr.web.config.AppWebConfig.viewResolver2(87) - resolver setting prefix /WEB-INF/views/
2018-02-25 22:15:10 [localhost-startStop-1] INFO  c.mvc.spittr.web.config.AppWebConfig.viewResolver2(89) - resolver setting suffix .html
2018-02-25 22:15:10 [localhost-startStop-1] INFO  c.mvc.spittr.web.config.AppWebConfig.viewResolver2(92) - org.springframework.web.servlet.view.JstlView.class set as view class
2018-02-25 22:15:10 [localhost-startStop-1] INFO  c.m.s.w.c.HibernateConfiguration.getTransactionManager(69) - ***HIBERNATE*** - HibernateTransactionManager initialized - HIBERNATE -
2018-02-25 22:15:10 [localhost-startStop-1] INFO  c.m.s.web.config.WebSecurityConfig.configure(157) - WebSecurityConfig$$EnhancerBySpringCGLIB$$b0af61d9::configure view permit
2018-02-25 22:15:10 [localhost-startStop-1] INFO  c.m.s.web.config.WebSecurityConfig.configure(158) - WebSecurityConfig$$EnhancerBySpringCGLIB$$b0af61d9 initialized
2018-02-25 22:15:11 [localhost-startStop-1] INFO  c.m.spittr.web.config.AppRootConfig.messageSource(47) - MessageSource initialized
2018-02-25 22:15:11 [localhost-startStop-1] INFO  c.m.s.w.c.HibernateConfiguration.dataSource(48) - ***HIBERNATE*** - DB DataSource initialized - HIBERNATE -
2018-02-25 22:15:11 [localhost-startStop-1] INFO  c.m.s.w.c.HibernateConfiguration.getSessionFactory(56) - ***HIBERNATE*** - LocalSessionFactoryBean initialized - HIBERNATE -
2018-02-25 22:15:11 [localhost-startStop-1] INFO  c.m.s.w.c.HibernateConfiguration.getSessionFactory(58) - ***HIBERNATE*** - HibernateProperties initialized - HIBERNATE -
2018-02-25 22:15:11 [localhost-startStop-1] INFO  c.mvc.spittr.web.config.AppWebConfig.setApplicationContext(55) - InternalResourceViewResolver inizialized
2018-02-25 22:15:11 [localhost-startStop-1] INFO  c.m.s.web.config.WebSecurityConfig.getAuthenticationTrustResolver(105) - AuthenticationTrustResolver  initialized
2018-02-25 22:15:11 [localhost-startStop-1] INFO  c.m.s.web.config.WebSecurityConfig.getSpitterDetailService(92) - SpitterDetailService  initialized
2018-02-25 22:15:11 [localhost-startStop-1] INFO  c.m.s.web.config.WebSecurityConfig.getAuthenticationProvider(198) - UserDetailsService initialized
2018-02-25 22:15:11 [localhost-startStop-1] INFO  c.m.s.web.config.WebSecurityConfig.passwordEncoder(210) - BCryptPasswordEncoder  initialized
2018-02-25 22:15:11 [localhost-startStop-1] INFO  c.m.s.web.config.WebSecurityConfig.getAuthenticationProvider(200) - Password encriptinig
2018-02-25 22:15:11 [localhost-startStop-1] INFO  c.m.s.web.config.WebSecurityConfig.configureGlobalSecurity(187) - ConfigureGlobalSecurity user permit initialized
2018-02-25 22:15:11 [localhost-startStop-1] INFO  c.m.s.web.config.WebSecurityConfig.getTokenRepository(98) - HibernateTokenRepositoryImpl  initialized
2018-02-25 22:15:11 [localhost-startStop-1] INFO  c.m.s.web.config.WebSecurityConfig.getPersistentTokenBasedRememberMeServices(220) - PersistentTokenService  initialized
2018-02-25 22:15:11 [localhost-startStop-1] DEBUG com.mvc.spittr.web.SpittleController.<init>(55) - 2018-02-25T22:15:11.981 Constructor call
2018-02-25 22:15:11 [localhost-startStop-1] INFO  c.m.spittr.web.config.AppRootConfig.multipartResolver(63) - MultipartResolver initialized
2018-02-25 22:15:12 [localhost-startStop-1] INFO  c.m.spittr.web.config.AppRootConfig.getJavaMailSender(75) - JavaMailMessage initialized
2018-02-25 22:15:12 [localhost-startStop-1] INFO  c.m.s.w.c.HibernateConfiguration.getTransactionManager(69) - ***HIBERNATE*** - HibernateTransactionManager initialized - HIBERNATE -
2018-02-25 22:15:12 [localhost-startStop-1] INFO  c.m.s.web.config.WebSecurityConfig.configure(157) - WebSecurityConfig$$EnhancerBySpringCGLIB$$b0af61d9::configure view permit
2018-02-25 22:15:12 [localhost-startStop-1] INFO  c.m.s.web.config.WebSecurityConfig.configure(158) - WebSecurityConfig$$EnhancerBySpringCGLIB$$b0af61d9 initialized
2018-02-25 22:15:12 [localhost-startStop-1] INFO  c.mvc.spittr.web.config.AppWebConfig.addInterceptors(122) - Interceptor added urls: /* /**
2018-02-25 22:15:12 [localhost-startStop-1] INFO  c.mvc.spittr.web.config.AppWebConfig.addFormatters(104) - Converter initialized, it converts string values[Roles] to UserProfiles
2018-02-25 22:15:12 [localhost-startStop-1] INFO  c.mvc.spittr.web.config.AppWebConfig.configureDefaultServletHandling(110) - DefaultServletHandlerConfigurer inizialized
2018-02-25 22:15:12 [localhost-startStop-1] INFO  c.mvc.spittr.web.config.AppWebConfig.viewResolver(65) - InternalResourceViewResolver inizialized
2018-02-25 22:15:12 [localhost-startStop-1] INFO  c.mvc.spittr.web.config.AppWebConfig.viewResolver(70) - resolver setting prefix /WEB-INF/views/
2018-02-25 22:15:12 [localhost-startStop-1] INFO  c.mvc.spittr.web.config.AppWebConfig.viewResolver(72) - resolver setting suffix .jsp
2018-02-25 22:15:12 [localhost-startStop-1] INFO  c.mvc.spittr.web.config.AppWebConfig.viewResolver(75) - org.springframework.web.servlet.view.JstlView.class set as view class
2018-02-25 22:15:12 [localhost-startStop-1] INFO  c.mvc.spittr.web.config.AppWebConfig.viewResolver2(82) - InternalResourceViewResolver for html inizialized
2018-02-25 22:15:12 [localhost-startStop-1] INFO  c.mvc.spittr.web.config.AppWebConfig.viewResolver2(87) - resolver setting prefix /WEB-INF/views/
2018-02-25 22:15:12 [localhost-startStop-1] INFO  c.mvc.spittr.web.config.AppWebConfig.viewResolver2(89) - resolver setting suffix .html
2018-02-25 22:15:12 [localhost-startStop-1] INFO  c.mvc.spittr.web.config.AppWebConfig.viewResolver2(92) - org.springframework.web.servlet.view.JstlView.class set as view class
2018-02-25 22:15:12 [localhost-startStop-1] INFO  c.m.s.w.s.GenericServletDemoServlet.<clinit>(29) - ************************Start - GenericServletDemoServlet************************
2018-02-25 22:15:12 [localhost-startStop-1] INFO  c.m.s.w.s.GenericServletDemoServlet.<clinit>(47) - ************************End - GenericServletDemoServlet************************
2018-02-25 22:16:46 [ContainerBackgroundProcessor[StandardEngine[Catalina]]] INFO  c.m.s.web.config.WebAppInitializer.<clinit>(55) - ************************Start WebAppInitializer************************
2018-02-25 22:16:46 [ContainerBackgroundProcessor[StandardEngine[Catalina]]] INFO  c.m.s.web.config.WebAppInitializer.<clinit>(161) - ************************End WebAppInitializer************************
2018-02-25 22:16:46 [ContainerBackgroundProcessor[StandardEngine[Catalina]]] INFO  c.m.s.w.c.ApacheServletInitializer.<clinit>(29) - ************************Start AppWebConfig************************
2018-02-25 22:16:46 [ContainerBackgroundProcessor[StandardEngine[Catalina]]] INFO  c.m.s.w.c.ApacheServletInitializer.<clinit>(83) - ************************End AppWebConfig************************
2018-02-25 22:16:46 [ContainerBackgroundProcessor[StandardEngine[Catalina]]] INFO  c.m.s.w.c.SecurityWebApplicationInitializer.<clinit>(16) - 1 ************************SecurityWebApplicationInitializer Intizialized************************
2018-02-25 22:16:46 [ContainerBackgroundProcessor[StandardEngine[Catalina]]] INFO  c.m.s.web.config.WebAppInitializer.getRootConfigClasses(66) - AppRootConfig configured
2018-02-25 22:16:46 [ContainerBackgroundProcessor[StandardEngine[Catalina]]] INFO  c.m.s.web.config.WebAppInitializer.getServletConfigClasses(81) - AppWebConfig configured
2018-02-25 22:16:46 [ContainerBackgroundProcessor[StandardEngine[Catalina]]] INFO  c.m.s.web.config.WebAppInitializer.customizeRegistration(118) - CustomizeRegistration initialized
2018-02-25 22:16:46 [ContainerBackgroundProcessor[StandardEngine[Catalina]]] INFO  c.m.s.web.config.WebAppInitializer.customizeRegistration(128) - ***START*** Multipart initializing 
2018-02-25 22:16:46 [ContainerBackgroundProcessor[StandardEngine[Catalina]]] INFO  c.m.s.web.config.WebAppInitializer.customizeRegistration(129) - Download Directory:/tmp
2018-02-25 22:16:46 [ContainerBackgroundProcessor[StandardEngine[Catalina]]] INFO  c.m.s.web.config.WebAppInitializer.customizeRegistration(137) - Multipart uploads files at /home/sabaja/Scrivania/spring-hibernate-workspace/Spring-In-Action_WebApp/Downloads, maxFileSize=2097152, maxRequestSize=4194304, fileSizeThreshold=0
2018-02-25 22:16:46 [ContainerBackgroundProcessor[StandardEngine[Catalina]]] INFO  c.m.s.web.config.WebAppInitializer.customizeRegistration(140) - ***END*** Multipart initialized 
2018-02-25 22:16:46 [ContainerBackgroundProcessor[StandardEngine[Catalina]]] INFO  c.m.s.w.c.ApacheServletInitializer.onStartup(37) - WebApplicationInitializer@ServletApacheInitializer instantiated
2018-02-25 22:16:46 [ContainerBackgroundProcessor[StandardEngine[Catalina]]] INFO  c.m.s.w.c.ApacheServletInitializer.onStartup(52) - Servlet [com.mvc.spittr.web.servlet.GenericServletDemoServlet] was added
2018-02-25 22:16:48 [ContainerBackgroundProcessor[StandardEngine[Catalina]]] INFO  c.m.spittr.web.config.AppRootConfig.<clinit>(38) - ************************AppRootConfig************************
2018-02-25 22:16:48 [ContainerBackgroundProcessor[StandardEngine[Catalina]]] INFO  c.m.s.web.config.WebSecurityConfig.<clinit>(66) - ************************Start - WebSecurityConfig************************
2018-02-25 22:16:48 [ContainerBackgroundProcessor[StandardEngine[Catalina]]] INFO  c.m.s.web.config.WebSecurityConfig.<clinit>(205) - ************************End - WebSecurityConfig************************
2018-02-25 22:16:48 [ContainerBackgroundProcessor[StandardEngine[Catalina]]] INFO  c.mvc.spittr.web.config.AppWebConfig.<clinit>(49) - ************************Start AppWebConfig************************
2018-02-25 22:16:48 [ContainerBackgroundProcessor[StandardEngine[Catalina]]] INFO  c.mvc.spittr.web.config.AppWebConfig.<clinit>(209) - ************************End AppWebConfig************************
2018-02-25 22:16:48 [ContainerBackgroundProcessor[StandardEngine[Catalina]]] INFO  c.m.s.w.c.HibernateConfiguration.<clinit>(36) - ************************HibernateConfiguration************************
2018-02-25 22:16:49 [ContainerBackgroundProcessor[StandardEngine[Catalina]]] INFO  c.m.spittr.web.config.AppRootConfig.messageSource(47) - MessageSource initialized
2018-02-25 22:16:49 [ContainerBackgroundProcessor[StandardEngine[Catalina]]] INFO  c.m.s.web.config.WebSecurityConfig.getAuthenticationTrustResolver(105) - AuthenticationTrustResolver  initialized
2018-02-25 22:16:49 [ContainerBackgroundProcessor[StandardEngine[Catalina]]] INFO  c.m.s.w.c.RoleToUserProfileConverter.<clinit>(27) - ************************Start RoleToUserProfileConverter************************
2018-02-25 22:16:49 [ContainerBackgroundProcessor[StandardEngine[Catalina]]] INFO  c.m.s.w.c.RoleToUserProfileConverter.<clinit>(42) - ************************End RoleToUserProfileConverter************************
2018-02-25 22:16:49 [ContainerBackgroundProcessor[StandardEngine[Catalina]]] INFO  c.m.s.w.c.HibernateConfiguration.dataSource(48) - ***HIBERNATE*** - DB DataSource initialized - HIBERNATE -
2018-02-25 22:16:49 [ContainerBackgroundProcessor[StandardEngine[Catalina]]] INFO  c.m.s.w.c.HibernateConfiguration.getSessionFactory(56) - ***HIBERNATE*** - LocalSessionFactoryBean initialized - HIBERNATE -
2018-02-25 22:16:49 [ContainerBackgroundProcessor[StandardEngine[Catalina]]] INFO  c.m.s.w.c.HibernateConfiguration.getSessionFactory(58) - ***HIBERNATE*** - HibernateProperties initialized - HIBERNATE -
2018-02-25 22:16:53 [ContainerBackgroundProcessor[StandardEngine[Catalina]]] INFO  c.m.s.w.l.HttpRequestLogInterceptor.<clinit>(28) - HttpRequestLogInterceptor initialized
2018-02-25 22:16:53 [ContainerBackgroundProcessor[StandardEngine[Catalina]]] INFO  c.mvc.spittr.web.config.AppWebConfig.setApplicationContext(55) - InternalResourceViewResolver inizialized
2018-02-25 22:16:54 [ContainerBackgroundProcessor[StandardEngine[Catalina]]] INFO  c.m.s.web.config.WebSecurityConfig.getSpitterDetailService(92) - SpitterDetailService  initialized
2018-02-25 22:16:54 [ContainerBackgroundProcessor[StandardEngine[Catalina]]] INFO  c.m.s.web.config.WebSecurityConfig.getAuthenticationProvider(198) - UserDetailsService initialized
2018-02-25 22:16:54 [ContainerBackgroundProcessor[StandardEngine[Catalina]]] INFO  c.m.s.web.config.WebSecurityConfig.passwordEncoder(210) - BCryptPasswordEncoder  initialized
2018-02-25 22:16:54 [ContainerBackgroundProcessor[StandardEngine[Catalina]]] INFO  c.m.s.web.config.WebSecurityConfig.getAuthenticationProvider(200) - Password encriptinig
2018-02-25 22:16:54 [ContainerBackgroundProcessor[StandardEngine[Catalina]]] INFO  c.m.s.web.config.WebSecurityConfig.configureGlobalSecurity(187) - ConfigureGlobalSecurity user permit initialized
2018-02-25 22:16:54 [ContainerBackgroundProcessor[StandardEngine[Catalina]]] INFO  c.m.s.web.config.WebSecurityConfig.getTokenRepository(98) - HibernateTokenRepositoryImpl  initialized
2018-02-25 22:16:54 [ContainerBackgroundProcessor[StandardEngine[Catalina]]] INFO  c.m.s.web.config.WebSecurityConfig.getPersistentTokenBasedRememberMeServices(220) - PersistentTokenService  initialized
2018-02-25 22:16:54 [ContainerBackgroundProcessor[StandardEngine[Catalina]]] DEBUG com.mvc.spittr.web.SpittleController.<init>(55) - 2018-02-25T22:16:54.675 Constructor call
2018-02-25 22:16:54 [ContainerBackgroundProcessor[StandardEngine[Catalina]]] INFO  c.m.spittr.web.config.AppRootConfig.multipartResolver(63) - MultipartResolver initialized
2018-02-25 22:16:54 [ContainerBackgroundProcessor[StandardEngine[Catalina]]] INFO  c.m.spittr.web.config.AppRootConfig.getJavaMailSender(75) - JavaMailMessage initialized
2018-02-25 22:16:54 [ContainerBackgroundProcessor[StandardEngine[Catalina]]] INFO  c.mvc.spittr.web.config.AppWebConfig.addInterceptors(122) - Interceptor added urls: /* /**
2018-02-25 22:16:55 [ContainerBackgroundProcessor[StandardEngine[Catalina]]] INFO  c.mvc.spittr.web.config.AppWebConfig.addFormatters(104) - Converter initialized, it converts string values[Roles] to UserProfiles
2018-02-25 22:16:55 [ContainerBackgroundProcessor[StandardEngine[Catalina]]] INFO  c.mvc.spittr.web.config.AppWebConfig.configureDefaultServletHandling(110) - DefaultServletHandlerConfigurer inizialized
2018-02-25 22:16:55 [ContainerBackgroundProcessor[StandardEngine[Catalina]]] INFO  c.mvc.spittr.web.config.AppWebConfig.viewResolver(65) - InternalResourceViewResolver inizialized
2018-02-25 22:16:55 [ContainerBackgroundProcessor[StandardEngine[Catalina]]] INFO  c.mvc.spittr.web.config.AppWebConfig.viewResolver(70) - resolver setting prefix /WEB-INF/views/
2018-02-25 22:16:55 [ContainerBackgroundProcessor[StandardEngine[Catalina]]] INFO  c.mvc.spittr.web.config.AppWebConfig.viewResolver(72) - resolver setting suffix .jsp
2018-02-25 22:16:55 [ContainerBackgroundProcessor[StandardEngine[Catalina]]] INFO  c.mvc.spittr.web.config.AppWebConfig.viewResolver(75) - org.springframework.web.servlet.view.JstlView.class set as view class
2018-02-25 22:16:55 [ContainerBackgroundProcessor[StandardEngine[Catalina]]] INFO  c.mvc.spittr.web.config.AppWebConfig.viewResolver2(82) - InternalResourceViewResolver for html inizialized
2018-02-25 22:16:55 [ContainerBackgroundProcessor[StandardEngine[Catalina]]] INFO  c.mvc.spittr.web.config.AppWebConfig.viewResolver2(87) - resolver setting prefix /WEB-INF/views/
2018-02-25 22:16:55 [ContainerBackgroundProcessor[StandardEngine[Catalina]]] INFO  c.mvc.spittr.web.config.AppWebConfig.viewResolver2(89) - resolver setting suffix .html
2018-02-25 22:16:55 [ContainerBackgroundProcessor[StandardEngine[Catalina]]] INFO  c.mvc.spittr.web.config.AppWebConfig.viewResolver2(92) - org.springframework.web.servlet.view.JstlView.class set as view class
2018-02-25 22:16:55 [ContainerBackgroundProcessor[StandardEngine[Catalina]]] INFO  c.m.s.w.c.HibernateConfiguration.getTransactionManager(69) - ***HIBERNATE*** - HibernateTransactionManager initialized - HIBERNATE -
2018-02-25 22:16:56 [ContainerBackgroundProcessor[StandardEngine[Catalina]]] INFO  c.m.s.web.config.WebSecurityConfig.configure(157) - WebSecurityConfig$$EnhancerBySpringCGLIB$$bd66a451::configure view permit
2018-02-25 22:16:56 [ContainerBackgroundProcessor[StandardEngine[Catalina]]] INFO  c.m.s.web.config.WebSecurityConfig.configure(158) - WebSecurityConfig$$EnhancerBySpringCGLIB$$bd66a451 initialized
2018-02-25 22:16:57 [ContainerBackgroundProcessor[StandardEngine[Catalina]]] INFO  c.m.spittr.web.config.AppRootConfig.messageSource(47) - MessageSource initialized
2018-02-25 22:16:57 [ContainerBackgroundProcessor[StandardEngine[Catalina]]] INFO  c.m.s.w.c.HibernateConfiguration.dataSource(48) - ***HIBERNATE*** - DB DataSource initialized - HIBERNATE -
2018-02-25 22:16:57 [ContainerBackgroundProcessor[StandardEngine[Catalina]]] INFO  c.m.s.w.c.HibernateConfiguration.getSessionFactory(56) - ***HIBERNATE*** - LocalSessionFactoryBean initialized - HIBERNATE -
2018-02-25 22:16:57 [ContainerBackgroundProcessor[StandardEngine[Catalina]]] INFO  c.m.s.w.c.HibernateConfiguration.getSessionFactory(58) - ***HIBERNATE*** - HibernateProperties initialized - HIBERNATE -
2018-02-25 22:16:58 [ContainerBackgroundProcessor[StandardEngine[Catalina]]] INFO  c.mvc.spittr.web.config.AppWebConfig.setApplicationContext(55) - InternalResourceViewResolver inizialized
2018-02-25 22:16:58 [ContainerBackgroundProcessor[StandardEngine[Catalina]]] INFO  c.m.s.web.config.WebSecurityConfig.getAuthenticationTrustResolver(105) - AuthenticationTrustResolver  initialized
2018-02-25 22:16:58 [ContainerBackgroundProcessor[StandardEngine[Catalina]]] INFO  c.m.s.web.config.WebSecurityConfig.getSpitterDetailService(92) - SpitterDetailService  initialized
2018-02-25 22:16:58 [ContainerBackgroundProcessor[StandardEngine[Catalina]]] INFO  c.m.s.web.config.WebSecurityConfig.getAuthenticationProvider(198) - UserDetailsService initialized
2018-02-25 22:16:58 [ContainerBackgroundProcessor[StandardEngine[Catalina]]] INFO  c.m.s.web.config.WebSecurityConfig.passwordEncoder(210) - BCryptPasswordEncoder  initialized
2018-02-25 22:16:58 [ContainerBackgroundProcessor[StandardEngine[Catalina]]] INFO  c.m.s.web.config.WebSecurityConfig.getAuthenticationProvider(200) - Password encriptinig
2018-02-25 22:16:58 [ContainerBackgroundProcessor[StandardEngine[Catalina]]] INFO  c.m.s.web.config.WebSecurityConfig.configureGlobalSecurity(187) - ConfigureGlobalSecurity user permit initialized
2018-02-25 22:16:58 [ContainerBackgroundProcessor[StandardEngine[Catalina]]] INFO  c.m.s.web.config.WebSecurityConfig.getTokenRepository(98) - HibernateTokenRepositoryImpl  initialized
2018-02-25 22:16:58 [ContainerBackgroundProcessor[StandardEngine[Catalina]]] INFO  c.m.s.web.config.WebSecurityConfig.getPersistentTokenBasedRememberMeServices(220) - PersistentTokenService  initialized
2018-02-25 22:16:58 [ContainerBackgroundProcessor[StandardEngine[Catalina]]] DEBUG com.mvc.spittr.web.SpittleController.<init>(55) - 2018-02-25T22:16:58.988 Constructor call
2018-02-25 22:16:59 [ContainerBackgroundProcessor[StandardEngine[Catalina]]] INFO  c.m.spittr.web.config.AppRootConfig.multipartResolver(63) - MultipartResolver initialized
2018-02-25 22:16:59 [ContainerBackgroundProcessor[StandardEngine[Catalina]]] INFO  c.m.spittr.web.config.AppRootConfig.getJavaMailSender(75) - JavaMailMessage initialized
2018-02-25 22:16:59 [ContainerBackgroundProcessor[StandardEngine[Catalina]]] INFO  c.mvc.spittr.web.config.AppWebConfig.addInterceptors(122) - Interceptor added urls: /* /**
2018-02-25 22:16:59 [ContainerBackgroundProcessor[StandardEngine[Catalina]]] INFO  c.mvc.spittr.web.config.AppWebConfig.addFormatters(104) - Converter initialized, it converts string values[Roles] to UserProfiles
2018-02-25 22:16:59 [ContainerBackgroundProcessor[StandardEngine[Catalina]]] INFO  c.mvc.spittr.web.config.AppWebConfig.configureDefaultServletHandling(110) - DefaultServletHandlerConfigurer inizialized
2018-02-25 22:16:59 [ContainerBackgroundProcessor[StandardEngine[Catalina]]] INFO  c.mvc.spittr.web.config.AppWebConfig.viewResolver(65) - InternalResourceViewResolver inizialized
2018-02-25 22:16:59 [ContainerBackgroundProcessor[StandardEngine[Catalina]]] INFO  c.mvc.spittr.web.config.AppWebConfig.viewResolver(70) - resolver setting prefix /WEB-INF/views/
2018-02-25 22:16:59 [ContainerBackgroundProcessor[StandardEngine[Catalina]]] INFO  c.mvc.spittr.web.config.AppWebConfig.viewResolver(72) - resolver setting suffix .jsp
2018-02-25 22:16:59 [ContainerBackgroundProcessor[StandardEngine[Catalina]]] INFO  c.mvc.spittr.web.config.AppWebConfig.viewResolver(75) - org.springframework.web.servlet.view.JstlView.class set as view class
2018-02-25 22:16:59 [ContainerBackgroundProcessor[StandardEngine[Catalina]]] INFO  c.mvc.spittr.web.config.AppWebConfig.viewResolver2(82) - InternalResourceViewResolver for html inizialized
2018-02-25 22:16:59 [ContainerBackgroundProcessor[StandardEngine[Catalina]]] INFO  c.mvc.spittr.web.config.AppWebConfig.viewResolver2(87) - resolver setting prefix /WEB-INF/views/
2018-02-25 22:16:59 [ContainerBackgroundProcessor[StandardEngine[Catalina]]] INFO  c.mvc.spittr.web.config.AppWebConfig.viewResolver2(89) - resolver setting suffix .html
2018-02-25 22:16:59 [ContainerBackgroundProcessor[StandardEngine[Catalina]]] INFO  c.mvc.spittr.web.config.AppWebConfig.viewResolver2(92) - org.springframework.web.servlet.view.JstlView.class set as view class
2018-02-25 22:16:59 [ContainerBackgroundProcessor[StandardEngine[Catalina]]] INFO  c.m.s.w.c.HibernateConfiguration.getTransactionManager(69) - ***HIBERNATE*** - HibernateTransactionManager initialized - HIBERNATE -
2018-02-25 22:16:59 [ContainerBackgroundProcessor[StandardEngine[Catalina]]] INFO  c.m.s.web.config.WebSecurityConfig.configure(157) - WebSecurityConfig$$EnhancerBySpringCGLIB$$bd66a451::configure view permit
2018-02-25 22:16:59 [ContainerBackgroundProcessor[StandardEngine[Catalina]]] INFO  c.m.s.web.config.WebSecurityConfig.configure(158) - WebSecurityConfig$$EnhancerBySpringCGLIB$$bd66a451 initialized
2018-02-25 22:17:00 [ContainerBackgroundProcessor[StandardEngine[Catalina]]] INFO  c.m.spittr.web.config.AppRootConfig.messageSource(47) - MessageSource initialized
2018-02-25 22:17:00 [ContainerBackgroundProcessor[StandardEngine[Catalina]]] INFO  c.m.s.w.c.HibernateConfiguration.dataSource(48) - ***HIBERNATE*** - DB DataSource initialized - HIBERNATE -
2018-02-25 22:17:00 [ContainerBackgroundProcessor[StandardEngine[Catalina]]] INFO  c.m.s.w.c.HibernateConfiguration.getSessionFactory(56) - ***HIBERNATE*** - LocalSessionFactoryBean initialized - HIBERNATE -
2018-02-25 22:17:00 [ContainerBackgroundProcessor[StandardEngine[Catalina]]] INFO  c.m.s.w.c.HibernateConfiguration.getSessionFactory(58) - ***HIBERNATE*** - HibernateProperties initialized - HIBERNATE -
2018-02-25 22:17:00 [ContainerBackgroundProcessor[StandardEngine[Catalina]]] INFO  c.mvc.spittr.web.config.AppWebConfig.setApplicationContext(55) - InternalResourceViewResolver inizialized
2018-02-25 22:17:00 [ContainerBackgroundProcessor[StandardEngine[Catalina]]] INFO  c.m.s.web.config.WebSecurityConfig.getAuthenticationTrustResolver(105) - AuthenticationTrustResolver  initialized
2018-02-25 22:17:00 [ContainerBackgroundProcessor[StandardEngine[Catalina]]] INFO  c.m.s.web.config.WebSecurityConfig.getSpitterDetailService(92) - SpitterDetailService  initialized
2018-02-25 22:17:00 [ContainerBackgroundProcessor[StandardEngine[Catalina]]] INFO  c.m.s.web.config.WebSecurityConfig.getAuthenticationProvider(198) - UserDetailsService initialized
2018-02-25 22:17:00 [ContainerBackgroundProcessor[StandardEngine[Catalina]]] INFO  c.m.s.web.config.WebSecurityConfig.passwordEncoder(210) - BCryptPasswordEncoder  initialized
2018-02-25 22:17:01 [ContainerBackgroundProcessor[StandardEngine[Catalina]]] INFO  c.m.s.web.config.WebSecurityConfig.getAuthenticationProvider(200) - Password encriptinig
2018-02-25 22:17:01 [ContainerBackgroundProcessor[StandardEngine[Catalina]]] INFO  c.m.s.web.config.WebSecurityConfig.configureGlobalSecurity(187) - ConfigureGlobalSecurity user permit initialized
2018-02-25 22:17:01 [ContainerBackgroundProcessor[StandardEngine[Catalina]]] INFO  c.m.s.web.config.WebSecurityConfig.getTokenRepository(98) - HibernateTokenRepositoryImpl  initialized
2018-02-25 22:17:01 [ContainerBackgroundProcessor[StandardEngine[Catalina]]] INFO  c.m.s.web.config.WebSecurityConfig.getPersistentTokenBasedRememberMeServices(220) - PersistentTokenService  initialized
2018-02-25 22:17:01 [ContainerBackgroundProcessor[StandardEngine[Catalina]]] DEBUG com.mvc.spittr.web.SpittleController.<init>(55) - 2018-02-25T22:17:01.218 Constructor call
2018-02-25 22:17:01 [ContainerBackgroundProcessor[StandardEngine[Catalina]]] INFO  c.m.spittr.web.config.AppRootConfig.multipartResolver(63) - MultipartResolver initialized
2018-02-25 22:17:01 [ContainerBackgroundProcessor[StandardEngine[Catalina]]] INFO  c.m.spittr.web.config.AppRootConfig.getJavaMailSender(75) - JavaMailMessage initialized
2018-02-25 22:17:01 [ContainerBackgroundProcessor[StandardEngine[Catalina]]] INFO  c.m.s.w.c.HibernateConfiguration.getTransactionManager(69) - ***HIBERNATE*** - HibernateTransactionManager initialized - HIBERNATE -
2018-02-25 22:17:01 [ContainerBackgroundProcessor[StandardEngine[Catalina]]] INFO  c.m.s.web.config.WebSecurityConfig.configure(157) - WebSecurityConfig$$EnhancerBySpringCGLIB$$bd66a451::configure view permit
2018-02-25 22:17:01 [ContainerBackgroundProcessor[StandardEngine[Catalina]]] INFO  c.m.s.web.config.WebSecurityConfig.configure(158) - WebSecurityConfig$$EnhancerBySpringCGLIB$$bd66a451 initialized
2018-02-25 22:17:01 [ContainerBackgroundProcessor[StandardEngine[Catalina]]] INFO  c.mvc.spittr.web.config.AppWebConfig.addInterceptors(122) - Interceptor added urls: /* /**
2018-02-25 22:17:01 [ContainerBackgroundProcessor[StandardEngine[Catalina]]] INFO  c.mvc.spittr.web.config.AppWebConfig.addFormatters(104) - Converter initialized, it converts string values[Roles] to UserProfiles
2018-02-25 22:17:01 [ContainerBackgroundProcessor[StandardEngine[Catalina]]] INFO  c.mvc.spittr.web.config.AppWebConfig.configureDefaultServletHandling(110) - DefaultServletHandlerConfigurer inizialized
2018-02-25 22:17:02 [ContainerBackgroundProcessor[StandardEngine[Catalina]]] INFO  c.mvc.spittr.web.config.AppWebConfig.viewResolver(65) - InternalResourceViewResolver inizialized
2018-02-25 22:17:02 [ContainerBackgroundProcessor[StandardEngine[Catalina]]] INFO  c.mvc.spittr.web.config.AppWebConfig.viewResolver(70) - resolver setting prefix /WEB-INF/views/
2018-02-25 22:17:02 [ContainerBackgroundProcessor[StandardEngine[Catalina]]] INFO  c.mvc.spittr.web.config.AppWebConfig.viewResolver(72) - resolver setting suffix .jsp
2018-02-25 22:17:02 [ContainerBackgroundProcessor[StandardEngine[Catalina]]] INFO  c.mvc.spittr.web.config.AppWebConfig.viewResolver(75) - org.springframework.web.servlet.view.JstlView.class set as view class
2018-02-25 22:17:02 [ContainerBackgroundProcessor[StandardEngine[Catalina]]] INFO  c.mvc.spittr.web.config.AppWebConfig.viewResolver2(82) - InternalResourceViewResolver for html inizialized
2018-02-25 22:17:02 [ContainerBackgroundProcessor[StandardEngine[Catalina]]] INFO  c.mvc.spittr.web.config.AppWebConfig.viewResolver2(87) - resolver setting prefix /WEB-INF/views/
2018-02-25 22:17:02 [ContainerBackgroundProcessor[StandardEngine[Catalina]]] INFO  c.mvc.spittr.web.config.AppWebConfig.viewResolver2(89) - resolver setting suffix .html
2018-02-25 22:17:02 [ContainerBackgroundProcessor[StandardEngine[Catalina]]] INFO  c.mvc.spittr.web.config.AppWebConfig.viewResolver2(92) - org.springframework.web.servlet.view.JstlView.class set as view class
2018-02-25 22:17:02 [ContainerBackgroundProcessor[StandardEngine[Catalina]]] INFO  c.m.s.w.s.GenericServletDemoServlet.<clinit>(29) - ************************Start - GenericServletDemoServlet************************
2018-02-25 22:17:02 [ContainerBackgroundProcessor[StandardEngine[Catalina]]] INFO  c.m.s.w.s.GenericServletDemoServlet.<clinit>(47) - ************************End - GenericServletDemoServlet************************
2018-02-25 22:17:43 [ContainerBackgroundProcessor[StandardEngine[Catalina]]] INFO  c.m.s.w.c.SecurityWebApplicationInitializer.<clinit>(16) - 1 ************************SecurityWebApplicationInitializer Intizialized************************
2018-02-25 22:17:43 [ContainerBackgroundProcessor[StandardEngine[Catalina]]] INFO  c.m.s.web.config.WebAppInitializer.<clinit>(55) - ************************Start WebAppInitializer************************
2018-02-25 22:17:43 [ContainerBackgroundProcessor[StandardEngine[Catalina]]] INFO  c.m.s.web.config.WebAppInitializer.<clinit>(161) - ************************End WebAppInitializer************************
2018-02-25 22:19:08 [localhost-startStop-1] INFO  c.m.s.web.config.WebAppInitializer.<clinit>(55) - ************************Start WebAppInitializer************************
2018-02-25 22:19:08 [localhost-startStop-1] INFO  c.m.s.web.config.WebAppInitializer.<clinit>(161) - ************************End WebAppInitializer************************
2018-02-25 22:19:08 [localhost-startStop-1] INFO  c.m.s.w.c.SecurityWebApplicationInitializer.<clinit>(16) - 1 ************************SecurityWebApplicationInitializer Intizialized************************
2018-02-25 22:40:28 [localhost-startStop-1] INFO  c.m.s.w.c.SecurityWebApplicationInitializer.<clinit>(16) - 1 ************************SecurityWebApplicationInitializer Intizialized************************
2018-02-25 22:42:16 [localhost-startStop-1] INFO  c.m.s.w.c.SecurityWebApplicationInitializer.<clinit>(16) - 1 ************************SecurityWebApplicationInitializer Intizialized************************
2018-02-25 22:42:16 [localhost-startStop-1] INFO  c.m.s.web.config.WebAppInitializer.<clinit>(55) - ************************Start WebAppInitializer************************
2018-02-25 22:42:16 [localhost-startStop-1] INFO  c.m.s.web.config.WebAppInitializer.<clinit>(161) - ************************End WebAppInitializer************************
2018-02-25 22:42:16 [localhost-startStop-1] INFO  c.m.s.w.c.ApacheServletInitializer.<clinit>(29) - ************************Start AppWebConfig************************
2018-02-25 22:42:16 [localhost-startStop-1] INFO  c.m.s.w.c.ApacheServletInitializer.<clinit>(83) - ************************End AppWebConfig************************
2018-02-25 22:43:18 [localhost-startStop-1] INFO  c.m.s.w.c.ApacheServletInitializer.<clinit>(29) - ************************Start AppWebConfig************************
2018-02-25 22:43:18 [localhost-startStop-1] INFO  c.m.s.w.c.ApacheServletInitializer.<clinit>(83) - ************************End AppWebConfig************************
2018-02-25 22:43:18 [localhost-startStop-1] INFO  c.m.s.web.config.WebAppInitializer.<clinit>(55) - ************************Start WebAppInitializer************************
2018-02-25 22:43:18 [localhost-startStop-1] INFO  c.m.s.web.config.WebAppInitializer.<clinit>(161) - ************************End WebAppInitializer************************
2018-02-25 22:43:18 [localhost-startStop-1] INFO  c.m.s.w.c.SecurityWebApplicationInitializer.<clinit>(16) - 1 ************************SecurityWebApplicationInitializer Intizialized************************
2018-02-25 22:43:19 [localhost-startStop-1] INFO  c.m.s.web.config.WebAppInitializer.getRootConfigClasses(66) - AppRootConfig configured
2018-02-25 22:43:19 [localhost-startStop-1] INFO  c.m.s.web.config.WebAppInitializer.getServletConfigClasses(81) - AppWebConfig configured
2018-02-25 22:43:19 [localhost-startStop-1] INFO  c.m.s.web.config.WebAppInitializer.customizeRegistration(118) - CustomizeRegistration initialized
2018-02-25 22:43:19 [localhost-startStop-1] INFO  c.m.s.web.config.WebAppInitializer.customizeRegistration(128) - ***START*** Multipart initializing 
2018-02-25 22:43:19 [localhost-startStop-1] INFO  c.m.s.web.config.WebAppInitializer.customizeRegistration(129) - Download Directory:/tmp
2018-02-25 22:43:19 [localhost-startStop-1] INFO  c.m.s.web.config.WebAppInitializer.customizeRegistration(137) - Multipart uploads files at /home/sabaja/Scrivania/spring-hibernate-workspace/Spring-In-Action_WebApp/Downloads, maxFileSize=2097152, maxRequestSize=4194304, fileSizeThreshold=0
2018-02-25 22:43:19 [localhost-startStop-1] INFO  c.m.s.web.config.WebAppInitializer.customizeRegistration(140) - ***END*** Multipart initialized 
2018-02-25 22:43:19 [localhost-startStop-1] INFO  c.m.s.w.c.ApacheServletInitializer.onStartup(37) - WebApplicationInitializer@ServletApacheInitializer instantiated
2018-02-25 22:43:19 [localhost-startStop-1] INFO  c.m.s.w.c.ApacheServletInitializer.onStartup(52) - Servlet [com.mvc.spittr.web.servlet.GenericServletDemoServlet] was added
2018-02-25 22:43:20 [localhost-startStop-1] INFO  c.m.spittr.web.config.AppRootConfig.<clinit>(38) - ************************AppRootConfig************************
2018-02-25 22:43:20 [localhost-startStop-1] INFO  c.m.s.web.config.WebSecurityConfig.<clinit>(66) - ************************Start - WebSecurityConfig************************
2018-02-25 22:43:20 [localhost-startStop-1] INFO  c.m.s.web.config.WebSecurityConfig.<clinit>(205) - ************************End - WebSecurityConfig************************
2018-02-25 22:43:20 [localhost-startStop-1] INFO  c.mvc.spittr.web.config.AppWebConfig.<clinit>(49) - ************************Start AppWebConfig************************
2018-02-25 22:43:20 [localhost-startStop-1] INFO  c.mvc.spittr.web.config.AppWebConfig.<clinit>(209) - ************************End AppWebConfig************************
2018-02-25 22:43:20 [localhost-startStop-1] INFO  c.m.s.w.c.HibernateConfiguration.<clinit>(36) - ************************HibernateConfiguration************************
2018-02-25 22:43:21 [localhost-startStop-1] INFO  c.m.spittr.web.config.AppRootConfig.messageSource(47) - MessageSource initialized
2018-02-25 22:43:21 [localhost-startStop-1] INFO  c.m.s.web.config.WebSecurityConfig.getAuthenticationTrustResolver(105) - AuthenticationTrustResolver  initialized
2018-02-25 22:43:21 [localhost-startStop-1] INFO  c.m.s.w.c.RoleToUserProfileConverter.<clinit>(27) - ************************Start RoleToUserProfileConverter************************
2018-02-25 22:43:21 [localhost-startStop-1] INFO  c.m.s.w.c.RoleToUserProfileConverter.<clinit>(42) - ************************End RoleToUserProfileConverter************************
2018-02-25 22:43:22 [localhost-startStop-1] INFO  c.m.s.w.c.HibernateConfiguration.dataSource(48) - ***HIBERNATE*** - DB DataSource initialized - HIBERNATE -
2018-02-25 22:43:22 [localhost-startStop-1] INFO  c.m.s.w.c.HibernateConfiguration.getSessionFactory(56) - ***HIBERNATE*** - LocalSessionFactoryBean initialized - HIBERNATE -
2018-02-25 22:43:22 [localhost-startStop-1] INFO  c.m.s.w.c.HibernateConfiguration.getSessionFactory(58) - ***HIBERNATE*** - HibernateProperties initialized - HIBERNATE -
2018-02-25 22:43:27 [localhost-startStop-1] INFO  c.m.s.w.l.HttpRequestLogInterceptor.<clinit>(28) - HttpRequestLogInterceptor initialized
2018-02-25 22:43:27 [localhost-startStop-1] INFO  c.mvc.spittr.web.config.AppWebConfig.setApplicationContext(55) - InternalResourceViewResolver inizialized
2018-02-25 22:43:27 [localhost-startStop-1] INFO  c.m.s.web.config.WebSecurityConfig.getSpitterDetailService(92) - SpitterDetailService  initialized
2018-02-25 22:43:27 [localhost-startStop-1] INFO  c.m.s.web.config.WebSecurityConfig.getAuthenticationProvider(198) - UserDetailsService initialized
2018-02-25 22:43:27 [localhost-startStop-1] INFO  c.m.s.web.config.WebSecurityConfig.passwordEncoder(210) - BCryptPasswordEncoder  initialized
2018-02-25 22:43:27 [localhost-startStop-1] INFO  c.m.s.web.config.WebSecurityConfig.getAuthenticationProvider(200) - Password encriptinig
2018-02-25 22:43:27 [localhost-startStop-1] INFO  c.m.s.web.config.WebSecurityConfig.configureGlobalSecurity(187) - ConfigureGlobalSecurity user permit initialized
2018-02-25 22:43:27 [localhost-startStop-1] INFO  c.m.s.web.config.WebSecurityConfig.getTokenRepository(98) - HibernateTokenRepositoryImpl  initialized
2018-02-25 22:43:27 [localhost-startStop-1] INFO  c.m.s.web.config.WebSecurityConfig.getPersistentTokenBasedRememberMeServices(220) - PersistentTokenService  initialized
2018-02-25 22:43:28 [localhost-startStop-1] DEBUG com.mvc.spittr.web.SpittleController.<init>(55) - 2018-02-25T22:43:28.057 Constructor call
2018-02-25 22:43:28 [localhost-startStop-1] INFO  c.m.spittr.web.config.AppRootConfig.multipartResolver(63) - MultipartResolver initialized
2018-02-25 22:43:28 [localhost-startStop-1] INFO  c.m.spittr.web.config.AppRootConfig.getJavaMailSender(75) - JavaMailMessage initialized
2018-02-25 22:43:28 [localhost-startStop-1] INFO  c.mvc.spittr.web.config.AppWebConfig.addInterceptors(122) - Interceptor added urls: /* /**
2018-02-25 22:43:28 [localhost-startStop-1] INFO  c.mvc.spittr.web.config.AppWebConfig.addFormatters(104) - Converter initialized, it converts string values[Roles] to UserProfiles
2018-02-25 22:43:28 [localhost-startStop-1] INFO  c.mvc.spittr.web.config.AppWebConfig.configureDefaultServletHandling(110) - DefaultServletHandlerConfigurer inizialized
2018-02-25 22:43:29 [localhost-startStop-1] INFO  c.mvc.spittr.web.config.AppWebConfig.viewResolver(65) - InternalResourceViewResolver inizialized
2018-02-25 22:43:29 [localhost-startStop-1] INFO  c.mvc.spittr.web.config.AppWebConfig.viewResolver(70) - resolver setting prefix /WEB-INF/views/
2018-02-25 22:43:29 [localhost-startStop-1] INFO  c.mvc.spittr.web.config.AppWebConfig.viewResolver(72) - resolver setting suffix .jsp
2018-02-25 22:43:29 [localhost-startStop-1] INFO  c.mvc.spittr.web.config.AppWebConfig.viewResolver(75) - org.springframework.web.servlet.view.JstlView.class set as view class
2018-02-25 22:43:29 [localhost-startStop-1] INFO  c.mvc.spittr.web.config.AppWebConfig.viewResolver2(82) - InternalResourceViewResolver for html inizialized
2018-02-25 22:43:29 [localhost-startStop-1] INFO  c.mvc.spittr.web.config.AppWebConfig.viewResolver2(87) - resolver setting prefix /WEB-INF/views/
2018-02-25 22:43:29 [localhost-startStop-1] INFO  c.mvc.spittr.web.config.AppWebConfig.viewResolver2(89) - resolver setting suffix .html
2018-02-25 22:43:29 [localhost-startStop-1] INFO  c.mvc.spittr.web.config.AppWebConfig.viewResolver2(92) - org.springframework.web.servlet.view.JstlView.class set as view class
2018-02-25 22:43:29 [localhost-startStop-1] INFO  c.m.s.w.c.HibernateConfiguration.getTransactionManager(69) - ***HIBERNATE*** - HibernateTransactionManager initialized - HIBERNATE -
2018-02-25 22:43:30 [localhost-startStop-1] INFO  c.m.s.web.config.WebSecurityConfig.configure(157) - WebSecurityConfig$$EnhancerBySpringCGLIB$$eb08c325::configure view permit
2018-02-25 22:43:30 [localhost-startStop-1] INFO  c.m.s.web.config.WebSecurityConfig.configure(158) - WebSecurityConfig$$EnhancerBySpringCGLIB$$eb08c325 initialized
2018-02-25 22:43:31 [localhost-startStop-1] INFO  c.m.spittr.web.config.AppRootConfig.messageSource(47) - MessageSource initialized
2018-02-25 22:43:31 [localhost-startStop-1] INFO  c.m.s.w.c.HibernateConfiguration.dataSource(48) - ***HIBERNATE*** - DB DataSource initialized - HIBERNATE -
2018-02-25 22:43:31 [localhost-startStop-1] INFO  c.m.s.w.c.HibernateConfiguration.getSessionFactory(56) - ***HIBERNATE*** - LocalSessionFactoryBean initialized - HIBERNATE -
2018-02-25 22:43:31 [localhost-startStop-1] INFO  c.m.s.w.c.HibernateConfiguration.getSessionFactory(58) - ***HIBERNATE*** - HibernateProperties initialized - HIBERNATE -
2018-02-25 22:43:31 [localhost-startStop-1] INFO  c.mvc.spittr.web.config.AppWebConfig.setApplicationContext(55) - InternalResourceViewResolver inizialized
2018-02-25 22:43:31 [localhost-startStop-1] INFO  c.m.s.web.config.WebSecurityConfig.getAuthenticationTrustResolver(105) - AuthenticationTrustResolver  initialized
2018-02-25 22:43:31 [localhost-startStop-1] INFO  c.m.s.web.config.WebSecurityConfig.getSpitterDetailService(92) - SpitterDetailService  initialized
2018-02-25 22:43:32 [localhost-startStop-1] INFO  c.m.s.web.config.WebSecurityConfig.getAuthenticationProvider(198) - UserDetailsService initialized
2018-02-25 22:43:32 [localhost-startStop-1] INFO  c.m.s.web.config.WebSecurityConfig.passwordEncoder(210) - BCryptPasswordEncoder  initialized
2018-02-25 22:43:32 [localhost-startStop-1] INFO  c.m.s.web.config.WebSecurityConfig.getAuthenticationProvider(200) - Password encriptinig
2018-02-25 22:43:32 [localhost-startStop-1] INFO  c.m.s.web.config.WebSecurityConfig.configureGlobalSecurity(187) - ConfigureGlobalSecurity user permit initialized
2018-02-25 22:43:32 [localhost-startStop-1] INFO  c.m.s.web.config.WebSecurityConfig.getTokenRepository(98) - HibernateTokenRepositoryImpl  initialized
2018-02-25 22:43:32 [localhost-startStop-1] INFO  c.m.s.web.config.WebSecurityConfig.getPersistentTokenBasedRememberMeServices(220) - PersistentTokenService  initialized
2018-02-25 22:43:32 [localhost-startStop-1] DEBUG com.mvc.spittr.web.SpittleController.<init>(55) - 2018-02-25T22:43:32.311 Constructor call
2018-02-25 22:43:32 [localhost-startStop-1] INFO  c.m.spittr.web.config.AppRootConfig.multipartResolver(63) - MultipartResolver initialized
2018-02-25 22:43:32 [localhost-startStop-1] INFO  c.m.spittr.web.config.AppRootConfig.getJavaMailSender(75) - JavaMailMessage initialized
2018-02-25 22:43:32 [localhost-startStop-1] INFO  c.mvc.spittr.web.config.AppWebConfig.addInterceptors(122) - Interceptor added urls: /* /**
2018-02-25 22:43:32 [localhost-startStop-1] INFO  c.mvc.spittr.web.config.AppWebConfig.addFormatters(104) - Converter initialized, it converts string values[Roles] to UserProfiles
2018-02-25 22:43:32 [localhost-startStop-1] INFO  c.mvc.spittr.web.config.AppWebConfig.configureDefaultServletHandling(110) - DefaultServletHandlerConfigurer inizialized
2018-02-25 22:43:32 [localhost-startStop-1] INFO  c.mvc.spittr.web.config.AppWebConfig.viewResolver(65) - InternalResourceViewResolver inizialized
2018-02-25 22:43:32 [localhost-startStop-1] INFO  c.mvc.spittr.web.config.AppWebConfig.viewResolver(70) - resolver setting prefix /WEB-INF/views/
2018-02-25 22:43:32 [localhost-startStop-1] INFO  c.mvc.spittr.web.config.AppWebConfig.viewResolver(72) - resolver setting suffix .jsp
2018-02-25 22:43:32 [localhost-startStop-1] INFO  c.mvc.spittr.web.config.AppWebConfig.viewResolver(75) - org.springframework.web.servlet.view.JstlView.class set as view class
2018-02-25 22:43:32 [localhost-startStop-1] INFO  c.mvc.spittr.web.config.AppWebConfig.viewResolver2(82) - InternalResourceViewResolver for html inizialized
2018-02-25 22:43:32 [localhost-startStop-1] INFO  c.mvc.spittr.web.config.AppWebConfig.viewResolver2(87) - resolver setting prefix /WEB-INF/views/
2018-02-25 22:43:32 [localhost-startStop-1] INFO  c.mvc.spittr.web.config.AppWebConfig.viewResolver2(89) - resolver setting suffix .html
2018-02-25 22:43:32 [localhost-startStop-1] INFO  c.mvc.spittr.web.config.AppWebConfig.viewResolver2(92) - org.springframework.web.servlet.view.JstlView.class set as view class
2018-02-25 22:43:32 [localhost-startStop-1] INFO  c.m.s.w.c.HibernateConfiguration.getTransactionManager(69) - ***HIBERNATE*** - HibernateTransactionManager initialized - HIBERNATE -
2018-02-25 22:43:32 [localhost-startStop-1] INFO  c.m.s.web.config.WebSecurityConfig.configure(157) - WebSecurityConfig$$EnhancerBySpringCGLIB$$eb08c325::configure view permit
2018-02-25 22:43:32 [localhost-startStop-1] INFO  c.m.s.web.config.WebSecurityConfig.configure(158) - WebSecurityConfig$$EnhancerBySpringCGLIB$$eb08c325 initialized
2018-02-25 22:43:33 [localhost-startStop-1] INFO  c.m.spittr.web.config.AppRootConfig.messageSource(47) - MessageSource initialized
2018-02-25 22:43:33 [localhost-startStop-1] INFO  c.m.s.w.c.HibernateConfiguration.dataSource(48) - ***HIBERNATE*** - DB DataSource initialized - HIBERNATE -
2018-02-25 22:43:33 [localhost-startStop-1] INFO  c.m.s.w.c.HibernateConfiguration.getSessionFactory(56) - ***HIBERNATE*** - LocalSessionFactoryBean initialized - HIBERNATE -
2018-02-25 22:43:33 [localhost-startStop-1] INFO  c.m.s.w.c.HibernateConfiguration.getSessionFactory(58) - ***HIBERNATE*** - HibernateProperties initialized - HIBERNATE -
2018-02-25 22:43:34 [localhost-startStop-1] INFO  c.mvc.spittr.web.config.AppWebConfig.setApplicationContext(55) - InternalResourceViewResolver inizialized
2018-02-25 22:43:34 [localhost-startStop-1] INFO  c.m.s.web.config.WebSecurityConfig.getAuthenticationTrustResolver(105) - AuthenticationTrustResolver  initialized
2018-02-25 22:43:34 [localhost-startStop-1] INFO  c.m.s.web.config.WebSecurityConfig.getSpitterDetailService(92) - SpitterDetailService  initialized
2018-02-25 22:43:34 [localhost-startStop-1] INFO  c.m.s.web.config.WebSecurityConfig.getAuthenticationProvider(198) - UserDetailsService initialized
2018-02-25 22:43:34 [localhost-startStop-1] INFO  c.m.s.web.config.WebSecurityConfig.passwordEncoder(210) - BCryptPasswordEncoder  initialized
2018-02-25 22:43:34 [localhost-startStop-1] INFO  c.m.s.web.config.WebSecurityConfig.getAuthenticationProvider(200) - Password encriptinig
2018-02-25 22:43:34 [localhost-startStop-1] INFO  c.m.s.web.config.WebSecurityConfig.configureGlobalSecurity(187) - ConfigureGlobalSecurity user permit initialized
2018-02-25 22:43:34 [localhost-startStop-1] INFO  c.m.s.web.config.WebSecurityConfig.getTokenRepository(98) - HibernateTokenRepositoryImpl  initialized
2018-02-25 22:43:34 [localhost-startStop-1] INFO  c.m.s.web.config.WebSecurityConfig.getPersistentTokenBasedRememberMeServices(220) - PersistentTokenService  initialized
2018-02-25 22:43:34 [localhost-startStop-1] DEBUG com.mvc.spittr.web.SpittleController.<init>(55) - 2018-02-25T22:43:34.557 Constructor call
2018-02-25 22:43:34 [localhost-startStop-1] INFO  c.m.spittr.web.config.AppRootConfig.multipartResolver(63) - MultipartResolver initialized
2018-02-25 22:43:34 [localhost-startStop-1] INFO  c.m.spittr.web.config.AppRootConfig.getJavaMailSender(75) - JavaMailMessage initialized
2018-02-25 22:43:34 [localhost-startStop-1] INFO  c.m.s.w.c.HibernateConfiguration.getTransactionManager(69) - ***HIBERNATE*** - HibernateTransactionManager initialized - HIBERNATE -
2018-02-25 22:43:34 [localhost-startStop-1] INFO  c.m.s.web.config.WebSecurityConfig.configure(157) - WebSecurityConfig$$EnhancerBySpringCGLIB$$eb08c325::configure view permit
2018-02-25 22:43:34 [localhost-startStop-1] INFO  c.m.s.web.config.WebSecurityConfig.configure(158) - WebSecurityConfig$$EnhancerBySpringCGLIB$$eb08c325 initialized
2018-02-25 22:43:35 [localhost-startStop-1] INFO  c.mvc.spittr.web.config.AppWebConfig.addInterceptors(122) - Interceptor added urls: /* /**
2018-02-25 22:43:35 [localhost-startStop-1] INFO  c.mvc.spittr.web.config.AppWebConfig.addFormatters(104) - Converter initialized, it converts string values[Roles] to UserProfiles
2018-02-25 22:43:35 [localhost-startStop-1] INFO  c.mvc.spittr.web.config.AppWebConfig.configureDefaultServletHandling(110) - DefaultServletHandlerConfigurer inizialized
2018-02-25 22:43:35 [localhost-startStop-1] INFO  c.mvc.spittr.web.config.AppWebConfig.viewResolver(65) - InternalResourceViewResolver inizialized
2018-02-25 22:43:35 [localhost-startStop-1] INFO  c.mvc.spittr.web.config.AppWebConfig.viewResolver(70) - resolver setting prefix /WEB-INF/views/
2018-02-25 22:43:35 [localhost-startStop-1] INFO  c.mvc.spittr.web.config.AppWebConfig.viewResolver(72) - resolver setting suffix .jsp
2018-02-25 22:43:35 [localhost-startStop-1] INFO  c.mvc.spittr.web.config.AppWebConfig.viewResolver(75) - org.springframework.web.servlet.view.JstlView.class set as view class
2018-02-25 22:43:35 [localhost-startStop-1] INFO  c.mvc.spittr.web.config.AppWebConfig.viewResolver2(82) - InternalResourceViewResolver for html inizialized
2018-02-25 22:43:35 [localhost-startStop-1] INFO  c.mvc.spittr.web.config.AppWebConfig.viewResolver2(87) - resolver setting prefix /WEB-INF/views/
2018-02-25 22:43:35 [localhost-startStop-1] INFO  c.mvc.spittr.web.config.AppWebConfig.viewResolver2(89) - resolver setting suffix .html
2018-02-25 22:43:35 [localhost-startStop-1] INFO  c.mvc.spittr.web.config.AppWebConfig.viewResolver2(92) - org.springframework.web.servlet.view.JstlView.class set as view class
2018-02-25 22:43:35 [localhost-startStop-1] INFO  c.m.s.w.s.GenericServletDemoServlet.<clinit>(29) - ************************Start - GenericServletDemoServlet************************
2018-02-25 22:43:35 [localhost-startStop-1] INFO  c.m.s.w.s.GenericServletDemoServlet.<clinit>(47) - ************************End - GenericServletDemoServlet************************
2018-02-25 22:46:24 [ContainerBackgroundProcessor[StandardEngine[Catalina]]] INFO  c.m.s.web.config.WebAppInitializer.<clinit>(55) - ************************Start WebAppInitializer************************
2018-02-25 22:46:24 [ContainerBackgroundProcessor[StandardEngine[Catalina]]] INFO  c.m.s.web.config.WebAppInitializer.<clinit>(161) - ************************End WebAppInitializer************************
2018-02-25 22:46:24 [ContainerBackgroundProcessor[StandardEngine[Catalina]]] INFO  c.m.s.w.c.SecurityWebApplicationInitializer.<clinit>(16) - 1 ************************SecurityWebApplicationInitializer Intizialized************************
2018-02-25 22:46:24 [ContainerBackgroundProcessor[StandardEngine[Catalina]]] INFO  c.m.s.w.c.ApacheServletInitializer.<clinit>(29) - ************************Start AppWebConfig************************
2018-02-25 22:46:24 [ContainerBackgroundProcessor[StandardEngine[Catalina]]] INFO  c.m.s.w.c.ApacheServletInitializer.<clinit>(83) - ************************End AppWebConfig************************
2018-02-25 22:46:24 [ContainerBackgroundProcessor[StandardEngine[Catalina]]] INFO  c.m.s.web.config.WebAppInitializer.getRootConfigClasses(66) - AppRootConfig configured
2018-02-25 22:46:25 [ContainerBackgroundProcessor[StandardEngine[Catalina]]] INFO  c.m.s.web.config.WebAppInitializer.getServletConfigClasses(81) - AppWebConfig configured
2018-02-25 22:46:25 [ContainerBackgroundProcessor[StandardEngine[Catalina]]] INFO  c.m.s.web.config.WebAppInitializer.customizeRegistration(118) - CustomizeRegistration initialized
2018-02-25 22:46:25 [ContainerBackgroundProcessor[StandardEngine[Catalina]]] INFO  c.m.s.web.config.WebAppInitializer.customizeRegistration(128) - ***START*** Multipart initializing 
2018-02-25 22:46:25 [ContainerBackgroundProcessor[StandardEngine[Catalina]]] INFO  c.m.s.web.config.WebAppInitializer.customizeRegistration(129) - Download Directory:/tmp
2018-02-25 22:46:25 [ContainerBackgroundProcessor[StandardEngine[Catalina]]] INFO  c.m.s.web.config.WebAppInitializer.customizeRegistration(137) - Multipart uploads files at /home/sabaja/Scrivania/spring-hibernate-workspace/Spring-In-Action_WebApp/Downloads, maxFileSize=2097152, maxRequestSize=4194304, fileSizeThreshold=0
2018-02-25 22:46:25 [ContainerBackgroundProcessor[StandardEngine[Catalina]]] INFO  c.m.s.web.config.WebAppInitializer.customizeRegistration(140) - ***END*** Multipart initialized 
2018-02-25 22:46:25 [ContainerBackgroundProcessor[StandardEngine[Catalina]]] INFO  c.m.s.w.c.ApacheServletInitializer.onStartup(37) - WebApplicationInitializer@ServletApacheInitializer instantiated
2018-02-25 22:46:25 [ContainerBackgroundProcessor[StandardEngine[Catalina]]] INFO  c.m.s.w.c.ApacheServletInitializer.onStartup(52) - Servlet [com.mvc.spittr.web.servlet.GenericServletDemoServlet] was added
2018-02-25 22:46:26 [ContainerBackgroundProcessor[StandardEngine[Catalina]]] INFO  c.m.spittr.web.config.AppRootConfig.<clinit>(38) - ************************AppRootConfig************************
2018-02-25 22:46:26 [ContainerBackgroundProcessor[StandardEngine[Catalina]]] INFO  c.m.s.web.config.WebSecurityConfig.<clinit>(66) - ************************Start - WebSecurityConfig************************
2018-02-25 22:46:26 [ContainerBackgroundProcessor[StandardEngine[Catalina]]] INFO  c.m.s.web.config.WebSecurityConfig.<clinit>(205) - ************************End - WebSecurityConfig************************
2018-02-25 22:46:26 [ContainerBackgroundProcessor[StandardEngine[Catalina]]] INFO  c.mvc.spittr.web.config.AppWebConfig.<clinit>(49) - ************************Start AppWebConfig************************
2018-02-25 22:46:26 [ContainerBackgroundProcessor[StandardEngine[Catalina]]] INFO  c.mvc.spittr.web.config.AppWebConfig.<clinit>(209) - ************************End AppWebConfig************************
2018-02-25 22:46:26 [ContainerBackgroundProcessor[StandardEngine[Catalina]]] INFO  c.m.s.w.c.HibernateConfiguration.<clinit>(36) - ************************HibernateConfiguration************************
2018-02-25 22:46:27 [ContainerBackgroundProcessor[StandardEngine[Catalina]]] INFO  c.m.spittr.web.config.AppRootConfig.messageSource(47) - MessageSource initialized
2018-02-25 22:46:27 [ContainerBackgroundProcessor[StandardEngine[Catalina]]] INFO  c.m.s.web.config.WebSecurityConfig.getAuthenticationTrustResolver(105) - AuthenticationTrustResolver  initialized
2018-02-25 22:46:27 [ContainerBackgroundProcessor[StandardEngine[Catalina]]] INFO  c.m.s.w.c.RoleToUserProfileConverter.<clinit>(27) - ************************Start RoleToUserProfileConverter************************
2018-02-25 22:46:27 [ContainerBackgroundProcessor[StandardEngine[Catalina]]] INFO  c.m.s.w.c.RoleToUserProfileConverter.<clinit>(42) - ************************End RoleToUserProfileConverter************************
2018-02-25 22:46:28 [ContainerBackgroundProcessor[StandardEngine[Catalina]]] INFO  c.m.s.w.c.HibernateConfiguration.dataSource(48) - ***HIBERNATE*** - DB DataSource initialized - HIBERNATE -
2018-02-25 22:46:28 [ContainerBackgroundProcessor[StandardEngine[Catalina]]] INFO  c.m.s.w.c.HibernateConfiguration.getSessionFactory(56) - ***HIBERNATE*** - LocalSessionFactoryBean initialized - HIBERNATE -
2018-02-25 22:46:28 [ContainerBackgroundProcessor[StandardEngine[Catalina]]] INFO  c.m.s.w.c.HibernateConfiguration.getSessionFactory(58) - ***HIBERNATE*** - HibernateProperties initialized - HIBERNATE -
2018-02-25 22:46:32 [ContainerBackgroundProcessor[StandardEngine[Catalina]]] INFO  c.m.s.w.l.HttpRequestLogInterceptor.<clinit>(28) - HttpRequestLogInterceptor initialized
2018-02-25 22:46:32 [ContainerBackgroundProcessor[StandardEngine[Catalina]]] INFO  c.mvc.spittr.web.config.AppWebConfig.setApplicationContext(55) - InternalResourceViewResolver inizialized
2018-02-25 22:46:32 [ContainerBackgroundProcessor[StandardEngine[Catalina]]] INFO  c.m.s.web.config.WebSecurityConfig.getSpitterDetailService(92) - SpitterDetailService  initialized
2018-02-25 22:46:32 [ContainerBackgroundProcessor[StandardEngine[Catalina]]] INFO  c.m.s.web.config.WebSecurityConfig.getAuthenticationProvider(198) - UserDetailsService initialized
2018-02-25 22:46:32 [ContainerBackgroundProcessor[StandardEngine[Catalina]]] INFO  c.m.s.web.config.WebSecurityConfig.passwordEncoder(210) - BCryptPasswordEncoder  initialized
2018-02-25 22:46:33 [ContainerBackgroundProcessor[StandardEngine[Catalina]]] INFO  c.m.s.web.config.WebSecurityConfig.getAuthenticationProvider(200) - Password encriptinig
2018-02-25 22:46:33 [ContainerBackgroundProcessor[StandardEngine[Catalina]]] INFO  c.m.s.web.config.WebSecurityConfig.configureGlobalSecurity(187) - ConfigureGlobalSecurity user permit initialized
2018-02-25 22:46:33 [ContainerBackgroundProcessor[StandardEngine[Catalina]]] INFO  c.m.s.web.config.WebSecurityConfig.getTokenRepository(98) - HibernateTokenRepositoryImpl  initialized
2018-02-25 22:46:33 [ContainerBackgroundProcessor[StandardEngine[Catalina]]] INFO  c.m.s.web.config.WebSecurityConfig.getPersistentTokenBasedRememberMeServices(220) - PersistentTokenService  initialized
2018-02-25 22:46:33 [ContainerBackgroundProcessor[StandardEngine[Catalina]]] DEBUG com.mvc.spittr.web.SpittleController.<init>(55) - 2018-02-25T22:46:33.205 Constructor call
2018-02-25 22:46:33 [ContainerBackgroundProcessor[StandardEngine[Catalina]]] INFO  c.m.spittr.web.config.AppRootConfig.multipartResolver(63) - MultipartResolver initialized
2018-02-25 22:46:33 [ContainerBackgroundProcessor[StandardEngine[Catalina]]] INFO  c.m.spittr.web.config.AppRootConfig.getJavaMailSender(75) - JavaMailMessage initialized
2018-02-25 22:46:33 [ContainerBackgroundProcessor[StandardEngine[Catalina]]] INFO  c.mvc.spittr.web.config.AppWebConfig.addInterceptors(122) - Interceptor added urls: /* /**
2018-02-25 22:46:33 [ContainerBackgroundProcessor[StandardEngine[Catalina]]] INFO  c.mvc.spittr.web.config.AppWebConfig.addFormatters(104) - Converter initialized, it converts string values[Roles] to UserProfiles
2018-02-25 22:46:34 [ContainerBackgroundProcessor[StandardEngine[Catalina]]] INFO  c.mvc.spittr.web.config.AppWebConfig.configureDefaultServletHandling(110) - DefaultServletHandlerConfigurer inizialized
2018-02-25 22:46:34 [ContainerBackgroundProcessor[StandardEngine[Catalina]]] INFO  c.mvc.spittr.web.config.AppWebConfig.viewResolver(65) - InternalResourceViewResolver inizialized
2018-02-25 22:46:34 [ContainerBackgroundProcessor[StandardEngine[Catalina]]] INFO  c.mvc.spittr.web.config.AppWebConfig.viewResolver(70) - resolver setting prefix /WEB-INF/views/
2018-02-25 22:46:34 [ContainerBackgroundProcessor[StandardEngine[Catalina]]] INFO  c.mvc.spittr.web.config.AppWebConfig.viewResolver(72) - resolver setting suffix .jsp
2018-02-25 22:46:34 [ContainerBackgroundProcessor[StandardEngine[Catalina]]] INFO  c.mvc.spittr.web.config.AppWebConfig.viewResolver(75) - org.springframework.web.servlet.view.JstlView.class set as view class
2018-02-25 22:46:34 [ContainerBackgroundProcessor[StandardEngine[Catalina]]] INFO  c.mvc.spittr.web.config.AppWebConfig.viewResolver2(82) - InternalResourceViewResolver for html inizialized
2018-02-25 22:46:34 [ContainerBackgroundProcessor[StandardEngine[Catalina]]] INFO  c.mvc.spittr.web.config.AppWebConfig.viewResolver2(87) - resolver setting prefix /WEB-INF/views/
2018-02-25 22:46:34 [ContainerBackgroundProcessor[StandardEngine[Catalina]]] INFO  c.mvc.spittr.web.config.AppWebConfig.viewResolver2(89) - resolver setting suffix .html
2018-02-25 22:46:34 [ContainerBackgroundProcessor[StandardEngine[Catalina]]] INFO  c.mvc.spittr.web.config.AppWebConfig.viewResolver2(92) - org.springframework.web.servlet.view.JstlView.class set as view class
2018-02-25 22:46:34 [ContainerBackgroundProcessor[StandardEngine[Catalina]]] INFO  c.m.s.w.c.HibernateConfiguration.getTransactionManager(69) - ***HIBERNATE*** - HibernateTransactionManager initialized - HIBERNATE -
2018-02-25 22:46:35 [ContainerBackgroundProcessor[StandardEngine[Catalina]]] INFO  c.m.s.web.config.WebSecurityConfig.configure(157) - WebSecurityConfig$$EnhancerBySpringCGLIB$$dddf8f70::configure view permit
2018-02-25 22:46:35 [ContainerBackgroundProcessor[StandardEngine[Catalina]]] INFO  c.m.s.web.config.WebSecurityConfig.configure(158) - WebSecurityConfig$$EnhancerBySpringCGLIB$$dddf8f70 initialized
2018-02-25 22:46:36 [ContainerBackgroundProcessor[StandardEngine[Catalina]]] INFO  c.m.spittr.web.config.AppRootConfig.messageSource(47) - MessageSource initialized
2018-02-25 22:46:36 [ContainerBackgroundProcessor[StandardEngine[Catalina]]] INFO  c.m.s.w.c.HibernateConfiguration.dataSource(48) - ***HIBERNATE*** - DB DataSource initialized - HIBERNATE -
2018-02-25 22:46:36 [ContainerBackgroundProcessor[StandardEngine[Catalina]]] INFO  c.m.s.w.c.HibernateConfiguration.getSessionFactory(56) - ***HIBERNATE*** - LocalSessionFactoryBean initialized - HIBERNATE -
2018-02-25 22:46:36 [ContainerBackgroundProcessor[StandardEngine[Catalina]]] INFO  c.m.s.w.c.HibernateConfiguration.getSessionFactory(58) - ***HIBERNATE*** - HibernateProperties initialized - HIBERNATE -
2018-02-25 22:46:37 [ContainerBackgroundProcessor[StandardEngine[Catalina]]] INFO  c.mvc.spittr.web.config.AppWebConfig.setApplicationContext(55) - InternalResourceViewResolver inizialized
2018-02-25 22:46:37 [ContainerBackgroundProcessor[StandardEngine[Catalina]]] INFO  c.m.s.web.config.WebSecurityConfig.getAuthenticationTrustResolver(105) - AuthenticationTrustResolver  initialized
2018-02-25 22:46:37 [ContainerBackgroundProcessor[StandardEngine[Catalina]]] INFO  c.m.s.web.config.WebSecurityConfig.getSpitterDetailService(92) - SpitterDetailService  initialized
2018-02-25 22:46:37 [ContainerBackgroundProcessor[StandardEngine[Catalina]]] INFO  c.m.s.web.config.WebSecurityConfig.getAuthenticationProvider(198) - UserDetailsService initialized
2018-02-25 22:46:37 [ContainerBackgroundProcessor[StandardEngine[Catalina]]] INFO  c.m.s.web.config.WebSecurityConfig.passwordEncoder(210) - BCryptPasswordEncoder  initialized
2018-02-25 22:46:37 [ContainerBackgroundProcessor[StandardEngine[Catalina]]] INFO  c.m.s.web.config.WebSecurityConfig.getAuthenticationProvider(200) - Password encriptinig
2018-02-25 22:46:37 [ContainerBackgroundProcessor[StandardEngine[Catalina]]] INFO  c.m.s.web.config.WebSecurityConfig.configureGlobalSecurity(187) - ConfigureGlobalSecurity user permit initialized
2018-02-25 22:46:37 [ContainerBackgroundProcessor[StandardEngine[Catalina]]] INFO  c.m.s.web.config.WebSecurityConfig.getTokenRepository(98) - HibernateTokenRepositoryImpl  initialized
2018-02-25 22:46:37 [ContainerBackgroundProcessor[StandardEngine[Catalina]]] INFO  c.m.s.web.config.WebSecurityConfig.getPersistentTokenBasedRememberMeServices(220) - PersistentTokenService  initialized
2018-02-25 22:46:37 [ContainerBackgroundProcessor[StandardEngine[Catalina]]] DEBUG com.mvc.spittr.web.SpittleController.<init>(55) - 2018-02-25T22:46:37.917 Constructor call
2018-02-25 22:46:37 [ContainerBackgroundProcessor[StandardEngine[Catalina]]] INFO  c.m.spittr.web.config.AppRootConfig.multipartResolver(63) - MultipartResolver initialized
2018-02-25 22:46:37 [ContainerBackgroundProcessor[StandardEngine[Catalina]]] INFO  c.m.spittr.web.config.AppRootConfig.getJavaMailSender(75) - JavaMailMessage initialized
2018-02-25 22:46:37 [ContainerBackgroundProcessor[StandardEngine[Catalina]]] INFO  c.mvc.spittr.web.config.AppWebConfig.addInterceptors(122) - Interceptor added urls: /* /**
2018-02-25 22:46:37 [ContainerBackgroundProcessor[StandardEngine[Catalina]]] INFO  c.mvc.spittr.web.config.AppWebConfig.addFormatters(104) - Converter initialized, it converts string values[Roles] to UserProfiles
2018-02-25 22:46:38 [ContainerBackgroundProcessor[StandardEngine[Catalina]]] INFO  c.mvc.spittr.web.config.AppWebConfig.configureDefaultServletHandling(110) - DefaultServletHandlerConfigurer inizialized
2018-02-25 22:46:38 [ContainerBackgroundProcessor[StandardEngine[Catalina]]] INFO  c.mvc.spittr.web.config.AppWebConfig.viewResolver(65) - InternalResourceViewResolver inizialized
2018-02-25 22:46:38 [ContainerBackgroundProcessor[StandardEngine[Catalina]]] INFO  c.mvc.spittr.web.config.AppWebConfig.viewResolver(70) - resolver setting prefix /WEB-INF/views/
2018-02-25 22:46:38 [ContainerBackgroundProcessor[StandardEngine[Catalina]]] INFO  c.mvc.spittr.web.config.AppWebConfig.viewResolver(72) - resolver setting suffix .jsp
2018-02-25 22:46:38 [ContainerBackgroundProcessor[StandardEngine[Catalina]]] INFO  c.mvc.spittr.web.config.AppWebConfig.viewResolver(75) - org.springframework.web.servlet.view.JstlView.class set as view class
2018-02-25 22:46:38 [ContainerBackgroundProcessor[StandardEngine[Catalina]]] INFO  c.mvc.spittr.web.config.AppWebConfig.viewResolver2(82) - InternalResourceViewResolver for html inizialized
2018-02-25 22:46:38 [ContainerBackgroundProcessor[StandardEngine[Catalina]]] INFO  c.mvc.spittr.web.config.AppWebConfig.viewResolver2(87) - resolver setting prefix /WEB-INF/views/
2018-02-25 22:46:38 [ContainerBackgroundProcessor[StandardEngine[Catalina]]] INFO  c.mvc.spittr.web.config.AppWebConfig.viewResolver2(89) - resolver setting suffix .html
2018-02-25 22:46:38 [ContainerBackgroundProcessor[StandardEngine[Catalina]]] INFO  c.mvc.spittr.web.config.AppWebConfig.viewResolver2(92) - org.springframework.web.servlet.view.JstlView.class set as view class
2018-02-25 22:46:38 [ContainerBackgroundProcessor[StandardEngine[Catalina]]] INFO  c.m.s.w.c.HibernateConfiguration.getTransactionManager(69) - ***HIBERNATE*** - HibernateTransactionManager initialized - HIBERNATE -
2018-02-25 22:46:38 [ContainerBackgroundProcessor[StandardEngine[Catalina]]] INFO  c.m.s.web.config.WebSecurityConfig.configure(157) - WebSecurityConfig$$EnhancerBySpringCGLIB$$dddf8f70::configure view permit
2018-02-25 22:46:38 [ContainerBackgroundProcessor[StandardEngine[Catalina]]] INFO  c.m.s.web.config.WebSecurityConfig.configure(158) - WebSecurityConfig$$EnhancerBySpringCGLIB$$dddf8f70 initialized
2018-02-25 22:46:39 [ContainerBackgroundProcessor[StandardEngine[Catalina]]] INFO  c.m.spittr.web.config.AppRootConfig.messageSource(47) - MessageSource initialized
2018-02-25 22:46:39 [ContainerBackgroundProcessor[StandardEngine[Catalina]]] INFO  c.m.s.w.c.HibernateConfiguration.dataSource(48) - ***HIBERNATE*** - DB DataSource initialized - HIBERNATE -
2018-02-25 22:46:39 [ContainerBackgroundProcessor[StandardEngine[Catalina]]] INFO  c.m.s.w.c.HibernateConfiguration.getSessionFactory(56) - ***HIBERNATE*** - LocalSessionFactoryBean initialized - HIBERNATE -
2018-02-25 22:46:39 [ContainerBackgroundProcessor[StandardEngine[Catalina]]] INFO  c.m.s.w.c.HibernateConfiguration.getSessionFactory(58) - ***HIBERNATE*** - HibernateProperties initialized - HIBERNATE -
2018-02-25 22:46:40 [ContainerBackgroundProcessor[StandardEngine[Catalina]]] INFO  c.mvc.spittr.web.config.AppWebConfig.setApplicationContext(55) - InternalResourceViewResolver inizialized
2018-02-25 22:46:40 [ContainerBackgroundProcessor[StandardEngine[Catalina]]] INFO  c.m.s.web.config.WebSecurityConfig.getAuthenticationTrustResolver(105) - AuthenticationTrustResolver  initialized
2018-02-25 22:46:40 [ContainerBackgroundProcessor[StandardEngine[Catalina]]] INFO  c.m.s.web.config.WebSecurityConfig.getSpitterDetailService(92) - SpitterDetailService  initialized
2018-02-25 22:46:40 [ContainerBackgroundProcessor[StandardEngine[Catalina]]] INFO  c.m.s.web.config.WebSecurityConfig.getAuthenticationProvider(198) - UserDetailsService initialized
2018-02-25 22:46:40 [ContainerBackgroundProcessor[StandardEngine[Catalina]]] INFO  c.m.s.web.config.WebSecurityConfig.passwordEncoder(210) - BCryptPasswordEncoder  initialized
2018-02-25 22:46:40 [ContainerBackgroundProcessor[StandardEngine[Catalina]]] INFO  c.m.s.web.config.WebSecurityConfig.getAuthenticationProvider(200) - Password encriptinig
2018-02-25 22:46:40 [ContainerBackgroundProcessor[StandardEngine[Catalina]]] INFO  c.m.s.web.config.WebSecurityConfig.configureGlobalSecurity(187) - ConfigureGlobalSecurity user permit initialized
2018-02-25 22:46:40 [ContainerBackgroundProcessor[StandardEngine[Catalina]]] INFO  c.m.s.web.config.WebSecurityConfig.getTokenRepository(98) - HibernateTokenRepositoryImpl  initialized
2018-02-25 22:46:40 [ContainerBackgroundProcessor[StandardEngine[Catalina]]] INFO  c.m.s.web.config.WebSecurityConfig.getPersistentTokenBasedRememberMeServices(220) - PersistentTokenService  initialized
2018-02-25 22:46:40 [ContainerBackgroundProcessor[StandardEngine[Catalina]]] DEBUG com.mvc.spittr.web.SpittleController.<init>(55) - 2018-02-25T22:46:40.489 Constructor call
2018-02-25 22:46:40 [ContainerBackgroundProcessor[StandardEngine[Catalina]]] INFO  c.m.spittr.web.config.AppRootConfig.multipartResolver(63) - MultipartResolver initialized
2018-02-25 22:46:40 [ContainerBackgroundProcessor[StandardEngine[Catalina]]] INFO  c.m.spittr.web.config.AppRootConfig.getJavaMailSender(75) - JavaMailMessage initialized
2018-02-25 22:46:40 [ContainerBackgroundProcessor[StandardEngine[Catalina]]] INFO  c.m.s.w.c.HibernateConfiguration.getTransactionManager(69) - ***HIBERNATE*** - HibernateTransactionManager initialized - HIBERNATE -
2018-02-25 22:46:40 [ContainerBackgroundProcessor[StandardEngine[Catalina]]] INFO  c.m.s.web.config.WebSecurityConfig.configure(157) - WebSecurityConfig$$EnhancerBySpringCGLIB$$dddf8f70::configure view permit
2018-02-25 22:46:40 [ContainerBackgroundProcessor[StandardEngine[Catalina]]] INFO  c.m.s.web.config.WebSecurityConfig.configure(158) - WebSecurityConfig$$EnhancerBySpringCGLIB$$dddf8f70 initialized
2018-02-25 22:46:41 [ContainerBackgroundProcessor[StandardEngine[Catalina]]] INFO  c.mvc.spittr.web.config.AppWebConfig.addInterceptors(122) - Interceptor added urls: /* /**
2018-02-25 22:46:41 [ContainerBackgroundProcessor[StandardEngine[Catalina]]] INFO  c.mvc.spittr.web.config.AppWebConfig.addFormatters(104) - Converter initialized, it converts string values[Roles] to UserProfiles
2018-02-25 22:46:41 [ContainerBackgroundProcessor[StandardEngine[Catalina]]] INFO  c.mvc.spittr.web.config.AppWebConfig.configureDefaultServletHandling(110) - DefaultServletHandlerConfigurer inizialized
2018-02-25 22:46:41 [ContainerBackgroundProcessor[StandardEngine[Catalina]]] INFO  c.mvc.spittr.web.config.AppWebConfig.viewResolver(65) - InternalResourceViewResolver inizialized
2018-02-25 22:46:41 [ContainerBackgroundProcessor[StandardEngine[Catalina]]] INFO  c.mvc.spittr.web.config.AppWebConfig.viewResolver(70) - resolver setting prefix /WEB-INF/views/
2018-02-25 22:46:41 [ContainerBackgroundProcessor[StandardEngine[Catalina]]] INFO  c.mvc.spittr.web.config.AppWebConfig.viewResolver(72) - resolver setting suffix .jsp
2018-02-25 22:46:41 [ContainerBackgroundProcessor[StandardEngine[Catalina]]] INFO  c.mvc.spittr.web.config.AppWebConfig.viewResolver(75) - org.springframework.web.servlet.view.JstlView.class set as view class
2018-02-25 22:46:41 [ContainerBackgroundProcessor[StandardEngine[Catalina]]] INFO  c.mvc.spittr.web.config.AppWebConfig.viewResolver2(82) - InternalResourceViewResolver for html inizialized
2018-02-25 22:46:41 [ContainerBackgroundProcessor[StandardEngine[Catalina]]] INFO  c.mvc.spittr.web.config.AppWebConfig.viewResolver2(87) - resolver setting prefix /WEB-INF/views/
2018-02-25 22:46:41 [ContainerBackgroundProcessor[StandardEngine[Catalina]]] INFO  c.mvc.spittr.web.config.AppWebConfig.viewResolver2(89) - resolver setting suffix .html
2018-02-25 22:46:41 [ContainerBackgroundProcessor[StandardEngine[Catalina]]] INFO  c.mvc.spittr.web.config.AppWebConfig.viewResolver2(92) - org.springframework.web.servlet.view.JstlView.class set as view class
2018-02-25 22:46:41 [ContainerBackgroundProcessor[StandardEngine[Catalina]]] INFO  c.m.s.w.s.GenericServletDemoServlet.<clinit>(29) - ************************Start - GenericServletDemoServlet************************
2018-02-25 22:46:41 [ContainerBackgroundProcessor[StandardEngine[Catalina]]] INFO  c.m.s.w.s.GenericServletDemoServlet.<clinit>(47) - ************************End - GenericServletDemoServlet************************
