2018-03-03 17:00:04 [localhost-startStop-1] INFO  c.m.s.w.c.RoleToUserProfileConverter.<clinit>(27) - ************************Start RoleToUserProfileConverter************************
2018-03-03 17:00:04 [localhost-startStop-1] INFO  c.m.s.w.c.RoleToUserProfileConverter.<clinit>(42) - ************************End RoleToUserProfileConverter************************
2018-03-03 17:00:08 [localhost-startStop-1] INFO  c.m.s.w.l.HttpRequestLogInterceptor.<clinit>(28) - HttpRequestLogInterceptor initialized
2018-03-03 17:00:08 [localhost-startStop-1] DEBUG com.mvc.spittr.web.SpittleController.<init>(55) - 2018-03-03T17:00:08.892 Constructor call
2018-03-03 17:00:11 [localhost-startStop-1] DEBUG com.mvc.spittr.web.SpittleController.<init>(55) - 2018-03-03T17:00:11.870 Constructor call
2018-03-03 17:00:12 [localhost-startStop-1] INFO  c.m.s.w.s.GenericServletDemoServlet.<clinit>(29) - ************************Start - GenericServletDemoServlet************************
2018-03-03 17:00:12 [localhost-startStop-1] INFO  c.m.s.w.s.GenericServletDemoServlet.<clinit>(47) - ************************End - GenericServletDemoServlet************************
2018-03-03 17:00:19 [http-nio-8080-exec-2] INFO  c.m.s.w.l.HttpRequestLogInterceptor.preHandle(35) - 2018-03-03T17:00:19.804 - called url:/Spring-In-Action_WEBApp/
2018-03-03 17:00:22 [http-nio-8080-exec-4] INFO  c.m.s.w.l.HttpRequestLogInterceptor.preHandle(35) - 2018-03-03T17:00:22.853 - called url:/Spring-In-Action_WEBApp/login
2018-03-03 17:00:22 [http-nio-8080-exec-4] INFO  com.mvc.spittr.web.LoginController.isCurrentAuthenticationAnonymous(177) - isCurrentAuthenticationAnonymous() flag value: false and credential_null
2018-03-03 17:00:22 [http-nio-8080-exec-4] INFO  com.mvc.spittr.web.LoginController.loginPage(108) - login requested but redirect:/spitter
2018-03-03 17:00:22 [http-nio-8080-exec-7] INFO  c.m.s.w.l.HttpRequestLogInterceptor.preHandle(35) - 2018-03-03T17:00:22.897 - called url:/Spring-In-Action_WEBApp/spitter
2018-03-03 17:00:22 [http-nio-8080-exec-7] INFO  c.mvc.spittr.web.util.WebFacilities.getPrincipal(28) - Auth valaue: admin
2018-03-03 17:00:50 [http-nio-8080-exec-10] INFO  c.m.s.w.l.HttpRequestLogInterceptor.preHandle(35) - 2018-03-03T17:00:50.472 - called url:/Spring-In-Action_WEBApp/logout
2018-03-03 17:00:50 [http-nio-8080-exec-10] INFO  com.mvc.spittr.web.LoginController.logoutPage(142) - Before Logout - authentication_org.springframework.security.authentication.UsernamePasswordAuthenticationToken@7de5c53c: Principal: org.springframework.security.core.userdetails.User@586034f: Username: admin; Password: [PROTECTED]; Enabled: true; AccountNonExpired: true; credentialsNonExpired: true; AccountNonLocked: true; Granted Authorities: ROLE_ADMIN,ROLE_DB,ROLE_USER; Credentials: [PROTECTED]; Authenticated: true; Details: org.springframework.security.web.authentication.WebAuthenticationDetails@ffff6a82: RemoteIpAddress: 127.0.0.1; SessionId: 9710A396342E724254DF98FC2179CF40; Granted Authorities: ROLE_ADMIN, ROLE_DB, ROLE_USER 
2018-03-03 17:00:51 [http-nio-8080-exec-10] INFO  com.mvc.spittr.web.LoginController.logoutPage(148) - After Logout authentication_org.springframework.security.authentication.UsernamePasswordAuthenticationToken@7de5c53c: Principal: org.springframework.security.core.userdetails.User@586034f: Username: admin; Password: [PROTECTED]; Enabled: true; AccountNonExpired: true; credentialsNonExpired: true; AccountNonLocked: true; Granted Authorities: ROLE_ADMIN,ROLE_DB,ROLE_USER; Credentials: [PROTECTED]; Authenticated: true; Details: org.springframework.security.web.authentication.WebAuthenticationDetails@ffff6a82: RemoteIpAddress: 127.0.0.1; SessionId: 9710A396342E724254DF98FC2179CF40; Granted Authorities: ROLE_ADMIN, ROLE_DB, ROLE_USER 
2018-03-03 17:00:51 [http-nio-8080-exec-3] INFO  c.m.s.w.l.HttpRequestLogInterceptor.preHandle(35) - 2018-03-03T17:00:51.153 - called url:/Spring-In-Action_WEBApp/
2018-03-03 17:00:55 [http-nio-8080-exec-2] INFO  c.m.s.w.l.HttpRequestLogInterceptor.preHandle(35) - 2018-03-03T17:00:55.358 - called url:/Spring-In-Action_WEBApp/spitter
2018-03-03 17:00:55 [http-nio-8080-exec-2] INFO  c.mvc.spittr.web.util.WebFacilities.getPrincipal(31) - Auth valaue: anonymous
2018-03-03 17:01:16 [http-nio-8080-exec-4] INFO  c.m.s.w.l.HttpRequestLogInterceptor.preHandle(35) - 2018-03-03T17:01:16.024 - called url:/Spring-In-Action_WEBApp/
2018-03-03 17:01:33 [http-nio-8080-exec-7] INFO  c.m.s.w.l.HttpRequestLogInterceptor.preHandle(35) - 2018-03-03T17:01:33.617 - called url:/Spring-In-Action_WEBApp/login
2018-03-03 17:01:33 [http-nio-8080-exec-7] INFO  com.mvc.spittr.web.LoginController.isCurrentAuthenticationAnonymous(177) - isCurrentAuthenticationAnonymous() flag value: true and credential_
2018-03-03 17:01:33 [http-nio-8080-exec-7] INFO  com.mvc.spittr.web.LoginController.isCurrentAuthenticationAnonymous(177) - isCurrentAuthenticationAnonymous() flag value: true and credential_
2018-03-03 17:01:33 [http-nio-8080-exec-7] INFO  com.mvc.spittr.web.LoginController.loginPage(105) - Is Current Authentication Anonymous? true
2018-03-03 17:01:50 [http-nio-8080-exec-10] INFO  c.m.s.w.l.HttpRequestLogInterceptor.preHandle(35) - 2018-03-03T17:01:50.439 - called url:/Spring-In-Action_WEBApp/spitter
2018-03-03 17:01:50 [http-nio-8080-exec-10] INFO  c.mvc.spittr.web.util.WebFacilities.getPrincipal(28) - Auth valaue: admin
2018-03-03 17:02:40 [http-nio-8080-exec-5] INFO  c.m.s.w.l.HttpRequestLogInterceptor.preHandle(35) - 2018-03-03T17:02:40.841 - called url:/Spring-In-Action_WEBApp/spitter
2018-03-03 17:02:40 [http-nio-8080-exec-5] INFO  c.mvc.spittr.web.util.WebFacilities.getPrincipal(28) - Auth valaue: admin
2018-03-03 17:09:50 [http-nio-8080-exec-4] INFO  c.m.s.w.l.HttpRequestLogInterceptor.preHandle(35) - 2018-03-03T17:09:50.610 - called url:/Spring-In-Action_WEBApp/
2018-03-03 17:09:54 [http-nio-8080-exec-7] INFO  c.m.s.w.l.HttpRequestLogInterceptor.preHandle(35) - 2018-03-03T17:09:54.887 - called url:/Spring-In-Action_WEBApp/login
2018-03-03 17:09:54 [http-nio-8080-exec-7] INFO  com.mvc.spittr.web.LoginController.isCurrentAuthenticationAnonymous(177) - isCurrentAuthenticationAnonymous() flag value: false and credential_null
2018-03-03 17:09:54 [http-nio-8080-exec-7] INFO  com.mvc.spittr.web.LoginController.loginPage(108) - login requested but redirect:/spitter
2018-03-03 17:09:54 [http-nio-8080-exec-9] INFO  c.m.s.w.l.HttpRequestLogInterceptor.preHandle(35) - 2018-03-03T17:09:54.930 - called url:/Spring-In-Action_WEBApp/spitter
2018-03-03 17:09:54 [http-nio-8080-exec-9] INFO  c.mvc.spittr.web.util.WebFacilities.getPrincipal(28) - Auth valaue: admin
2018-03-03 17:11:42 [http-nio-8080-exec-1] INFO  c.m.s.w.l.HttpRequestLogInterceptor.preHandle(35) - 2018-03-03T17:11:42.858 - called url:/Spring-In-Action_WEBApp/
2018-03-03 17:11:44 [http-nio-8080-exec-3] INFO  c.m.s.w.l.HttpRequestLogInterceptor.preHandle(35) - 2018-03-03T17:11:44.614 - called url:/Spring-In-Action_WEBApp/
2018-03-03 17:11:45 [http-nio-8080-exec-4] INFO  c.m.s.w.l.HttpRequestLogInterceptor.preHandle(35) - 2018-03-03T17:11:45.459 - called url:/Spring-In-Action_WEBApp/
2018-03-03 17:16:01 [http-nio-8080-exec-8] INFO  c.m.s.w.l.HttpRequestLogInterceptor.preHandle(35) - 2018-03-03T17:16:01.656 - called url:/Spring-In-Action_WEBApp/
2018-03-03 17:19:49 [http-nio-8080-exec-1] INFO  c.m.s.w.l.HttpRequestLogInterceptor.preHandle(35) - 2018-03-03T17:19:49.910 - called url:/Spring-In-Action_WEBApp/login
2018-03-03 17:19:49 [http-nio-8080-exec-1] INFO  com.mvc.spittr.web.LoginController.isCurrentAuthenticationAnonymous(177) - isCurrentAuthenticationAnonymous() flag value: false and credential_null
2018-03-03 17:19:49 [http-nio-8080-exec-1] INFO  com.mvc.spittr.web.LoginController.loginPage(108) - login requested but redirect:/spitter
2018-03-03 17:19:49 [http-nio-8080-exec-2] INFO  c.m.s.w.l.HttpRequestLogInterceptor.preHandle(35) - 2018-03-03T17:19:49.929 - called url:/Spring-In-Action_WEBApp/spitter
2018-03-03 17:19:49 [http-nio-8080-exec-2] INFO  c.mvc.spittr.web.util.WebFacilities.getPrincipal(28) - Auth valaue: admin
2018-03-03 17:20:16 [http-nio-8080-exec-5] INFO  c.m.s.w.l.HttpRequestLogInterceptor.preHandle(35) - 2018-03-03T17:20:16.869 - called url:/Spring-In-Action_WEBApp/
2018-03-03 17:22:00 [http-nio-8080-exec-6] INFO  c.m.s.w.l.HttpRequestLogInterceptor.preHandle(35) - 2018-03-03T17:22:00.898 - called url:/Spring-In-Action_WEBApp/
2018-03-03 17:23:32 [http-nio-8080-exec-10] INFO  c.m.s.w.l.HttpRequestLogInterceptor.preHandle(35) - 2018-03-03T17:23:32.835 - called url:/Spring-In-Action_WEBApp/spitter
2018-03-03 17:23:32 [http-nio-8080-exec-10] INFO  c.mvc.spittr.web.util.WebFacilities.getPrincipal(28) - Auth valaue: admin
2018-03-03 17:26:28 [http-nio-8080-exec-3] INFO  c.m.s.w.l.HttpRequestLogInterceptor.preHandle(35) - 2018-03-03T17:26:28.532 - called url:/Spring-In-Action_WEBApp/
2018-03-03 17:28:09 [http-nio-8080-exec-7] INFO  c.m.s.w.l.HttpRequestLogInterceptor.preHandle(35) - 2018-03-03T17:28:09.233 - called url:/Spring-In-Action_WEBApp/
2018-03-03 17:30:30 [http-nio-8080-exec-9] INFO  c.m.s.w.l.HttpRequestLogInterceptor.preHandle(35) - 2018-03-03T17:30:30.873 - called url:/Spring-In-Action_WEBApp/
2018-03-03 17:30:32 [http-nio-8080-exec-2] INFO  c.m.s.w.l.HttpRequestLogInterceptor.preHandle(35) - 2018-03-03T17:30:32.151 - called url:/Spring-In-Action_WEBApp/
2018-03-03 17:30:35 [http-nio-8080-exec-3] INFO  c.m.s.w.l.HttpRequestLogInterceptor.preHandle(35) - 2018-03-03T17:30:35.845 - called url:/Spring-In-Action_WEBApp/
2018-03-03 17:30:58 [http-nio-8080-exec-6] INFO  c.m.s.w.l.HttpRequestLogInterceptor.preHandle(35) - 2018-03-03T17:30:58.673 - called url:/Spring-In-Action_WEBApp/
2018-03-03 17:31:05 [http-nio-8080-exec-8] INFO  c.m.s.w.l.HttpRequestLogInterceptor.preHandle(35) - 2018-03-03T17:31:05.022 - called url:/Spring-In-Action_WEBApp/
2018-03-03 17:33:14 [http-nio-8080-exec-9] INFO  c.m.s.w.l.HttpRequestLogInterceptor.preHandle(35) - 2018-03-03T17:33:14.509 - called url:/Spring-In-Action_WEBApp/spitter
2018-03-03 17:33:14 [http-nio-8080-exec-9] INFO  c.mvc.spittr.web.util.WebFacilities.getPrincipal(28) - Auth valaue: admin
2018-03-03 17:33:27 [http-nio-8080-exec-4] INFO  c.m.s.w.l.HttpRequestLogInterceptor.preHandle(35) - 2018-03-03T17:33:27.929 - called url:/Spring-In-Action_WEBApp/logout
2018-03-03 17:33:27 [http-nio-8080-exec-4] INFO  com.mvc.spittr.web.LoginController.logoutPage(142) - Before Logout - authentication_org.springframework.security.authentication.UsernamePasswordAuthenticationToken@7de5c53c: Principal: org.springframework.security.core.userdetails.User@586034f: Username: admin; Password: [PROTECTED]; Enabled: true; AccountNonExpired: true; credentialsNonExpired: true; AccountNonLocked: true; Granted Authorities: ROLE_ADMIN,ROLE_DB,ROLE_USER; Credentials: [PROTECTED]; Authenticated: true; Details: org.springframework.security.web.authentication.WebAuthenticationDetails@ffff6a82: RemoteIpAddress: 127.0.0.1; SessionId: 9710A396342E724254DF98FC2179CF40; Granted Authorities: ROLE_ADMIN, ROLE_DB, ROLE_USER 
2018-03-03 17:33:28 [http-nio-8080-exec-4] INFO  com.mvc.spittr.web.LoginController.logoutPage(148) - After Logout authentication_org.springframework.security.authentication.UsernamePasswordAuthenticationToken@7de5c53c: Principal: org.springframework.security.core.userdetails.User@586034f: Username: admin; Password: [PROTECTED]; Enabled: true; AccountNonExpired: true; credentialsNonExpired: true; AccountNonLocked: true; Granted Authorities: ROLE_ADMIN,ROLE_DB,ROLE_USER; Credentials: [PROTECTED]; Authenticated: true; Details: org.springframework.security.web.authentication.WebAuthenticationDetails@ffff6a82: RemoteIpAddress: 127.0.0.1; SessionId: 9710A396342E724254DF98FC2179CF40; Granted Authorities: ROLE_ADMIN, ROLE_DB, ROLE_USER 
2018-03-03 17:33:28 [http-nio-8080-exec-5] INFO  c.m.s.w.l.HttpRequestLogInterceptor.preHandle(35) - 2018-03-03T17:33:28.065 - called url:/Spring-In-Action_WEBApp/
2018-03-03 17:33:41 [http-nio-8080-exec-3] INFO  c.m.s.w.l.HttpRequestLogInterceptor.preHandle(35) - 2018-03-03T17:33:41.766 - called url:/Spring-In-Action_WEBApp/
2018-03-03 17:33:45 [http-nio-8080-exec-1] INFO  c.m.s.w.l.HttpRequestLogInterceptor.preHandle(35) - 2018-03-03T17:33:45.961 - called url:/Spring-In-Action_WEBApp/spitter
2018-03-03 17:33:45 [http-nio-8080-exec-1] INFO  c.mvc.spittr.web.util.WebFacilities.getPrincipal(31) - Auth valaue: anonymous
2018-03-03 17:34:38 [http-nio-8080-exec-10] INFO  c.m.s.w.l.HttpRequestLogInterceptor.preHandle(35) - 2018-03-03T17:34:38.136 - called url:/Spring-In-Action_WEBApp/spitter
2018-03-03 17:34:38 [http-nio-8080-exec-10] INFO  c.mvc.spittr.web.util.WebFacilities.getPrincipal(31) - Auth valaue: anonymous
2018-03-03 17:37:17 [ContainerBackgroundProcessor[StandardEngine[Catalina]]] INFO  c.m.s.w.c.RoleToUserProfileConverter.<clinit>(27) - ************************Start RoleToUserProfileConverter************************
2018-03-03 17:37:17 [ContainerBackgroundProcessor[StandardEngine[Catalina]]] INFO  c.m.s.w.c.RoleToUserProfileConverter.<clinit>(42) - ************************End RoleToUserProfileConverter************************
2018-03-03 17:37:21 [ContainerBackgroundProcessor[StandardEngine[Catalina]]] INFO  c.m.s.w.l.HttpRequestLogInterceptor.<clinit>(28) - HttpRequestLogInterceptor initialized
2018-03-03 17:37:22 [ContainerBackgroundProcessor[StandardEngine[Catalina]]] DEBUG com.mvc.spittr.web.SpittleController.<init>(55) - 2018-03-03T17:37:22.233 Constructor call
2018-03-03 17:37:24 [ContainerBackgroundProcessor[StandardEngine[Catalina]]] DEBUG com.mvc.spittr.web.SpittleController.<init>(55) - 2018-03-03T17:37:24.870 Constructor call
2018-03-03 17:37:25 [ContainerBackgroundProcessor[StandardEngine[Catalina]]] INFO  c.m.s.w.s.GenericServletDemoServlet.<clinit>(29) - ************************Start - GenericServletDemoServlet************************
2018-03-03 17:37:25 [ContainerBackgroundProcessor[StandardEngine[Catalina]]] INFO  c.m.s.w.s.GenericServletDemoServlet.<clinit>(47) - ************************End - GenericServletDemoServlet************************
2018-03-03 17:39:50 [http-nio-8080-exec-11] INFO  c.m.s.w.l.HttpRequestLogInterceptor.preHandle(35) - 2018-03-03T17:39:50.964 - called url:/Spring-In-Action_WEBApp/spitter
2018-03-03 17:39:51 [http-nio-8080-exec-11] INFO  c.mvc.spittr.web.util.WebFacilities.getPrincipal(31) - Auth valaue: anonymous
2018-03-03 17:39:53 [http-nio-8080-exec-8] INFO  c.m.s.w.l.HttpRequestLogInterceptor.preHandle(35) - 2018-03-03T17:39:53.976 - called url:/Spring-In-Action_WEBApp/
2018-03-03 17:39:55 [http-nio-8080-exec-9] INFO  c.m.s.w.l.HttpRequestLogInterceptor.preHandle(35) - 2018-03-03T17:39:55.045 - called url:/Spring-In-Action_WEBApp/login
2018-03-03 17:39:55 [http-nio-8080-exec-9] INFO  com.mvc.spittr.web.LoginController.isCurrentAuthenticationAnonymous(177) - isCurrentAuthenticationAnonymous() flag value: true and credential_
2018-03-03 17:39:55 [http-nio-8080-exec-9] INFO  com.mvc.spittr.web.LoginController.isCurrentAuthenticationAnonymous(177) - isCurrentAuthenticationAnonymous() flag value: true and credential_
2018-03-03 17:39:55 [http-nio-8080-exec-9] INFO  com.mvc.spittr.web.LoginController.loginPage(105) - Is Current Authentication Anonymous? true
2018-03-03 17:40:05 [http-nio-8080-exec-13] INFO  c.m.s.w.l.HttpRequestLogInterceptor.preHandle(35) - 2018-03-03T17:40:05.525 - called url:/Spring-In-Action_WEBApp/spitter
2018-03-03 17:40:05 [http-nio-8080-exec-13] INFO  c.mvc.spittr.web.util.WebFacilities.getPrincipal(28) - Auth valaue: admin
2018-03-03 17:40:50 [ContainerBackgroundProcessor[StandardEngine[Catalina]]] INFO  c.m.s.w.c.RoleToUserProfileConverter.<clinit>(27) - ************************Start RoleToUserProfileConverter************************
2018-03-03 17:40:50 [ContainerBackgroundProcessor[StandardEngine[Catalina]]] INFO  c.m.s.w.c.RoleToUserProfileConverter.<clinit>(42) - ************************End RoleToUserProfileConverter************************
2018-03-03 17:40:53 [ContainerBackgroundProcessor[StandardEngine[Catalina]]] INFO  c.m.s.w.l.HttpRequestLogInterceptor.<clinit>(28) - HttpRequestLogInterceptor initialized
2018-03-03 17:40:54 [ContainerBackgroundProcessor[StandardEngine[Catalina]]] DEBUG com.mvc.spittr.web.SpittleController.<init>(55) - 2018-03-03T17:40:54.591 Constructor call
2018-03-03 17:40:57 [ContainerBackgroundProcessor[StandardEngine[Catalina]]] DEBUG com.mvc.spittr.web.SpittleController.<init>(55) - 2018-03-03T17:40:57.385 Constructor call
2018-03-03 17:40:57 [ContainerBackgroundProcessor[StandardEngine[Catalina]]] INFO  c.m.s.w.s.GenericServletDemoServlet.<clinit>(29) - ************************Start - GenericServletDemoServlet************************
2018-03-03 17:40:57 [ContainerBackgroundProcessor[StandardEngine[Catalina]]] INFO  c.m.s.w.s.GenericServletDemoServlet.<clinit>(47) - ************************End - GenericServletDemoServlet************************
2018-03-03 17:41:25 [http-nio-8080-exec-11] INFO  c.m.s.w.l.HttpRequestLogInterceptor.preHandle(35) - 2018-03-03T17:41:25.075 - called url:/Spring-In-Action_WEBApp/spitter
2018-03-03 17:41:25 [http-nio-8080-exec-11] INFO  c.mvc.spittr.web.util.WebFacilities.getPrincipal(28) - Auth valaue: admin
2018-03-03 17:42:04 [ContainerBackgroundProcessor[StandardEngine[Catalina]]] INFO  c.m.s.w.c.RoleToUserProfileConverter.<clinit>(27) - ************************Start RoleToUserProfileConverter************************
2018-03-03 17:42:04 [ContainerBackgroundProcessor[StandardEngine[Catalina]]] INFO  c.m.s.w.c.RoleToUserProfileConverter.<clinit>(42) - ************************End RoleToUserProfileConverter************************
2018-03-03 17:42:08 [ContainerBackgroundProcessor[StandardEngine[Catalina]]] INFO  c.m.s.w.l.HttpRequestLogInterceptor.<clinit>(28) - HttpRequestLogInterceptor initialized
2018-03-03 17:42:09 [ContainerBackgroundProcessor[StandardEngine[Catalina]]] DEBUG com.mvc.spittr.web.SpittleController.<init>(55) - 2018-03-03T17:42:09.010 Constructor call
2018-03-03 17:42:11 [ContainerBackgroundProcessor[StandardEngine[Catalina]]] DEBUG com.mvc.spittr.web.SpittleController.<init>(55) - 2018-03-03T17:42:11.705 Constructor call
2018-03-03 17:42:12 [ContainerBackgroundProcessor[StandardEngine[Catalina]]] INFO  c.m.s.w.s.GenericServletDemoServlet.<clinit>(29) - ************************Start - GenericServletDemoServlet************************
2018-03-03 17:42:12 [ContainerBackgroundProcessor[StandardEngine[Catalina]]] INFO  c.m.s.w.s.GenericServletDemoServlet.<clinit>(47) - ************************End - GenericServletDemoServlet************************
2018-03-03 17:42:12 [http-nio-8080-exec-11] INFO  c.m.s.w.l.HttpRequestLogInterceptor.preHandle(35) - 2018-03-03T17:42:12.551 - called url:/Spring-In-Action_WEBApp/spitter
2018-03-03 17:42:12 [http-nio-8080-exec-11] INFO  c.mvc.spittr.web.util.WebFacilities.getPrincipal(28) - Auth valaue: admin
2018-03-03 17:42:12 [http-nio-8080-exec-6] INFO  c.m.s.w.l.HttpRequestLogInterceptor.preHandle(35) - 2018-03-03T17:42:12.916 - called url:/Spring-In-Action_WEBApp/spitter
2018-03-03 17:42:12 [http-nio-8080-exec-6] INFO  c.mvc.spittr.web.util.WebFacilities.getPrincipal(28) - Auth valaue: admin
2018-03-03 17:43:22 [http-nio-8080-exec-18] INFO  c.m.s.w.l.HttpRequestLogInterceptor.preHandle(35) - 2018-03-03T17:43:22.783 - called url:/Spring-In-Action_WEBApp/logout
2018-03-03 17:43:22 [http-nio-8080-exec-18] INFO  com.mvc.spittr.web.LoginController.logoutPage(142) - Before Logout - authentication_org.springframework.security.authentication.UsernamePasswordAuthenticationToken@7de5c53c: Principal: org.springframework.security.core.userdetails.User@586034f: Username: admin; Password: [PROTECTED]; Enabled: true; AccountNonExpired: true; credentialsNonExpired: true; AccountNonLocked: true; Granted Authorities: ROLE_ADMIN,ROLE_DB,ROLE_USER; Credentials: [PROTECTED]; Authenticated: true; Details: org.springframework.security.web.authentication.WebAuthenticationDetails@ffff6a82: RemoteIpAddress: 127.0.0.1; SessionId: 9710A396342E724254DF98FC2179CF40; Granted Authorities: ROLE_ADMIN, ROLE_DB, ROLE_USER 
2018-03-03 17:43:23 [http-nio-8080-exec-18] INFO  com.mvc.spittr.web.LoginController.logoutPage(148) - After Logout authentication_org.springframework.security.authentication.UsernamePasswordAuthenticationToken@7de5c53c: Principal: org.springframework.security.core.userdetails.User@586034f: Username: admin; Password: [PROTECTED]; Enabled: true; AccountNonExpired: true; credentialsNonExpired: true; AccountNonLocked: true; Granted Authorities: ROLE_ADMIN,ROLE_DB,ROLE_USER; Credentials: [PROTECTED]; Authenticated: true; Details: org.springframework.security.web.authentication.WebAuthenticationDetails@ffff6a82: RemoteIpAddress: 127.0.0.1; SessionId: 9710A396342E724254DF98FC2179CF40; Granted Authorities: ROLE_ADMIN, ROLE_DB, ROLE_USER 
2018-03-03 17:43:23 [http-nio-8080-exec-4] INFO  c.m.s.w.l.HttpRequestLogInterceptor.preHandle(35) - 2018-03-03T17:43:23.303 - called url:/Spring-In-Action_WEBApp/
2018-03-03 17:43:26 [http-nio-8080-exec-7] INFO  c.m.s.w.l.HttpRequestLogInterceptor.preHandle(35) - 2018-03-03T17:43:26.479 - called url:/Spring-In-Action_WEBApp/spitter
2018-03-03 17:43:26 [http-nio-8080-exec-7] INFO  c.mvc.spittr.web.util.WebFacilities.getPrincipal(31) - Auth valaue: anonymous
