2017-07-11 23:08:38 [localhost-startStop-1] INFO  com.mvc.spittr.web.HomeController.<init>(51) - 2017-07-11T23:08:38.432 Constructor call
2017-07-11 23:08:38 [localhost-startStop-1] DEBUG a.mvc.spittr.web.SpittleController.<init>(45) - 2017-07-11T23:08:38.464 Constructor call
2017-07-11 23:08:51 [http-nio-8080-exec-3] INFO  com.mvc.spittr.web.HomeController.home(62) - http://localhost:8080/Spring-In-Action_WEBApp/homepage request called 
2017-07-11 23:08:51 [http-nio-8080-exec-3] INFO  com.mvc.spittr.web.HomeController.home(63) - 2017-07-11T23:08:51.413 /Home called
2017-07-11 23:08:55 [http-nio-8080-exec-5] INFO  a.mvc.spittr.web.SpitterController.showRegistration(58) - http://localhost:8080/Spring-In-Action_WEBApp/spitter/registration request called 
2017-07-11 23:08:55 [http-nio-8080-exec-5] INFO  a.mvc.spittr.web.SpitterController.showRegistration(59) - 2017-07-11T23:08:55.015 showRegistration() called view=registerForm
2017-07-11 23:09:04 [http-nio-8080-exec-1] INFO  a.mvc.spittr.web.SpitterController.processRegistration(74) - http://localhost:8080/Spring-In-Action_WEBApp/spitter/registration request called 
2017-07-11 23:09:04 [http-nio-8080-exec-1] INFO  a.mvc.spittr.web.SpitterController.processRegistration(75) - spitter was registered value= Spitter [id=0, firstName=1, lastName=1, username=admin, password=123]
2017-07-11 23:09:04 [http-nio-8080-exec-2] INFO  a.mvc.spittr.web.SpitterController.showSpitterProfile(85) - http://localhost:8080/Spring-In-Action_WEBApp/spitter/admin request called 
2017-07-11 23:09:04 [http-nio-8080-exec-2] INFO  a.mvc.spittr.web.SpitterController.showSpitterProfile(86) - spitter username value= admin
2017-07-11 23:10:27 [ContainerBackgroundProcessor[StandardEngine[Catalina]]] INFO  com.mvc.spittr.web.HomeController.<init>(51) - 2017-07-11T23:10:27.408 Constructor call
2017-07-11 23:10:27 [ContainerBackgroundProcessor[StandardEngine[Catalina]]] DEBUG a.mvc.spittr.web.SpittleController.<init>(45) - 2017-07-11T23:10:27.427 Constructor call
2017-07-11 23:11:04 [http-nio-8080-exec-10] INFO  a.mvc.spittr.web.SpitterController.showRegistration(58) - http://localhost:8080/Spring-In-Action_WEBApp/spitter/registration request called 
2017-07-11 23:11:04 [http-nio-8080-exec-10] INFO  a.mvc.spittr.web.SpitterController.showRegistration(59) - 2017-07-11T23:11:04.364 showRegistration() called view=registerForm
2017-07-11 23:11:11 [http-nio-8080-exec-1] INFO  a.mvc.spittr.web.SpitterController.processRegistration(74) - http://localhost:8080/Spring-In-Action_WEBApp/spitter/registration request called 
2017-07-11 23:11:11 [http-nio-8080-exec-1] INFO  a.mvc.spittr.web.SpitterController.processRegistration(75) - spitter was registered value= Spitter [id=0, firstName=1, lastName=1, username=admin, password=]
2017-07-11 23:11:11 [http-nio-8080-exec-4] INFO  a.mvc.spittr.web.SpitterController.showSpitterProfile(85) - http://localhost:8080/Spring-In-Action_WEBApp/spitter/admin request called 
2017-07-11 23:11:11 [http-nio-8080-exec-4] INFO  a.mvc.spittr.web.SpitterController.showSpitterProfile(86) - spitter username value= admin
2017-07-11 23:12:07 [http-nio-8080-exec-2] INFO  a.mvc.spittr.web.SpitterController.showRegistration(58) - http://localhost:8080/Spring-In-Action_WEBApp/spitter/registration request called 
2017-07-11 23:12:07 [http-nio-8080-exec-2] INFO  a.mvc.spittr.web.SpitterController.showRegistration(59) - 2017-07-11T23:12:07.900 showRegistration() called view=registerForm
2017-07-11 23:12:10 [http-nio-8080-exec-3] INFO  com.mvc.spittr.web.HomeController.home(62) - http://localhost:8080/Spring-In-Action_WEBApp/homepage request called 
2017-07-11 23:12:10 [http-nio-8080-exec-3] INFO  com.mvc.spittr.web.HomeController.home(63) - 2017-07-11T23:12:10.277 /Home called
2017-07-11 23:12:18 [http-nio-8080-exec-9] INFO  a.mvc.spittr.web.SpitterController.showRegistration(58) - http://localhost:8080/Spring-In-Action_WEBApp/spitter/registration request called 
2017-07-11 23:12:18 [http-nio-8080-exec-9] INFO  a.mvc.spittr.web.SpitterController.showRegistration(59) - 2017-07-11T23:12:18.491 showRegistration() called view=registerForm
2017-07-11 23:13:43 [http-nio-8080-exec-11] INFO  a.mvc.spittr.web.SpitterController.processRegistration(74) - http://localhost:8080/Spring-In-Action_WEBApp/spitter/registration request called 
2017-07-11 23:13:43 [http-nio-8080-exec-11] INFO  a.mvc.spittr.web.SpitterController.processRegistration(75) - spitter was registered value= Spitter [id=0, firstName=, lastName=, username=, password=]
2017-07-11 23:19:16 [localhost-startStop-1] INFO  com.mvc.spittr.web.HomeController.<init>(51) - 2017-07-11T23:19:16.560 Constructor call
2017-07-11 23:19:16 [localhost-startStop-1] DEBUG a.mvc.spittr.web.SpittleController.<init>(45) - 2017-07-11T23:19:16.598 Constructor call
2017-07-11 23:20:15 [http-nio-8080-exec-5] INFO  a.mvc.spittr.web.SpitterController.showRegistration(58) - http://localhost:8080/Spring-In-Action_WEBApp/spitter/registration request called 
2017-07-11 23:20:15 [http-nio-8080-exec-5] INFO  a.mvc.spittr.web.SpitterController.showRegistration(59) - 2017-07-11T23:20:15.253 showRegistration() called view=registerForm
2017-07-11 23:20:20 [http-nio-8080-exec-6] INFO  com.mvc.spittr.web.HomeController.home(62) - http://localhost:8080/Spring-In-Action_WEBApp/homepage request called 
2017-07-11 23:20:20 [http-nio-8080-exec-6] INFO  com.mvc.spittr.web.HomeController.home(63) - 2017-07-11T23:20:20.519 /Home called
2017-07-11 23:20:22 [http-nio-8080-exec-7] INFO  a.mvc.spittr.web.SpitterController.showRegistration(58) - http://localhost:8080/Spring-In-Action_WEBApp/spitter/registration request called 
2017-07-11 23:20:22 [http-nio-8080-exec-7] INFO  a.mvc.spittr.web.SpitterController.showRegistration(59) - 2017-07-11T23:20:22.153 showRegistration() called view=registerForm
2017-07-11 23:20:37 [http-nio-8080-exec-10] INFO  a.mvc.spittr.web.SpitterController.processRegistration(74) - http://localhost:8080/Spring-In-Action_WEBApp/spitter/registration request called 
2017-07-11 23:20:37 [http-nio-8080-exec-10] INFO  a.mvc.spittr.web.SpitterController.processRegistration(75) - spitter was registered value= Spitter [id=0, firstName=, lastName=, username=, password=]
