2018-03-18 22:01:54 [localhost-startStop-1] INFO  c.m.s.w.c.RoleToUserProfileConverter.<clinit>(27) - ************************Start RoleToUserProfileConverter************************
2018-03-18 22:01:54 [localhost-startStop-1] INFO  c.m.s.w.c.RoleToUserProfileConverter.<clinit>(42) - ************************End RoleToUserProfileConverter************************
2018-03-18 22:02:00 [localhost-startStop-1] INFO  c.m.s.w.l.HttpRequestLogInterceptor.<clinit>(28) - HttpRequestLogInterceptor initialized
2018-03-18 22:02:01 [localhost-startStop-1] INFO  com.mvc.spittr.web.SpittleController.<init>(55) - 2018-03-18T22:02:01.643 Constructor call
2018-03-18 22:02:04 [localhost-startStop-1] INFO  com.mvc.spittr.web.SpittleController.<init>(55) - 2018-03-18T22:02:04.553 Constructor call
2018-03-18 22:02:05 [localhost-startStop-1] INFO  c.m.s.w.s.GenericServletDemoServlet.<clinit>(29) - ************************Start - GenericServletDemoServlet************************
2018-03-18 22:02:05 [localhost-startStop-1] INFO  c.m.s.w.s.GenericServletDemoServlet.<clinit>(47) - ************************End - GenericServletDemoServlet************************
2018-03-18 22:03:20 [http-nio-8080-exec-3] INFO  c.m.s.w.l.HttpRequestLogInterceptor.preHandle(35) - 2018-03-18T22:03:20.562 - called url:/Spring-In-Action_WEBApp/list
2018-03-18 22:03:20 [http-nio-8080-exec-3] INFO  com.mvc.spittr.web.LoginController.listUsers(119) - spitterService is null? false
2018-03-18 22:03:21 [http-nio-8080-exec-3] INFO  c.mvc.spittr.web.util.WebFacilities.getPrincipal(31) - Auth valaue: anonymous
2018-03-18 22:03:36 [http-nio-8080-exec-5] INFO  c.m.s.w.l.HttpRequestLogInterceptor.preHandle(35) - 2018-03-18T22:03:36.026 - called url:/Spring-In-Action_WEBApp/spitter/getrole-admin
2018-03-18 22:08:46 [ContainerBackgroundProcessor[StandardEngine[Catalina]]] INFO  c.m.s.w.c.RoleToUserProfileConverter.<clinit>(27) - ************************Start RoleToUserProfileConverter************************
2018-03-18 22:08:46 [ContainerBackgroundProcessor[StandardEngine[Catalina]]] INFO  c.m.s.w.c.RoleToUserProfileConverter.<clinit>(42) - ************************End RoleToUserProfileConverter************************
2018-03-18 22:11:25 [localhost-startStop-1] INFO  c.m.s.w.c.RoleToUserProfileConverter.<clinit>(27) - ************************Start RoleToUserProfileConverter************************
2018-03-18 22:11:25 [localhost-startStop-1] INFO  c.m.s.w.c.RoleToUserProfileConverter.<clinit>(42) - ************************End RoleToUserProfileConverter************************
2018-03-18 22:14:57 [localhost-startStop-1] INFO  c.m.s.w.c.RoleToUserProfileConverter.<clinit>(27) - ************************Start RoleToUserProfileConverter************************
2018-03-18 22:14:57 [localhost-startStop-1] INFO  c.m.s.w.c.RoleToUserProfileConverter.<clinit>(42) - ************************End RoleToUserProfileConverter************************
2018-03-18 22:15:02 [localhost-startStop-1] INFO  c.m.s.w.l.HttpRequestLogInterceptor.<clinit>(28) - HttpRequestLogInterceptor initialized
2018-03-18 22:15:03 [localhost-startStop-1] INFO  com.mvc.spittr.web.SpittleController.<init>(55) - 2018-03-18T22:15:03.280 Constructor call
2018-03-18 22:15:05 [localhost-startStop-1] INFO  com.mvc.spittr.web.SpittleController.<init>(55) - 2018-03-18T22:15:05.757 Constructor call
2018-03-18 22:15:06 [localhost-startStop-1] INFO  c.m.s.w.s.GenericServletDemoServlet.<clinit>(29) - ************************Start - GenericServletDemoServlet************************
2018-03-18 22:15:06 [localhost-startStop-1] INFO  c.m.s.w.s.GenericServletDemoServlet.<clinit>(47) - ************************End - GenericServletDemoServlet************************
2018-03-18 22:15:35 [http-nio-8080-exec-2] INFO  c.m.s.w.l.HttpRequestLogInterceptor.preHandle(35) - 2018-03-18T22:15:35.235 - called url:/Spring-In-Action_WEBApp/
2018-03-18 22:15:43 [http-nio-8080-exec-4] INFO  c.m.s.w.l.HttpRequestLogInterceptor.preHandle(35) - 2018-03-18T22:15:43.360 - called url:/Spring-In-Action_WEBApp/list
2018-03-18 22:15:43 [http-nio-8080-exec-4] INFO  com.mvc.spittr.web.LoginController.listUsers(119) - spitterService is null? false
2018-03-18 22:15:43 [http-nio-8080-exec-4] INFO  c.mvc.spittr.web.util.WebFacilities.getPrincipal(31) - Auth valaue: anonymous
2018-03-18 22:15:47 [http-nio-8080-exec-9] INFO  c.m.s.w.l.HttpRequestLogInterceptor.preHandle(35) - 2018-03-18T22:15:47.800 - called url:/Spring-In-Action_WEBApp/spitter/getrole-admin
2018-03-18 22:21:39 [ContainerBackgroundProcessor[StandardEngine[Catalina]]] INFO  c.m.s.w.c.RoleToUserProfileConverter.<clinit>(27) - ************************Start RoleToUserProfileConverter************************
2018-03-18 22:21:39 [ContainerBackgroundProcessor[StandardEngine[Catalina]]] INFO  c.m.s.w.c.RoleToUserProfileConverter.<clinit>(42) - ************************End RoleToUserProfileConverter************************
2018-03-18 22:21:43 [ContainerBackgroundProcessor[StandardEngine[Catalina]]] INFO  c.m.s.w.l.HttpRequestLogInterceptor.<clinit>(28) - HttpRequestLogInterceptor initialized
2018-03-18 22:21:44 [ContainerBackgroundProcessor[StandardEngine[Catalina]]] INFO  com.mvc.spittr.web.SpittleController.<init>(55) - 2018-03-18T22:21:44.765 Constructor call
2018-03-18 22:21:46 [ContainerBackgroundProcessor[StandardEngine[Catalina]]] INFO  com.mvc.spittr.web.SpittleController.<init>(55) - 2018-03-18T22:21:46.804 Constructor call
2018-03-18 22:21:47 [ContainerBackgroundProcessor[StandardEngine[Catalina]]] INFO  c.m.s.w.s.GenericServletDemoServlet.<clinit>(29) - ************************Start - GenericServletDemoServlet************************
2018-03-18 22:21:47 [ContainerBackgroundProcessor[StandardEngine[Catalina]]] INFO  c.m.s.w.s.GenericServletDemoServlet.<clinit>(47) - ************************End - GenericServletDemoServlet************************
2018-03-18 22:22:01 [http-nio-8080-exec-3] INFO  c.m.s.w.l.HttpRequestLogInterceptor.preHandle(35) - 2018-03-18T22:22:01.179 - called url:/Spring-In-Action_WEBApp/list
2018-03-18 22:22:01 [http-nio-8080-exec-3] INFO  com.mvc.spittr.web.LoginController.listUsers(119) - spitterService is null? false
2018-03-18 22:22:01 [http-nio-8080-exec-3] INFO  c.mvc.spittr.web.util.WebFacilities.getPrincipal(31) - Auth valaue: anonymous
2018-03-18 22:22:04 [http-nio-8080-exec-1] INFO  c.m.s.w.l.HttpRequestLogInterceptor.preHandle(35) - 2018-03-18T22:22:04.675 - called url:/Spring-In-Action_WEBApp/spitter/getrole-admin
2018-03-18 22:23:19 [ContainerBackgroundProcessor[StandardEngine[Catalina]]] INFO  c.m.s.w.c.RoleToUserProfileConverter.<clinit>(27) - ************************Start RoleToUserProfileConverter************************
2018-03-18 22:23:19 [ContainerBackgroundProcessor[StandardEngine[Catalina]]] INFO  c.m.s.w.c.RoleToUserProfileConverter.<clinit>(42) - ************************End RoleToUserProfileConverter************************
2018-03-18 22:23:22 [ContainerBackgroundProcessor[StandardEngine[Catalina]]] INFO  c.m.s.w.l.HttpRequestLogInterceptor.<clinit>(28) - HttpRequestLogInterceptor initialized
2018-03-18 22:23:23 [ContainerBackgroundProcessor[StandardEngine[Catalina]]] INFO  com.mvc.spittr.web.SpittleController.<init>(55) - 2018-03-18T22:23:23.665 Constructor call
2018-03-18 22:23:25 [ContainerBackgroundProcessor[StandardEngine[Catalina]]] INFO  com.mvc.spittr.web.SpittleController.<init>(55) - 2018-03-18T22:23:25.607 Constructor call
2018-03-18 22:23:25 [ContainerBackgroundProcessor[StandardEngine[Catalina]]] INFO  c.m.s.w.s.GenericServletDemoServlet.<clinit>(29) - ************************Start - GenericServletDemoServlet************************
2018-03-18 22:23:25 [ContainerBackgroundProcessor[StandardEngine[Catalina]]] INFO  c.m.s.w.s.GenericServletDemoServlet.<clinit>(47) - ************************End - GenericServletDemoServlet************************
2018-03-18 22:23:41 [http-nio-8080-exec-12] INFO  c.m.s.w.l.HttpRequestLogInterceptor.preHandle(35) - 2018-03-18T22:23:41.111 - called url:/Spring-In-Action_WEBApp/spitter/getrole-admin
2018-03-18 22:26:52 [ContainerBackgroundProcessor[StandardEngine[Catalina]]] INFO  c.m.s.w.c.RoleToUserProfileConverter.<clinit>(27) - ************************Start RoleToUserProfileConverter************************
2018-03-18 22:26:52 [ContainerBackgroundProcessor[StandardEngine[Catalina]]] INFO  c.m.s.w.c.RoleToUserProfileConverter.<clinit>(42) - ************************End RoleToUserProfileConverter************************
2018-03-18 22:26:56 [ContainerBackgroundProcessor[StandardEngine[Catalina]]] INFO  c.m.s.w.l.HttpRequestLogInterceptor.<clinit>(28) - HttpRequestLogInterceptor initialized
2018-03-18 22:26:56 [ContainerBackgroundProcessor[StandardEngine[Catalina]]] INFO  com.mvc.spittr.web.SpittleController.<init>(55) - 2018-03-18T22:26:56.944 Constructor call
2018-03-18 22:26:59 [ContainerBackgroundProcessor[StandardEngine[Catalina]]] INFO  com.mvc.spittr.web.SpittleController.<init>(55) - 2018-03-18T22:26:59.021 Constructor call
2018-03-18 22:26:59 [ContainerBackgroundProcessor[StandardEngine[Catalina]]] INFO  c.m.s.w.s.GenericServletDemoServlet.<clinit>(29) - ************************Start - GenericServletDemoServlet************************
2018-03-18 22:26:59 [ContainerBackgroundProcessor[StandardEngine[Catalina]]] INFO  c.m.s.w.s.GenericServletDemoServlet.<clinit>(47) - ************************End - GenericServletDemoServlet************************
2018-03-18 22:27:08 [http-nio-8080-exec-15] INFO  c.m.s.w.l.HttpRequestLogInterceptor.preHandle(35) - 2018-03-18T22:27:08.372 - called url:/Spring-In-Action_WEBApp/spitter/getrole-admin
2018-03-18 22:28:07 [ContainerBackgroundProcessor[StandardEngine[Catalina]]] INFO  c.m.s.w.c.RoleToUserProfileConverter.<clinit>(27) - ************************Start RoleToUserProfileConverter************************
2018-03-18 22:28:07 [ContainerBackgroundProcessor[StandardEngine[Catalina]]] INFO  c.m.s.w.c.RoleToUserProfileConverter.<clinit>(42) - ************************End RoleToUserProfileConverter************************
2018-03-18 22:28:11 [ContainerBackgroundProcessor[StandardEngine[Catalina]]] INFO  c.m.s.w.l.HttpRequestLogInterceptor.<clinit>(28) - HttpRequestLogInterceptor initialized
2018-03-18 22:28:11 [ContainerBackgroundProcessor[StandardEngine[Catalina]]] INFO  com.mvc.spittr.web.SpittleController.<init>(55) - 2018-03-18T22:28:11.863 Constructor call
2018-03-18 22:28:14 [ContainerBackgroundProcessor[StandardEngine[Catalina]]] INFO  com.mvc.spittr.web.SpittleController.<init>(55) - 2018-03-18T22:28:14.198 Constructor call
2018-03-18 22:28:14 [ContainerBackgroundProcessor[StandardEngine[Catalina]]] INFO  c.m.s.w.s.GenericServletDemoServlet.<clinit>(29) - ************************Start - GenericServletDemoServlet************************
2018-03-18 22:28:14 [ContainerBackgroundProcessor[StandardEngine[Catalina]]] INFO  c.m.s.w.s.GenericServletDemoServlet.<clinit>(47) - ************************End - GenericServletDemoServlet************************
2018-03-18 22:28:37 [localhost-startStop-1] INFO  c.m.s.w.c.RoleToUserProfileConverter.<clinit>(27) - ************************Start RoleToUserProfileConverter************************
2018-03-18 22:28:37 [localhost-startStop-1] INFO  c.m.s.w.c.RoleToUserProfileConverter.<clinit>(42) - ************************End RoleToUserProfileConverter************************
2018-03-18 22:28:41 [localhost-startStop-1] INFO  c.m.s.w.l.HttpRequestLogInterceptor.<clinit>(28) - HttpRequestLogInterceptor initialized
2018-03-18 22:28:42 [localhost-startStop-1] INFO  com.mvc.spittr.web.SpittleController.<init>(55) - 2018-03-18T22:28:42.606 Constructor call
2018-03-18 22:28:45 [localhost-startStop-1] INFO  com.mvc.spittr.web.SpittleController.<init>(55) - 2018-03-18T22:28:45.490 Constructor call
2018-03-18 22:28:45 [localhost-startStop-1] INFO  c.m.s.w.s.GenericServletDemoServlet.<clinit>(29) - ************************Start - GenericServletDemoServlet************************
2018-03-18 22:28:45 [localhost-startStop-1] INFO  c.m.s.w.s.GenericServletDemoServlet.<clinit>(47) - ************************End - GenericServletDemoServlet************************
2018-03-18 22:28:51 [http-nio-8080-exec-2] INFO  c.m.s.w.l.HttpRequestLogInterceptor.preHandle(35) - 2018-03-18T22:28:51.796 - called url:/Spring-In-Action_WEBApp/spitter/getrole-admin
2018-03-18 22:34:03 [ContainerBackgroundProcessor[StandardEngine[Catalina]]] INFO  c.m.s.w.c.RoleToUserProfileConverter.<clinit>(27) - ************************Start RoleToUserProfileConverter************************
2018-03-18 22:34:03 [ContainerBackgroundProcessor[StandardEngine[Catalina]]] INFO  c.m.s.w.c.RoleToUserProfileConverter.<clinit>(42) - ************************End RoleToUserProfileConverter************************
2018-03-18 22:35:25 [localhost-startStop-1] INFO  c.m.s.w.c.RoleToUserProfileConverter.<clinit>(27) - ************************Start RoleToUserProfileConverter************************
2018-03-18 22:35:25 [localhost-startStop-1] INFO  c.m.s.w.c.RoleToUserProfileConverter.<clinit>(42) - ************************End RoleToUserProfileConverter************************
2018-03-18 22:35:30 [localhost-startStop-1] INFO  c.m.s.w.l.HttpRequestLogInterceptor.<clinit>(28) - HttpRequestLogInterceptor initialized
2018-03-18 22:35:31 [localhost-startStop-1] INFO  com.mvc.spittr.web.SpittleController.<init>(55) - 2018-03-18T22:35:31.319 Constructor call
2018-03-18 22:35:33 [localhost-startStop-1] INFO  com.mvc.spittr.web.SpittleController.<init>(55) - 2018-03-18T22:35:33.867 Constructor call
2018-03-18 22:35:34 [localhost-startStop-1] INFO  c.m.s.w.s.GenericServletDemoServlet.<clinit>(29) - ************************Start - GenericServletDemoServlet************************
2018-03-18 22:35:34 [localhost-startStop-1] INFO  c.m.s.w.s.GenericServletDemoServlet.<clinit>(47) - ************************End - GenericServletDemoServlet************************
2018-03-18 22:35:44 [http-nio-8080-exec-2] INFO  c.m.s.w.l.HttpRequestLogInterceptor.preHandle(35) - 2018-03-18T22:35:44.407 - called url:/Spring-In-Action_WEBApp/spitter/getrole-admin
2018-03-18 22:38:35 [ContainerBackgroundProcessor[StandardEngine[Catalina]]] INFO  c.m.s.w.c.RoleToUserProfileConverter.<clinit>(27) - ************************Start RoleToUserProfileConverter************************
2018-03-18 22:38:35 [ContainerBackgroundProcessor[StandardEngine[Catalina]]] INFO  c.m.s.w.c.RoleToUserProfileConverter.<clinit>(42) - ************************End RoleToUserProfileConverter************************
2018-03-18 22:38:39 [ContainerBackgroundProcessor[StandardEngine[Catalina]]] INFO  c.m.s.w.l.HttpRequestLogInterceptor.<clinit>(28) - HttpRequestLogInterceptor initialized
2018-03-18 22:38:39 [ContainerBackgroundProcessor[StandardEngine[Catalina]]] INFO  com.mvc.spittr.web.SpittleController.<init>(55) - 2018-03-18T22:38:39.947 Constructor call
2018-03-18 22:38:41 [ContainerBackgroundProcessor[StandardEngine[Catalina]]] INFO  com.mvc.spittr.web.SpittleController.<init>(55) - 2018-03-18T22:38:41.945 Constructor call
2018-03-18 22:38:42 [ContainerBackgroundProcessor[StandardEngine[Catalina]]] INFO  c.m.s.w.s.GenericServletDemoServlet.<clinit>(29) - ************************Start - GenericServletDemoServlet************************
2018-03-18 22:38:42 [ContainerBackgroundProcessor[StandardEngine[Catalina]]] INFO  c.m.s.w.s.GenericServletDemoServlet.<clinit>(47) - ************************End - GenericServletDemoServlet************************
2018-03-18 22:38:49 [http-nio-8080-exec-5] INFO  c.m.s.w.l.HttpRequestLogInterceptor.preHandle(35) - 2018-03-18T22:38:49.528 - called url:/Spring-In-Action_WEBApp/spitter/getrole-admin
2018-03-18 22:42:58 [ContainerBackgroundProcessor[StandardEngine[Catalina]]] INFO  c.m.s.w.c.RoleToUserProfileConverter.<clinit>(27) - ************************Start RoleToUserProfileConverter************************
2018-03-18 22:42:58 [ContainerBackgroundProcessor[StandardEngine[Catalina]]] INFO  c.m.s.w.c.RoleToUserProfileConverter.<clinit>(42) - ************************End RoleToUserProfileConverter************************
2018-03-18 22:44:23 [localhost-startStop-1] INFO  c.m.s.w.c.RoleToUserProfileConverter.<clinit>(27) - ************************Start RoleToUserProfileConverter************************
2018-03-18 22:44:23 [localhost-startStop-1] INFO  c.m.s.w.c.RoleToUserProfileConverter.<clinit>(42) - ************************End RoleToUserProfileConverter************************
2018-03-18 22:47:17 [localhost-startStop-1] INFO  c.m.s.w.c.RoleToUserProfileConverter.<clinit>(27) - ************************Start RoleToUserProfileConverter************************
2018-03-18 22:47:17 [localhost-startStop-1] INFO  c.m.s.w.c.RoleToUserProfileConverter.<clinit>(42) - ************************End RoleToUserProfileConverter************************
2018-03-18 22:55:51 [localhost-startStop-1] INFO  c.m.s.w.c.RoleToUserProfileConverter.<clinit>(27) - ************************Start RoleToUserProfileConverter************************
2018-03-18 22:55:51 [localhost-startStop-1] INFO  c.m.s.w.c.RoleToUserProfileConverter.<clinit>(42) - ************************End RoleToUserProfileConverter************************
