2018-03-11 17:43:14 [localhost-startStop-1] INFO  c.m.s.w.c.RoleToUserProfileConverter.<clinit>(27) - ************************Start RoleToUserProfileConverter************************
2018-03-11 17:43:14 [localhost-startStop-1] INFO  c.m.s.w.c.RoleToUserProfileConverter.<clinit>(42) - ************************End RoleToUserProfileConverter************************
2018-03-11 17:43:20 [localhost-startStop-1] INFO  c.m.s.w.l.HttpRequestLogInterceptor.<clinit>(28) - HttpRequestLogInterceptor initialized
2018-03-11 17:43:21 [localhost-startStop-1] INFO  com.mvc.spittr.web.SpittleController.<init>(55) - 2018-03-11T17:43:21.221 Constructor call
2018-03-11 17:43:24 [localhost-startStop-1] INFO  com.mvc.spittr.web.SpittleController.<init>(55) - 2018-03-11T17:43:24.700 Constructor call
2018-03-11 17:43:25 [localhost-startStop-1] INFO  c.m.s.w.s.GenericServletDemoServlet.<clinit>(29) - ************************Start - GenericServletDemoServlet************************
2018-03-11 17:43:25 [localhost-startStop-1] INFO  c.m.s.w.s.GenericServletDemoServlet.<clinit>(47) - ************************End - GenericServletDemoServlet************************
2018-03-11 17:43:51 [http-nio-8080-exec-2] INFO  c.m.s.w.l.HttpRequestLogInterceptor.preHandle(35) - 2018-03-11T17:43:51.903 - called url:/Spring-In-Action_WEBApp/list
2018-03-11 17:43:51 [http-nio-8080-exec-2] INFO  com.mvc.spittr.web.LoginController.listUsers(119) - spitterService is null? false
2018-03-11 17:43:52 [http-nio-8080-exec-2] INFO  c.mvc.spittr.web.util.WebFacilities.getPrincipal(31) - Auth valaue: anonymous
2018-03-11 17:43:57 [http-nio-8080-exec-6] INFO  c.m.s.w.l.HttpRequestLogInterceptor.preHandle(35) - 2018-03-11T17:43:57.977 - called url:/Spring-In-Action_WEBApp/spitter/getrole-Beff
2018-03-11 17:44:13 [http-nio-8080-exec-7] INFO  c.m.s.w.l.HttpRequestLogInterceptor.preHandle(35) - 2018-03-11T17:44:13.582 - called url:/Spring-In-Action_WEBApp/
2018-03-11 17:44:19 [http-nio-8080-exec-9] INFO  c.m.s.w.l.HttpRequestLogInterceptor.preHandle(35) - 2018-03-11T17:44:19.879 - called url:/Spring-In-Action_WEBApp/list
2018-03-11 17:44:19 [http-nio-8080-exec-9] INFO  com.mvc.spittr.web.LoginController.listUsers(119) - spitterService is null? false
2018-03-11 17:44:19 [http-nio-8080-exec-9] INFO  c.mvc.spittr.web.util.WebFacilities.getPrincipal(31) - Auth valaue: anonymous
2018-03-11 17:44:23 [http-nio-8080-exec-3] INFO  c.m.s.w.l.HttpRequestLogInterceptor.preHandle(35) - 2018-03-11T17:44:23.959 - called url:/Spring-In-Action_WEBApp/spitter/getrole-Beff
2018-03-11 17:44:27 [http-nio-8080-exec-4] INFO  c.m.s.w.l.HttpRequestLogInterceptor.preHandle(35) - 2018-03-11T17:44:27.064 - called url:/Spring-In-Action_WEBApp/list
2018-03-11 17:44:27 [http-nio-8080-exec-4] INFO  com.mvc.spittr.web.LoginController.listUsers(119) - spitterService is null? false
2018-03-11 17:44:27 [http-nio-8080-exec-4] INFO  c.mvc.spittr.web.util.WebFacilities.getPrincipal(31) - Auth valaue: anonymous
2018-03-11 17:44:32 [http-nio-8080-exec-7] INFO  c.m.s.w.l.HttpRequestLogInterceptor.preHandle(35) - 2018-03-11T17:44:32.208 - called url:/Spring-In-Action_WEBApp/list
2018-03-11 17:44:32 [http-nio-8080-exec-7] INFO  com.mvc.spittr.web.LoginController.listUsers(119) - spitterService is null? false
2018-03-11 17:44:32 [http-nio-8080-exec-7] INFO  c.mvc.spittr.web.util.WebFacilities.getPrincipal(31) - Auth valaue: anonymous
