2018-03-21 22:08:51 [localhost-startStop-1] INFO  c.m.s.w.c.RoleToUserProfileConverter.<clinit>(27) - ************************Start RoleToUserProfileConverter************************
2018-03-21 22:08:51 [localhost-startStop-1] INFO  c.m.s.w.c.RoleToUserProfileConverter.<clinit>(42) - ************************End RoleToUserProfileConverter************************
2018-03-21 22:08:55 [localhost-startStop-1] INFO  c.m.s.w.l.HttpRequestLogInterceptor.<clinit>(28) - HttpRequestLogInterceptor initialized
2018-03-21 22:08:56 [localhost-startStop-1] INFO  com.mvc.spittr.web.SpittleController.<init>(55) - 2018-03-21T22:08:56.337 Constructor call
2018-03-21 22:08:59 [localhost-startStop-1] INFO  com.mvc.spittr.web.SpittleController.<init>(55) - 2018-03-21T22:08:59.065 Constructor call
2018-03-21 22:08:59 [localhost-startStop-1] INFO  c.m.s.w.s.GenericServletDemoServlet.<clinit>(29) - ************************Start - GenericServletDemoServlet************************
2018-03-21 22:08:59 [localhost-startStop-1] INFO  c.m.s.w.s.GenericServletDemoServlet.<clinit>(47) - ************************End - GenericServletDemoServlet************************
2018-03-21 22:09:49 [http-nio-8080-exec-2] INFO  c.m.s.w.l.HttpRequestLogInterceptor.preHandle(35) - 2018-03-21T22:09:49.120 - called url:/Spring-In-Action_WEBApp/
2018-03-21 22:09:56 [http-nio-8080-exec-5] INFO  c.m.s.w.l.HttpRequestLogInterceptor.preHandle(35) - 2018-03-21T22:09:56.688 - called url:/Spring-In-Action_WEBApp/list
2018-03-21 22:09:56 [http-nio-8080-exec-5] INFO  com.mvc.spittr.web.LoginController.listUsers(119) - spitterService is null? false
2018-03-21 22:09:57 [http-nio-8080-exec-5] INFO  c.mvc.spittr.web.util.WebFacilities.getPrincipal(31) - Auth valaue: anonymous
2018-03-21 22:10:00 [http-nio-8080-exec-9] INFO  c.m.s.w.l.HttpRequestLogInterceptor.preHandle(35) - 2018-03-21T22:10:00.064 - called url:/Spring-In-Action_WEBApp/spitter/getrole-admin
2018-03-21 22:10:00 [http-nio-8080-exec-9] INFO  com.mvc.spittr.web.SpitterController.lambda$0(169) - Username:admin role:USER 
2018-03-21 22:10:00 [http-nio-8080-exec-9] INFO  com.mvc.spittr.web.SpitterController.lambda$0(169) - Username:admin role:ADMIN 
2018-03-21 22:10:00 [http-nio-8080-exec-9] INFO  com.mvc.spittr.web.SpitterController.lambda$0(169) - Username:admin role:DB 
2018-03-21 22:15:09 [http-nio-8080-exec-1] INFO  c.m.s.w.l.HttpRequestLogInterceptor.preHandle(35) - 2018-03-21T22:15:09.800 - called url:/Spring-In-Action_WEBApp/list
2018-03-21 22:15:09 [http-nio-8080-exec-1] INFO  com.mvc.spittr.web.LoginController.listUsers(119) - spitterService is null? false
2018-03-21 22:15:09 [http-nio-8080-exec-1] INFO  c.mvc.spittr.web.util.WebFacilities.getPrincipal(31) - Auth valaue: anonymous
2018-03-21 22:15:11 [http-nio-8080-exec-4] INFO  c.m.s.w.l.HttpRequestLogInterceptor.preHandle(35) - 2018-03-21T22:15:11.663 - called url:/Spring-In-Action_WEBApp/spitter/getrole-admin
2018-03-21 22:15:11 [http-nio-8080-exec-4] INFO  com.mvc.spittr.web.SpitterController.lambda$0(169) - Username:admin role:USER 
2018-03-21 22:15:11 [http-nio-8080-exec-4] INFO  com.mvc.spittr.web.SpitterController.lambda$0(169) - Username:admin role:ADMIN 
2018-03-21 22:15:11 [http-nio-8080-exec-4] INFO  com.mvc.spittr.web.SpitterController.lambda$0(169) - Username:admin role:DB 
2018-03-21 22:17:14 [ContainerBackgroundProcessor[StandardEngine[Catalina]]] INFO  c.m.s.w.c.RoleToUserProfileConverter.<clinit>(27) - ************************Start RoleToUserProfileConverter************************
2018-03-21 22:17:14 [ContainerBackgroundProcessor[StandardEngine[Catalina]]] INFO  c.m.s.w.c.RoleToUserProfileConverter.<clinit>(42) - ************************End RoleToUserProfileConverter************************
2018-03-21 22:17:18 [ContainerBackgroundProcessor[StandardEngine[Catalina]]] INFO  c.m.s.w.l.HttpRequestLogInterceptor.<clinit>(28) - HttpRequestLogInterceptor initialized
2018-03-21 22:17:18 [ContainerBackgroundProcessor[StandardEngine[Catalina]]] INFO  com.mvc.spittr.web.SpittleController.<init>(55) - 2018-03-21T22:17:18.973 Constructor call
2018-03-21 22:17:21 [ContainerBackgroundProcessor[StandardEngine[Catalina]]] INFO  com.mvc.spittr.web.SpittleController.<init>(55) - 2018-03-21T22:17:21.416 Constructor call
2018-03-21 22:17:21 [ContainerBackgroundProcessor[StandardEngine[Catalina]]] INFO  c.m.s.w.s.GenericServletDemoServlet.<clinit>(29) - ************************Start - GenericServletDemoServlet************************
2018-03-21 22:17:21 [ContainerBackgroundProcessor[StandardEngine[Catalina]]] INFO  c.m.s.w.s.GenericServletDemoServlet.<clinit>(47) - ************************End - GenericServletDemoServlet************************
2018-03-21 22:17:24 [http-nio-8080-exec-3] INFO  c.m.s.w.l.HttpRequestLogInterceptor.preHandle(35) - 2018-03-21T22:17:24.158 - called url:/Spring-In-Action_WEBApp/list
2018-03-21 22:17:24 [http-nio-8080-exec-3] INFO  com.mvc.spittr.web.LoginController.listUsers(119) - spitterService is null? false
2018-03-21 22:17:24 [http-nio-8080-exec-3] INFO  c.mvc.spittr.web.util.WebFacilities.getPrincipal(31) - Auth valaue: anonymous
2018-03-21 22:17:26 [http-nio-8080-exec-2] INFO  c.m.s.w.l.HttpRequestLogInterceptor.preHandle(35) - 2018-03-21T22:17:26.594 - called url:/Spring-In-Action_WEBApp/spitter/getrole-admin
2018-03-21 22:17:26 [http-nio-8080-exec-2] INFO  com.mvc.spittr.web.SpitterController.lambda$0(169) - Username:admin role:USER 
2018-03-21 22:17:26 [http-nio-8080-exec-2] INFO  com.mvc.spittr.web.SpitterController.lambda$0(169) - Username:admin role:ADMIN 
2018-03-21 22:17:26 [http-nio-8080-exec-2] INFO  com.mvc.spittr.web.SpitterController.lambda$0(169) - Username:admin role:DB 
2018-03-21 22:18:12 [http-nio-8080-exec-5] INFO  c.m.s.w.l.HttpRequestLogInterceptor.preHandle(35) - 2018-03-21T22:18:12.601 - called url:/Spring-In-Action_WEBApp/spitter/getrole-admin
2018-03-21 22:18:12 [http-nio-8080-exec-5] INFO  com.mvc.spittr.web.SpitterController.lambda$0(169) - Username:admin role:USER 
2018-03-21 22:18:12 [http-nio-8080-exec-5] INFO  com.mvc.spittr.web.SpitterController.lambda$0(169) - Username:admin role:ADMIN 
2018-03-21 22:18:12 [http-nio-8080-exec-5] INFO  com.mvc.spittr.web.SpitterController.lambda$0(169) - Username:admin role:DB 
2018-03-21 22:20:37 [http-nio-8080-exec-12] INFO  c.m.s.w.l.HttpRequestLogInterceptor.preHandle(35) - 2018-03-21T22:20:37.937 - called url:/Spring-In-Action_WEBApp/spitter/getrole-admin
2018-03-21 22:20:37 [http-nio-8080-exec-12] INFO  com.mvc.spittr.web.SpitterController.lambda$0(169) - Username:admin role:USER 
2018-03-21 22:20:37 [http-nio-8080-exec-12] INFO  com.mvc.spittr.web.SpitterController.lambda$0(169) - Username:admin role:ADMIN 
2018-03-21 22:20:37 [http-nio-8080-exec-12] INFO  com.mvc.spittr.web.SpitterController.lambda$0(169) - Username:admin role:DB 
2018-03-21 22:24:49 [ContainerBackgroundProcessor[StandardEngine[Catalina]]] INFO  c.m.s.w.c.RoleToUserProfileConverter.<clinit>(27) - ************************Start RoleToUserProfileConverter************************
2018-03-21 22:24:49 [ContainerBackgroundProcessor[StandardEngine[Catalina]]] INFO  c.m.s.w.c.RoleToUserProfileConverter.<clinit>(42) - ************************End RoleToUserProfileConverter************************
2018-03-21 22:24:52 [ContainerBackgroundProcessor[StandardEngine[Catalina]]] INFO  c.m.s.w.l.HttpRequestLogInterceptor.<clinit>(28) - HttpRequestLogInterceptor initialized
2018-03-21 22:24:53 [ContainerBackgroundProcessor[StandardEngine[Catalina]]] INFO  com.mvc.spittr.web.SpittleController.<init>(55) - 2018-03-21T22:24:53.504 Constructor call
2018-03-21 22:24:55 [ContainerBackgroundProcessor[StandardEngine[Catalina]]] INFO  com.mvc.spittr.web.SpittleController.<init>(55) - 2018-03-21T22:24:55.544 Constructor call
2018-03-21 22:24:55 [ContainerBackgroundProcessor[StandardEngine[Catalina]]] INFO  c.m.s.w.s.GenericServletDemoServlet.<clinit>(29) - ************************Start - GenericServletDemoServlet************************
2018-03-21 22:24:55 [ContainerBackgroundProcessor[StandardEngine[Catalina]]] INFO  c.m.s.w.s.GenericServletDemoServlet.<clinit>(47) - ************************End - GenericServletDemoServlet************************
2018-03-21 22:25:00 [http-nio-8080-exec-19] INFO  c.m.s.w.l.HttpRequestLogInterceptor.preHandle(35) - 2018-03-21T22:25:00.510 - called url:/Spring-In-Action_WEBApp/spitter/getrole-admin
2018-03-21 22:25:01 [http-nio-8080-exec-19] INFO  com.mvc.spittr.web.SpitterController.lambda$0(169) - Username:admin role:USER 
2018-03-21 22:25:01 [http-nio-8080-exec-19] INFO  com.mvc.spittr.web.SpitterController.lambda$0(169) - Username:admin role:ADMIN 
2018-03-21 22:25:01 [http-nio-8080-exec-19] INFO  com.mvc.spittr.web.SpitterController.lambda$0(169) - Username:admin role:DB 
2018-03-21 22:25:01 [http-nio-8080-exec-19] INFO  com.mvc.spittr.web.SpitterController.showRoleUsername(171) - res.containsAttribute(username) :false  
2018-03-21 22:26:42 [ContainerBackgroundProcessor[StandardEngine[Catalina]]] INFO  c.m.s.w.c.RoleToUserProfileConverter.<clinit>(27) - ************************Start RoleToUserProfileConverter************************
2018-03-21 22:26:42 [ContainerBackgroundProcessor[StandardEngine[Catalina]]] INFO  c.m.s.w.c.RoleToUserProfileConverter.<clinit>(42) - ************************End RoleToUserProfileConverter************************
2018-03-21 22:26:47 [ContainerBackgroundProcessor[StandardEngine[Catalina]]] INFO  c.m.s.w.l.HttpRequestLogInterceptor.<clinit>(28) - HttpRequestLogInterceptor initialized
2018-03-21 22:26:48 [ContainerBackgroundProcessor[StandardEngine[Catalina]]] INFO  com.mvc.spittr.web.SpittleController.<init>(55) - 2018-03-21T22:26:48.297 Constructor call
2018-03-21 22:26:50 [ContainerBackgroundProcessor[StandardEngine[Catalina]]] INFO  com.mvc.spittr.web.SpittleController.<init>(55) - 2018-03-21T22:26:50.571 Constructor call
2018-03-21 22:26:50 [ContainerBackgroundProcessor[StandardEngine[Catalina]]] INFO  c.m.s.w.s.GenericServletDemoServlet.<clinit>(29) - ************************Start - GenericServletDemoServlet************************
2018-03-21 22:26:50 [ContainerBackgroundProcessor[StandardEngine[Catalina]]] INFO  c.m.s.w.s.GenericServletDemoServlet.<clinit>(47) - ************************End - GenericServletDemoServlet************************
2018-03-21 22:28:22 [http-nio-8080-exec-24] INFO  c.m.s.w.l.HttpRequestLogInterceptor.preHandle(35) - 2018-03-21T22:28:22.943 - called url:/Spring-In-Action_WEBApp/spitter/getrole-admin
2018-03-21 22:28:23 [http-nio-8080-exec-24] INFO  com.mvc.spittr.web.SpitterController.lambda$0(169) - Username:admin role:USER 
2018-03-21 22:28:23 [http-nio-8080-exec-24] INFO  com.mvc.spittr.web.SpitterController.lambda$0(169) - Username:admin role:ADMIN 
2018-03-21 22:28:23 [http-nio-8080-exec-24] INFO  com.mvc.spittr.web.SpitterController.lambda$0(169) - Username:admin role:DB 
2018-03-21 22:28:23 [http-nio-8080-exec-24] INFO  com.mvc.spittr.web.SpitterController.showRoleUsername(171) - res.containsAttribute(username) :false  
2018-03-21 22:28:41 [http-nio-8080-exec-26] INFO  c.m.s.w.l.HttpRequestLogInterceptor.preHandle(35) - 2018-03-21T22:28:41.045 - called url:/Spring-In-Action_WEBApp/spitter/getrole-admin
2018-03-21 22:28:41 [http-nio-8080-exec-26] INFO  com.mvc.spittr.web.SpitterController.lambda$0(169) - Username:admin role:USER 
2018-03-21 22:28:41 [http-nio-8080-exec-26] INFO  com.mvc.spittr.web.SpitterController.lambda$0(169) - Username:admin role:ADMIN 
2018-03-21 22:28:41 [http-nio-8080-exec-26] INFO  com.mvc.spittr.web.SpitterController.lambda$0(169) - Username:admin role:DB 
2018-03-21 22:28:41 [http-nio-8080-exec-26] INFO  com.mvc.spittr.web.SpitterController.showRoleUsername(171) - res.containsAttribute(username) :false  
2018-03-21 22:28:48 [http-nio-8080-exec-25] INFO  c.m.s.w.l.HttpRequestLogInterceptor.preHandle(35) - 2018-03-21T22:28:48.830 - called url:/Spring-In-Action_WEBApp/spitter/getrole-admin
2018-03-21 22:28:48 [http-nio-8080-exec-25] INFO  com.mvc.spittr.web.SpitterController.lambda$0(169) - Username:admin role:USER 
2018-03-21 22:28:48 [http-nio-8080-exec-25] INFO  com.mvc.spittr.web.SpitterController.lambda$0(169) - Username:admin role:ADMIN 
2018-03-21 22:28:48 [http-nio-8080-exec-25] INFO  com.mvc.spittr.web.SpitterController.lambda$0(169) - Username:admin role:DB 
2018-03-21 22:28:48 [http-nio-8080-exec-25] INFO  com.mvc.spittr.web.SpitterController.showRoleUsername(171) - res.containsAttribute(username) :false  
2018-03-21 22:29:30 [http-nio-8080-exec-12] INFO  c.m.s.w.l.HttpRequestLogInterceptor.preHandle(35) - 2018-03-21T22:29:30.123 - called url:/Spring-In-Action_WEBApp/spitter/getrole-admin
2018-03-21 22:29:30 [http-nio-8080-exec-12] INFO  com.mvc.spittr.web.SpitterController.lambda$0(169) - Username:admin role:USER 
2018-03-21 22:29:30 [http-nio-8080-exec-12] INFO  com.mvc.spittr.web.SpitterController.lambda$0(169) - Username:admin role:ADMIN 
2018-03-21 22:29:30 [http-nio-8080-exec-12] INFO  com.mvc.spittr.web.SpitterController.lambda$0(169) - Username:admin role:DB 
2018-03-21 22:29:30 [http-nio-8080-exec-12] INFO  com.mvc.spittr.web.SpitterController.showRoleUsername(171) - res.containsAttribute(username) :false  
2018-03-21 22:30:24 [http-nio-8080-exec-29] INFO  c.m.s.w.l.HttpRequestLogInterceptor.preHandle(35) - 2018-03-21T22:30:24.841 - called url:/Spring-In-Action_WEBApp/spitter/getrole-admin
2018-03-21 22:30:24 [http-nio-8080-exec-29] INFO  com.mvc.spittr.web.SpitterController.lambda$0(169) - Username:admin role:USER 
2018-03-21 22:30:24 [http-nio-8080-exec-29] INFO  com.mvc.spittr.web.SpitterController.lambda$0(169) - Username:admin role:ADMIN 
2018-03-21 22:30:24 [http-nio-8080-exec-29] INFO  com.mvc.spittr.web.SpitterController.lambda$0(169) - Username:admin role:DB 
2018-03-21 22:30:24 [http-nio-8080-exec-29] INFO  com.mvc.spittr.web.SpitterController.showRoleUsername(171) - res.containsAttribute(username) :false  
2018-03-21 22:31:15 [http-nio-8080-exec-28] INFO  c.m.s.w.l.HttpRequestLogInterceptor.preHandle(35) - 2018-03-21T22:31:15.007 - called url:/Spring-In-Action_WEBApp/spitter/getrole-admin
2018-03-21 22:31:15 [http-nio-8080-exec-28] INFO  com.mvc.spittr.web.SpitterController.lambda$0(169) - Username:admin role:USER 
2018-03-21 22:31:15 [http-nio-8080-exec-28] INFO  com.mvc.spittr.web.SpitterController.lambda$0(169) - Username:admin role:ADMIN 
2018-03-21 22:31:15 [http-nio-8080-exec-28] INFO  com.mvc.spittr.web.SpitterController.lambda$0(169) - Username:admin role:DB 
2018-03-21 22:31:15 [http-nio-8080-exec-28] INFO  com.mvc.spittr.web.SpitterController.showRoleUsername(171) - res.containsAttribute(username) :false  
2018-03-21 22:32:36 [ContainerBackgroundProcessor[StandardEngine[Catalina]]] INFO  c.m.s.w.c.RoleToUserProfileConverter.<clinit>(27) - ************************Start RoleToUserProfileConverter************************
2018-03-21 22:32:36 [ContainerBackgroundProcessor[StandardEngine[Catalina]]] INFO  c.m.s.w.c.RoleToUserProfileConverter.<clinit>(42) - ************************End RoleToUserProfileConverter************************
2018-03-21 22:32:39 [ContainerBackgroundProcessor[StandardEngine[Catalina]]] INFO  c.m.s.w.l.HttpRequestLogInterceptor.<clinit>(28) - HttpRequestLogInterceptor initialized
2018-03-21 22:32:40 [ContainerBackgroundProcessor[StandardEngine[Catalina]]] INFO  com.mvc.spittr.web.SpittleController.<init>(55) - 2018-03-21T22:32:40.550 Constructor call
2018-03-21 22:32:42 [ContainerBackgroundProcessor[StandardEngine[Catalina]]] INFO  com.mvc.spittr.web.SpittleController.<init>(55) - 2018-03-21T22:32:42.983 Constructor call
2018-03-21 22:32:43 [ContainerBackgroundProcessor[StandardEngine[Catalina]]] INFO  c.m.s.w.s.GenericServletDemoServlet.<clinit>(29) - ************************Start - GenericServletDemoServlet************************
2018-03-21 22:32:43 [ContainerBackgroundProcessor[StandardEngine[Catalina]]] INFO  c.m.s.w.s.GenericServletDemoServlet.<clinit>(47) - ************************End - GenericServletDemoServlet************************
2018-03-21 22:34:29 [http-nio-8080-exec-36] INFO  c.m.s.w.l.HttpRequestLogInterceptor.preHandle(35) - 2018-03-21T22:34:29.731 - called url:/Spring-In-Action_WEBApp/spitter/getrole-Beff
2018-03-21 22:34:30 [http-nio-8080-exec-36] INFO  com.mvc.spittr.web.SpitterController.lambda$0(169) - Username:Beff role:USER 
2018-03-21 22:34:50 [http-nio-8080-exec-34] INFO  c.m.s.w.l.HttpRequestLogInterceptor.preHandle(35) - 2018-03-21T22:34:50.348 - called url:/Spring-In-Action_WEBApp/
2018-03-21 22:35:06 [http-nio-8080-exec-31] INFO  c.m.s.w.l.HttpRequestLogInterceptor.preHandle(35) - 2018-03-21T22:35:06.513 - called url:/Spring-In-Action_WEBApp/spitter/getrole-Beff
2018-03-21 22:35:06 [http-nio-8080-exec-31] INFO  com.mvc.spittr.web.SpitterController.lambda$0(169) - Username:Beff role:USER 
2018-03-21 22:43:42 [http-nio-8080-exec-36] INFO  c.m.s.w.l.HttpRequestLogInterceptor.preHandle(35) - 2018-03-21T22:43:42.608 - called url:/Spring-In-Action_WEBApp/spitter/getrole-Beff
2018-03-21 22:43:42 [http-nio-8080-exec-36] INFO  com.mvc.spittr.web.SpitterController.lambda$0(169) - Username:Beff role:USER 
2018-03-21 22:43:51 [http-nio-8080-exec-41] INFO  c.m.s.w.l.HttpRequestLogInterceptor.preHandle(35) - 2018-03-21T22:43:51.704 - called url:/Spring-In-Action_WEBApp/spitter/getrole-poiu
2018-03-21 22:43:51 [http-nio-8080-exec-41] INFO  com.mvc.spittr.web.SpitterController.lambda$0(169) - Username:poiu role:USER 
2018-03-21 22:43:51 [http-nio-8080-exec-41] INFO  com.mvc.spittr.web.SpitterController.lambda$0(169) - Username:poiu role:ADMIN 
2018-03-21 22:44:10 [http-nio-8080-exec-43] INFO  c.m.s.w.l.HttpRequestLogInterceptor.preHandle(35) - 2018-03-21T22:44:10.702 - called url:/Spring-In-Action_WEBApp/spitter/getrole-12345
2018-03-21 22:44:21 [http-nio-8080-exec-39] INFO  c.m.s.w.l.HttpRequestLogInterceptor.preHandle(35) - 2018-03-21T22:44:21.817 - called url:/Spring-In-Action_WEBApp/spitter/getrole-admin
2018-03-21 22:44:21 [http-nio-8080-exec-39] INFO  com.mvc.spittr.web.SpitterController.lambda$0(169) - Username:admin role:USER 
2018-03-21 22:44:21 [http-nio-8080-exec-39] INFO  com.mvc.spittr.web.SpitterController.lambda$0(169) - Username:admin role:ADMIN 
2018-03-21 22:44:21 [http-nio-8080-exec-39] INFO  com.mvc.spittr.web.SpitterController.lambda$0(169) - Username:admin role:DB 
