2018-03-17 15:34:48 [ContainerBackgroundProcessor[StandardEngine[Catalina]]] INFO  c.m.s.w.c.RoleToUserProfileConverter.<clinit>(27) - ************************Start RoleToUserProfileConverter************************
2018-03-17 15:34:48 [ContainerBackgroundProcessor[StandardEngine[Catalina]]] INFO  c.m.s.w.c.RoleToUserProfileConverter.<clinit>(42) - ************************End RoleToUserProfileConverter************************
2018-03-17 15:37:30 [localhost-startStop-1] INFO  c.m.s.w.c.RoleToUserProfileConverter.<clinit>(27) - ************************Start RoleToUserProfileConverter************************
2018-03-17 15:37:30 [localhost-startStop-1] INFO  c.m.s.w.c.RoleToUserProfileConverter.<clinit>(42) - ************************End RoleToUserProfileConverter************************
2018-03-17 15:39:14 [localhost-startStop-1] INFO  c.m.s.w.c.RoleToUserProfileConverter.<clinit>(27) - ************************Start RoleToUserProfileConverter************************
2018-03-17 15:39:14 [localhost-startStop-1] INFO  c.m.s.w.c.RoleToUserProfileConverter.<clinit>(42) - ************************End RoleToUserProfileConverter************************
2018-03-17 15:43:48 [localhost-startStop-1] INFO  c.m.s.w.c.RoleToUserProfileConverter.<clinit>(27) - ************************Start RoleToUserProfileConverter************************
2018-03-17 15:43:48 [localhost-startStop-1] INFO  c.m.s.w.c.RoleToUserProfileConverter.<clinit>(42) - ************************End RoleToUserProfileConverter************************
2018-03-17 15:43:52 [localhost-startStop-1] INFO  c.m.s.w.l.HttpRequestLogInterceptor.<clinit>(28) - HttpRequestLogInterceptor initialized
2018-03-17 15:43:53 [localhost-startStop-1] INFO  com.mvc.spittr.web.SpittleController.<init>(55) - 2018-03-17T15:43:53.183 Constructor call
2018-03-17 15:43:55 [localhost-startStop-1] INFO  com.mvc.spittr.web.SpittleController.<init>(55) - 2018-03-17T15:43:55.869 Constructor call
2018-03-17 15:43:56 [localhost-startStop-1] INFO  c.m.s.w.s.GenericServletDemoServlet.<clinit>(29) - ************************Start - GenericServletDemoServlet************************
2018-03-17 15:43:56 [localhost-startStop-1] INFO  c.m.s.w.s.GenericServletDemoServlet.<clinit>(47) - ************************End - GenericServletDemoServlet************************
2018-03-17 15:45:22 [http-nio-8080-exec-2] INFO  c.m.s.w.l.HttpRequestLogInterceptor.preHandle(35) - 2018-03-17T15:45:22.308 - called url:/Spring-In-Action_WEBApp/spitter/getrole-admin
2018-03-17 15:45:23 [http-nio-8080-exec-2] INFO  com.mvc.spittr.web.SpitterController.showRoleUsername(171) - UserRole added to model: UsernameRole [username=admin, roles=[]] - []
2018-03-17 15:49:53 [ContainerBackgroundProcessor[StandardEngine[Catalina]]] INFO  c.m.s.w.c.RoleToUserProfileConverter.<clinit>(27) - ************************Start RoleToUserProfileConverter************************
2018-03-17 15:49:53 [ContainerBackgroundProcessor[StandardEngine[Catalina]]] INFO  c.m.s.w.c.RoleToUserProfileConverter.<clinit>(42) - ************************End RoleToUserProfileConverter************************
2018-03-17 15:49:57 [ContainerBackgroundProcessor[StandardEngine[Catalina]]] INFO  c.m.s.w.l.HttpRequestLogInterceptor.<clinit>(28) - HttpRequestLogInterceptor initialized
2018-03-17 15:49:58 [ContainerBackgroundProcessor[StandardEngine[Catalina]]] INFO  com.mvc.spittr.web.SpittleController.<init>(55) - 2018-03-17T15:49:58.700 Constructor call
2018-03-17 15:50:00 [ContainerBackgroundProcessor[StandardEngine[Catalina]]] INFO  com.mvc.spittr.web.SpittleController.<init>(55) - 2018-03-17T15:50:00.650 Constructor call
2018-03-17 15:50:01 [ContainerBackgroundProcessor[StandardEngine[Catalina]]] INFO  c.m.s.w.s.GenericServletDemoServlet.<clinit>(29) - ************************Start - GenericServletDemoServlet************************
2018-03-17 15:50:01 [ContainerBackgroundProcessor[StandardEngine[Catalina]]] INFO  c.m.s.w.s.GenericServletDemoServlet.<clinit>(47) - ************************End - GenericServletDemoServlet************************
2018-03-17 15:50:11 [http-nio-8080-exec-7] INFO  c.m.s.w.l.HttpRequestLogInterceptor.preHandle(35) - 2018-03-17T15:50:11.917 - called url:/Spring-In-Action_WEBApp/spitter/getrole-admin
2018-03-17 15:50:12 [http-nio-8080-exec-7] INFO  com.mvc.spittr.web.SpitterController.showRoleUsername(171) - UserRole added to model: UsernameRole [username=admin, roles=[]] - []
