2018-03-31 16:03:30 [localhost-startStop-1] INFO  c.m.s.w.c.RoleToUserProfileConverter.<clinit>(27) - ************************Start RoleToUserProfileConverter************************
2018-03-31 16:03:30 [localhost-startStop-1] INFO  c.m.s.w.c.RoleToUserProfileConverter.<clinit>(42) - ************************End RoleToUserProfileConverter************************
2018-03-31 16:03:34 [localhost-startStop-1] INFO  c.m.s.w.l.HttpRequestLogInterceptor.<clinit>(28) - HttpRequestLogInterceptor initialized
2018-03-31 16:03:35 [localhost-startStop-1] INFO  com.mvc.spittr.web.SpittleController.<init>(55) - 2018-03-31T16:03:35.793 Constructor call
2018-03-31 16:06:02 [localhost-startStop-1] INFO  c.m.s.w.c.RoleToUserProfileConverter.<clinit>(27) - ************************Start RoleToUserProfileConverter************************
2018-03-31 16:06:02 [localhost-startStop-1] INFO  c.m.s.w.c.RoleToUserProfileConverter.<clinit>(42) - ************************End RoleToUserProfileConverter************************
2018-03-31 16:06:05 [localhost-startStop-1] INFO  c.m.s.w.l.HttpRequestLogInterceptor.<clinit>(28) - HttpRequestLogInterceptor initialized
2018-03-31 16:06:06 [localhost-startStop-1] INFO  com.mvc.spittr.web.SpittleController.<init>(55) - 2018-03-31T16:06:06.855 Constructor call
2018-03-31 16:06:09 [localhost-startStop-1] INFO  com.mvc.spittr.web.SpittleController.<init>(55) - 2018-03-31T16:06:09.211 Constructor call
2018-03-31 16:06:09 [localhost-startStop-1] INFO  c.m.s.w.s.GenericServletDemoServlet.<clinit>(29) - ************************Start - GenericServletDemoServlet************************
2018-03-31 16:06:09 [localhost-startStop-1] INFO  c.m.s.w.s.GenericServletDemoServlet.<clinit>(47) - ************************End - GenericServletDemoServlet************************
2018-03-31 16:06:38 [http-nio-8080-exec-2] INFO  c.m.s.w.l.HttpRequestLogInterceptor.preHandle(35) - 2018-03-31T16:06:38.105 - called url:/Spring-In-Action_WEBApp/
2018-03-31 16:06:44 [http-nio-8080-exec-6] INFO  c.m.s.w.l.HttpRequestLogInterceptor.preHandle(35) - 2018-03-31T16:06:44.871 - called url:/Spring-In-Action_WEBApp/list
2018-03-31 16:06:44 [http-nio-8080-exec-6] INFO  com.mvc.spittr.web.LoginController.listUsers(119) - spitterService is null? false
2018-03-31 16:06:45 [http-nio-8080-exec-6] INFO  c.mvc.spittr.web.util.WebFacilities.getPrincipal(31) - Auth valaue: anonymous
2018-03-31 16:19:03 [ContainerBackgroundProcessor[StandardEngine[Catalina]]] INFO  c.m.s.w.c.RoleToUserProfileConverter.<clinit>(27) - ************************Start RoleToUserProfileConverter************************
2018-03-31 16:19:03 [ContainerBackgroundProcessor[StandardEngine[Catalina]]] INFO  c.m.s.w.c.RoleToUserProfileConverter.<clinit>(42) - ************************End RoleToUserProfileConverter************************
2018-03-31 16:19:06 [ContainerBackgroundProcessor[StandardEngine[Catalina]]] INFO  c.m.s.w.l.HttpRequestLogInterceptor.<clinit>(28) - HttpRequestLogInterceptor initialized
2018-03-31 16:19:07 [ContainerBackgroundProcessor[StandardEngine[Catalina]]] INFO  com.mvc.spittr.web.SpittleController.<init>(55) - 2018-03-31T16:19:07.743 Constructor call
2018-03-31 16:19:09 [ContainerBackgroundProcessor[StandardEngine[Catalina]]] INFO  com.mvc.spittr.web.SpittleController.<init>(55) - 2018-03-31T16:19:09.901 Constructor call
2018-03-31 16:19:10 [ContainerBackgroundProcessor[StandardEngine[Catalina]]] INFO  c.m.s.w.s.GenericServletDemoServlet.<clinit>(29) - ************************Start - GenericServletDemoServlet************************
2018-03-31 16:19:10 [ContainerBackgroundProcessor[StandardEngine[Catalina]]] INFO  c.m.s.w.s.GenericServletDemoServlet.<clinit>(47) - ************************End - GenericServletDemoServlet************************
2018-03-31 16:20:02 [http-nio-8080-exec-11] INFO  c.m.s.w.l.HttpRequestLogInterceptor.preHandle(35) - 2018-03-31T16:20:02.063 - called url:/Spring-In-Action_WEBApp/list
2018-03-31 16:20:02 [http-nio-8080-exec-11] INFO  com.mvc.spittr.web.LoginController.listUsers(119) - spitterService is null? false
2018-03-31 16:20:02 [http-nio-8080-exec-11] INFO  c.mvc.spittr.web.util.WebFacilities.getPrincipal(31) - Auth valaue: anonymous
2018-03-31 16:20:04 [http-nio-8080-exec-9] INFO  c.m.s.w.l.HttpRequestLogInterceptor.preHandle(35) - 2018-03-31T16:20:04.009 - called url:/Spring-In-Action_WEBApp/
2018-03-31 16:20:13 [http-nio-8080-exec-4] INFO  c.m.s.w.l.HttpRequestLogInterceptor.preHandle(35) - 2018-03-31T16:20:13.543 - called url:/Spring-In-Action_WEBApp/login
2018-03-31 16:20:13 [http-nio-8080-exec-4] INFO  com.mvc.spittr.web.LoginController.isCurrentAuthenticationAnonymous(183) - isCurrentAuthenticationAnonymous() flag value: true and credential_
2018-03-31 16:20:13 [http-nio-8080-exec-4] INFO  com.mvc.spittr.web.LoginController.isCurrentAuthenticationAnonymous(183) - isCurrentAuthenticationAnonymous() flag value: true and credential_
2018-03-31 16:20:13 [http-nio-8080-exec-4] INFO  com.mvc.spittr.web.LoginController.loginPage(105) - Is Current Authentication Anonymous? true
2018-03-31 16:22:28 [http-nio-8080-exec-13] INFO  c.m.s.w.l.HttpRequestLogInterceptor.preHandle(35) - 2018-03-31T16:22:28.726 - called url:/Spring-In-Action_WEBApp/spitter
2018-03-31 16:22:28 [http-nio-8080-exec-13] INFO  c.mvc.spittr.web.util.WebFacilities.getPrincipal(28) - Auth valaue: poiu
2018-03-31 16:22:39 [http-nio-8080-exec-10] INFO  c.m.s.w.l.HttpRequestLogInterceptor.preHandle(35) - 2018-03-31T16:22:39.856 - called url:/Spring-In-Action_WEBApp/list
2018-03-31 16:22:39 [http-nio-8080-exec-10] INFO  com.mvc.spittr.web.LoginController.listUsers(119) - spitterService is null? false
2018-03-31 16:22:39 [http-nio-8080-exec-10] INFO  c.mvc.spittr.web.util.WebFacilities.getPrincipal(28) - Auth valaue: poiu
2018-03-31 16:22:43 [http-nio-8080-exec-17] INFO  c.m.s.w.l.HttpRequestLogInterceptor.preHandle(35) - 2018-03-31T16:22:43.167 - called url:/Spring-In-Action_WEBApp/spitter
2018-03-31 16:22:43 [http-nio-8080-exec-17] INFO  c.mvc.spittr.web.util.WebFacilities.getPrincipal(28) - Auth valaue: poiu
2018-03-31 16:27:04 [http-nio-8080-exec-19] INFO  c.m.s.w.l.HttpRequestLogInterceptor.preHandle(35) - 2018-03-31T16:27:04.321 - called url:/Spring-In-Action_WEBApp/list
2018-03-31 16:27:04 [http-nio-8080-exec-19] INFO  com.mvc.spittr.web.LoginController.listUsers(119) - spitterService is null? false
2018-03-31 16:27:04 [http-nio-8080-exec-19] INFO  c.mvc.spittr.web.util.WebFacilities.getPrincipal(28) - Auth valaue: poiu
2018-03-31 16:27:16 [http-nio-8080-exec-13] INFO  c.m.s.w.l.HttpRequestLogInterceptor.preHandle(35) - 2018-03-31T16:27:16.892 - called url:/Spring-In-Action_WEBApp/
2018-03-31 16:27:20 [http-nio-8080-exec-10] INFO  c.m.s.w.l.HttpRequestLogInterceptor.preHandle(35) - 2018-03-31T16:27:20.764 - called url:/Spring-In-Action_WEBApp/login
2018-03-31 16:27:20 [http-nio-8080-exec-10] INFO  com.mvc.spittr.web.LoginController.isCurrentAuthenticationAnonymous(183) - isCurrentAuthenticationAnonymous() flag value: false and credential_null
2018-03-31 16:27:20 [http-nio-8080-exec-10] INFO  com.mvc.spittr.web.LoginController.loginPage(108) - login requested but redirect:/spitter
2018-03-31 16:27:20 [http-nio-8080-exec-16] INFO  c.m.s.w.l.HttpRequestLogInterceptor.preHandle(35) - 2018-03-31T16:27:20.806 - called url:/Spring-In-Action_WEBApp/spitter
2018-03-31 16:27:20 [http-nio-8080-exec-16] INFO  c.mvc.spittr.web.util.WebFacilities.getPrincipal(28) - Auth valaue: poiu
2018-03-31 16:27:29 [http-nio-8080-exec-17] INFO  c.m.s.w.l.HttpRequestLogInterceptor.preHandle(35) - 2018-03-31T16:27:29.464 - called url:/Spring-In-Action_WEBApp/logout
2018-03-31 16:27:29 [http-nio-8080-exec-17] INFO  com.mvc.spittr.web.LoginController.logoutPage(142) - Before Logout - authentication_org.springframework.security.authentication.UsernamePasswordAuthenticationToken@fb75a37d: Principal: org.springframework.security.core.userdetails.User@34976b: Username: poiu; Password: [PROTECTED]; Enabled: true; AccountNonExpired: true; credentialsNonExpired: true; AccountNonLocked: true; Granted Authorities: ROLE_ADMIN,ROLE_USER; Credentials: [PROTECTED]; Authenticated: true; Details: org.springframework.security.web.authentication.WebAuthenticationDetails@0: RemoteIpAddress: 0:0:0:0:0:0:0:1; SessionId: F40441DE110BC29C1CE49652559F4EDB; Granted Authorities: ROLE_ADMIN, ROLE_USER 
2018-03-31 16:27:29 [http-nio-8080-exec-17] INFO  com.mvc.spittr.web.LoginController.logoutPage(148) - After Logout authentication_org.springframework.security.authentication.UsernamePasswordAuthenticationToken@fb75a37d: Principal: org.springframework.security.core.userdetails.User@34976b: Username: poiu; Password: [PROTECTED]; Enabled: true; AccountNonExpired: true; credentialsNonExpired: true; AccountNonLocked: true; Granted Authorities: ROLE_ADMIN,ROLE_USER; Credentials: [PROTECTED]; Authenticated: true; Details: org.springframework.security.web.authentication.WebAuthenticationDetails@0: RemoteIpAddress: 0:0:0:0:0:0:0:1; SessionId: F40441DE110BC29C1CE49652559F4EDB; Granted Authorities: ROLE_ADMIN, ROLE_USER 
2018-03-31 16:27:29 [http-nio-8080-exec-18] INFO  c.m.s.w.l.HttpRequestLogInterceptor.preHandle(35) - 2018-03-31T16:27:29.519 - called url:/Spring-In-Action_WEBApp/
2018-03-31 16:27:32 [http-nio-8080-exec-11] INFO  c.m.s.w.l.HttpRequestLogInterceptor.preHandle(35) - 2018-03-31T16:27:32.747 - called url:/Spring-In-Action_WEBApp/spitter
2018-03-31 16:27:32 [http-nio-8080-exec-11] INFO  c.mvc.spittr.web.util.WebFacilities.getPrincipal(31) - Auth valaue: anonymous
2018-03-31 16:27:34 [http-nio-8080-exec-13] INFO  c.m.s.w.l.HttpRequestLogInterceptor.preHandle(35) - 2018-03-31T16:27:34.588 - called url:/Spring-In-Action_WEBApp/spittle
2018-03-31 16:27:35 [http-nio-8080-exec-13] INFO  c.mvc.spittr.web.util.WebFacilities.getPrincipal(31) - Auth valaue: anonymous
2018-03-31 16:27:35 [http-nio-8080-exec-13] INFO  com.mvc.spittr.web.SpittleController.spittles(84) - 2018-03-31T16:27:35.125 /spittle called
