2018-02-12 21:48:45 [localhost-startStop-1] INFO  c.m.s.web.config.WebAppInitializer.<clinit>(55) - ************************Start WebAppInitializer************************
2018-02-12 21:48:45 [localhost-startStop-1] INFO  c.m.s.web.config.WebAppInitializer.<clinit>(161) - ************************End WebAppInitializer************************
2018-02-12 21:48:45 [localhost-startStop-1] INFO  c.m.s.w.c.SecurityWebApplicationInitializer.<clinit>(16) - 1 ************************SecurityWebApplicationInitializer Intizialized************************
2018-02-12 21:48:45 [localhost-startStop-1] INFO  c.m.s.w.c.ApacheServletInitializer.<clinit>(29) - ************************Start AppWebConfig************************
2018-02-12 21:48:45 [localhost-startStop-1] INFO  c.m.s.w.c.ApacheServletInitializer.<clinit>(83) - ************************End AppWebConfig************************
2018-02-12 21:48:45 [localhost-startStop-1] INFO  c.m.s.web.config.WebAppInitializer.getRootConfigClasses(66) - AppRootConfig configured
2018-02-12 21:48:45 [localhost-startStop-1] INFO  c.m.s.web.config.WebAppInitializer.getServletConfigClasses(81) - AppWebConfig configured
2018-02-12 21:48:45 [localhost-startStop-1] INFO  c.m.s.web.config.WebAppInitializer.customizeRegistration(118) - CustomizeRegistration initialized
2018-02-12 21:48:45 [localhost-startStop-1] INFO  c.m.s.web.config.WebAppInitializer.customizeRegistration(128) - ***START*** Multipart initializing 
2018-02-12 21:48:45 [localhost-startStop-1] INFO  c.m.s.web.config.WebAppInitializer.customizeRegistration(129) - Download Directory:/tmp
2018-02-12 21:48:45 [localhost-startStop-1] INFO  c.m.s.web.config.WebAppInitializer.customizeRegistration(137) - Multipart uploads files at /home/sabaja/Scrivania/spring-hibernate-workspace/Spring-In-Action_WebApp/Downloads, maxFileSize=2097152, maxRequestSize=4194304, fileSizeThreshold=0
2018-02-12 21:48:45 [localhost-startStop-1] INFO  c.m.s.web.config.WebAppInitializer.customizeRegistration(140) - ***END*** Multipart initialized 
2018-02-12 21:48:45 [localhost-startStop-1] INFO  c.m.s.w.c.ApacheServletInitializer.onStartup(37) - WebApplicationInitializer@ServletApacheInitializer instantiated
2018-02-12 21:48:45 [localhost-startStop-1] INFO  c.m.s.w.c.ApacheServletInitializer.onStartup(52) - Servlet [com.mvc.spittr.web.servlet.GenericServletDemoServlet] was added
2018-02-12 21:48:47 [localhost-startStop-1] INFO  c.m.spittr.web.config.AppRootConfig.<clinit>(59) - ************************AppRootConfig************************
2018-02-12 21:48:47 [localhost-startStop-1] INFO  c.m.s.web.config.WebSecurityConfig.<clinit>(72) - ************************Start - WebSecurityConfig************************
2018-02-12 21:48:47 [localhost-startStop-1] INFO  c.m.s.web.config.WebSecurityConfig.<clinit>(226) - ************************End - WebSecurityConfig************************
2018-02-12 21:48:47 [localhost-startStop-1] INFO  c.mvc.spittr.web.config.AppWebConfig.<clinit>(49) - ************************Start AppWebConfig************************
2018-02-12 21:48:47 [localhost-startStop-1] INFO  c.mvc.spittr.web.config.AppWebConfig.<clinit>(209) - ************************End AppWebConfig************************
2018-02-12 21:48:48 [localhost-startStop-1] INFO  c.m.spittr.web.config.AppRootConfig.messageSource(74) - MessageSource initialized
2018-02-12 21:48:48 [localhost-startStop-1] INFO  c.m.s.w.c.RoleToUserProfileConverter.<clinit>(27) - ************************Start RoleToUserProfileConverter************************
2018-02-12 21:48:48 [localhost-startStop-1] INFO  c.m.s.w.c.RoleToUserProfileConverter.<clinit>(42) - ************************End RoleToUserProfileConverter************************
2018-02-12 21:48:48 [localhost-startStop-1] INFO  c.m.spittr.web.config.AppRootConfig.dataSource(142) - ***HIBERNATE*** - DB DataSource initialized - HIBERNATE -
2018-02-12 21:48:48 [localhost-startStop-1] INFO  c.m.spittr.web.config.AppRootConfig.getSessionFactory(150) - ***HIBERNATE*** - LocalSessionFactoryBean initialized - HIBERNATE -
2018-02-12 21:48:48 [localhost-startStop-1] INFO  c.m.spittr.web.config.AppRootConfig.getSessionFactory(152) - ***HIBERNATE*** - HibernateProperties initialized - HIBERNATE -
2018-02-12 21:48:53 [localhost-startStop-1] INFO  c.m.s.w.l.HttpRequestLogInterceptor.<clinit>(28) - HttpRequestLogInterceptor initialized
2018-02-12 21:48:53 [localhost-startStop-1] INFO  c.mvc.spittr.web.config.AppWebConfig.setApplicationContext(55) - InternalResourceViewResolver inizialized
2018-02-12 21:48:53 [localhost-startStop-1] INFO  c.m.s.web.config.WebSecurityConfig.getAuthenticationTrustResolver(111) - AuthenticationTrustResolver  initialized
2018-02-12 21:48:54 [localhost-startStop-1] INFO  c.m.s.web.config.WebSecurityConfig.getSpitterDetailService(98) - SpitterDetailService  initialized
2018-02-12 21:48:54 [localhost-startStop-1] INFO  c.m.s.web.config.WebSecurityConfig.getAuthenticationProvider(219) - UserDetailsService initialized
2018-02-12 21:48:54 [localhost-startStop-1] INFO  c.m.s.web.config.WebSecurityConfig.passwordEncoder(231) - BCryptPasswordEncoder  initialized
2018-02-12 21:48:54 [localhost-startStop-1] INFO  c.m.s.web.config.WebSecurityConfig.getAuthenticationProvider(221) - Password encriptinig
2018-02-12 21:48:54 [localhost-startStop-1] INFO  c.m.s.web.config.WebSecurityConfig.configureGlobalSecurity(208) - ConfigureGlobalSecurity user permit initialized
2018-02-12 21:48:54 [localhost-startStop-1] INFO  c.m.s.web.config.WebSecurityConfig.getTokenRepository(104) - HibernateTokenRepositoryImpl  initialized
2018-02-12 21:48:55 [localhost-startStop-1] INFO  c.m.s.web.config.WebSecurityConfig.getPersistentTokenBasedRememberMeServices(241) - PersistentTokenService  initialized
2018-02-12 21:48:55 [localhost-startStop-1] DEBUG com.mvc.spittr.web.SpittleController.<init>(54) - 2018-02-12T21:48:55.090 Constructor call
2018-02-12 21:48:55 [localhost-startStop-1] INFO  c.m.spittr.web.config.AppRootConfig.multipartResolver(92) - MultipartResolver initialized
2018-02-12 21:48:55 [localhost-startStop-1] INFO  c.m.spittr.web.config.AppRootConfig.getTransactionManager(165) - ***HIBERNATE*** - HibernateTransactionManager initialized - HIBERNATE -
2018-02-12 21:48:55 [localhost-startStop-1] INFO  c.m.spittr.web.config.AppRootConfig.getSimpleMessage(184) - SimpleMailMessage initialized
2018-02-12 21:48:55 [localhost-startStop-1] INFO  c.m.spittr.web.config.AppRootConfig.getJavaMailSender(207) - JavaMailMessage initialized
2018-02-12 21:48:55 [localhost-startStop-1] INFO  c.mvc.spittr.web.config.AppWebConfig.addInterceptors(122) - Interceptor added urls: /* /**
2018-02-12 21:48:55 [localhost-startStop-1] INFO  c.mvc.spittr.web.config.AppWebConfig.addFormatters(104) - Converter initialized, it converts string values[Roles] to UserProfiles
2018-02-12 21:48:55 [localhost-startStop-1] INFO  c.mvc.spittr.web.config.AppWebConfig.configureDefaultServletHandling(110) - DefaultServletHandlerConfigurer inizialized
2018-02-12 21:48:56 [localhost-startStop-1] INFO  c.mvc.spittr.web.config.AppWebConfig.viewResolver(65) - InternalResourceViewResolver inizialized
2018-02-12 21:48:56 [localhost-startStop-1] INFO  c.mvc.spittr.web.config.AppWebConfig.viewResolver(70) - resolver setting prefix /WEB-INF/views/
2018-02-12 21:48:56 [localhost-startStop-1] INFO  c.mvc.spittr.web.config.AppWebConfig.viewResolver(72) - resolver setting suffix .jsp
2018-02-12 21:48:56 [localhost-startStop-1] INFO  c.mvc.spittr.web.config.AppWebConfig.viewResolver(75) - org.springframework.web.servlet.view.JstlView.class set as view class
2018-02-12 21:48:56 [localhost-startStop-1] INFO  c.mvc.spittr.web.config.AppWebConfig.viewResolver2(82) - InternalResourceViewResolver for html inizialized
2018-02-12 21:48:56 [localhost-startStop-1] INFO  c.mvc.spittr.web.config.AppWebConfig.viewResolver2(87) - resolver setting prefix /WEB-INF/views/
2018-02-12 21:48:56 [localhost-startStop-1] INFO  c.mvc.spittr.web.config.AppWebConfig.viewResolver2(89) - resolver setting suffix .html
2018-02-12 21:48:56 [localhost-startStop-1] INFO  c.mvc.spittr.web.config.AppWebConfig.viewResolver2(92) - org.springframework.web.servlet.view.JstlView.class set as view class
2018-02-12 21:48:56 [localhost-startStop-1] INFO  c.m.s.web.config.WebSecurityConfig.configure(178) - WebSecurityConfig$$EnhancerBySpringCGLIB$$9edf1760::configure view permit
2018-02-12 21:48:56 [localhost-startStop-1] INFO  c.m.s.web.config.WebSecurityConfig.configure(179) - WebSecurityConfig$$EnhancerBySpringCGLIB$$9edf1760 initialized
2018-02-12 21:48:58 [localhost-startStop-1] INFO  c.m.spittr.web.config.AppRootConfig.messageSource(74) - MessageSource initialized
2018-02-12 21:48:58 [localhost-startStop-1] INFO  c.m.spittr.web.config.AppRootConfig.dataSource(142) - ***HIBERNATE*** - DB DataSource initialized - HIBERNATE -
2018-02-12 21:48:58 [localhost-startStop-1] INFO  c.m.spittr.web.config.AppRootConfig.getSessionFactory(150) - ***HIBERNATE*** - LocalSessionFactoryBean initialized - HIBERNATE -
2018-02-12 21:48:58 [localhost-startStop-1] INFO  c.m.spittr.web.config.AppRootConfig.getSessionFactory(152) - ***HIBERNATE*** - HibernateProperties initialized - HIBERNATE -
2018-02-12 21:48:58 [localhost-startStop-1] INFO  c.mvc.spittr.web.config.AppWebConfig.setApplicationContext(55) - InternalResourceViewResolver inizialized
2018-02-12 21:48:58 [localhost-startStop-1] INFO  c.m.s.web.config.WebSecurityConfig.getAuthenticationTrustResolver(111) - AuthenticationTrustResolver  initialized
2018-02-12 21:48:58 [localhost-startStop-1] INFO  c.m.s.web.config.WebSecurityConfig.getSpitterDetailService(98) - SpitterDetailService  initialized
2018-02-12 21:48:58 [localhost-startStop-1] INFO  c.m.s.web.config.WebSecurityConfig.getAuthenticationProvider(219) - UserDetailsService initialized
2018-02-12 21:48:58 [localhost-startStop-1] INFO  c.m.s.web.config.WebSecurityConfig.passwordEncoder(231) - BCryptPasswordEncoder  initialized
2018-02-12 21:48:58 [localhost-startStop-1] INFO  c.m.s.web.config.WebSecurityConfig.getAuthenticationProvider(221) - Password encriptinig
2018-02-12 21:48:58 [localhost-startStop-1] INFO  c.m.s.web.config.WebSecurityConfig.configureGlobalSecurity(208) - ConfigureGlobalSecurity user permit initialized
2018-02-12 21:48:58 [localhost-startStop-1] INFO  c.m.s.web.config.WebSecurityConfig.getTokenRepository(104) - HibernateTokenRepositoryImpl  initialized
2018-02-12 21:48:58 [localhost-startStop-1] INFO  c.m.s.web.config.WebSecurityConfig.getPersistentTokenBasedRememberMeServices(241) - PersistentTokenService  initialized
2018-02-12 21:48:58 [localhost-startStop-1] DEBUG com.mvc.spittr.web.SpittleController.<init>(54) - 2018-02-12T21:48:58.785 Constructor call
2018-02-12 21:48:58 [localhost-startStop-1] INFO  c.m.spittr.web.config.AppRootConfig.multipartResolver(92) - MultipartResolver initialized
2018-02-12 21:48:58 [localhost-startStop-1] INFO  c.m.spittr.web.config.AppRootConfig.getTransactionManager(165) - ***HIBERNATE*** - HibernateTransactionManager initialized - HIBERNATE -
2018-02-12 21:48:58 [localhost-startStop-1] INFO  c.m.spittr.web.config.AppRootConfig.getSimpleMessage(184) - SimpleMailMessage initialized
2018-02-12 21:48:58 [localhost-startStop-1] INFO  c.m.spittr.web.config.AppRootConfig.getJavaMailSender(207) - JavaMailMessage initialized
2018-02-12 21:48:58 [localhost-startStop-1] INFO  c.m.s.web.config.WebSecurityConfig.configure(178) - WebSecurityConfig$$EnhancerBySpringCGLIB$$9edf1760::configure view permit
2018-02-12 21:48:58 [localhost-startStop-1] INFO  c.m.s.web.config.WebSecurityConfig.configure(179) - WebSecurityConfig$$EnhancerBySpringCGLIB$$9edf1760 initialized
2018-02-12 21:48:59 [localhost-startStop-1] INFO  c.mvc.spittr.web.config.AppWebConfig.addInterceptors(122) - Interceptor added urls: /* /**
2018-02-12 21:48:59 [localhost-startStop-1] INFO  c.mvc.spittr.web.config.AppWebConfig.addFormatters(104) - Converter initialized, it converts string values[Roles] to UserProfiles
2018-02-12 21:48:59 [localhost-startStop-1] INFO  c.mvc.spittr.web.config.AppWebConfig.configureDefaultServletHandling(110) - DefaultServletHandlerConfigurer inizialized
2018-02-12 21:48:59 [localhost-startStop-1] INFO  c.mvc.spittr.web.config.AppWebConfig.viewResolver(65) - InternalResourceViewResolver inizialized
2018-02-12 21:48:59 [localhost-startStop-1] INFO  c.mvc.spittr.web.config.AppWebConfig.viewResolver(70) - resolver setting prefix /WEB-INF/views/
2018-02-12 21:48:59 [localhost-startStop-1] INFO  c.mvc.spittr.web.config.AppWebConfig.viewResolver(72) - resolver setting suffix .jsp
2018-02-12 21:48:59 [localhost-startStop-1] INFO  c.mvc.spittr.web.config.AppWebConfig.viewResolver(75) - org.springframework.web.servlet.view.JstlView.class set as view class
2018-02-12 21:48:59 [localhost-startStop-1] INFO  c.mvc.spittr.web.config.AppWebConfig.viewResolver2(82) - InternalResourceViewResolver for html inizialized
2018-02-12 21:48:59 [localhost-startStop-1] INFO  c.mvc.spittr.web.config.AppWebConfig.viewResolver2(87) - resolver setting prefix /WEB-INF/views/
2018-02-12 21:48:59 [localhost-startStop-1] INFO  c.mvc.spittr.web.config.AppWebConfig.viewResolver2(89) - resolver setting suffix .html
2018-02-12 21:48:59 [localhost-startStop-1] INFO  c.mvc.spittr.web.config.AppWebConfig.viewResolver2(92) - org.springframework.web.servlet.view.JstlView.class set as view class
2018-02-12 21:48:59 [localhost-startStop-1] INFO  c.m.s.w.s.GenericServletDemoServlet.<clinit>(29) - ************************Start - GenericServletDemoServlet************************
2018-02-12 21:48:59 [localhost-startStop-1] INFO  c.m.s.w.s.GenericServletDemoServlet.<clinit>(47) - ************************End - GenericServletDemoServlet************************
2018-02-12 21:49:13 [http-nio-8080-exec-2] INFO  c.m.s.w.l.HttpRequestLogInterceptor.preHandle(35) - 2018-02-12T21:49:13.717 - called url:/Spring-In-Action_WEBApp/spittle/9
2018-02-12 21:49:14 [http-nio-8080-exec-2] INFO  com.mvc.spittr.web.SpittleController.spittle(142) - http://localhost:8080/Spring-In-Action_WEBApp/spittle/9 request called 
2018-02-12 21:49:14 [http-nio-8080-exec-2] INFO  com.mvc.spittr.web.SpittleController.spittle(143) - 2018-02-12T21:49:14.356 single view is called with param 9 
2018-02-12 21:49:19 [http-nio-8080-exec-3] INFO  c.m.s.w.l.HttpRequestLogInterceptor.preHandle(35) - 2018-02-12T21:49:19.145 - called url:/Spring-In-Action_WEBApp/spittle/7
2018-02-12 21:49:28 [http-nio-8080-exec-5] INFO  c.m.s.w.l.HttpRequestLogInterceptor.preHandle(35) - 2018-02-12T21:49:28.352 - called url:/Spring-In-Action_WEBApp/spittle
2018-02-12 21:49:28 [http-nio-8080-exec-5] INFO  com.mvc.spittr.web.SpittleController.spittles(82) - 2018-02-12T21:49:28.863 /spittle called
2018-02-12 21:49:43 [http-nio-8080-exec-8] INFO  c.m.s.w.l.HttpRequestLogInterceptor.preHandle(35) - 2018-02-12T21:49:43.412 - called url:/Spring-In-Action_WEBApp/spittle/9
2018-02-12 21:49:43 [http-nio-8080-exec-8] INFO  com.mvc.spittr.web.SpittleController.spittle(142) - http://localhost:8080/Spring-In-Action_WEBApp/spittle/9 request called 
2018-02-12 21:49:43 [http-nio-8080-exec-8] INFO  com.mvc.spittr.web.SpittleController.spittle(143) - 2018-02-12T21:49:43.422 single view is called with param 9 
2018-02-12 21:55:43 [http-nio-8080-exec-9] INFO  c.m.s.w.l.HttpRequestLogInterceptor.preHandle(35) - 2018-02-12T21:55:43.683 - called url:/Spring-In-Action_WEBApp/spittle
2018-02-12 21:55:43 [http-nio-8080-exec-9] INFO  com.mvc.spittr.web.SpittleController.spittles(82) - 2018-02-12T21:55:43.703 /spittle called
2018-02-12 21:55:46 [http-nio-8080-exec-1] INFO  c.m.s.w.l.HttpRequestLogInterceptor.preHandle(35) - 2018-02-12T21:55:46.500 - called url:/Spring-In-Action_WEBApp/spitter
2018-02-12 21:59:29 [ContainerBackgroundProcessor[StandardEngine[Catalina]]] INFO  c.m.s.w.c.ApacheServletInitializer.<clinit>(29) - ************************Start AppWebConfig************************
2018-02-12 21:59:29 [ContainerBackgroundProcessor[StandardEngine[Catalina]]] INFO  c.m.s.w.c.ApacheServletInitializer.<clinit>(83) - ************************End AppWebConfig************************
2018-02-12 21:59:29 [ContainerBackgroundProcessor[StandardEngine[Catalina]]] INFO  c.m.s.w.c.SecurityWebApplicationInitializer.<clinit>(16) - 1 ************************SecurityWebApplicationInitializer Intizialized************************
2018-02-12 21:59:29 [ContainerBackgroundProcessor[StandardEngine[Catalina]]] INFO  c.m.s.web.config.WebAppInitializer.<clinit>(55) - ************************Start WebAppInitializer************************
2018-02-12 21:59:29 [ContainerBackgroundProcessor[StandardEngine[Catalina]]] INFO  c.m.s.web.config.WebAppInitializer.<clinit>(161) - ************************End WebAppInitializer************************
2018-02-12 21:59:29 [ContainerBackgroundProcessor[StandardEngine[Catalina]]] INFO  c.m.s.web.config.WebAppInitializer.getRootConfigClasses(66) - AppRootConfig configured
2018-02-12 21:59:29 [ContainerBackgroundProcessor[StandardEngine[Catalina]]] INFO  c.m.s.web.config.WebAppInitializer.getServletConfigClasses(81) - AppWebConfig configured
2018-02-12 21:59:29 [ContainerBackgroundProcessor[StandardEngine[Catalina]]] INFO  c.m.s.web.config.WebAppInitializer.customizeRegistration(118) - CustomizeRegistration initialized
2018-02-12 21:59:29 [ContainerBackgroundProcessor[StandardEngine[Catalina]]] INFO  c.m.s.web.config.WebAppInitializer.customizeRegistration(128) - ***START*** Multipart initializing 
2018-02-12 21:59:29 [ContainerBackgroundProcessor[StandardEngine[Catalina]]] INFO  c.m.s.web.config.WebAppInitializer.customizeRegistration(129) - Download Directory:/tmp
2018-02-12 21:59:29 [ContainerBackgroundProcessor[StandardEngine[Catalina]]] INFO  c.m.s.web.config.WebAppInitializer.customizeRegistration(137) - Multipart uploads files at /home/sabaja/Scrivania/spring-hibernate-workspace/Spring-In-Action_WebApp/Downloads, maxFileSize=2097152, maxRequestSize=4194304, fileSizeThreshold=0
2018-02-12 21:59:29 [ContainerBackgroundProcessor[StandardEngine[Catalina]]] INFO  c.m.s.web.config.WebAppInitializer.customizeRegistration(140) - ***END*** Multipart initialized 
2018-02-12 21:59:29 [ContainerBackgroundProcessor[StandardEngine[Catalina]]] INFO  c.m.s.w.c.ApacheServletInitializer.onStartup(37) - WebApplicationInitializer@ServletApacheInitializer instantiated
2018-02-12 21:59:29 [ContainerBackgroundProcessor[StandardEngine[Catalina]]] INFO  c.m.s.w.c.ApacheServletInitializer.onStartup(52) - Servlet [com.mvc.spittr.web.servlet.GenericServletDemoServlet] was added
2018-02-12 21:59:30 [ContainerBackgroundProcessor[StandardEngine[Catalina]]] INFO  c.m.spittr.web.config.AppRootConfig.<clinit>(59) - ************************AppRootConfig************************
2018-02-12 21:59:30 [ContainerBackgroundProcessor[StandardEngine[Catalina]]] INFO  c.m.s.web.config.WebSecurityConfig.<clinit>(72) - ************************Start - WebSecurityConfig************************
2018-02-12 21:59:30 [ContainerBackgroundProcessor[StandardEngine[Catalina]]] INFO  c.m.s.web.config.WebSecurityConfig.<clinit>(226) - ************************End - WebSecurityConfig************************
2018-02-12 21:59:30 [ContainerBackgroundProcessor[StandardEngine[Catalina]]] INFO  c.mvc.spittr.web.config.AppWebConfig.<clinit>(49) - ************************Start AppWebConfig************************
2018-02-12 21:59:30 [ContainerBackgroundProcessor[StandardEngine[Catalina]]] INFO  c.mvc.spittr.web.config.AppWebConfig.<clinit>(209) - ************************End AppWebConfig************************
2018-02-12 21:59:31 [ContainerBackgroundProcessor[StandardEngine[Catalina]]] INFO  c.m.spittr.web.config.AppRootConfig.messageSource(74) - MessageSource initialized
2018-02-12 21:59:31 [ContainerBackgroundProcessor[StandardEngine[Catalina]]] INFO  c.m.s.w.c.RoleToUserProfileConverter.<clinit>(27) - ************************Start RoleToUserProfileConverter************************
2018-02-12 21:59:31 [ContainerBackgroundProcessor[StandardEngine[Catalina]]] INFO  c.m.s.w.c.RoleToUserProfileConverter.<clinit>(42) - ************************End RoleToUserProfileConverter************************
2018-02-12 21:59:31 [ContainerBackgroundProcessor[StandardEngine[Catalina]]] INFO  c.m.spittr.web.config.AppRootConfig.dataSource(142) - ***HIBERNATE*** - DB DataSource initialized - HIBERNATE -
2018-02-12 21:59:31 [ContainerBackgroundProcessor[StandardEngine[Catalina]]] INFO  c.m.spittr.web.config.AppRootConfig.getSessionFactory(150) - ***HIBERNATE*** - LocalSessionFactoryBean initialized - HIBERNATE -
2018-02-12 21:59:31 [ContainerBackgroundProcessor[StandardEngine[Catalina]]] INFO  c.m.spittr.web.config.AppRootConfig.getSessionFactory(152) - ***HIBERNATE*** - HibernateProperties initialized - HIBERNATE -
2018-02-12 21:59:35 [ContainerBackgroundProcessor[StandardEngine[Catalina]]] INFO  c.m.s.w.l.HttpRequestLogInterceptor.<clinit>(28) - HttpRequestLogInterceptor initialized
2018-02-12 21:59:35 [ContainerBackgroundProcessor[StandardEngine[Catalina]]] INFO  c.mvc.spittr.web.config.AppWebConfig.setApplicationContext(55) - InternalResourceViewResolver inizialized
2018-02-12 21:59:35 [ContainerBackgroundProcessor[StandardEngine[Catalina]]] INFO  c.m.s.web.config.WebSecurityConfig.getAuthenticationTrustResolver(111) - AuthenticationTrustResolver  initialized
2018-02-12 21:59:36 [ContainerBackgroundProcessor[StandardEngine[Catalina]]] INFO  c.m.s.web.config.WebSecurityConfig.getSpitterDetailService(98) - SpitterDetailService  initialized
2018-02-12 21:59:36 [ContainerBackgroundProcessor[StandardEngine[Catalina]]] INFO  c.m.s.web.config.WebSecurityConfig.getAuthenticationProvider(219) - UserDetailsService initialized
2018-02-12 21:59:36 [ContainerBackgroundProcessor[StandardEngine[Catalina]]] INFO  c.m.s.web.config.WebSecurityConfig.passwordEncoder(231) - BCryptPasswordEncoder  initialized
2018-02-12 21:59:36 [ContainerBackgroundProcessor[StandardEngine[Catalina]]] INFO  c.m.s.web.config.WebSecurityConfig.getAuthenticationProvider(221) - Password encriptinig
2018-02-12 21:59:36 [ContainerBackgroundProcessor[StandardEngine[Catalina]]] INFO  c.m.s.web.config.WebSecurityConfig.configureGlobalSecurity(208) - ConfigureGlobalSecurity user permit initialized
2018-02-12 21:59:36 [ContainerBackgroundProcessor[StandardEngine[Catalina]]] INFO  c.m.s.web.config.WebSecurityConfig.getTokenRepository(104) - HibernateTokenRepositoryImpl  initialized
2018-02-12 21:59:36 [ContainerBackgroundProcessor[StandardEngine[Catalina]]] INFO  c.m.s.web.config.WebSecurityConfig.getPersistentTokenBasedRememberMeServices(241) - PersistentTokenService  initialized
2018-02-12 21:59:36 [ContainerBackgroundProcessor[StandardEngine[Catalina]]] DEBUG com.mvc.spittr.web.SpittleController.<init>(54) - 2018-02-12T21:59:36.554 Constructor call
2018-02-12 21:59:36 [ContainerBackgroundProcessor[StandardEngine[Catalina]]] INFO  c.m.spittr.web.config.AppRootConfig.multipartResolver(92) - MultipartResolver initialized
2018-02-12 21:59:36 [ContainerBackgroundProcessor[StandardEngine[Catalina]]] INFO  c.m.spittr.web.config.AppRootConfig.getTransactionManager(165) - ***HIBERNATE*** - HibernateTransactionManager initialized - HIBERNATE -
2018-02-12 21:59:36 [ContainerBackgroundProcessor[StandardEngine[Catalina]]] INFO  c.m.spittr.web.config.AppRootConfig.getSimpleMessage(184) - SimpleMailMessage initialized
2018-02-12 21:59:36 [ContainerBackgroundProcessor[StandardEngine[Catalina]]] INFO  c.m.spittr.web.config.AppRootConfig.getJavaMailSender(207) - JavaMailMessage initialized
2018-02-12 21:59:36 [ContainerBackgroundProcessor[StandardEngine[Catalina]]] INFO  c.mvc.spittr.web.config.AppWebConfig.addInterceptors(122) - Interceptor added urls: /* /**
2018-02-12 21:59:36 [ContainerBackgroundProcessor[StandardEngine[Catalina]]] INFO  c.mvc.spittr.web.config.AppWebConfig.addFormatters(104) - Converter initialized, it converts string values[Roles] to UserProfiles
2018-02-12 21:59:37 [ContainerBackgroundProcessor[StandardEngine[Catalina]]] INFO  c.mvc.spittr.web.config.AppWebConfig.configureDefaultServletHandling(110) - DefaultServletHandlerConfigurer inizialized
2018-02-12 21:59:37 [ContainerBackgroundProcessor[StandardEngine[Catalina]]] INFO  c.mvc.spittr.web.config.AppWebConfig.viewResolver(65) - InternalResourceViewResolver inizialized
2018-02-12 21:59:37 [ContainerBackgroundProcessor[StandardEngine[Catalina]]] INFO  c.mvc.spittr.web.config.AppWebConfig.viewResolver(70) - resolver setting prefix /WEB-INF/views/
2018-02-12 21:59:37 [ContainerBackgroundProcessor[StandardEngine[Catalina]]] INFO  c.mvc.spittr.web.config.AppWebConfig.viewResolver(72) - resolver setting suffix .jsp
2018-02-12 21:59:37 [ContainerBackgroundProcessor[StandardEngine[Catalina]]] INFO  c.mvc.spittr.web.config.AppWebConfig.viewResolver(75) - org.springframework.web.servlet.view.JstlView.class set as view class
2018-02-12 21:59:37 [ContainerBackgroundProcessor[StandardEngine[Catalina]]] INFO  c.mvc.spittr.web.config.AppWebConfig.viewResolver2(82) - InternalResourceViewResolver for html inizialized
2018-02-12 21:59:37 [ContainerBackgroundProcessor[StandardEngine[Catalina]]] INFO  c.mvc.spittr.web.config.AppWebConfig.viewResolver2(87) - resolver setting prefix /WEB-INF/views/
2018-02-12 21:59:37 [ContainerBackgroundProcessor[StandardEngine[Catalina]]] INFO  c.mvc.spittr.web.config.AppWebConfig.viewResolver2(89) - resolver setting suffix .html
2018-02-12 21:59:37 [ContainerBackgroundProcessor[StandardEngine[Catalina]]] INFO  c.mvc.spittr.web.config.AppWebConfig.viewResolver2(92) - org.springframework.web.servlet.view.JstlView.class set as view class
2018-02-12 21:59:38 [ContainerBackgroundProcessor[StandardEngine[Catalina]]] INFO  c.m.s.web.config.WebSecurityConfig.configure(178) - WebSecurityConfig$$EnhancerBySpringCGLIB$$5b55782::configure view permit
2018-02-12 21:59:38 [ContainerBackgroundProcessor[StandardEngine[Catalina]]] INFO  c.m.s.web.config.WebSecurityConfig.configure(179) - WebSecurityConfig$$EnhancerBySpringCGLIB$$5b55782 initialized
2018-02-12 21:59:39 [ContainerBackgroundProcessor[StandardEngine[Catalina]]] INFO  c.m.spittr.web.config.AppRootConfig.messageSource(74) - MessageSource initialized
2018-02-12 21:59:39 [ContainerBackgroundProcessor[StandardEngine[Catalina]]] INFO  c.m.spittr.web.config.AppRootConfig.dataSource(142) - ***HIBERNATE*** - DB DataSource initialized - HIBERNATE -
2018-02-12 21:59:39 [ContainerBackgroundProcessor[StandardEngine[Catalina]]] INFO  c.m.spittr.web.config.AppRootConfig.getSessionFactory(150) - ***HIBERNATE*** - LocalSessionFactoryBean initialized - HIBERNATE -
2018-02-12 21:59:39 [ContainerBackgroundProcessor[StandardEngine[Catalina]]] INFO  c.m.spittr.web.config.AppRootConfig.getSessionFactory(152) - ***HIBERNATE*** - HibernateProperties initialized - HIBERNATE -
2018-02-12 21:59:39 [ContainerBackgroundProcessor[StandardEngine[Catalina]]] INFO  c.mvc.spittr.web.config.AppWebConfig.setApplicationContext(55) - InternalResourceViewResolver inizialized
2018-02-12 21:59:39 [ContainerBackgroundProcessor[StandardEngine[Catalina]]] INFO  c.m.s.web.config.WebSecurityConfig.getAuthenticationTrustResolver(111) - AuthenticationTrustResolver  initialized
2018-02-12 21:59:39 [ContainerBackgroundProcessor[StandardEngine[Catalina]]] INFO  c.m.s.web.config.WebSecurityConfig.getSpitterDetailService(98) - SpitterDetailService  initialized
2018-02-12 21:59:39 [ContainerBackgroundProcessor[StandardEngine[Catalina]]] INFO  c.m.s.web.config.WebSecurityConfig.getAuthenticationProvider(219) - UserDetailsService initialized
2018-02-12 21:59:39 [ContainerBackgroundProcessor[StandardEngine[Catalina]]] INFO  c.m.s.web.config.WebSecurityConfig.passwordEncoder(231) - BCryptPasswordEncoder  initialized
2018-02-12 21:59:39 [ContainerBackgroundProcessor[StandardEngine[Catalina]]] INFO  c.m.s.web.config.WebSecurityConfig.getAuthenticationProvider(221) - Password encriptinig
2018-02-12 21:59:39 [ContainerBackgroundProcessor[StandardEngine[Catalina]]] INFO  c.m.s.web.config.WebSecurityConfig.configureGlobalSecurity(208) - ConfigureGlobalSecurity user permit initialized
2018-02-12 21:59:39 [ContainerBackgroundProcessor[StandardEngine[Catalina]]] INFO  c.m.s.web.config.WebSecurityConfig.getTokenRepository(104) - HibernateTokenRepositoryImpl  initialized
2018-02-12 21:59:39 [ContainerBackgroundProcessor[StandardEngine[Catalina]]] INFO  c.m.s.web.config.WebSecurityConfig.getPersistentTokenBasedRememberMeServices(241) - PersistentTokenService  initialized
2018-02-12 21:59:39 [ContainerBackgroundProcessor[StandardEngine[Catalina]]] DEBUG com.mvc.spittr.web.SpittleController.<init>(54) - 2018-02-12T21:59:39.779 Constructor call
2018-02-12 21:59:39 [ContainerBackgroundProcessor[StandardEngine[Catalina]]] INFO  c.m.spittr.web.config.AppRootConfig.multipartResolver(92) - MultipartResolver initialized
2018-02-12 21:59:39 [ContainerBackgroundProcessor[StandardEngine[Catalina]]] INFO  c.m.spittr.web.config.AppRootConfig.getTransactionManager(165) - ***HIBERNATE*** - HibernateTransactionManager initialized - HIBERNATE -
2018-02-12 21:59:39 [ContainerBackgroundProcessor[StandardEngine[Catalina]]] INFO  c.m.spittr.web.config.AppRootConfig.getSimpleMessage(184) - SimpleMailMessage initialized
2018-02-12 21:59:39 [ContainerBackgroundProcessor[StandardEngine[Catalina]]] INFO  c.m.spittr.web.config.AppRootConfig.getJavaMailSender(207) - JavaMailMessage initialized
2018-02-12 21:59:39 [ContainerBackgroundProcessor[StandardEngine[Catalina]]] INFO  c.m.s.web.config.WebSecurityConfig.configure(178) - WebSecurityConfig$$EnhancerBySpringCGLIB$$5b55782::configure view permit
2018-02-12 21:59:39 [ContainerBackgroundProcessor[StandardEngine[Catalina]]] INFO  c.m.s.web.config.WebSecurityConfig.configure(179) - WebSecurityConfig$$EnhancerBySpringCGLIB$$5b55782 initialized
2018-02-12 21:59:40 [ContainerBackgroundProcessor[StandardEngine[Catalina]]] INFO  c.mvc.spittr.web.config.AppWebConfig.addInterceptors(122) - Interceptor added urls: /* /**
2018-02-12 21:59:40 [ContainerBackgroundProcessor[StandardEngine[Catalina]]] INFO  c.mvc.spittr.web.config.AppWebConfig.addFormatters(104) - Converter initialized, it converts string values[Roles] to UserProfiles
2018-02-12 21:59:40 [ContainerBackgroundProcessor[StandardEngine[Catalina]]] INFO  c.mvc.spittr.web.config.AppWebConfig.configureDefaultServletHandling(110) - DefaultServletHandlerConfigurer inizialized
2018-02-12 21:59:40 [ContainerBackgroundProcessor[StandardEngine[Catalina]]] INFO  c.mvc.spittr.web.config.AppWebConfig.viewResolver(65) - InternalResourceViewResolver inizialized
2018-02-12 21:59:40 [ContainerBackgroundProcessor[StandardEngine[Catalina]]] INFO  c.mvc.spittr.web.config.AppWebConfig.viewResolver(70) - resolver setting prefix /WEB-INF/views/
2018-02-12 21:59:40 [ContainerBackgroundProcessor[StandardEngine[Catalina]]] INFO  c.mvc.spittr.web.config.AppWebConfig.viewResolver(72) - resolver setting suffix .jsp
2018-02-12 21:59:40 [ContainerBackgroundProcessor[StandardEngine[Catalina]]] INFO  c.mvc.spittr.web.config.AppWebConfig.viewResolver(75) - org.springframework.web.servlet.view.JstlView.class set as view class
2018-02-12 21:59:40 [ContainerBackgroundProcessor[StandardEngine[Catalina]]] INFO  c.mvc.spittr.web.config.AppWebConfig.viewResolver2(82) - InternalResourceViewResolver for html inizialized
2018-02-12 21:59:40 [ContainerBackgroundProcessor[StandardEngine[Catalina]]] INFO  c.mvc.spittr.web.config.AppWebConfig.viewResolver2(87) - resolver setting prefix /WEB-INF/views/
2018-02-12 21:59:40 [ContainerBackgroundProcessor[StandardEngine[Catalina]]] INFO  c.mvc.spittr.web.config.AppWebConfig.viewResolver2(89) - resolver setting suffix .html
2018-02-12 21:59:40 [ContainerBackgroundProcessor[StandardEngine[Catalina]]] INFO  c.mvc.spittr.web.config.AppWebConfig.viewResolver2(92) - org.springframework.web.servlet.view.JstlView.class set as view class
2018-02-12 21:59:40 [ContainerBackgroundProcessor[StandardEngine[Catalina]]] INFO  c.m.s.w.s.GenericServletDemoServlet.<clinit>(29) - ************************Start - GenericServletDemoServlet************************
2018-02-12 21:59:40 [ContainerBackgroundProcessor[StandardEngine[Catalina]]] INFO  c.m.s.w.s.GenericServletDemoServlet.<clinit>(47) - ************************End - GenericServletDemoServlet************************
2018-02-12 21:59:53 [http-nio-8080-exec-2] INFO  c.m.s.w.l.HttpRequestLogInterceptor.preHandle(35) - 2018-02-12T21:59:53.342 - called url:/Spring-In-Action_WEBApp/spittle
2018-02-12 21:59:53 [http-nio-8080-exec-2] INFO  com.mvc.spittr.web.SpittleController.spittles(82) - 2018-02-12T21:59:53.955 /spittle called
2018-02-12 21:59:55 [http-nio-8080-exec-6] INFO  c.m.s.w.l.HttpRequestLogInterceptor.preHandle(35) - 2018-02-12T21:59:55.151 - called url:/Spring-In-Action_WEBApp/spittle/7
2018-02-12 21:59:57 [http-nio-8080-exec-8] INFO  c.m.s.w.l.HttpRequestLogInterceptor.preHandle(35) - 2018-02-12T21:59:57.006 - called url:/Spring-In-Action_WEBApp/spittle/9
2018-02-12 21:59:57 [http-nio-8080-exec-8] INFO  com.mvc.spittr.web.SpittleController.spittle(142) - http://localhost:8080/Spring-In-Action_WEBApp/spittle/9 request called 
2018-02-12 21:59:57 [http-nio-8080-exec-8] INFO  com.mvc.spittr.web.SpittleController.spittle(143) - 2018-02-12T21:59:57.062 single view is called with param 9 
2018-02-12 21:59:58 [http-nio-8080-exec-9] INFO  c.m.s.w.l.HttpRequestLogInterceptor.preHandle(35) - 2018-02-12T21:59:58.090 - called url:/Spring-In-Action_WEBApp/spittle
2018-02-12 21:59:58 [http-nio-8080-exec-9] INFO  com.mvc.spittr.web.SpittleController.spittles(82) - 2018-02-12T21:59:58.105 /spittle called
