2018-02-04 18:13:19 [localhost-startStop-1] INFO  c.m.s.w.c.SecurityWebApplicationInitializer.<clinit>(16) - 1 ************************SecurityWebApplicationInitializer Intizialized************************
2018-02-04 18:13:19 [localhost-startStop-1] INFO  c.m.s.web.config.WebAppInitializer.<clinit>(55) - ************************Start WebAppInitializer************************
2018-02-04 18:13:19 [localhost-startStop-1] INFO  c.m.s.web.config.WebAppInitializer.<clinit>(161) - ************************End WebAppInitializer************************
2018-02-04 18:13:19 [localhost-startStop-1] INFO  c.m.s.w.c.ApacheServletInitializer.<clinit>(29) - ************************Start AppWebConfig************************
2018-02-04 18:13:19 [localhost-startStop-1] INFO  c.m.s.w.c.ApacheServletInitializer.<clinit>(83) - ************************End AppWebConfig************************
2018-02-04 18:13:20 [localhost-startStop-1] INFO  c.m.s.web.config.WebAppInitializer.getRootConfigClasses(66) - AppRootConfig configured
2018-02-04 18:13:20 [localhost-startStop-1] INFO  c.m.s.web.config.WebAppInitializer.getServletConfigClasses(81) - AppWebConfig configured
2018-02-04 18:13:20 [localhost-startStop-1] INFO  c.m.s.web.config.WebAppInitializer.customizeRegistration(118) - CustomizeRegistration initialized
2018-02-04 18:13:20 [localhost-startStop-1] INFO  c.m.s.web.config.WebAppInitializer.customizeRegistration(128) - ***START*** Multipart initializing 
2018-02-04 18:13:20 [localhost-startStop-1] INFO  c.m.s.web.config.WebAppInitializer.customizeRegistration(129) - Download Directory:/tmp
2018-02-04 18:13:20 [localhost-startStop-1] INFO  c.m.s.web.config.WebAppInitializer.customizeRegistration(137) - Multipart uploads files at /home/sabaja/Scrivania/spring-hibernate-workspace/Spring-In-Action_WebApp/Downloads, maxFileSize=2097152, maxRequestSize=4194304, fileSizeThreshold=0
2018-02-04 18:13:20 [localhost-startStop-1] INFO  c.m.s.web.config.WebAppInitializer.customizeRegistration(140) - ***END*** Multipart initialized 
2018-02-04 18:13:20 [localhost-startStop-1] INFO  c.m.s.w.c.ApacheServletInitializer.onStartup(37) - WebApplicationInitializer@ServletApacheInitializer instantiated
2018-02-04 18:13:20 [localhost-startStop-1] INFO  c.m.s.w.c.ApacheServletInitializer.onStartup(52) - Servlet [com.mvc.spittr.web.servlet.GenericServletDemoServlet] was added
2018-02-04 18:13:21 [localhost-startStop-1] INFO  c.m.spittr.web.config.AppRootConfig.<clinit>(59) - ************************AppRootConfig************************
2018-02-04 18:13:21 [localhost-startStop-1] INFO  c.m.s.web.config.WebSecurityConfig.<clinit>(72) - ************************Start - WebSecurityConfig************************
2018-02-04 18:13:21 [localhost-startStop-1] INFO  c.m.s.web.config.WebSecurityConfig.<clinit>(218) - ************************End - WebSecurityConfig************************
2018-02-04 18:13:21 [localhost-startStop-1] INFO  c.mvc.spittr.web.config.AppWebConfig.<clinit>(49) - ************************Start AppWebConfig************************
2018-02-04 18:13:21 [localhost-startStop-1] INFO  c.mvc.spittr.web.config.AppWebConfig.<clinit>(209) - ************************End AppWebConfig************************
2018-02-04 18:13:22 [localhost-startStop-1] INFO  c.m.spittr.web.config.AppRootConfig.messageSource(74) - MessageSource initialized
2018-02-04 18:13:22 [localhost-startStop-1] INFO  c.m.s.web.config.WebSecurityConfig.getAuthenticationTrustResolver(111) - AuthenticationTrustResolver  initialized
2018-02-04 18:13:22 [localhost-startStop-1] INFO  c.m.s.w.c.RoleToUserProfileConverter.<clinit>(27) - ************************Start RoleToUserProfileConverter************************
2018-02-04 18:13:22 [localhost-startStop-1] INFO  c.m.s.w.c.RoleToUserProfileConverter.<clinit>(42) - ************************End RoleToUserProfileConverter************************
2018-02-04 18:13:22 [localhost-startStop-1] INFO  c.m.spittr.web.config.AppRootConfig.dataSource(142) - ***HIBERNATE*** - DB DataSource initialized - HIBERNATE -
2018-02-04 18:13:22 [localhost-startStop-1] INFO  c.m.spittr.web.config.AppRootConfig.getSessionFactory(150) - ***HIBERNATE*** - LocalSessionFactoryBean initialized - HIBERNATE -
2018-02-04 18:13:22 [localhost-startStop-1] INFO  c.m.spittr.web.config.AppRootConfig.getSessionFactory(152) - ***HIBERNATE*** - HibernateProperties initialized - HIBERNATE -
2018-02-04 18:13:26 [localhost-startStop-1] INFO  c.m.s.w.l.HttpRequestLogInterceptor.<clinit>(28) - HttpRequestLogInterceptor initialized
2018-02-04 18:13:26 [localhost-startStop-1] INFO  c.mvc.spittr.web.config.AppWebConfig.setApplicationContext(55) - InternalResourceViewResolver inizialized
2018-02-04 18:13:26 [localhost-startStop-1] INFO  c.m.s.web.config.WebSecurityConfig.getSpitterDetailService(98) - SpitterDetailService  initialized
2018-02-04 18:13:27 [localhost-startStop-1] INFO  c.m.s.web.config.WebSecurityConfig.getAuthenticationProvider(211) - UserDetailsService initialized
2018-02-04 18:13:27 [localhost-startStop-1] INFO  c.m.s.web.config.WebSecurityConfig.passwordEncoder(223) - BCryptPasswordEncoder  initialized
2018-02-04 18:13:27 [localhost-startStop-1] INFO  c.m.s.web.config.WebSecurityConfig.getAuthenticationProvider(213) - Password encriptinig
2018-02-04 18:13:27 [localhost-startStop-1] INFO  c.m.s.web.config.WebSecurityConfig.configureGlobalSecurity(200) - ConfigureGlobalSecurity user permit initialized
2018-02-04 18:13:27 [localhost-startStop-1] INFO  c.m.s.web.config.WebSecurityConfig.getTokenRepository(104) - HibernateTokenRepositoryImpl  initialized
2018-02-04 18:13:27 [localhost-startStop-1] INFO  c.m.s.web.config.WebSecurityConfig.getPersistentTokenBasedRememberMeServices(233) - PersistentTokenService  initialized
2018-02-04 18:13:27 [localhost-startStop-1] DEBUG com.mvc.spittr.web.SpittleController.<init>(53) - 2018-02-04T18:13:27.510 Constructor call
2018-02-04 18:13:27 [localhost-startStop-1] INFO  c.m.spittr.web.config.AppRootConfig.multipartResolver(92) - MultipartResolver initialized
2018-02-04 18:13:27 [localhost-startStop-1] INFO  c.m.spittr.web.config.AppRootConfig.getTransactionManager(165) - ***HIBERNATE*** - HibernateTransactionManager initialized - HIBERNATE -
2018-02-04 18:13:27 [localhost-startStop-1] INFO  c.m.spittr.web.config.AppRootConfig.getSimpleMessage(184) - SimpleMailMessage initialized
2018-02-04 18:13:27 [localhost-startStop-1] INFO  c.m.spittr.web.config.AppRootConfig.getJavaMailSender(207) - JavaMailMessage initialized
2018-02-04 18:13:27 [localhost-startStop-1] INFO  c.mvc.spittr.web.config.AppWebConfig.addInterceptors(122) - Interceptor added urls: /* /**
2018-02-04 18:13:27 [localhost-startStop-1] INFO  c.mvc.spittr.web.config.AppWebConfig.addFormatters(104) - Converter initialized, it converts string values[Roles] to UserProfiles
2018-02-04 18:13:28 [localhost-startStop-1] INFO  c.mvc.spittr.web.config.AppWebConfig.configureDefaultServletHandling(110) - DefaultServletHandlerConfigurer inizialized
2018-02-04 18:13:28 [localhost-startStop-1] INFO  c.mvc.spittr.web.config.AppWebConfig.viewResolver(65) - InternalResourceViewResolver inizialized
2018-02-04 18:13:28 [localhost-startStop-1] INFO  c.mvc.spittr.web.config.AppWebConfig.viewResolver(70) - resolver setting prefix /WEB-INF/views/
2018-02-04 18:13:28 [localhost-startStop-1] INFO  c.mvc.spittr.web.config.AppWebConfig.viewResolver(72) - resolver setting suffix .jsp
2018-02-04 18:13:28 [localhost-startStop-1] INFO  c.mvc.spittr.web.config.AppWebConfig.viewResolver(75) - org.springframework.web.servlet.view.JstlView.class set as view class
2018-02-04 18:13:28 [localhost-startStop-1] INFO  c.mvc.spittr.web.config.AppWebConfig.viewResolver2(82) - InternalResourceViewResolver for html inizialized
2018-02-04 18:13:28 [localhost-startStop-1] INFO  c.mvc.spittr.web.config.AppWebConfig.viewResolver2(87) - resolver setting prefix /WEB-INF/views/
2018-02-04 18:13:28 [localhost-startStop-1] INFO  c.mvc.spittr.web.config.AppWebConfig.viewResolver2(89) - resolver setting suffix .html
2018-02-04 18:13:28 [localhost-startStop-1] INFO  c.mvc.spittr.web.config.AppWebConfig.viewResolver2(92) - org.springframework.web.servlet.view.JstlView.class set as view class
2018-02-04 18:13:29 [localhost-startStop-1] INFO  c.m.s.web.config.WebSecurityConfig.configure(170) - WebSecurityConfig$$EnhancerBySpringCGLIB$$fedfdfd5::configure view permit
2018-02-04 18:13:29 [localhost-startStop-1] INFO  c.m.s.web.config.WebSecurityConfig.configure(171) - WebSecurityConfig$$EnhancerBySpringCGLIB$$fedfdfd5 initialized
2018-02-04 18:13:30 [localhost-startStop-1] INFO  c.m.spittr.web.config.AppRootConfig.messageSource(74) - MessageSource initialized
2018-02-04 18:13:30 [localhost-startStop-1] INFO  c.m.spittr.web.config.AppRootConfig.dataSource(142) - ***HIBERNATE*** - DB DataSource initialized - HIBERNATE -
2018-02-04 18:13:30 [localhost-startStop-1] INFO  c.m.spittr.web.config.AppRootConfig.getSessionFactory(150) - ***HIBERNATE*** - LocalSessionFactoryBean initialized - HIBERNATE -
2018-02-04 18:13:30 [localhost-startStop-1] INFO  c.m.spittr.web.config.AppRootConfig.getSessionFactory(152) - ***HIBERNATE*** - HibernateProperties initialized - HIBERNATE -
2018-02-04 18:13:30 [localhost-startStop-1] INFO  c.mvc.spittr.web.config.AppWebConfig.setApplicationContext(55) - InternalResourceViewResolver inizialized
2018-02-04 18:13:30 [localhost-startStop-1] INFO  c.m.s.web.config.WebSecurityConfig.getAuthenticationTrustResolver(111) - AuthenticationTrustResolver  initialized
2018-02-04 18:13:31 [localhost-startStop-1] INFO  c.m.s.web.config.WebSecurityConfig.getSpitterDetailService(98) - SpitterDetailService  initialized
2018-02-04 18:13:31 [localhost-startStop-1] INFO  c.m.s.web.config.WebSecurityConfig.getAuthenticationProvider(211) - UserDetailsService initialized
2018-02-04 18:13:31 [localhost-startStop-1] INFO  c.m.s.web.config.WebSecurityConfig.passwordEncoder(223) - BCryptPasswordEncoder  initialized
2018-02-04 18:13:31 [localhost-startStop-1] INFO  c.m.s.web.config.WebSecurityConfig.getAuthenticationProvider(213) - Password encriptinig
2018-02-04 18:13:31 [localhost-startStop-1] INFO  c.m.s.web.config.WebSecurityConfig.configureGlobalSecurity(200) - ConfigureGlobalSecurity user permit initialized
2018-02-04 18:13:31 [localhost-startStop-1] INFO  c.m.s.web.config.WebSecurityConfig.getTokenRepository(104) - HibernateTokenRepositoryImpl  initialized
2018-02-04 18:13:31 [localhost-startStop-1] INFO  c.m.s.web.config.WebSecurityConfig.getPersistentTokenBasedRememberMeServices(233) - PersistentTokenService  initialized
2018-02-04 18:13:31 [localhost-startStop-1] DEBUG com.mvc.spittr.web.SpittleController.<init>(53) - 2018-02-04T18:13:31.284 Constructor call
2018-02-04 18:13:31 [localhost-startStop-1] INFO  c.m.spittr.web.config.AppRootConfig.multipartResolver(92) - MultipartResolver initialized
2018-02-04 18:13:31 [localhost-startStop-1] INFO  c.m.spittr.web.config.AppRootConfig.getTransactionManager(165) - ***HIBERNATE*** - HibernateTransactionManager initialized - HIBERNATE -
2018-02-04 18:13:31 [localhost-startStop-1] INFO  c.m.spittr.web.config.AppRootConfig.getSimpleMessage(184) - SimpleMailMessage initialized
2018-02-04 18:13:31 [localhost-startStop-1] INFO  c.m.spittr.web.config.AppRootConfig.getJavaMailSender(207) - JavaMailMessage initialized
2018-02-04 18:13:31 [localhost-startStop-1] INFO  c.m.s.web.config.WebSecurityConfig.configure(170) - WebSecurityConfig$$EnhancerBySpringCGLIB$$fedfdfd5::configure view permit
2018-02-04 18:13:31 [localhost-startStop-1] INFO  c.m.s.web.config.WebSecurityConfig.configure(171) - WebSecurityConfig$$EnhancerBySpringCGLIB$$fedfdfd5 initialized
2018-02-04 18:13:31 [localhost-startStop-1] INFO  c.mvc.spittr.web.config.AppWebConfig.addInterceptors(122) - Interceptor added urls: /* /**
2018-02-04 18:13:31 [localhost-startStop-1] INFO  c.mvc.spittr.web.config.AppWebConfig.addFormatters(104) - Converter initialized, it converts string values[Roles] to UserProfiles
2018-02-04 18:13:31 [localhost-startStop-1] INFO  c.mvc.spittr.web.config.AppWebConfig.configureDefaultServletHandling(110) - DefaultServletHandlerConfigurer inizialized
2018-02-04 18:13:32 [localhost-startStop-1] INFO  c.mvc.spittr.web.config.AppWebConfig.viewResolver(65) - InternalResourceViewResolver inizialized
2018-02-04 18:13:32 [localhost-startStop-1] INFO  c.mvc.spittr.web.config.AppWebConfig.viewResolver(70) - resolver setting prefix /WEB-INF/views/
2018-02-04 18:13:32 [localhost-startStop-1] INFO  c.mvc.spittr.web.config.AppWebConfig.viewResolver(72) - resolver setting suffix .jsp
2018-02-04 18:13:32 [localhost-startStop-1] INFO  c.mvc.spittr.web.config.AppWebConfig.viewResolver(75) - org.springframework.web.servlet.view.JstlView.class set as view class
2018-02-04 18:13:32 [localhost-startStop-1] INFO  c.mvc.spittr.web.config.AppWebConfig.viewResolver2(82) - InternalResourceViewResolver for html inizialized
2018-02-04 18:13:32 [localhost-startStop-1] INFO  c.mvc.spittr.web.config.AppWebConfig.viewResolver2(87) - resolver setting prefix /WEB-INF/views/
2018-02-04 18:13:32 [localhost-startStop-1] INFO  c.mvc.spittr.web.config.AppWebConfig.viewResolver2(89) - resolver setting suffix .html
2018-02-04 18:13:32 [localhost-startStop-1] INFO  c.mvc.spittr.web.config.AppWebConfig.viewResolver2(92) - org.springframework.web.servlet.view.JstlView.class set as view class
2018-02-04 18:13:32 [localhost-startStop-1] INFO  c.m.s.w.s.GenericServletDemoServlet.<clinit>(29) - ************************Start - GenericServletDemoServlet************************
2018-02-04 18:13:32 [localhost-startStop-1] INFO  c.m.s.w.s.GenericServletDemoServlet.<clinit>(47) - ************************End - GenericServletDemoServlet************************
2018-02-04 18:13:34 [http-nio-8080-exec-3] INFO  c.m.s.w.l.HttpRequestLogInterceptor.preHandle(35) - 2018-02-04T18:13:34.832 - called url:/Spring-In-Action_WEBApp/
2018-02-04 18:13:34 [http-nio-8080-exec-4] INFO  c.m.s.w.l.HttpRequestLogInterceptor.preHandle(35) - 2018-02-04T18:13:34.889 - called url:/Spring-In-Action_WEBApp/
2018-02-04 18:13:38 [http-nio-8080-exec-7] INFO  c.m.s.w.l.HttpRequestLogInterceptor.preHandle(35) - 2018-02-04T18:13:38.347 - called url:/Spring-In-Action_WEBApp/spitter
2018-02-04 18:13:49 [http-nio-8080-exec-9] INFO  c.m.s.w.l.HttpRequestLogInterceptor.preHandle(35) - 2018-02-04T18:13:49.858 - called url:/Spring-In-Action_WEBApp/
2018-02-04 18:13:53 [https-jsse-nio-8443-exec-6] INFO  c.m.s.w.l.HttpRequestLogInterceptor.preHandle(35) - 2018-02-04T18:13:53.094 - called url:/Spring-In-Action_WEBApp/login
2018-02-04 18:13:53 [https-jsse-nio-8443-exec-6] INFO  com.mvc.spittr.web.LoginController.isCurrentAuthenticationAnonymous(164) - AuthenticationTrustResolver is null flag value: true
2018-02-04 18:13:53 [https-jsse-nio-8443-exec-6] INFO  com.mvc.spittr.web.LoginController.loginPage(116) - login ok
2018-02-04 18:14:45 [http-nio-8080-exec-7] INFO  c.m.s.w.l.HttpRequestLogInterceptor.preHandle(35) - 2018-02-04T18:14:45.099 - called url:/Spring-In-Action_WEBApp/
2018-02-04 18:21:17 [https-jsse-nio-8443-exec-8] INFO  c.m.s.w.l.HttpRequestLogInterceptor.preHandle(35) - 2018-02-04T18:21:17.443 - called url:/Spring-In-Action_WEBApp/login
2018-02-04 18:21:17 [https-jsse-nio-8443-exec-8] INFO  com.mvc.spittr.web.LoginController.isCurrentAuthenticationAnonymous(167) - AuthenticationTrustResolver is not null value: false
2018-02-04 18:21:17 [https-jsse-nio-8443-exec-8] INFO  com.mvc.spittr.web.LoginController.loginPage(119) - redirect:/
2018-02-04 18:21:17 [http-nio-8080-exec-5] INFO  c.m.s.w.l.HttpRequestLogInterceptor.preHandle(35) - 2018-02-04T18:21:17.481 - called url:/Spring-In-Action_WEBApp/
2018-02-04 18:21:24 [https-jsse-nio-8443-exec-7] INFO  c.m.s.w.l.HttpRequestLogInterceptor.preHandle(35) - 2018-02-04T18:21:24.662 - called url:/Spring-In-Action_WEBApp/login
2018-02-04 18:21:24 [https-jsse-nio-8443-exec-7] INFO  com.mvc.spittr.web.LoginController.isCurrentAuthenticationAnonymous(167) - AuthenticationTrustResolver is not null value: false
2018-02-04 18:21:24 [https-jsse-nio-8443-exec-7] INFO  com.mvc.spittr.web.LoginController.loginPage(119) - redirect:/
2018-02-04 18:21:24 [http-nio-8080-exec-9] INFO  c.m.s.w.l.HttpRequestLogInterceptor.preHandle(35) - 2018-02-04T18:21:24.682 - called url:/Spring-In-Action_WEBApp/
2018-02-04 18:24:01 [http-nio-8080-exec-5] INFO  c.m.s.w.l.HttpRequestLogInterceptor.preHandle(35) - 2018-02-04T18:24:01.613 - called url:/Spring-In-Action_WEBApp/spitter
2018-02-04 18:26:49 [ContainerBackgroundProcessor[StandardEngine[Catalina]]] INFO  c.m.s.web.config.WebAppInitializer.<clinit>(55) - ************************Start WebAppInitializer************************
2018-02-04 18:26:49 [ContainerBackgroundProcessor[StandardEngine[Catalina]]] INFO  c.m.s.web.config.WebAppInitializer.<clinit>(161) - ************************End WebAppInitializer************************
2018-02-04 18:26:49 [ContainerBackgroundProcessor[StandardEngine[Catalina]]] INFO  c.m.s.w.c.ApacheServletInitializer.<clinit>(29) - ************************Start AppWebConfig************************
2018-02-04 18:26:49 [ContainerBackgroundProcessor[StandardEngine[Catalina]]] INFO  c.m.s.w.c.ApacheServletInitializer.<clinit>(83) - ************************End AppWebConfig************************
2018-02-04 18:26:49 [ContainerBackgroundProcessor[StandardEngine[Catalina]]] INFO  c.m.s.w.c.SecurityWebApplicationInitializer.<clinit>(16) - 1 ************************SecurityWebApplicationInitializer Intizialized************************
2018-02-04 18:26:49 [ContainerBackgroundProcessor[StandardEngine[Catalina]]] INFO  c.m.s.web.config.WebAppInitializer.getRootConfigClasses(66) - AppRootConfig configured
2018-02-04 18:26:49 [ContainerBackgroundProcessor[StandardEngine[Catalina]]] INFO  c.m.s.web.config.WebAppInitializer.getServletConfigClasses(81) - AppWebConfig configured
2018-02-04 18:26:49 [ContainerBackgroundProcessor[StandardEngine[Catalina]]] INFO  c.m.s.web.config.WebAppInitializer.customizeRegistration(118) - CustomizeRegistration initialized
2018-02-04 18:26:49 [ContainerBackgroundProcessor[StandardEngine[Catalina]]] INFO  c.m.s.web.config.WebAppInitializer.customizeRegistration(128) - ***START*** Multipart initializing 
2018-02-04 18:26:49 [ContainerBackgroundProcessor[StandardEngine[Catalina]]] INFO  c.m.s.web.config.WebAppInitializer.customizeRegistration(129) - Download Directory:/tmp
2018-02-04 18:26:49 [ContainerBackgroundProcessor[StandardEngine[Catalina]]] INFO  c.m.s.web.config.WebAppInitializer.customizeRegistration(137) - Multipart uploads files at /home/sabaja/Scrivania/spring-hibernate-workspace/Spring-In-Action_WebApp/Downloads, maxFileSize=2097152, maxRequestSize=4194304, fileSizeThreshold=0
2018-02-04 18:26:49 [ContainerBackgroundProcessor[StandardEngine[Catalina]]] INFO  c.m.s.web.config.WebAppInitializer.customizeRegistration(140) - ***END*** Multipart initialized 
2018-02-04 18:26:49 [ContainerBackgroundProcessor[StandardEngine[Catalina]]] INFO  c.m.s.w.c.ApacheServletInitializer.onStartup(37) - WebApplicationInitializer@ServletApacheInitializer instantiated
2018-02-04 18:26:49 [ContainerBackgroundProcessor[StandardEngine[Catalina]]] INFO  c.m.s.w.c.ApacheServletInitializer.onStartup(52) - Servlet [com.mvc.spittr.web.servlet.GenericServletDemoServlet] was added
2018-02-04 18:26:51 [ContainerBackgroundProcessor[StandardEngine[Catalina]]] INFO  c.m.spittr.web.config.AppRootConfig.<clinit>(59) - ************************AppRootConfig************************
2018-02-04 18:26:51 [ContainerBackgroundProcessor[StandardEngine[Catalina]]] INFO  c.m.s.web.config.WebSecurityConfig.<clinit>(72) - ************************Start - WebSecurityConfig************************
2018-02-04 18:26:51 [ContainerBackgroundProcessor[StandardEngine[Catalina]]] INFO  c.m.s.web.config.WebSecurityConfig.<clinit>(218) - ************************End - WebSecurityConfig************************
2018-02-04 18:26:51 [ContainerBackgroundProcessor[StandardEngine[Catalina]]] INFO  c.mvc.spittr.web.config.AppWebConfig.<clinit>(49) - ************************Start AppWebConfig************************
2018-02-04 18:26:51 [ContainerBackgroundProcessor[StandardEngine[Catalina]]] INFO  c.mvc.spittr.web.config.AppWebConfig.<clinit>(209) - ************************End AppWebConfig************************
2018-02-04 18:26:51 [ContainerBackgroundProcessor[StandardEngine[Catalina]]] INFO  c.m.spittr.web.config.AppRootConfig.messageSource(74) - MessageSource initialized
2018-02-04 18:26:51 [ContainerBackgroundProcessor[StandardEngine[Catalina]]] INFO  c.m.s.web.config.WebSecurityConfig.getAuthenticationTrustResolver(111) - AuthenticationTrustResolver  initialized
2018-02-04 18:26:51 [ContainerBackgroundProcessor[StandardEngine[Catalina]]] INFO  c.m.s.w.c.RoleToUserProfileConverter.<clinit>(27) - ************************Start RoleToUserProfileConverter************************
2018-02-04 18:26:51 [ContainerBackgroundProcessor[StandardEngine[Catalina]]] INFO  c.m.s.w.c.RoleToUserProfileConverter.<clinit>(42) - ************************End RoleToUserProfileConverter************************
2018-02-04 18:26:51 [ContainerBackgroundProcessor[StandardEngine[Catalina]]] INFO  c.m.spittr.web.config.AppRootConfig.dataSource(142) - ***HIBERNATE*** - DB DataSource initialized - HIBERNATE -
2018-02-04 18:26:51 [ContainerBackgroundProcessor[StandardEngine[Catalina]]] INFO  c.m.spittr.web.config.AppRootConfig.getSessionFactory(150) - ***HIBERNATE*** - LocalSessionFactoryBean initialized - HIBERNATE -
2018-02-04 18:26:51 [ContainerBackgroundProcessor[StandardEngine[Catalina]]] INFO  c.m.spittr.web.config.AppRootConfig.getSessionFactory(152) - ***HIBERNATE*** - HibernateProperties initialized - HIBERNATE -
2018-02-04 18:26:54 [ContainerBackgroundProcessor[StandardEngine[Catalina]]] INFO  c.m.s.w.l.HttpRequestLogInterceptor.<clinit>(28) - HttpRequestLogInterceptor initialized
2018-02-04 18:26:54 [ContainerBackgroundProcessor[StandardEngine[Catalina]]] INFO  c.mvc.spittr.web.config.AppWebConfig.setApplicationContext(55) - InternalResourceViewResolver inizialized
2018-02-04 18:26:55 [ContainerBackgroundProcessor[StandardEngine[Catalina]]] INFO  c.m.s.web.config.WebSecurityConfig.getSpitterDetailService(98) - SpitterDetailService  initialized
2018-02-04 18:26:55 [ContainerBackgroundProcessor[StandardEngine[Catalina]]] INFO  c.m.s.web.config.WebSecurityConfig.getAuthenticationProvider(211) - UserDetailsService initialized
2018-02-04 18:26:55 [ContainerBackgroundProcessor[StandardEngine[Catalina]]] INFO  c.m.s.web.config.WebSecurityConfig.passwordEncoder(223) - BCryptPasswordEncoder  initialized
2018-02-04 18:26:55 [ContainerBackgroundProcessor[StandardEngine[Catalina]]] INFO  c.m.s.web.config.WebSecurityConfig.getAuthenticationProvider(213) - Password encriptinig
2018-02-04 18:26:55 [ContainerBackgroundProcessor[StandardEngine[Catalina]]] INFO  c.m.s.web.config.WebSecurityConfig.configureGlobalSecurity(200) - ConfigureGlobalSecurity user permit initialized
2018-02-04 18:26:55 [ContainerBackgroundProcessor[StandardEngine[Catalina]]] INFO  c.m.s.web.config.WebSecurityConfig.getTokenRepository(104) - HibernateTokenRepositoryImpl  initialized
2018-02-04 18:26:55 [ContainerBackgroundProcessor[StandardEngine[Catalina]]] INFO  c.m.s.web.config.WebSecurityConfig.getPersistentTokenBasedRememberMeServices(233) - PersistentTokenService  initialized
2018-02-04 18:26:55 [ContainerBackgroundProcessor[StandardEngine[Catalina]]] DEBUG com.mvc.spittr.web.SpittleController.<init>(53) - 2018-02-04T18:26:55.839 Constructor call
2018-02-04 18:26:55 [ContainerBackgroundProcessor[StandardEngine[Catalina]]] INFO  c.m.spittr.web.config.AppRootConfig.multipartResolver(92) - MultipartResolver initialized
2018-02-04 18:26:55 [ContainerBackgroundProcessor[StandardEngine[Catalina]]] INFO  c.m.spittr.web.config.AppRootConfig.getTransactionManager(165) - ***HIBERNATE*** - HibernateTransactionManager initialized - HIBERNATE -
2018-02-04 18:26:56 [ContainerBackgroundProcessor[StandardEngine[Catalina]]] INFO  c.m.spittr.web.config.AppRootConfig.getSimpleMessage(184) - SimpleMailMessage initialized
2018-02-04 18:26:56 [ContainerBackgroundProcessor[StandardEngine[Catalina]]] INFO  c.m.spittr.web.config.AppRootConfig.getJavaMailSender(207) - JavaMailMessage initialized
2018-02-04 18:26:56 [ContainerBackgroundProcessor[StandardEngine[Catalina]]] INFO  c.mvc.spittr.web.config.AppWebConfig.addInterceptors(122) - Interceptor added urls: /* /**
2018-02-04 18:26:56 [ContainerBackgroundProcessor[StandardEngine[Catalina]]] INFO  c.mvc.spittr.web.config.AppWebConfig.addFormatters(104) - Converter initialized, it converts string values[Roles] to UserProfiles
2018-02-04 18:26:56 [ContainerBackgroundProcessor[StandardEngine[Catalina]]] INFO  c.mvc.spittr.web.config.AppWebConfig.configureDefaultServletHandling(110) - DefaultServletHandlerConfigurer inizialized
2018-02-04 18:26:57 [ContainerBackgroundProcessor[StandardEngine[Catalina]]] INFO  c.mvc.spittr.web.config.AppWebConfig.viewResolver(65) - InternalResourceViewResolver inizialized
2018-02-04 18:26:57 [ContainerBackgroundProcessor[StandardEngine[Catalina]]] INFO  c.mvc.spittr.web.config.AppWebConfig.viewResolver(70) - resolver setting prefix /WEB-INF/views/
2018-02-04 18:26:57 [ContainerBackgroundProcessor[StandardEngine[Catalina]]] INFO  c.mvc.spittr.web.config.AppWebConfig.viewResolver(72) - resolver setting suffix .jsp
2018-02-04 18:26:57 [ContainerBackgroundProcessor[StandardEngine[Catalina]]] INFO  c.mvc.spittr.web.config.AppWebConfig.viewResolver(75) - org.springframework.web.servlet.view.JstlView.class set as view class
2018-02-04 18:26:57 [ContainerBackgroundProcessor[StandardEngine[Catalina]]] INFO  c.mvc.spittr.web.config.AppWebConfig.viewResolver2(82) - InternalResourceViewResolver for html inizialized
2018-02-04 18:26:57 [ContainerBackgroundProcessor[StandardEngine[Catalina]]] INFO  c.mvc.spittr.web.config.AppWebConfig.viewResolver2(87) - resolver setting prefix /WEB-INF/views/
2018-02-04 18:26:57 [ContainerBackgroundProcessor[StandardEngine[Catalina]]] INFO  c.mvc.spittr.web.config.AppWebConfig.viewResolver2(89) - resolver setting suffix .html
2018-02-04 18:26:57 [ContainerBackgroundProcessor[StandardEngine[Catalina]]] INFO  c.mvc.spittr.web.config.AppWebConfig.viewResolver2(92) - org.springframework.web.servlet.view.JstlView.class set as view class
2018-02-04 18:26:57 [ContainerBackgroundProcessor[StandardEngine[Catalina]]] INFO  c.m.s.web.config.WebSecurityConfig.configure(170) - WebSecurityConfig$$EnhancerBySpringCGLIB$$5282a178::configure view permit
2018-02-04 18:26:57 [ContainerBackgroundProcessor[StandardEngine[Catalina]]] INFO  c.m.s.web.config.WebSecurityConfig.configure(171) - WebSecurityConfig$$EnhancerBySpringCGLIB$$5282a178 initialized
2018-02-04 18:26:58 [ContainerBackgroundProcessor[StandardEngine[Catalina]]] INFO  c.m.spittr.web.config.AppRootConfig.messageSource(74) - MessageSource initialized
2018-02-04 18:26:58 [ContainerBackgroundProcessor[StandardEngine[Catalina]]] INFO  c.m.spittr.web.config.AppRootConfig.dataSource(142) - ***HIBERNATE*** - DB DataSource initialized - HIBERNATE -
2018-02-04 18:26:58 [ContainerBackgroundProcessor[StandardEngine[Catalina]]] INFO  c.m.spittr.web.config.AppRootConfig.getSessionFactory(150) - ***HIBERNATE*** - LocalSessionFactoryBean initialized - HIBERNATE -
2018-02-04 18:26:58 [ContainerBackgroundProcessor[StandardEngine[Catalina]]] INFO  c.m.spittr.web.config.AppRootConfig.getSessionFactory(152) - ***HIBERNATE*** - HibernateProperties initialized - HIBERNATE -
2018-02-04 18:26:58 [ContainerBackgroundProcessor[StandardEngine[Catalina]]] INFO  c.mvc.spittr.web.config.AppWebConfig.setApplicationContext(55) - InternalResourceViewResolver inizialized
2018-02-04 18:26:58 [ContainerBackgroundProcessor[StandardEngine[Catalina]]] INFO  c.m.s.web.config.WebSecurityConfig.getAuthenticationTrustResolver(111) - AuthenticationTrustResolver  initialized
2018-02-04 18:26:58 [ContainerBackgroundProcessor[StandardEngine[Catalina]]] INFO  c.m.s.web.config.WebSecurityConfig.getSpitterDetailService(98) - SpitterDetailService  initialized
2018-02-04 18:26:58 [ContainerBackgroundProcessor[StandardEngine[Catalina]]] INFO  c.m.s.web.config.WebSecurityConfig.getAuthenticationProvider(211) - UserDetailsService initialized
2018-02-04 18:26:58 [ContainerBackgroundProcessor[StandardEngine[Catalina]]] INFO  c.m.s.web.config.WebSecurityConfig.passwordEncoder(223) - BCryptPasswordEncoder  initialized
2018-02-04 18:26:59 [ContainerBackgroundProcessor[StandardEngine[Catalina]]] INFO  c.m.s.web.config.WebSecurityConfig.getAuthenticationProvider(213) - Password encriptinig
2018-02-04 18:26:59 [ContainerBackgroundProcessor[StandardEngine[Catalina]]] INFO  c.m.s.web.config.WebSecurityConfig.configureGlobalSecurity(200) - ConfigureGlobalSecurity user permit initialized
2018-02-04 18:26:59 [ContainerBackgroundProcessor[StandardEngine[Catalina]]] INFO  c.m.s.web.config.WebSecurityConfig.getTokenRepository(104) - HibernateTokenRepositoryImpl  initialized
2018-02-04 18:26:59 [ContainerBackgroundProcessor[StandardEngine[Catalina]]] INFO  c.m.s.web.config.WebSecurityConfig.getPersistentTokenBasedRememberMeServices(233) - PersistentTokenService  initialized
2018-02-04 18:26:59 [ContainerBackgroundProcessor[StandardEngine[Catalina]]] DEBUG com.mvc.spittr.web.SpittleController.<init>(53) - 2018-02-04T18:26:59.058 Constructor call
2018-02-04 18:26:59 [ContainerBackgroundProcessor[StandardEngine[Catalina]]] INFO  c.m.spittr.web.config.AppRootConfig.multipartResolver(92) - MultipartResolver initialized
2018-02-04 18:26:59 [ContainerBackgroundProcessor[StandardEngine[Catalina]]] INFO  c.m.spittr.web.config.AppRootConfig.getTransactionManager(165) - ***HIBERNATE*** - HibernateTransactionManager initialized - HIBERNATE -
2018-02-04 18:26:59 [ContainerBackgroundProcessor[StandardEngine[Catalina]]] INFO  c.m.spittr.web.config.AppRootConfig.getSimpleMessage(184) - SimpleMailMessage initialized
2018-02-04 18:26:59 [ContainerBackgroundProcessor[StandardEngine[Catalina]]] INFO  c.m.spittr.web.config.AppRootConfig.getJavaMailSender(207) - JavaMailMessage initialized
2018-02-04 18:26:59 [ContainerBackgroundProcessor[StandardEngine[Catalina]]] INFO  c.m.s.web.config.WebSecurityConfig.configure(170) - WebSecurityConfig$$EnhancerBySpringCGLIB$$5282a178::configure view permit
2018-02-04 18:26:59 [ContainerBackgroundProcessor[StandardEngine[Catalina]]] INFO  c.m.s.web.config.WebSecurityConfig.configure(171) - WebSecurityConfig$$EnhancerBySpringCGLIB$$5282a178 initialized
2018-02-04 18:26:59 [ContainerBackgroundProcessor[StandardEngine[Catalina]]] INFO  c.mvc.spittr.web.config.AppWebConfig.addInterceptors(122) - Interceptor added urls: /* /**
2018-02-04 18:26:59 [ContainerBackgroundProcessor[StandardEngine[Catalina]]] INFO  c.mvc.spittr.web.config.AppWebConfig.addFormatters(104) - Converter initialized, it converts string values[Roles] to UserProfiles
2018-02-04 18:26:59 [ContainerBackgroundProcessor[StandardEngine[Catalina]]] INFO  c.mvc.spittr.web.config.AppWebConfig.configureDefaultServletHandling(110) - DefaultServletHandlerConfigurer inizialized
2018-02-04 18:26:59 [ContainerBackgroundProcessor[StandardEngine[Catalina]]] INFO  c.mvc.spittr.web.config.AppWebConfig.viewResolver(65) - InternalResourceViewResolver inizialized
2018-02-04 18:26:59 [ContainerBackgroundProcessor[StandardEngine[Catalina]]] INFO  c.mvc.spittr.web.config.AppWebConfig.viewResolver(70) - resolver setting prefix /WEB-INF/views/
2018-02-04 18:26:59 [ContainerBackgroundProcessor[StandardEngine[Catalina]]] INFO  c.mvc.spittr.web.config.AppWebConfig.viewResolver(72) - resolver setting suffix .jsp
2018-02-04 18:26:59 [ContainerBackgroundProcessor[StandardEngine[Catalina]]] INFO  c.mvc.spittr.web.config.AppWebConfig.viewResolver(75) - org.springframework.web.servlet.view.JstlView.class set as view class
2018-02-04 18:26:59 [ContainerBackgroundProcessor[StandardEngine[Catalina]]] INFO  c.mvc.spittr.web.config.AppWebConfig.viewResolver2(82) - InternalResourceViewResolver for html inizialized
2018-02-04 18:26:59 [ContainerBackgroundProcessor[StandardEngine[Catalina]]] INFO  c.mvc.spittr.web.config.AppWebConfig.viewResolver2(87) - resolver setting prefix /WEB-INF/views/
2018-02-04 18:26:59 [ContainerBackgroundProcessor[StandardEngine[Catalina]]] INFO  c.mvc.spittr.web.config.AppWebConfig.viewResolver2(89) - resolver setting suffix .html
2018-02-04 18:26:59 [ContainerBackgroundProcessor[StandardEngine[Catalina]]] INFO  c.mvc.spittr.web.config.AppWebConfig.viewResolver2(92) - org.springframework.web.servlet.view.JstlView.class set as view class
2018-02-04 18:26:59 [ContainerBackgroundProcessor[StandardEngine[Catalina]]] INFO  c.m.s.w.s.GenericServletDemoServlet.<clinit>(29) - ************************Start - GenericServletDemoServlet************************
2018-02-04 18:26:59 [ContainerBackgroundProcessor[StandardEngine[Catalina]]] INFO  c.m.s.w.s.GenericServletDemoServlet.<clinit>(47) - ************************End - GenericServletDemoServlet************************
2018-02-04 18:27:29 [http-nio-8080-exec-3] INFO  c.m.s.w.l.HttpRequestLogInterceptor.preHandle(35) - 2018-02-04T18:27:29.009 - called url:/Spring-In-Action_WEBApp/
2018-02-04 18:27:31 [https-jsse-nio-8443-exec-4] INFO  c.m.s.w.l.HttpRequestLogInterceptor.preHandle(35) - 2018-02-04T18:27:31.606 - called url:/Spring-In-Action_WEBApp/login
2018-02-04 18:27:31 [https-jsse-nio-8443-exec-4] INFO  com.mvc.spittr.web.LoginController.isCurrentAuthenticationAnonymous(164) - AuthenticationTrustResolver is null flag value: false
2018-02-04 18:27:31 [https-jsse-nio-8443-exec-4] INFO  com.mvc.spittr.web.LoginController.loginPage(119) - redirect:/
2018-02-04 18:27:31 [http-nio-8080-exec-10] INFO  c.m.s.w.l.HttpRequestLogInterceptor.preHandle(35) - 2018-02-04T18:27:31.634 - called url:/Spring-In-Action_WEBApp/
2018-02-04 18:27:38 [https-jsse-nio-8443-exec-3] INFO  c.m.s.w.l.HttpRequestLogInterceptor.preHandle(35) - 2018-02-04T18:27:38.635 - called url:/Spring-In-Action_WEBApp/login
2018-02-04 18:27:38 [https-jsse-nio-8443-exec-3] INFO  com.mvc.spittr.web.LoginController.isCurrentAuthenticationAnonymous(167) - AuthenticationTrustResolver is not null value: false
2018-02-04 18:27:38 [https-jsse-nio-8443-exec-3] INFO  com.mvc.spittr.web.LoginController.loginPage(119) - redirect:/
2018-02-04 18:27:38 [http-nio-8080-exec-2] INFO  c.m.s.w.l.HttpRequestLogInterceptor.preHandle(35) - 2018-02-04T18:27:38.656 - called url:/Spring-In-Action_WEBApp/
2018-02-04 18:33:12 [localhost-startStop-1] INFO  c.m.s.w.c.ApacheServletInitializer.<clinit>(29) - ************************Start AppWebConfig************************
2018-02-04 18:33:12 [localhost-startStop-1] INFO  c.m.s.w.c.ApacheServletInitializer.<clinit>(83) - ************************End AppWebConfig************************
2018-02-04 18:33:12 [localhost-startStop-1] INFO  c.m.s.w.c.SecurityWebApplicationInitializer.<clinit>(16) - 1 ************************SecurityWebApplicationInitializer Intizialized************************
2018-02-04 18:33:12 [localhost-startStop-1] INFO  c.m.s.web.config.WebAppInitializer.<clinit>(55) - ************************Start WebAppInitializer************************
2018-02-04 18:33:12 [localhost-startStop-1] INFO  c.m.s.web.config.WebAppInitializer.<clinit>(161) - ************************End WebAppInitializer************************
2018-02-04 18:33:12 [localhost-startStop-1] INFO  c.m.s.web.config.WebAppInitializer.getRootConfigClasses(66) - AppRootConfig configured
2018-02-04 18:33:13 [localhost-startStop-1] INFO  c.m.s.web.config.WebAppInitializer.getServletConfigClasses(81) - AppWebConfig configured
2018-02-04 18:33:13 [localhost-startStop-1] INFO  c.m.s.web.config.WebAppInitializer.customizeRegistration(118) - CustomizeRegistration initialized
2018-02-04 18:33:13 [localhost-startStop-1] INFO  c.m.s.web.config.WebAppInitializer.customizeRegistration(128) - ***START*** Multipart initializing 
2018-02-04 18:33:13 [localhost-startStop-1] INFO  c.m.s.web.config.WebAppInitializer.customizeRegistration(129) - Download Directory:/tmp
2018-02-04 18:33:13 [localhost-startStop-1] INFO  c.m.s.web.config.WebAppInitializer.customizeRegistration(137) - Multipart uploads files at /home/sabaja/Scrivania/spring-hibernate-workspace/Spring-In-Action_WebApp/Downloads, maxFileSize=2097152, maxRequestSize=4194304, fileSizeThreshold=0
2018-02-04 18:33:13 [localhost-startStop-1] INFO  c.m.s.web.config.WebAppInitializer.customizeRegistration(140) - ***END*** Multipart initialized 
2018-02-04 18:33:13 [localhost-startStop-1] INFO  c.m.s.w.c.ApacheServletInitializer.onStartup(37) - WebApplicationInitializer@ServletApacheInitializer instantiated
2018-02-04 18:33:13 [localhost-startStop-1] INFO  c.m.s.w.c.ApacheServletInitializer.onStartup(52) - Servlet [com.mvc.spittr.web.servlet.GenericServletDemoServlet] was added
2018-02-04 18:33:14 [localhost-startStop-1] INFO  c.m.spittr.web.config.AppRootConfig.<clinit>(59) - ************************AppRootConfig************************
2018-02-04 18:33:14 [localhost-startStop-1] INFO  c.m.s.web.config.WebSecurityConfig.<clinit>(72) - ************************Start - WebSecurityConfig************************
2018-02-04 18:33:14 [localhost-startStop-1] INFO  c.m.s.web.config.WebSecurityConfig.<clinit>(218) - ************************End - WebSecurityConfig************************
2018-02-04 18:33:14 [localhost-startStop-1] INFO  c.mvc.spittr.web.config.AppWebConfig.<clinit>(49) - ************************Start AppWebConfig************************
2018-02-04 18:33:14 [localhost-startStop-1] INFO  c.mvc.spittr.web.config.AppWebConfig.<clinit>(209) - ************************End AppWebConfig************************
2018-02-04 18:33:15 [localhost-startStop-1] INFO  c.m.spittr.web.config.AppRootConfig.messageSource(74) - MessageSource initialized
2018-02-04 18:33:15 [localhost-startStop-1] INFO  c.m.s.web.config.WebSecurityConfig.getAuthenticationTrustResolver(111) - AuthenticationTrustResolver  initialized
2018-02-04 18:33:15 [localhost-startStop-1] INFO  c.m.s.w.c.RoleToUserProfileConverter.<clinit>(27) - ************************Start RoleToUserProfileConverter************************
2018-02-04 18:33:15 [localhost-startStop-1] INFO  c.m.s.w.c.RoleToUserProfileConverter.<clinit>(42) - ************************End RoleToUserProfileConverter************************
2018-02-04 18:33:15 [localhost-startStop-1] INFO  c.m.spittr.web.config.AppRootConfig.dataSource(142) - ***HIBERNATE*** - DB DataSource initialized - HIBERNATE -
2018-02-04 18:33:15 [localhost-startStop-1] INFO  c.m.spittr.web.config.AppRootConfig.getSessionFactory(150) - ***HIBERNATE*** - LocalSessionFactoryBean initialized - HIBERNATE -
2018-02-04 18:33:15 [localhost-startStop-1] INFO  c.m.spittr.web.config.AppRootConfig.getSessionFactory(152) - ***HIBERNATE*** - HibernateProperties initialized - HIBERNATE -
2018-02-04 18:33:19 [localhost-startStop-1] INFO  c.m.s.w.l.HttpRequestLogInterceptor.<clinit>(28) - HttpRequestLogInterceptor initialized
2018-02-04 18:33:19 [localhost-startStop-1] INFO  c.mvc.spittr.web.config.AppWebConfig.setApplicationContext(55) - InternalResourceViewResolver inizialized
2018-02-04 18:33:19 [localhost-startStop-1] INFO  c.m.s.web.config.WebSecurityConfig.getSpitterDetailService(98) - SpitterDetailService  initialized
2018-02-04 18:33:19 [localhost-startStop-1] INFO  c.m.s.web.config.WebSecurityConfig.getAuthenticationProvider(211) - UserDetailsService initialized
2018-02-04 18:33:19 [localhost-startStop-1] INFO  c.m.s.web.config.WebSecurityConfig.passwordEncoder(223) - BCryptPasswordEncoder  initialized
2018-02-04 18:33:19 [localhost-startStop-1] INFO  c.m.s.web.config.WebSecurityConfig.getAuthenticationProvider(213) - Password encriptinig
2018-02-04 18:33:19 [localhost-startStop-1] INFO  c.m.s.web.config.WebSecurityConfig.configureGlobalSecurity(200) - ConfigureGlobalSecurity user permit initialized
2018-02-04 18:33:20 [localhost-startStop-1] INFO  c.m.s.web.config.WebSecurityConfig.getTokenRepository(104) - HibernateTokenRepositoryImpl  initialized
2018-02-04 18:33:20 [localhost-startStop-1] INFO  c.m.s.web.config.WebSecurityConfig.getPersistentTokenBasedRememberMeServices(233) - PersistentTokenService  initialized
2018-02-04 18:33:20 [localhost-startStop-1] DEBUG com.mvc.spittr.web.SpittleController.<init>(53) - 2018-02-04T18:33:20.215 Constructor call
2018-02-04 18:33:20 [localhost-startStop-1] INFO  c.m.spittr.web.config.AppRootConfig.multipartResolver(92) - MultipartResolver initialized
2018-02-04 18:33:20 [localhost-startStop-1] INFO  c.m.spittr.web.config.AppRootConfig.getTransactionManager(165) - ***HIBERNATE*** - HibernateTransactionManager initialized - HIBERNATE -
2018-02-04 18:33:20 [localhost-startStop-1] INFO  c.m.spittr.web.config.AppRootConfig.getSimpleMessage(184) - SimpleMailMessage initialized
2018-02-04 18:33:20 [localhost-startStop-1] INFO  c.m.spittr.web.config.AppRootConfig.getJavaMailSender(207) - JavaMailMessage initialized
2018-02-04 18:33:20 [localhost-startStop-1] INFO  c.mvc.spittr.web.config.AppWebConfig.addInterceptors(122) - Interceptor added urls: /* /**
2018-02-04 18:33:20 [localhost-startStop-1] INFO  c.mvc.spittr.web.config.AppWebConfig.addFormatters(104) - Converter initialized, it converts string values[Roles] to UserProfiles
2018-02-04 18:33:21 [localhost-startStop-1] INFO  c.mvc.spittr.web.config.AppWebConfig.configureDefaultServletHandling(110) - DefaultServletHandlerConfigurer inizialized
2018-02-04 18:33:21 [localhost-startStop-1] INFO  c.mvc.spittr.web.config.AppWebConfig.viewResolver(65) - InternalResourceViewResolver inizialized
2018-02-04 18:33:21 [localhost-startStop-1] INFO  c.mvc.spittr.web.config.AppWebConfig.viewResolver(70) - resolver setting prefix /WEB-INF/views/
2018-02-04 18:33:21 [localhost-startStop-1] INFO  c.mvc.spittr.web.config.AppWebConfig.viewResolver(72) - resolver setting suffix .jsp
2018-02-04 18:33:21 [localhost-startStop-1] INFO  c.mvc.spittr.web.config.AppWebConfig.viewResolver(75) - org.springframework.web.servlet.view.JstlView.class set as view class
2018-02-04 18:33:21 [localhost-startStop-1] INFO  c.mvc.spittr.web.config.AppWebConfig.viewResolver2(82) - InternalResourceViewResolver for html inizialized
2018-02-04 18:33:21 [localhost-startStop-1] INFO  c.mvc.spittr.web.config.AppWebConfig.viewResolver2(87) - resolver setting prefix /WEB-INF/views/
2018-02-04 18:33:21 [localhost-startStop-1] INFO  c.mvc.spittr.web.config.AppWebConfig.viewResolver2(89) - resolver setting suffix .html
2018-02-04 18:33:21 [localhost-startStop-1] INFO  c.mvc.spittr.web.config.AppWebConfig.viewResolver2(92) - org.springframework.web.servlet.view.JstlView.class set as view class
2018-02-04 18:33:21 [localhost-startStop-1] INFO  c.m.s.web.config.WebSecurityConfig.configure(170) - WebSecurityConfig$$EnhancerBySpringCGLIB$$c231a9b4::configure view permit
2018-02-04 18:33:21 [localhost-startStop-1] INFO  c.m.s.web.config.WebSecurityConfig.configure(171) - WebSecurityConfig$$EnhancerBySpringCGLIB$$c231a9b4 initialized
2018-02-04 18:33:23 [localhost-startStop-1] INFO  c.m.spittr.web.config.AppRootConfig.messageSource(74) - MessageSource initialized
2018-02-04 18:33:23 [localhost-startStop-1] INFO  c.m.spittr.web.config.AppRootConfig.dataSource(142) - ***HIBERNATE*** - DB DataSource initialized - HIBERNATE -
2018-02-04 18:33:23 [localhost-startStop-1] INFO  c.m.spittr.web.config.AppRootConfig.getSessionFactory(150) - ***HIBERNATE*** - LocalSessionFactoryBean initialized - HIBERNATE -
2018-02-04 18:33:23 [localhost-startStop-1] INFO  c.m.spittr.web.config.AppRootConfig.getSessionFactory(152) - ***HIBERNATE*** - HibernateProperties initialized - HIBERNATE -
2018-02-04 18:33:23 [localhost-startStop-1] INFO  c.mvc.spittr.web.config.AppWebConfig.setApplicationContext(55) - InternalResourceViewResolver inizialized
2018-02-04 18:33:23 [localhost-startStop-1] INFO  c.m.s.web.config.WebSecurityConfig.getAuthenticationTrustResolver(111) - AuthenticationTrustResolver  initialized
2018-02-04 18:33:23 [localhost-startStop-1] INFO  c.m.s.web.config.WebSecurityConfig.getSpitterDetailService(98) - SpitterDetailService  initialized
2018-02-04 18:33:23 [localhost-startStop-1] INFO  c.m.s.web.config.WebSecurityConfig.getAuthenticationProvider(211) - UserDetailsService initialized
2018-02-04 18:33:23 [localhost-startStop-1] INFO  c.m.s.web.config.WebSecurityConfig.passwordEncoder(223) - BCryptPasswordEncoder  initialized
2018-02-04 18:33:23 [localhost-startStop-1] INFO  c.m.s.web.config.WebSecurityConfig.getAuthenticationProvider(213) - Password encriptinig
2018-02-04 18:33:23 [localhost-startStop-1] INFO  c.m.s.web.config.WebSecurityConfig.configureGlobalSecurity(200) - ConfigureGlobalSecurity user permit initialized
2018-02-04 18:33:23 [localhost-startStop-1] INFO  c.m.s.web.config.WebSecurityConfig.getTokenRepository(104) - HibernateTokenRepositoryImpl  initialized
2018-02-04 18:33:23 [localhost-startStop-1] INFO  c.m.s.web.config.WebSecurityConfig.getPersistentTokenBasedRememberMeServices(233) - PersistentTokenService  initialized
2018-02-04 18:33:23 [localhost-startStop-1] DEBUG com.mvc.spittr.web.SpittleController.<init>(53) - 2018-02-04T18:33:23.776 Constructor call
2018-02-04 18:33:23 [localhost-startStop-1] INFO  c.m.spittr.web.config.AppRootConfig.multipartResolver(92) - MultipartResolver initialized
2018-02-04 18:33:23 [localhost-startStop-1] INFO  c.m.spittr.web.config.AppRootConfig.getTransactionManager(165) - ***HIBERNATE*** - HibernateTransactionManager initialized - HIBERNATE -
2018-02-04 18:33:23 [localhost-startStop-1] INFO  c.m.spittr.web.config.AppRootConfig.getSimpleMessage(184) - SimpleMailMessage initialized
2018-02-04 18:33:23 [localhost-startStop-1] INFO  c.m.spittr.web.config.AppRootConfig.getJavaMailSender(207) - JavaMailMessage initialized
2018-02-04 18:33:23 [localhost-startStop-1] INFO  c.m.s.web.config.WebSecurityConfig.configure(170) - WebSecurityConfig$$EnhancerBySpringCGLIB$$c231a9b4::configure view permit
2018-02-04 18:33:23 [localhost-startStop-1] INFO  c.m.s.web.config.WebSecurityConfig.configure(171) - WebSecurityConfig$$EnhancerBySpringCGLIB$$c231a9b4 initialized
2018-02-04 18:33:24 [localhost-startStop-1] INFO  c.mvc.spittr.web.config.AppWebConfig.addInterceptors(122) - Interceptor added urls: /* /**
2018-02-04 18:33:24 [localhost-startStop-1] INFO  c.mvc.spittr.web.config.AppWebConfig.addFormatters(104) - Converter initialized, it converts string values[Roles] to UserProfiles
2018-02-04 18:33:24 [localhost-startStop-1] INFO  c.mvc.spittr.web.config.AppWebConfig.configureDefaultServletHandling(110) - DefaultServletHandlerConfigurer inizialized
2018-02-04 18:33:24 [localhost-startStop-1] INFO  c.mvc.spittr.web.config.AppWebConfig.viewResolver(65) - InternalResourceViewResolver inizialized
2018-02-04 18:33:24 [localhost-startStop-1] INFO  c.mvc.spittr.web.config.AppWebConfig.viewResolver(70) - resolver setting prefix /WEB-INF/views/
2018-02-04 18:33:24 [localhost-startStop-1] INFO  c.mvc.spittr.web.config.AppWebConfig.viewResolver(72) - resolver setting suffix .jsp
2018-02-04 18:33:24 [localhost-startStop-1] INFO  c.mvc.spittr.web.config.AppWebConfig.viewResolver(75) - org.springframework.web.servlet.view.JstlView.class set as view class
2018-02-04 18:33:24 [localhost-startStop-1] INFO  c.mvc.spittr.web.config.AppWebConfig.viewResolver2(82) - InternalResourceViewResolver for html inizialized
2018-02-04 18:33:24 [localhost-startStop-1] INFO  c.mvc.spittr.web.config.AppWebConfig.viewResolver2(87) - resolver setting prefix /WEB-INF/views/
2018-02-04 18:33:24 [localhost-startStop-1] INFO  c.mvc.spittr.web.config.AppWebConfig.viewResolver2(89) - resolver setting suffix .html
2018-02-04 18:33:24 [localhost-startStop-1] INFO  c.mvc.spittr.web.config.AppWebConfig.viewResolver2(92) - org.springframework.web.servlet.view.JstlView.class set as view class
2018-02-04 18:33:24 [localhost-startStop-1] INFO  c.m.s.w.s.GenericServletDemoServlet.<clinit>(29) - ************************Start - GenericServletDemoServlet************************
2018-02-04 18:33:24 [localhost-startStop-1] INFO  c.m.s.w.s.GenericServletDemoServlet.<clinit>(47) - ************************End - GenericServletDemoServlet************************
2018-02-04 18:33:34 [http-nio-8080-exec-2] INFO  c.m.s.w.l.HttpRequestLogInterceptor.preHandle(35) - 2018-02-04T18:33:34.496 - called url:/Spring-In-Action_WEBApp/
2018-02-04 18:33:37 [http-nio-8080-exec-6] INFO  c.m.s.w.l.HttpRequestLogInterceptor.preHandle(35) - 2018-02-04T18:33:37.159 - called url:/Spring-In-Action_WEBApp/spitter
2018-02-04 18:33:43 [http-nio-8080-exec-9] INFO  c.m.s.w.l.HttpRequestLogInterceptor.preHandle(35) - 2018-02-04T18:33:43.476 - called url:/Spring-In-Action_WEBApp/
2018-02-04 18:33:58 [http-nio-8080-exec-5] INFO  c.m.s.w.l.HttpRequestLogInterceptor.preHandle(35) - 2018-02-04T18:33:58.124 - called url:/Spring-In-Action_WEBApp/spitter
2018-02-04 18:34:45 [http-nio-8080-exec-9] INFO  c.m.s.w.l.HttpRequestLogInterceptor.preHandle(35) - 2018-02-04T18:34:45.094 - called url:/Spring-In-Action_WEBApp/
2018-02-04 18:34:47 [https-jsse-nio-8443-exec-8] INFO  c.m.s.w.l.HttpRequestLogInterceptor.preHandle(35) - 2018-02-04T18:34:47.046 - called url:/Spring-In-Action_WEBApp/login
2018-02-04 18:34:47 [https-jsse-nio-8443-exec-8] INFO  com.mvc.spittr.web.LoginController.isCurrentAuthenticationAnonymous(164) - AuthenticationTrustResolver is null flag value: false
2018-02-04 18:34:47 [https-jsse-nio-8443-exec-8] INFO  com.mvc.spittr.web.LoginController.loginPage(119) - redirect:/
2018-02-04 18:34:47 [http-nio-8080-exec-4] INFO  c.m.s.w.l.HttpRequestLogInterceptor.preHandle(35) - 2018-02-04T18:34:47.084 - called url:/Spring-In-Action_WEBApp/
2018-02-04 18:34:51 [https-jsse-nio-8443-exec-10] INFO  c.m.s.w.l.HttpRequestLogInterceptor.preHandle(35) - 2018-02-04T18:34:51.735 - called url:/Spring-In-Action_WEBApp/login
2018-02-04 18:34:51 [https-jsse-nio-8443-exec-10] INFO  com.mvc.spittr.web.LoginController.isCurrentAuthenticationAnonymous(167) - AuthenticationTrustResolver is not null value: false
2018-02-04 18:34:51 [https-jsse-nio-8443-exec-10] INFO  com.mvc.spittr.web.LoginController.loginPage(119) - redirect:/
2018-02-04 18:34:51 [http-nio-8080-exec-7] INFO  c.m.s.w.l.HttpRequestLogInterceptor.preHandle(35) - 2018-02-04T18:34:51.764 - called url:/Spring-In-Action_WEBApp/
