2018-02-26 23:03:39 [http-nio-8080-exec-2] INFO  com.mvc.spittr.web.LoginController.listUsers(124) - User is null? true
2018-02-26 23:03:58 [http-nio-8080-exec-2] INFO  c.mvc.spittr.web.util.WebFacilities.getPrincipal(31) - Auth valaue: anonymous
2018-02-26 23:16:58 [localhost-startStop-1] INFO  c.m.s.web.config.WebAppInitializer.<clinit>(55) - ************************Start WebAppInitializer************************
2018-02-26 23:16:58 [localhost-startStop-1] INFO  c.m.s.web.config.WebAppInitializer.<clinit>(161) - ************************End WebAppInitializer************************
2018-02-26 23:16:58 [localhost-startStop-1] INFO  c.m.s.w.c.ApacheServletInitializer.<clinit>(29) - ************************Start AppWebConfig************************
2018-02-26 23:16:58 [localhost-startStop-1] INFO  c.m.s.w.c.ApacheServletInitializer.<clinit>(83) - ************************End AppWebConfig************************
2018-02-26 23:16:58 [localhost-startStop-1] INFO  c.m.s.w.c.SecurityWebApplicationInitializer.<clinit>(16) - 1 ************************SecurityWebApplicationInitializer Intizialized************************
2018-02-26 23:16:58 [localhost-startStop-1] INFO  c.m.s.web.config.WebAppInitializer.getRootConfigClasses(66) - AppRootConfig configured
2018-02-26 23:16:58 [localhost-startStop-1] INFO  c.m.s.web.config.WebAppInitializer.getServletConfigClasses(81) - AppWebConfig configured
2018-02-26 23:16:58 [localhost-startStop-1] INFO  c.m.s.web.config.WebAppInitializer.customizeRegistration(118) - CustomizeRegistration initialized
2018-02-26 23:16:58 [localhost-startStop-1] INFO  c.m.s.web.config.WebAppInitializer.customizeRegistration(128) - ***START*** Multipart initializing 
2018-02-26 23:16:58 [localhost-startStop-1] INFO  c.m.s.web.config.WebAppInitializer.customizeRegistration(129) - Download Directory:/tmp
2018-02-26 23:16:58 [localhost-startStop-1] INFO  c.m.s.web.config.WebAppInitializer.customizeRegistration(137) - Multipart uploads files at /home/sabaja/Scrivania/spring-hibernate-workspace/Spring-In-Action_WebApp/Downloads, maxFileSize=2097152, maxRequestSize=4194304, fileSizeThreshold=0
2018-02-26 23:16:58 [localhost-startStop-1] INFO  c.m.s.web.config.WebAppInitializer.customizeRegistration(140) - ***END*** Multipart initialized 
2018-02-26 23:16:58 [localhost-startStop-1] INFO  c.m.s.w.c.ApacheServletInitializer.onStartup(37) - WebApplicationInitializer@ServletApacheInitializer instantiated
2018-02-26 23:16:58 [localhost-startStop-1] INFO  c.m.s.w.c.ApacheServletInitializer.onStartup(52) - Servlet [com.mvc.spittr.web.servlet.GenericServletDemoServlet] was added
2018-02-26 23:17:00 [localhost-startStop-1] INFO  c.m.spittr.web.config.AppRootConfig.<clinit>(38) - ************************AppRootConfig************************
2018-02-26 23:17:00 [localhost-startStop-1] INFO  c.m.s.web.config.WebSecurityConfig.<clinit>(66) - ************************Start - WebSecurityConfig************************
2018-02-26 23:17:00 [localhost-startStop-1] INFO  c.m.s.web.config.WebSecurityConfig.<clinit>(205) - ************************End - WebSecurityConfig************************
2018-02-26 23:17:00 [localhost-startStop-1] INFO  c.mvc.spittr.web.config.AppWebConfig.<clinit>(49) - ************************Start AppWebConfig************************
2018-02-26 23:17:00 [localhost-startStop-1] INFO  c.mvc.spittr.web.config.AppWebConfig.<clinit>(209) - ************************End AppWebConfig************************
2018-02-26 23:17:00 [localhost-startStop-1] INFO  c.m.s.w.c.HibernateConfiguration.<clinit>(36) - ************************HibernateConfiguration************************
2018-02-26 23:17:00 [localhost-startStop-1] INFO  c.m.spittr.web.config.AppRootConfig.messageSource(47) - MessageSource initialized
2018-02-26 23:17:01 [localhost-startStop-1] INFO  c.m.s.web.config.WebSecurityConfig.getAuthenticationTrustResolver(105) - AuthenticationTrustResolver  initialized
2018-02-26 23:17:01 [localhost-startStop-1] INFO  c.m.s.w.c.RoleToUserProfileConverter.<clinit>(27) - ************************Start RoleToUserProfileConverter************************
2018-02-26 23:17:01 [localhost-startStop-1] INFO  c.m.s.w.c.RoleToUserProfileConverter.<clinit>(42) - ************************End RoleToUserProfileConverter************************
2018-02-26 23:17:01 [localhost-startStop-1] INFO  c.m.s.w.c.HibernateConfiguration.dataSource(48) - ***HIBERNATE*** - DB DataSource initialized - HIBERNATE -
2018-02-26 23:17:01 [localhost-startStop-1] INFO  c.m.s.w.c.HibernateConfiguration.getSessionFactory(56) - ***HIBERNATE*** - LocalSessionFactoryBean initialized - HIBERNATE -
2018-02-26 23:17:01 [localhost-startStop-1] INFO  c.m.s.w.c.HibernateConfiguration.getSessionFactory(58) - ***HIBERNATE*** - HibernateProperties initialized - HIBERNATE -
2018-02-26 23:17:06 [localhost-startStop-1] INFO  c.m.s.w.l.HttpRequestLogInterceptor.<clinit>(28) - HttpRequestLogInterceptor initialized
2018-02-26 23:17:06 [localhost-startStop-1] INFO  c.mvc.spittr.web.config.AppWebConfig.setApplicationContext(55) - InternalResourceViewResolver inizialized
2018-02-26 23:17:07 [localhost-startStop-1] INFO  c.m.s.web.config.WebSecurityConfig.getSpitterDetailService(92) - SpitterDetailService  initialized
2018-02-26 23:17:07 [localhost-startStop-1] INFO  c.m.s.web.config.WebSecurityConfig.getAuthenticationProvider(198) - UserDetailsService initialized
2018-02-26 23:17:07 [localhost-startStop-1] INFO  c.m.s.web.config.WebSecurityConfig.passwordEncoder(210) - BCryptPasswordEncoder  initialized
2018-02-26 23:17:07 [localhost-startStop-1] INFO  c.m.s.web.config.WebSecurityConfig.getAuthenticationProvider(200) - Password encriptinig
2018-02-26 23:17:07 [localhost-startStop-1] INFO  c.m.s.web.config.WebSecurityConfig.configureGlobalSecurity(187) - ConfigureGlobalSecurity user permit initialized
2018-02-26 23:17:07 [localhost-startStop-1] INFO  c.m.s.web.config.WebSecurityConfig.getTokenRepository(98) - HibernateTokenRepositoryImpl  initialized
2018-02-26 23:17:07 [localhost-startStop-1] INFO  c.m.s.web.config.WebSecurityConfig.getPersistentTokenBasedRememberMeServices(220) - PersistentTokenService  initialized
2018-02-26 23:17:08 [localhost-startStop-1] DEBUG com.mvc.spittr.web.SpittleController.<init>(55) - 2018-02-26T23:17:08.076 Constructor call
2018-02-26 23:17:08 [localhost-startStop-1] INFO  c.m.spittr.web.config.AppRootConfig.multipartResolver(63) - MultipartResolver initialized
2018-02-26 23:17:08 [localhost-startStop-1] INFO  c.m.spittr.web.config.AppRootConfig.getJavaMailSender(75) - JavaMailMessage initialized
2018-02-26 23:17:08 [localhost-startStop-1] INFO  c.mvc.spittr.web.config.AppWebConfig.addInterceptors(122) - Interceptor added urls: /* /**
2018-02-26 23:17:08 [localhost-startStop-1] INFO  c.mvc.spittr.web.config.AppWebConfig.addFormatters(104) - Converter initialized, it converts string values[Roles] to UserProfiles
2018-02-26 23:17:09 [localhost-startStop-1] INFO  c.mvc.spittr.web.config.AppWebConfig.configureDefaultServletHandling(110) - DefaultServletHandlerConfigurer inizialized
2018-02-26 23:17:10 [localhost-startStop-1] INFO  c.mvc.spittr.web.config.AppWebConfig.viewResolver(65) - InternalResourceViewResolver inizialized
2018-02-26 23:17:10 [localhost-startStop-1] INFO  c.mvc.spittr.web.config.AppWebConfig.viewResolver(70) - resolver setting prefix /WEB-INF/views/
2018-02-26 23:17:10 [localhost-startStop-1] INFO  c.mvc.spittr.web.config.AppWebConfig.viewResolver(72) - resolver setting suffix .jsp
2018-02-26 23:17:10 [localhost-startStop-1] INFO  c.mvc.spittr.web.config.AppWebConfig.viewResolver(75) - org.springframework.web.servlet.view.JstlView.class set as view class
2018-02-26 23:17:10 [localhost-startStop-1] INFO  c.mvc.spittr.web.config.AppWebConfig.viewResolver2(82) - InternalResourceViewResolver for html inizialized
2018-02-26 23:17:10 [localhost-startStop-1] INFO  c.mvc.spittr.web.config.AppWebConfig.viewResolver2(87) - resolver setting prefix /WEB-INF/views/
2018-02-26 23:17:10 [localhost-startStop-1] INFO  c.mvc.spittr.web.config.AppWebConfig.viewResolver2(89) - resolver setting suffix .html
2018-02-26 23:17:10 [localhost-startStop-1] INFO  c.mvc.spittr.web.config.AppWebConfig.viewResolver2(92) - org.springframework.web.servlet.view.JstlView.class set as view class
2018-02-26 23:17:10 [localhost-startStop-1] INFO  c.m.s.w.c.HibernateConfiguration.getTransactionManager(69) - ***HIBERNATE*** - HibernateTransactionManager initialized - HIBERNATE -
2018-02-26 23:17:10 [localhost-startStop-1] INFO  c.m.s.web.config.WebSecurityConfig.configure(157) - WebSecurityConfig$$EnhancerBySpringCGLIB$$838a88ef::configure view permit
2018-02-26 23:17:10 [localhost-startStop-1] INFO  c.m.s.web.config.WebSecurityConfig.configure(158) - WebSecurityConfig$$EnhancerBySpringCGLIB$$838a88ef initialized
2018-02-26 23:17:12 [localhost-startStop-1] INFO  c.m.spittr.web.config.AppRootConfig.messageSource(47) - MessageSource initialized
2018-02-26 23:17:12 [localhost-startStop-1] INFO  c.m.s.w.c.HibernateConfiguration.dataSource(48) - ***HIBERNATE*** - DB DataSource initialized - HIBERNATE -
2018-02-26 23:17:12 [localhost-startStop-1] INFO  c.m.s.w.c.HibernateConfiguration.getSessionFactory(56) - ***HIBERNATE*** - LocalSessionFactoryBean initialized - HIBERNATE -
2018-02-26 23:17:12 [localhost-startStop-1] INFO  c.m.s.w.c.HibernateConfiguration.getSessionFactory(58) - ***HIBERNATE*** - HibernateProperties initialized - HIBERNATE -
2018-02-26 23:17:13 [localhost-startStop-1] INFO  c.mvc.spittr.web.config.AppWebConfig.setApplicationContext(55) - InternalResourceViewResolver inizialized
2018-02-26 23:17:13 [localhost-startStop-1] INFO  c.m.s.web.config.WebSecurityConfig.getAuthenticationTrustResolver(105) - AuthenticationTrustResolver  initialized
2018-02-26 23:17:13 [localhost-startStop-1] INFO  c.m.s.web.config.WebSecurityConfig.getSpitterDetailService(92) - SpitterDetailService  initialized
2018-02-26 23:17:13 [localhost-startStop-1] INFO  c.m.s.web.config.WebSecurityConfig.getAuthenticationProvider(198) - UserDetailsService initialized
2018-02-26 23:17:13 [localhost-startStop-1] INFO  c.m.s.web.config.WebSecurityConfig.passwordEncoder(210) - BCryptPasswordEncoder  initialized
2018-02-26 23:17:13 [localhost-startStop-1] INFO  c.m.s.web.config.WebSecurityConfig.getAuthenticationProvider(200) - Password encriptinig
2018-02-26 23:17:13 [localhost-startStop-1] INFO  c.m.s.web.config.WebSecurityConfig.configureGlobalSecurity(187) - ConfigureGlobalSecurity user permit initialized
2018-02-26 23:17:13 [localhost-startStop-1] INFO  c.m.s.web.config.WebSecurityConfig.getTokenRepository(98) - HibernateTokenRepositoryImpl  initialized
2018-02-26 23:17:13 [localhost-startStop-1] INFO  c.m.s.web.config.WebSecurityConfig.getPersistentTokenBasedRememberMeServices(220) - PersistentTokenService  initialized
2018-02-26 23:17:14 [localhost-startStop-1] DEBUG com.mvc.spittr.web.SpittleController.<init>(55) - 2018-02-26T23:17:14.037 Constructor call
2018-02-26 23:17:14 [localhost-startStop-1] INFO  c.m.spittr.web.config.AppRootConfig.multipartResolver(63) - MultipartResolver initialized
2018-02-26 23:17:14 [localhost-startStop-1] INFO  c.m.spittr.web.config.AppRootConfig.getJavaMailSender(75) - JavaMailMessage initialized
2018-02-26 23:17:14 [localhost-startStop-1] INFO  c.mvc.spittr.web.config.AppWebConfig.addInterceptors(122) - Interceptor added urls: /* /**
2018-02-26 23:17:14 [localhost-startStop-1] INFO  c.mvc.spittr.web.config.AppWebConfig.addFormatters(104) - Converter initialized, it converts string values[Roles] to UserProfiles
2018-02-26 23:17:14 [localhost-startStop-1] INFO  c.mvc.spittr.web.config.AppWebConfig.configureDefaultServletHandling(110) - DefaultServletHandlerConfigurer inizialized
2018-02-26 23:17:14 [localhost-startStop-1] INFO  c.mvc.spittr.web.config.AppWebConfig.viewResolver(65) - InternalResourceViewResolver inizialized
2018-02-26 23:17:14 [localhost-startStop-1] INFO  c.mvc.spittr.web.config.AppWebConfig.viewResolver(70) - resolver setting prefix /WEB-INF/views/
2018-02-26 23:17:14 [localhost-startStop-1] INFO  c.mvc.spittr.web.config.AppWebConfig.viewResolver(72) - resolver setting suffix .jsp
2018-02-26 23:17:14 [localhost-startStop-1] INFO  c.mvc.spittr.web.config.AppWebConfig.viewResolver(75) - org.springframework.web.servlet.view.JstlView.class set as view class
2018-02-26 23:17:14 [localhost-startStop-1] INFO  c.mvc.spittr.web.config.AppWebConfig.viewResolver2(82) - InternalResourceViewResolver for html inizialized
2018-02-26 23:17:14 [localhost-startStop-1] INFO  c.mvc.spittr.web.config.AppWebConfig.viewResolver2(87) - resolver setting prefix /WEB-INF/views/
2018-02-26 23:17:14 [localhost-startStop-1] INFO  c.mvc.spittr.web.config.AppWebConfig.viewResolver2(89) - resolver setting suffix .html
2018-02-26 23:17:14 [localhost-startStop-1] INFO  c.mvc.spittr.web.config.AppWebConfig.viewResolver2(92) - org.springframework.web.servlet.view.JstlView.class set as view class
2018-02-26 23:17:14 [localhost-startStop-1] INFO  c.m.s.w.c.HibernateConfiguration.getTransactionManager(69) - ***HIBERNATE*** - HibernateTransactionManager initialized - HIBERNATE -
2018-02-26 23:17:14 [localhost-startStop-1] INFO  c.m.s.web.config.WebSecurityConfig.configure(157) - WebSecurityConfig$$EnhancerBySpringCGLIB$$838a88ef::configure view permit
2018-02-26 23:17:14 [localhost-startStop-1] INFO  c.m.s.web.config.WebSecurityConfig.configure(158) - WebSecurityConfig$$EnhancerBySpringCGLIB$$838a88ef initialized
2018-02-26 23:17:16 [localhost-startStop-1] INFO  c.m.spittr.web.config.AppRootConfig.messageSource(47) - MessageSource initialized
2018-02-26 23:17:16 [localhost-startStop-1] INFO  c.m.s.w.c.HibernateConfiguration.dataSource(48) - ***HIBERNATE*** - DB DataSource initialized - HIBERNATE -
2018-02-26 23:17:16 [localhost-startStop-1] INFO  c.m.s.w.c.HibernateConfiguration.getSessionFactory(56) - ***HIBERNATE*** - LocalSessionFactoryBean initialized - HIBERNATE -
2018-02-26 23:17:16 [localhost-startStop-1] INFO  c.m.s.w.c.HibernateConfiguration.getSessionFactory(58) - ***HIBERNATE*** - HibernateProperties initialized - HIBERNATE -
2018-02-26 23:17:16 [localhost-startStop-1] INFO  c.mvc.spittr.web.config.AppWebConfig.setApplicationContext(55) - InternalResourceViewResolver inizialized
2018-02-26 23:17:16 [localhost-startStop-1] INFO  c.m.s.web.config.WebSecurityConfig.getAuthenticationTrustResolver(105) - AuthenticationTrustResolver  initialized
2018-02-26 23:17:16 [localhost-startStop-1] INFO  c.m.s.web.config.WebSecurityConfig.getSpitterDetailService(92) - SpitterDetailService  initialized
2018-02-26 23:17:16 [localhost-startStop-1] INFO  c.m.s.web.config.WebSecurityConfig.getAuthenticationProvider(198) - UserDetailsService initialized
2018-02-26 23:17:16 [localhost-startStop-1] INFO  c.m.s.web.config.WebSecurityConfig.passwordEncoder(210) - BCryptPasswordEncoder  initialized
2018-02-26 23:17:16 [localhost-startStop-1] INFO  c.m.s.web.config.WebSecurityConfig.getAuthenticationProvider(200) - Password encriptinig
2018-02-26 23:17:16 [localhost-startStop-1] INFO  c.m.s.web.config.WebSecurityConfig.configureGlobalSecurity(187) - ConfigureGlobalSecurity user permit initialized
2018-02-26 23:17:16 [localhost-startStop-1] INFO  c.m.s.web.config.WebSecurityConfig.getTokenRepository(98) - HibernateTokenRepositoryImpl  initialized
2018-02-26 23:17:16 [localhost-startStop-1] INFO  c.m.s.web.config.WebSecurityConfig.getPersistentTokenBasedRememberMeServices(220) - PersistentTokenService  initialized
2018-02-26 23:17:16 [localhost-startStop-1] DEBUG com.mvc.spittr.web.SpittleController.<init>(55) - 2018-02-26T23:17:16.997 Constructor call
2018-02-26 23:17:17 [localhost-startStop-1] INFO  c.m.spittr.web.config.AppRootConfig.multipartResolver(63) - MultipartResolver initialized
2018-02-26 23:17:17 [localhost-startStop-1] INFO  c.m.spittr.web.config.AppRootConfig.getJavaMailSender(75) - JavaMailMessage initialized
2018-02-26 23:17:17 [localhost-startStop-1] INFO  c.m.s.w.c.HibernateConfiguration.getTransactionManager(69) - ***HIBERNATE*** - HibernateTransactionManager initialized - HIBERNATE -
2018-02-26 23:17:17 [localhost-startStop-1] INFO  c.m.s.web.config.WebSecurityConfig.configure(157) - WebSecurityConfig$$EnhancerBySpringCGLIB$$838a88ef::configure view permit
2018-02-26 23:17:17 [localhost-startStop-1] INFO  c.m.s.web.config.WebSecurityConfig.configure(158) - WebSecurityConfig$$EnhancerBySpringCGLIB$$838a88ef initialized
2018-02-26 23:17:17 [localhost-startStop-1] INFO  c.mvc.spittr.web.config.AppWebConfig.addInterceptors(122) - Interceptor added urls: /* /**
2018-02-26 23:17:17 [localhost-startStop-1] INFO  c.mvc.spittr.web.config.AppWebConfig.addFormatters(104) - Converter initialized, it converts string values[Roles] to UserProfiles
2018-02-26 23:17:18 [localhost-startStop-1] INFO  c.mvc.spittr.web.config.AppWebConfig.configureDefaultServletHandling(110) - DefaultServletHandlerConfigurer inizialized
2018-02-26 23:17:18 [localhost-startStop-1] INFO  c.mvc.spittr.web.config.AppWebConfig.viewResolver(65) - InternalResourceViewResolver inizialized
2018-02-26 23:17:18 [localhost-startStop-1] INFO  c.mvc.spittr.web.config.AppWebConfig.viewResolver(70) - resolver setting prefix /WEB-INF/views/
2018-02-26 23:17:18 [localhost-startStop-1] INFO  c.mvc.spittr.web.config.AppWebConfig.viewResolver(72) - resolver setting suffix .jsp
2018-02-26 23:17:18 [localhost-startStop-1] INFO  c.mvc.spittr.web.config.AppWebConfig.viewResolver(75) - org.springframework.web.servlet.view.JstlView.class set as view class
2018-02-26 23:17:18 [localhost-startStop-1] INFO  c.mvc.spittr.web.config.AppWebConfig.viewResolver2(82) - InternalResourceViewResolver for html inizialized
2018-02-26 23:17:18 [localhost-startStop-1] INFO  c.mvc.spittr.web.config.AppWebConfig.viewResolver2(87) - resolver setting prefix /WEB-INF/views/
2018-02-26 23:17:18 [localhost-startStop-1] INFO  c.mvc.spittr.web.config.AppWebConfig.viewResolver2(89) - resolver setting suffix .html
2018-02-26 23:17:18 [localhost-startStop-1] INFO  c.mvc.spittr.web.config.AppWebConfig.viewResolver2(92) - org.springframework.web.servlet.view.JstlView.class set as view class
2018-02-26 23:17:18 [localhost-startStop-1] INFO  c.m.s.w.s.GenericServletDemoServlet.<clinit>(29) - ************************Start - GenericServletDemoServlet************************
2018-02-26 23:17:18 [localhost-startStop-1] INFO  c.m.s.w.s.GenericServletDemoServlet.<clinit>(47) - ************************End - GenericServletDemoServlet************************
2018-02-26 23:17:38 [http-nio-8080-exec-3] INFO  c.m.s.w.l.HttpRequestLogInterceptor.preHandle(35) - 2018-02-26T23:17:38.910 - called url:/Spring-In-Action_WEBApp/list
2018-02-26 23:17:38 [http-nio-8080-exec-3] INFO  com.mvc.spittr.web.LoginController.listUsers(119) - spitterService is null? false
2018-02-26 23:19:42 [ContainerBackgroundProcessor[StandardEngine[Catalina]]] INFO  c.m.s.web.config.WebAppInitializer.<clinit>(55) - ************************Start WebAppInitializer************************
2018-02-26 23:19:42 [ContainerBackgroundProcessor[StandardEngine[Catalina]]] INFO  c.m.s.web.config.WebAppInitializer.<clinit>(161) - ************************End WebAppInitializer************************
2018-02-26 23:19:42 [ContainerBackgroundProcessor[StandardEngine[Catalina]]] INFO  c.m.s.w.c.ApacheServletInitializer.<clinit>(29) - ************************Start AppWebConfig************************
2018-02-26 23:19:42 [ContainerBackgroundProcessor[StandardEngine[Catalina]]] INFO  c.m.s.w.c.ApacheServletInitializer.<clinit>(83) - ************************End AppWebConfig************************
2018-02-26 23:19:42 [ContainerBackgroundProcessor[StandardEngine[Catalina]]] INFO  c.m.s.w.c.SecurityWebApplicationInitializer.<clinit>(16) - 1 ************************SecurityWebApplicationInitializer Intizialized************************
2018-02-26 23:19:42 [ContainerBackgroundProcessor[StandardEngine[Catalina]]] INFO  c.m.s.web.config.WebAppInitializer.getRootConfigClasses(66) - AppRootConfig configured
2018-02-26 23:19:42 [ContainerBackgroundProcessor[StandardEngine[Catalina]]] INFO  c.m.s.web.config.WebAppInitializer.getServletConfigClasses(81) - AppWebConfig configured
2018-02-26 23:19:42 [ContainerBackgroundProcessor[StandardEngine[Catalina]]] INFO  c.m.s.web.config.WebAppInitializer.customizeRegistration(118) - CustomizeRegistration initialized
2018-02-26 23:19:42 [ContainerBackgroundProcessor[StandardEngine[Catalina]]] INFO  c.m.s.web.config.WebAppInitializer.customizeRegistration(128) - ***START*** Multipart initializing 
2018-02-26 23:19:42 [ContainerBackgroundProcessor[StandardEngine[Catalina]]] INFO  c.m.s.web.config.WebAppInitializer.customizeRegistration(129) - Download Directory:/tmp
2018-02-26 23:19:42 [ContainerBackgroundProcessor[StandardEngine[Catalina]]] INFO  c.m.s.web.config.WebAppInitializer.customizeRegistration(137) - Multipart uploads files at /home/sabaja/Scrivania/spring-hibernate-workspace/Spring-In-Action_WebApp/Downloads, maxFileSize=2097152, maxRequestSize=4194304, fileSizeThreshold=0
2018-02-26 23:19:42 [ContainerBackgroundProcessor[StandardEngine[Catalina]]] INFO  c.m.s.web.config.WebAppInitializer.customizeRegistration(140) - ***END*** Multipart initialized 
2018-02-26 23:19:42 [ContainerBackgroundProcessor[StandardEngine[Catalina]]] INFO  c.m.s.w.c.ApacheServletInitializer.onStartup(37) - WebApplicationInitializer@ServletApacheInitializer instantiated
2018-02-26 23:19:42 [ContainerBackgroundProcessor[StandardEngine[Catalina]]] INFO  c.m.s.w.c.ApacheServletInitializer.onStartup(52) - Servlet [com.mvc.spittr.web.servlet.GenericServletDemoServlet] was added
2018-02-26 23:19:43 [ContainerBackgroundProcessor[StandardEngine[Catalina]]] INFO  c.m.spittr.web.config.AppRootConfig.<clinit>(38) - ************************AppRootConfig************************
2018-02-26 23:19:43 [ContainerBackgroundProcessor[StandardEngine[Catalina]]] INFO  c.m.s.web.config.WebSecurityConfig.<clinit>(66) - ************************Start - WebSecurityConfig************************
2018-02-26 23:19:43 [ContainerBackgroundProcessor[StandardEngine[Catalina]]] INFO  c.m.s.web.config.WebSecurityConfig.<clinit>(205) - ************************End - WebSecurityConfig************************
2018-02-26 23:19:43 [ContainerBackgroundProcessor[StandardEngine[Catalina]]] INFO  c.mvc.spittr.web.config.AppWebConfig.<clinit>(49) - ************************Start AppWebConfig************************
2018-02-26 23:19:43 [ContainerBackgroundProcessor[StandardEngine[Catalina]]] INFO  c.mvc.spittr.web.config.AppWebConfig.<clinit>(209) - ************************End AppWebConfig************************
2018-02-26 23:19:43 [ContainerBackgroundProcessor[StandardEngine[Catalina]]] INFO  c.m.s.w.c.HibernateConfiguration.<clinit>(36) - ************************HibernateConfiguration************************
2018-02-26 23:19:44 [ContainerBackgroundProcessor[StandardEngine[Catalina]]] INFO  c.m.spittr.web.config.AppRootConfig.messageSource(47) - MessageSource initialized
2018-02-26 23:19:45 [ContainerBackgroundProcessor[StandardEngine[Catalina]]] INFO  c.m.s.web.config.WebSecurityConfig.getAuthenticationTrustResolver(105) - AuthenticationTrustResolver  initialized
2018-02-26 23:19:45 [ContainerBackgroundProcessor[StandardEngine[Catalina]]] INFO  c.m.s.w.c.RoleToUserProfileConverter.<clinit>(27) - ************************Start RoleToUserProfileConverter************************
2018-02-26 23:19:45 [ContainerBackgroundProcessor[StandardEngine[Catalina]]] INFO  c.m.s.w.c.RoleToUserProfileConverter.<clinit>(42) - ************************End RoleToUserProfileConverter************************
2018-02-26 23:19:45 [ContainerBackgroundProcessor[StandardEngine[Catalina]]] INFO  c.m.s.w.c.HibernateConfiguration.dataSource(48) - ***HIBERNATE*** - DB DataSource initialized - HIBERNATE -
2018-02-26 23:19:45 [ContainerBackgroundProcessor[StandardEngine[Catalina]]] INFO  c.m.s.w.c.HibernateConfiguration.getSessionFactory(56) - ***HIBERNATE*** - LocalSessionFactoryBean initialized - HIBERNATE -
2018-02-26 23:19:45 [ContainerBackgroundProcessor[StandardEngine[Catalina]]] INFO  c.m.s.w.c.HibernateConfiguration.getSessionFactory(58) - ***HIBERNATE*** - HibernateProperties initialized - HIBERNATE -
2018-02-26 23:19:49 [ContainerBackgroundProcessor[StandardEngine[Catalina]]] INFO  c.m.s.w.l.HttpRequestLogInterceptor.<clinit>(28) - HttpRequestLogInterceptor initialized
2018-02-26 23:19:49 [ContainerBackgroundProcessor[StandardEngine[Catalina]]] INFO  c.mvc.spittr.web.config.AppWebConfig.setApplicationContext(55) - InternalResourceViewResolver inizialized
2018-02-26 23:19:49 [ContainerBackgroundProcessor[StandardEngine[Catalina]]] INFO  c.m.s.web.config.WebSecurityConfig.getSpitterDetailService(92) - SpitterDetailService  initialized
2018-02-26 23:19:49 [ContainerBackgroundProcessor[StandardEngine[Catalina]]] INFO  c.m.s.web.config.WebSecurityConfig.getAuthenticationProvider(198) - UserDetailsService initialized
2018-02-26 23:19:49 [ContainerBackgroundProcessor[StandardEngine[Catalina]]] INFO  c.m.s.web.config.WebSecurityConfig.passwordEncoder(210) - BCryptPasswordEncoder  initialized
2018-02-26 23:19:49 [ContainerBackgroundProcessor[StandardEngine[Catalina]]] INFO  c.m.s.web.config.WebSecurityConfig.getAuthenticationProvider(200) - Password encriptinig
2018-02-26 23:19:49 [ContainerBackgroundProcessor[StandardEngine[Catalina]]] INFO  c.m.s.web.config.WebSecurityConfig.configureGlobalSecurity(187) - ConfigureGlobalSecurity user permit initialized
2018-02-26 23:19:49 [ContainerBackgroundProcessor[StandardEngine[Catalina]]] INFO  c.m.s.web.config.WebSecurityConfig.getTokenRepository(98) - HibernateTokenRepositoryImpl  initialized
2018-02-26 23:19:49 [ContainerBackgroundProcessor[StandardEngine[Catalina]]] INFO  c.m.s.web.config.WebSecurityConfig.getPersistentTokenBasedRememberMeServices(220) - PersistentTokenService  initialized
2018-02-26 23:19:50 [ContainerBackgroundProcessor[StandardEngine[Catalina]]] DEBUG com.mvc.spittr.web.SpittleController.<init>(55) - 2018-02-26T23:19:50.084 Constructor call
2018-02-26 23:19:50 [ContainerBackgroundProcessor[StandardEngine[Catalina]]] INFO  c.m.spittr.web.config.AppRootConfig.multipartResolver(63) - MultipartResolver initialized
2018-02-26 23:19:50 [ContainerBackgroundProcessor[StandardEngine[Catalina]]] INFO  c.m.spittr.web.config.AppRootConfig.getJavaMailSender(75) - JavaMailMessage initialized
2018-02-26 23:19:50 [ContainerBackgroundProcessor[StandardEngine[Catalina]]] INFO  c.mvc.spittr.web.config.AppWebConfig.addInterceptors(122) - Interceptor added urls: /* /**
2018-02-26 23:19:50 [ContainerBackgroundProcessor[StandardEngine[Catalina]]] INFO  c.mvc.spittr.web.config.AppWebConfig.addFormatters(104) - Converter initialized, it converts string values[Roles] to UserProfiles
2018-02-26 23:19:50 [ContainerBackgroundProcessor[StandardEngine[Catalina]]] INFO  c.mvc.spittr.web.config.AppWebConfig.configureDefaultServletHandling(110) - DefaultServletHandlerConfigurer inizialized
2018-02-26 23:19:51 [ContainerBackgroundProcessor[StandardEngine[Catalina]]] INFO  c.mvc.spittr.web.config.AppWebConfig.viewResolver(65) - InternalResourceViewResolver inizialized
2018-02-26 23:19:51 [ContainerBackgroundProcessor[StandardEngine[Catalina]]] INFO  c.mvc.spittr.web.config.AppWebConfig.viewResolver(70) - resolver setting prefix /WEB-INF/views/
2018-02-26 23:19:51 [ContainerBackgroundProcessor[StandardEngine[Catalina]]] INFO  c.mvc.spittr.web.config.AppWebConfig.viewResolver(72) - resolver setting suffix .jsp
2018-02-26 23:19:51 [ContainerBackgroundProcessor[StandardEngine[Catalina]]] INFO  c.mvc.spittr.web.config.AppWebConfig.viewResolver(75) - org.springframework.web.servlet.view.JstlView.class set as view class
2018-02-26 23:19:51 [ContainerBackgroundProcessor[StandardEngine[Catalina]]] INFO  c.mvc.spittr.web.config.AppWebConfig.viewResolver2(82) - InternalResourceViewResolver for html inizialized
2018-02-26 23:19:51 [ContainerBackgroundProcessor[StandardEngine[Catalina]]] INFO  c.mvc.spittr.web.config.AppWebConfig.viewResolver2(87) - resolver setting prefix /WEB-INF/views/
2018-02-26 23:19:51 [ContainerBackgroundProcessor[StandardEngine[Catalina]]] INFO  c.mvc.spittr.web.config.AppWebConfig.viewResolver2(89) - resolver setting suffix .html
2018-02-26 23:19:51 [ContainerBackgroundProcessor[StandardEngine[Catalina]]] INFO  c.mvc.spittr.web.config.AppWebConfig.viewResolver2(92) - org.springframework.web.servlet.view.JstlView.class set as view class
2018-02-26 23:19:51 [ContainerBackgroundProcessor[StandardEngine[Catalina]]] INFO  c.m.s.w.c.HibernateConfiguration.getTransactionManager(69) - ***HIBERNATE*** - HibernateTransactionManager initialized - HIBERNATE -
2018-02-26 23:19:51 [ContainerBackgroundProcessor[StandardEngine[Catalina]]] INFO  c.m.s.web.config.WebSecurityConfig.configure(157) - WebSecurityConfig$$EnhancerBySpringCGLIB$$614bc87b::configure view permit
2018-02-26 23:19:51 [ContainerBackgroundProcessor[StandardEngine[Catalina]]] INFO  c.m.s.web.config.WebSecurityConfig.configure(158) - WebSecurityConfig$$EnhancerBySpringCGLIB$$614bc87b initialized
2018-02-26 23:19:53 [ContainerBackgroundProcessor[StandardEngine[Catalina]]] INFO  c.m.spittr.web.config.AppRootConfig.messageSource(47) - MessageSource initialized
2018-02-26 23:19:53 [ContainerBackgroundProcessor[StandardEngine[Catalina]]] INFO  c.m.s.w.c.HibernateConfiguration.dataSource(48) - ***HIBERNATE*** - DB DataSource initialized - HIBERNATE -
2018-02-26 23:19:53 [ContainerBackgroundProcessor[StandardEngine[Catalina]]] INFO  c.m.s.w.c.HibernateConfiguration.getSessionFactory(56) - ***HIBERNATE*** - LocalSessionFactoryBean initialized - HIBERNATE -
2018-02-26 23:19:53 [ContainerBackgroundProcessor[StandardEngine[Catalina]]] INFO  c.m.s.w.c.HibernateConfiguration.getSessionFactory(58) - ***HIBERNATE*** - HibernateProperties initialized - HIBERNATE -
2018-02-26 23:19:54 [ContainerBackgroundProcessor[StandardEngine[Catalina]]] INFO  c.mvc.spittr.web.config.AppWebConfig.setApplicationContext(55) - InternalResourceViewResolver inizialized
2018-02-26 23:19:54 [ContainerBackgroundProcessor[StandardEngine[Catalina]]] INFO  c.m.s.web.config.WebSecurityConfig.getAuthenticationTrustResolver(105) - AuthenticationTrustResolver  initialized
2018-02-26 23:19:54 [ContainerBackgroundProcessor[StandardEngine[Catalina]]] INFO  c.m.s.web.config.WebSecurityConfig.getSpitterDetailService(92) - SpitterDetailService  initialized
2018-02-26 23:19:54 [ContainerBackgroundProcessor[StandardEngine[Catalina]]] INFO  c.m.s.web.config.WebSecurityConfig.getAuthenticationProvider(198) - UserDetailsService initialized
2018-02-26 23:19:54 [ContainerBackgroundProcessor[StandardEngine[Catalina]]] INFO  c.m.s.web.config.WebSecurityConfig.passwordEncoder(210) - BCryptPasswordEncoder  initialized
2018-02-26 23:19:54 [ContainerBackgroundProcessor[StandardEngine[Catalina]]] INFO  c.m.s.web.config.WebSecurityConfig.getAuthenticationProvider(200) - Password encriptinig
2018-02-26 23:19:54 [ContainerBackgroundProcessor[StandardEngine[Catalina]]] INFO  c.m.s.web.config.WebSecurityConfig.configureGlobalSecurity(187) - ConfigureGlobalSecurity user permit initialized
2018-02-26 23:19:54 [ContainerBackgroundProcessor[StandardEngine[Catalina]]] INFO  c.m.s.web.config.WebSecurityConfig.getTokenRepository(98) - HibernateTokenRepositoryImpl  initialized
2018-02-26 23:19:54 [ContainerBackgroundProcessor[StandardEngine[Catalina]]] INFO  c.m.s.web.config.WebSecurityConfig.getPersistentTokenBasedRememberMeServices(220) - PersistentTokenService  initialized
2018-02-26 23:19:54 [ContainerBackgroundProcessor[StandardEngine[Catalina]]] DEBUG com.mvc.spittr.web.SpittleController.<init>(55) - 2018-02-26T23:19:54.682 Constructor call
2018-02-26 23:19:54 [ContainerBackgroundProcessor[StandardEngine[Catalina]]] INFO  c.m.spittr.web.config.AppRootConfig.multipartResolver(63) - MultipartResolver initialized
2018-02-26 23:19:54 [ContainerBackgroundProcessor[StandardEngine[Catalina]]] INFO  c.m.spittr.web.config.AppRootConfig.getJavaMailSender(75) - JavaMailMessage initialized
2018-02-26 23:19:54 [ContainerBackgroundProcessor[StandardEngine[Catalina]]] INFO  c.mvc.spittr.web.config.AppWebConfig.addInterceptors(122) - Interceptor added urls: /* /**
2018-02-26 23:19:54 [ContainerBackgroundProcessor[StandardEngine[Catalina]]] INFO  c.mvc.spittr.web.config.AppWebConfig.addFormatters(104) - Converter initialized, it converts string values[Roles] to UserProfiles
2018-02-26 23:19:54 [ContainerBackgroundProcessor[StandardEngine[Catalina]]] INFO  c.mvc.spittr.web.config.AppWebConfig.configureDefaultServletHandling(110) - DefaultServletHandlerConfigurer inizialized
2018-02-26 23:19:55 [ContainerBackgroundProcessor[StandardEngine[Catalina]]] INFO  c.mvc.spittr.web.config.AppWebConfig.viewResolver(65) - InternalResourceViewResolver inizialized
2018-02-26 23:19:55 [ContainerBackgroundProcessor[StandardEngine[Catalina]]] INFO  c.mvc.spittr.web.config.AppWebConfig.viewResolver(70) - resolver setting prefix /WEB-INF/views/
2018-02-26 23:19:55 [ContainerBackgroundProcessor[StandardEngine[Catalina]]] INFO  c.mvc.spittr.web.config.AppWebConfig.viewResolver(72) - resolver setting suffix .jsp
2018-02-26 23:19:55 [ContainerBackgroundProcessor[StandardEngine[Catalina]]] INFO  c.mvc.spittr.web.config.AppWebConfig.viewResolver(75) - org.springframework.web.servlet.view.JstlView.class set as view class
2018-02-26 23:19:55 [ContainerBackgroundProcessor[StandardEngine[Catalina]]] INFO  c.mvc.spittr.web.config.AppWebConfig.viewResolver2(82) - InternalResourceViewResolver for html inizialized
2018-02-26 23:19:55 [ContainerBackgroundProcessor[StandardEngine[Catalina]]] INFO  c.mvc.spittr.web.config.AppWebConfig.viewResolver2(87) - resolver setting prefix /WEB-INF/views/
2018-02-26 23:19:55 [ContainerBackgroundProcessor[StandardEngine[Catalina]]] INFO  c.mvc.spittr.web.config.AppWebConfig.viewResolver2(89) - resolver setting suffix .html
2018-02-26 23:19:55 [ContainerBackgroundProcessor[StandardEngine[Catalina]]] INFO  c.mvc.spittr.web.config.AppWebConfig.viewResolver2(92) - org.springframework.web.servlet.view.JstlView.class set as view class
2018-02-26 23:19:55 [ContainerBackgroundProcessor[StandardEngine[Catalina]]] INFO  c.m.s.w.c.HibernateConfiguration.getTransactionManager(69) - ***HIBERNATE*** - HibernateTransactionManager initialized - HIBERNATE -
2018-02-26 23:19:55 [ContainerBackgroundProcessor[StandardEngine[Catalina]]] INFO  c.m.s.web.config.WebSecurityConfig.configure(157) - WebSecurityConfig$$EnhancerBySpringCGLIB$$614bc87b::configure view permit
2018-02-26 23:19:55 [ContainerBackgroundProcessor[StandardEngine[Catalina]]] INFO  c.m.s.web.config.WebSecurityConfig.configure(158) - WebSecurityConfig$$EnhancerBySpringCGLIB$$614bc87b initialized
2018-02-26 23:19:56 [ContainerBackgroundProcessor[StandardEngine[Catalina]]] INFO  c.m.spittr.web.config.AppRootConfig.messageSource(47) - MessageSource initialized
2018-02-26 23:19:56 [ContainerBackgroundProcessor[StandardEngine[Catalina]]] INFO  c.m.s.w.c.HibernateConfiguration.dataSource(48) - ***HIBERNATE*** - DB DataSource initialized - HIBERNATE -
2018-02-26 23:19:56 [ContainerBackgroundProcessor[StandardEngine[Catalina]]] INFO  c.m.s.w.c.HibernateConfiguration.getSessionFactory(56) - ***HIBERNATE*** - LocalSessionFactoryBean initialized - HIBERNATE -
2018-02-26 23:19:56 [ContainerBackgroundProcessor[StandardEngine[Catalina]]] INFO  c.m.s.w.c.HibernateConfiguration.getSessionFactory(58) - ***HIBERNATE*** - HibernateProperties initialized - HIBERNATE -
2018-02-26 23:19:57 [ContainerBackgroundProcessor[StandardEngine[Catalina]]] INFO  c.mvc.spittr.web.config.AppWebConfig.setApplicationContext(55) - InternalResourceViewResolver inizialized
2018-02-26 23:19:57 [ContainerBackgroundProcessor[StandardEngine[Catalina]]] INFO  c.m.s.web.config.WebSecurityConfig.getAuthenticationTrustResolver(105) - AuthenticationTrustResolver  initialized
2018-02-26 23:19:57 [ContainerBackgroundProcessor[StandardEngine[Catalina]]] INFO  c.m.s.web.config.WebSecurityConfig.getSpitterDetailService(92) - SpitterDetailService  initialized
2018-02-26 23:19:57 [ContainerBackgroundProcessor[StandardEngine[Catalina]]] INFO  c.m.s.web.config.WebSecurityConfig.getAuthenticationProvider(198) - UserDetailsService initialized
2018-02-26 23:19:57 [ContainerBackgroundProcessor[StandardEngine[Catalina]]] INFO  c.m.s.web.config.WebSecurityConfig.passwordEncoder(210) - BCryptPasswordEncoder  initialized
2018-02-26 23:19:57 [ContainerBackgroundProcessor[StandardEngine[Catalina]]] INFO  c.m.s.web.config.WebSecurityConfig.getAuthenticationProvider(200) - Password encriptinig
2018-02-26 23:19:57 [ContainerBackgroundProcessor[StandardEngine[Catalina]]] INFO  c.m.s.web.config.WebSecurityConfig.configureGlobalSecurity(187) - ConfigureGlobalSecurity user permit initialized
2018-02-26 23:19:57 [ContainerBackgroundProcessor[StandardEngine[Catalina]]] INFO  c.m.s.web.config.WebSecurityConfig.getTokenRepository(98) - HibernateTokenRepositoryImpl  initialized
2018-02-26 23:19:57 [ContainerBackgroundProcessor[StandardEngine[Catalina]]] INFO  c.m.s.web.config.WebSecurityConfig.getPersistentTokenBasedRememberMeServices(220) - PersistentTokenService  initialized
2018-02-26 23:19:57 [ContainerBackgroundProcessor[StandardEngine[Catalina]]] DEBUG com.mvc.spittr.web.SpittleController.<init>(55) - 2018-02-26T23:19:57.372 Constructor call
2018-02-26 23:19:57 [ContainerBackgroundProcessor[StandardEngine[Catalina]]] INFO  c.m.spittr.web.config.AppRootConfig.multipartResolver(63) - MultipartResolver initialized
2018-02-26 23:19:57 [ContainerBackgroundProcessor[StandardEngine[Catalina]]] INFO  c.m.spittr.web.config.AppRootConfig.getJavaMailSender(75) - JavaMailMessage initialized
2018-02-26 23:19:57 [ContainerBackgroundProcessor[StandardEngine[Catalina]]] INFO  c.m.s.w.c.HibernateConfiguration.getTransactionManager(69) - ***HIBERNATE*** - HibernateTransactionManager initialized - HIBERNATE -
2018-02-26 23:19:57 [ContainerBackgroundProcessor[StandardEngine[Catalina]]] INFO  c.m.s.web.config.WebSecurityConfig.configure(157) - WebSecurityConfig$$EnhancerBySpringCGLIB$$614bc87b::configure view permit
2018-02-26 23:19:57 [ContainerBackgroundProcessor[StandardEngine[Catalina]]] INFO  c.m.s.web.config.WebSecurityConfig.configure(158) - WebSecurityConfig$$EnhancerBySpringCGLIB$$614bc87b initialized
2018-02-26 23:19:57 [ContainerBackgroundProcessor[StandardEngine[Catalina]]] INFO  c.mvc.spittr.web.config.AppWebConfig.addInterceptors(122) - Interceptor added urls: /* /**
2018-02-26 23:19:57 [ContainerBackgroundProcessor[StandardEngine[Catalina]]] INFO  c.mvc.spittr.web.config.AppWebConfig.addFormatters(104) - Converter initialized, it converts string values[Roles] to UserProfiles
2018-02-26 23:19:58 [ContainerBackgroundProcessor[StandardEngine[Catalina]]] INFO  c.mvc.spittr.web.config.AppWebConfig.configureDefaultServletHandling(110) - DefaultServletHandlerConfigurer inizialized
2018-02-26 23:19:58 [ContainerBackgroundProcessor[StandardEngine[Catalina]]] INFO  c.mvc.spittr.web.config.AppWebConfig.viewResolver(65) - InternalResourceViewResolver inizialized
2018-02-26 23:19:58 [ContainerBackgroundProcessor[StandardEngine[Catalina]]] INFO  c.mvc.spittr.web.config.AppWebConfig.viewResolver(70) - resolver setting prefix /WEB-INF/views/
2018-02-26 23:19:58 [ContainerBackgroundProcessor[StandardEngine[Catalina]]] INFO  c.mvc.spittr.web.config.AppWebConfig.viewResolver(72) - resolver setting suffix .jsp
2018-02-26 23:19:58 [ContainerBackgroundProcessor[StandardEngine[Catalina]]] INFO  c.mvc.spittr.web.config.AppWebConfig.viewResolver(75) - org.springframework.web.servlet.view.JstlView.class set as view class
2018-02-26 23:19:58 [ContainerBackgroundProcessor[StandardEngine[Catalina]]] INFO  c.mvc.spittr.web.config.AppWebConfig.viewResolver2(82) - InternalResourceViewResolver for html inizialized
2018-02-26 23:19:58 [ContainerBackgroundProcessor[StandardEngine[Catalina]]] INFO  c.mvc.spittr.web.config.AppWebConfig.viewResolver2(87) - resolver setting prefix /WEB-INF/views/
2018-02-26 23:19:58 [ContainerBackgroundProcessor[StandardEngine[Catalina]]] INFO  c.mvc.spittr.web.config.AppWebConfig.viewResolver2(89) - resolver setting suffix .html
2018-02-26 23:19:58 [ContainerBackgroundProcessor[StandardEngine[Catalina]]] INFO  c.mvc.spittr.web.config.AppWebConfig.viewResolver2(92) - org.springframework.web.servlet.view.JstlView.class set as view class
2018-02-26 23:19:58 [ContainerBackgroundProcessor[StandardEngine[Catalina]]] INFO  c.m.s.w.s.GenericServletDemoServlet.<clinit>(29) - ************************Start - GenericServletDemoServlet************************
2018-02-26 23:19:58 [ContainerBackgroundProcessor[StandardEngine[Catalina]]] INFO  c.m.s.w.s.GenericServletDemoServlet.<clinit>(47) - ************************End - GenericServletDemoServlet************************
2018-02-26 23:39:55 [localhost-startStop-1] INFO  c.m.s.w.c.ApacheServletInitializer.<clinit>(29) - ************************Start AppWebConfig************************
2018-02-26 23:39:55 [localhost-startStop-1] INFO  c.m.s.w.c.ApacheServletInitializer.<clinit>(83) - ************************End AppWebConfig************************
2018-02-26 23:39:56 [localhost-startStop-1] INFO  c.m.s.w.c.SecurityWebApplicationInitializer.<clinit>(16) - 1 ************************SecurityWebApplicationInitializer Intizialized************************
2018-02-26 23:39:56 [localhost-startStop-1] INFO  c.m.s.web.config.WebAppInitializer.<clinit>(55) - ************************Start WebAppInitializer************************
2018-02-26 23:39:56 [localhost-startStop-1] INFO  c.m.s.web.config.WebAppInitializer.<clinit>(161) - ************************End WebAppInitializer************************
2018-02-26 23:39:56 [localhost-startStop-1] INFO  c.m.s.web.config.WebAppInitializer.getRootConfigClasses(66) - AppRootConfig configured
2018-02-26 23:39:56 [localhost-startStop-1] INFO  c.m.s.web.config.WebAppInitializer.getServletConfigClasses(81) - AppWebConfig configured
2018-02-26 23:39:56 [localhost-startStop-1] INFO  c.m.s.web.config.WebAppInitializer.customizeRegistration(118) - CustomizeRegistration initialized
2018-02-26 23:39:56 [localhost-startStop-1] INFO  c.m.s.web.config.WebAppInitializer.customizeRegistration(128) - ***START*** Multipart initializing 
2018-02-26 23:39:56 [localhost-startStop-1] INFO  c.m.s.web.config.WebAppInitializer.customizeRegistration(129) - Download Directory:/tmp
2018-02-26 23:39:56 [localhost-startStop-1] INFO  c.m.s.web.config.WebAppInitializer.customizeRegistration(137) - Multipart uploads files at /home/sabaja/Scrivania/spring-hibernate-workspace/Spring-In-Action_WebApp/Downloads, maxFileSize=2097152, maxRequestSize=4194304, fileSizeThreshold=0
2018-02-26 23:39:56 [localhost-startStop-1] INFO  c.m.s.web.config.WebAppInitializer.customizeRegistration(140) - ***END*** Multipart initialized 
2018-02-26 23:39:56 [localhost-startStop-1] INFO  c.m.s.w.c.ApacheServletInitializer.onStartup(37) - WebApplicationInitializer@ServletApacheInitializer instantiated
2018-02-26 23:39:56 [localhost-startStop-1] INFO  c.m.s.w.c.ApacheServletInitializer.onStartup(52) - Servlet [com.mvc.spittr.web.servlet.GenericServletDemoServlet] was added
2018-02-26 23:40:00 [localhost-startStop-1] INFO  c.m.spittr.web.config.AppRootConfig.<clinit>(38) - ************************AppRootConfig************************
2018-02-26 23:40:01 [localhost-startStop-1] INFO  c.m.s.web.config.WebSecurityConfig.<clinit>(66) - ************************Start - WebSecurityConfig************************
2018-02-26 23:40:01 [localhost-startStop-1] INFO  c.m.s.web.config.WebSecurityConfig.<clinit>(205) - ************************End - WebSecurityConfig************************
2018-02-26 23:40:01 [localhost-startStop-1] INFO  c.mvc.spittr.web.config.AppWebConfig.<clinit>(49) - ************************Start AppWebConfig************************
2018-02-26 23:40:01 [localhost-startStop-1] INFO  c.mvc.spittr.web.config.AppWebConfig.<clinit>(209) - ************************End AppWebConfig************************
2018-02-26 23:40:01 [localhost-startStop-1] INFO  c.m.s.w.c.HibernateConfiguration.<clinit>(36) - ************************HibernateConfiguration************************
2018-02-26 23:40:02 [localhost-startStop-1] INFO  c.m.spittr.web.config.AppRootConfig.messageSource(47) - MessageSource initialized
2018-02-26 23:40:03 [localhost-startStop-1] INFO  c.m.s.web.config.WebSecurityConfig.getAuthenticationTrustResolver(105) - AuthenticationTrustResolver  initialized
2018-02-26 23:40:03 [localhost-startStop-1] INFO  c.m.s.w.c.RoleToUserProfileConverter.<clinit>(27) - ************************Start RoleToUserProfileConverter************************
2018-02-26 23:40:03 [localhost-startStop-1] INFO  c.m.s.w.c.RoleToUserProfileConverter.<clinit>(42) - ************************End RoleToUserProfileConverter************************
2018-02-26 23:40:03 [localhost-startStop-1] INFO  c.m.s.w.c.HibernateConfiguration.dataSource(48) - ***HIBERNATE*** - DB DataSource initialized - HIBERNATE -
2018-02-26 23:40:04 [localhost-startStop-1] INFO  c.m.s.w.c.HibernateConfiguration.getSessionFactory(56) - ***HIBERNATE*** - LocalSessionFactoryBean initialized - HIBERNATE -
2018-02-26 23:40:04 [localhost-startStop-1] INFO  c.m.s.w.c.HibernateConfiguration.getSessionFactory(58) - ***HIBERNATE*** - HibernateProperties initialized - HIBERNATE -
2018-02-26 23:40:15 [localhost-startStop-1] INFO  c.m.s.w.l.HttpRequestLogInterceptor.<clinit>(28) - HttpRequestLogInterceptor initialized
2018-02-26 23:40:15 [localhost-startStop-1] INFO  c.mvc.spittr.web.config.AppWebConfig.setApplicationContext(55) - InternalResourceViewResolver inizialized
2018-02-26 23:40:17 [localhost-startStop-1] INFO  c.m.s.web.config.WebSecurityConfig.getSpitterDetailService(92) - SpitterDetailService  initialized
2018-02-26 23:40:17 [localhost-startStop-1] INFO  c.m.s.web.config.WebSecurityConfig.getAuthenticationProvider(198) - UserDetailsService initialized
2018-02-26 23:40:17 [localhost-startStop-1] INFO  c.m.s.web.config.WebSecurityConfig.passwordEncoder(210) - BCryptPasswordEncoder  initialized
2018-02-26 23:40:17 [localhost-startStop-1] INFO  c.m.s.web.config.WebSecurityConfig.getAuthenticationProvider(200) - Password encriptinig
2018-02-26 23:40:17 [localhost-startStop-1] INFO  c.m.s.web.config.WebSecurityConfig.configureGlobalSecurity(187) - ConfigureGlobalSecurity user permit initialized
2018-02-26 23:40:18 [localhost-startStop-1] INFO  c.m.s.web.config.WebSecurityConfig.getTokenRepository(98) - HibernateTokenRepositoryImpl  initialized
2018-02-26 23:40:18 [localhost-startStop-1] INFO  c.m.s.web.config.WebSecurityConfig.getPersistentTokenBasedRememberMeServices(220) - PersistentTokenService  initialized
2018-02-26 23:40:18 [localhost-startStop-1] DEBUG com.mvc.spittr.web.SpittleController.<init>(55) - 2018-02-26T23:40:18.492 Constructor call
2018-02-26 23:40:18 [localhost-startStop-1] INFO  c.m.spittr.web.config.AppRootConfig.multipartResolver(63) - MultipartResolver initialized
2018-02-26 23:40:18 [localhost-startStop-1] INFO  c.m.spittr.web.config.AppRootConfig.getJavaMailSender(75) - JavaMailMessage initialized
2018-02-26 23:40:19 [localhost-startStop-1] INFO  c.mvc.spittr.web.config.AppWebConfig.addInterceptors(122) - Interceptor added urls: /* /**
2018-02-26 23:40:19 [localhost-startStop-1] INFO  c.mvc.spittr.web.config.AppWebConfig.addFormatters(104) - Converter initialized, it converts string values[Roles] to UserProfiles
2018-02-26 23:40:21 [localhost-startStop-1] INFO  c.mvc.spittr.web.config.AppWebConfig.configureDefaultServletHandling(110) - DefaultServletHandlerConfigurer inizialized
2018-02-26 23:40:25 [localhost-startStop-1] INFO  c.mvc.spittr.web.config.AppWebConfig.viewResolver(65) - InternalResourceViewResolver inizialized
2018-02-26 23:40:25 [localhost-startStop-1] INFO  c.mvc.spittr.web.config.AppWebConfig.viewResolver(70) - resolver setting prefix /WEB-INF/views/
2018-02-26 23:40:25 [localhost-startStop-1] INFO  c.mvc.spittr.web.config.AppWebConfig.viewResolver(72) - resolver setting suffix .jsp
2018-02-26 23:40:25 [localhost-startStop-1] INFO  c.mvc.spittr.web.config.AppWebConfig.viewResolver(75) - org.springframework.web.servlet.view.JstlView.class set as view class
2018-02-26 23:40:25 [localhost-startStop-1] INFO  c.mvc.spittr.web.config.AppWebConfig.viewResolver2(82) - InternalResourceViewResolver for html inizialized
2018-02-26 23:40:25 [localhost-startStop-1] INFO  c.mvc.spittr.web.config.AppWebConfig.viewResolver2(87) - resolver setting prefix /WEB-INF/views/
2018-02-26 23:40:25 [localhost-startStop-1] INFO  c.mvc.spittr.web.config.AppWebConfig.viewResolver2(89) - resolver setting suffix .html
2018-02-26 23:40:25 [localhost-startStop-1] INFO  c.mvc.spittr.web.config.AppWebConfig.viewResolver2(92) - org.springframework.web.servlet.view.JstlView.class set as view class
2018-02-26 23:40:26 [localhost-startStop-1] INFO  c.m.s.w.c.HibernateConfiguration.getTransactionManager(69) - ***HIBERNATE*** - HibernateTransactionManager initialized - HIBERNATE -
2018-02-26 23:40:28 [localhost-startStop-1] INFO  c.m.s.web.config.WebSecurityConfig.configure(157) - WebSecurityConfig$$EnhancerBySpringCGLIB$$d3a3a4ef::configure view permit
2018-02-26 23:40:28 [localhost-startStop-1] INFO  c.m.s.web.config.WebSecurityConfig.configure(158) - WebSecurityConfig$$EnhancerBySpringCGLIB$$d3a3a4ef initialized
2018-02-26 23:40:35 [localhost-startStop-1] INFO  c.m.spittr.web.config.AppRootConfig.messageSource(47) - MessageSource initialized
2018-02-26 23:40:36 [localhost-startStop-1] INFO  c.m.s.w.c.HibernateConfiguration.dataSource(48) - ***HIBERNATE*** - DB DataSource initialized - HIBERNATE -
2018-02-26 23:40:36 [localhost-startStop-1] INFO  c.m.s.w.c.HibernateConfiguration.getSessionFactory(56) - ***HIBERNATE*** - LocalSessionFactoryBean initialized - HIBERNATE -
2018-02-26 23:40:36 [localhost-startStop-1] INFO  c.m.s.w.c.HibernateConfiguration.getSessionFactory(58) - ***HIBERNATE*** - HibernateProperties initialized - HIBERNATE -
2018-02-26 23:40:38 [localhost-startStop-1] INFO  c.mvc.spittr.web.config.AppWebConfig.setApplicationContext(55) - InternalResourceViewResolver inizialized
2018-02-26 23:40:38 [localhost-startStop-1] INFO  c.m.s.web.config.WebSecurityConfig.getAuthenticationTrustResolver(105) - AuthenticationTrustResolver  initialized
2018-02-26 23:40:39 [localhost-startStop-1] INFO  c.m.s.web.config.WebSecurityConfig.getSpitterDetailService(92) - SpitterDetailService  initialized
2018-02-26 23:40:39 [localhost-startStop-1] INFO  c.m.s.web.config.WebSecurityConfig.getAuthenticationProvider(198) - UserDetailsService initialized
2018-02-26 23:40:39 [localhost-startStop-1] INFO  c.m.s.web.config.WebSecurityConfig.passwordEncoder(210) - BCryptPasswordEncoder  initialized
2018-02-26 23:40:39 [localhost-startStop-1] INFO  c.m.s.web.config.WebSecurityConfig.getAuthenticationProvider(200) - Password encriptinig
2018-02-26 23:40:39 [localhost-startStop-1] INFO  c.m.s.web.config.WebSecurityConfig.configureGlobalSecurity(187) - ConfigureGlobalSecurity user permit initialized
2018-02-26 23:40:39 [localhost-startStop-1] INFO  c.m.s.web.config.WebSecurityConfig.getTokenRepository(98) - HibernateTokenRepositoryImpl  initialized
2018-02-26 23:40:39 [localhost-startStop-1] INFO  c.m.s.web.config.WebSecurityConfig.getPersistentTokenBasedRememberMeServices(220) - PersistentTokenService  initialized
2018-02-26 23:40:39 [localhost-startStop-1] DEBUG com.mvc.spittr.web.SpittleController.<init>(55) - 2018-02-26T23:40:39.958 Constructor call
2018-02-26 23:40:40 [localhost-startStop-1] INFO  c.m.spittr.web.config.AppRootConfig.multipartResolver(63) - MultipartResolver initialized
2018-02-26 23:40:40 [localhost-startStop-1] INFO  c.m.spittr.web.config.AppRootConfig.getJavaMailSender(75) - JavaMailMessage initialized
2018-02-26 23:40:40 [localhost-startStop-1] INFO  c.mvc.spittr.web.config.AppWebConfig.addInterceptors(122) - Interceptor added urls: /* /**
2018-02-26 23:40:40 [localhost-startStop-1] INFO  c.mvc.spittr.web.config.AppWebConfig.addFormatters(104) - Converter initialized, it converts string values[Roles] to UserProfiles
2018-02-26 23:40:40 [localhost-startStop-1] INFO  c.mvc.spittr.web.config.AppWebConfig.configureDefaultServletHandling(110) - DefaultServletHandlerConfigurer inizialized
2018-02-26 23:40:41 [localhost-startStop-1] INFO  c.mvc.spittr.web.config.AppWebConfig.viewResolver(65) - InternalResourceViewResolver inizialized
2018-02-26 23:40:41 [localhost-startStop-1] INFO  c.mvc.spittr.web.config.AppWebConfig.viewResolver(70) - resolver setting prefix /WEB-INF/views/
2018-02-26 23:40:41 [localhost-startStop-1] INFO  c.mvc.spittr.web.config.AppWebConfig.viewResolver(72) - resolver setting suffix .jsp
2018-02-26 23:40:41 [localhost-startStop-1] INFO  c.mvc.spittr.web.config.AppWebConfig.viewResolver(75) - org.springframework.web.servlet.view.JstlView.class set as view class
2018-02-26 23:40:41 [localhost-startStop-1] INFO  c.mvc.spittr.web.config.AppWebConfig.viewResolver2(82) - InternalResourceViewResolver for html inizialized
2018-02-26 23:40:41 [localhost-startStop-1] INFO  c.mvc.spittr.web.config.AppWebConfig.viewResolver2(87) - resolver setting prefix /WEB-INF/views/
2018-02-26 23:40:41 [localhost-startStop-1] INFO  c.mvc.spittr.web.config.AppWebConfig.viewResolver2(89) - resolver setting suffix .html
2018-02-26 23:40:41 [localhost-startStop-1] INFO  c.mvc.spittr.web.config.AppWebConfig.viewResolver2(92) - org.springframework.web.servlet.view.JstlView.class set as view class
2018-02-26 23:40:41 [localhost-startStop-1] INFO  c.m.s.w.c.HibernateConfiguration.getTransactionManager(69) - ***HIBERNATE*** - HibernateTransactionManager initialized - HIBERNATE -
2018-02-26 23:40:41 [localhost-startStop-1] INFO  c.m.s.web.config.WebSecurityConfig.configure(157) - WebSecurityConfig$$EnhancerBySpringCGLIB$$d3a3a4ef::configure view permit
2018-02-26 23:40:41 [localhost-startStop-1] INFO  c.m.s.web.config.WebSecurityConfig.configure(158) - WebSecurityConfig$$EnhancerBySpringCGLIB$$d3a3a4ef initialized
2018-02-26 23:40:46 [localhost-startStop-1] INFO  c.m.spittr.web.config.AppRootConfig.messageSource(47) - MessageSource initialized
2018-02-26 23:40:46 [localhost-startStop-1] INFO  c.m.s.w.c.HibernateConfiguration.dataSource(48) - ***HIBERNATE*** - DB DataSource initialized - HIBERNATE -
2018-02-26 23:40:46 [localhost-startStop-1] INFO  c.m.s.w.c.HibernateConfiguration.getSessionFactory(56) - ***HIBERNATE*** - LocalSessionFactoryBean initialized - HIBERNATE -
2018-02-26 23:40:46 [localhost-startStop-1] INFO  c.m.s.w.c.HibernateConfiguration.getSessionFactory(58) - ***HIBERNATE*** - HibernateProperties initialized - HIBERNATE -
2018-02-26 23:40:47 [localhost-startStop-1] INFO  c.mvc.spittr.web.config.AppWebConfig.setApplicationContext(55) - InternalResourceViewResolver inizialized
2018-02-26 23:40:47 [localhost-startStop-1] INFO  c.m.s.web.config.WebSecurityConfig.getAuthenticationTrustResolver(105) - AuthenticationTrustResolver  initialized
2018-02-26 23:40:48 [localhost-startStop-1] INFO  c.m.s.web.config.WebSecurityConfig.getSpitterDetailService(92) - SpitterDetailService  initialized
2018-02-26 23:40:48 [localhost-startStop-1] INFO  c.m.s.web.config.WebSecurityConfig.getAuthenticationProvider(198) - UserDetailsService initialized
2018-02-26 23:40:48 [localhost-startStop-1] INFO  c.m.s.web.config.WebSecurityConfig.passwordEncoder(210) - BCryptPasswordEncoder  initialized
2018-02-26 23:40:49 [localhost-startStop-1] INFO  c.m.s.web.config.WebSecurityConfig.getAuthenticationProvider(200) - Password encriptinig
2018-02-26 23:40:49 [localhost-startStop-1] INFO  c.m.s.web.config.WebSecurityConfig.configureGlobalSecurity(187) - ConfigureGlobalSecurity user permit initialized
2018-02-26 23:40:49 [localhost-startStop-1] INFO  c.m.s.web.config.WebSecurityConfig.getTokenRepository(98) - HibernateTokenRepositoryImpl  initialized
2018-02-26 23:40:49 [localhost-startStop-1] INFO  c.m.s.web.config.WebSecurityConfig.getPersistentTokenBasedRememberMeServices(220) - PersistentTokenService  initialized
2018-02-26 23:40:49 [localhost-startStop-1] DEBUG com.mvc.spittr.web.SpittleController.<init>(55) - 2018-02-26T23:40:49.227 Constructor call
2018-02-26 23:40:49 [localhost-startStop-1] INFO  c.m.spittr.web.config.AppRootConfig.multipartResolver(63) - MultipartResolver initialized
2018-02-26 23:40:49 [localhost-startStop-1] INFO  c.m.spittr.web.config.AppRootConfig.getJavaMailSender(75) - JavaMailMessage initialized
2018-02-26 23:40:49 [localhost-startStop-1] INFO  c.m.s.w.c.HibernateConfiguration.getTransactionManager(69) - ***HIBERNATE*** - HibernateTransactionManager initialized - HIBERNATE -
2018-02-26 23:40:49 [localhost-startStop-1] INFO  c.m.s.web.config.WebSecurityConfig.configure(157) - WebSecurityConfig$$EnhancerBySpringCGLIB$$d3a3a4ef::configure view permit
2018-02-26 23:40:49 [localhost-startStop-1] INFO  c.m.s.web.config.WebSecurityConfig.configure(158) - WebSecurityConfig$$EnhancerBySpringCGLIB$$d3a3a4ef initialized
2018-02-26 23:40:51 [localhost-startStop-1] INFO  c.mvc.spittr.web.config.AppWebConfig.addInterceptors(122) - Interceptor added urls: /* /**
2018-02-26 23:40:51 [localhost-startStop-1] INFO  c.mvc.spittr.web.config.AppWebConfig.addFormatters(104) - Converter initialized, it converts string values[Roles] to UserProfiles
2018-02-26 23:40:51 [localhost-startStop-1] INFO  c.mvc.spittr.web.config.AppWebConfig.configureDefaultServletHandling(110) - DefaultServletHandlerConfigurer inizialized
2018-02-26 23:40:52 [localhost-startStop-1] INFO  c.mvc.spittr.web.config.AppWebConfig.viewResolver(65) - InternalResourceViewResolver inizialized
2018-02-26 23:40:52 [localhost-startStop-1] INFO  c.mvc.spittr.web.config.AppWebConfig.viewResolver(70) - resolver setting prefix /WEB-INF/views/
2018-02-26 23:40:52 [localhost-startStop-1] INFO  c.mvc.spittr.web.config.AppWebConfig.viewResolver(72) - resolver setting suffix .jsp
2018-02-26 23:40:52 [localhost-startStop-1] INFO  c.mvc.spittr.web.config.AppWebConfig.viewResolver(75) - org.springframework.web.servlet.view.JstlView.class set as view class
2018-02-26 23:40:52 [localhost-startStop-1] INFO  c.mvc.spittr.web.config.AppWebConfig.viewResolver2(82) - InternalResourceViewResolver for html inizialized
2018-02-26 23:40:52 [localhost-startStop-1] INFO  c.mvc.spittr.web.config.AppWebConfig.viewResolver2(87) - resolver setting prefix /WEB-INF/views/
2018-02-26 23:40:52 [localhost-startStop-1] INFO  c.mvc.spittr.web.config.AppWebConfig.viewResolver2(89) - resolver setting suffix .html
2018-02-26 23:40:52 [localhost-startStop-1] INFO  c.mvc.spittr.web.config.AppWebConfig.viewResolver2(92) - org.springframework.web.servlet.view.JstlView.class set as view class
2018-02-26 23:40:53 [localhost-startStop-1] INFO  c.m.s.w.s.GenericServletDemoServlet.<clinit>(29) - ************************Start - GenericServletDemoServlet************************
2018-02-26 23:40:53 [localhost-startStop-1] INFO  c.m.s.w.s.GenericServletDemoServlet.<clinit>(47) - ************************End - GenericServletDemoServlet************************
2018-02-26 23:41:07 [http-nio-8080-exec-2] INFO  c.m.s.w.l.HttpRequestLogInterceptor.preHandle(35) - 2018-02-26T23:41:07.483 - called url:/Spring-In-Action_WEBApp/list
2018-02-26 23:41:07 [http-nio-8080-exec-2] INFO  com.mvc.spittr.web.LoginController.listUsers(119) - spitterService is null? false
