2018-03-02 18:03:07 [http-nio-8080-exec-10] INFO  c.m.s.w.l.HttpRequestLogInterceptor.preHandle(35) - 2018-03-02T18:03:07.568 - called url:/Spring-In-Action_WEBApp/spitter
2018-03-02 18:03:07 [http-nio-8080-exec-10] INFO  c.mvc.spittr.web.util.WebFacilities.getPrincipal(28) - Auth valaue: admin
2018-03-02 18:03:26 [http-nio-8080-exec-2] INFO  c.m.s.w.l.HttpRequestLogInterceptor.preHandle(35) - 2018-03-02T18:03:26.482 - called url:/Spring-In-Action_WEBApp/spitter
2018-03-02 18:03:26 [http-nio-8080-exec-2] INFO  c.mvc.spittr.web.util.WebFacilities.getPrincipal(28) - Auth valaue: admin
2018-03-02 18:03:32 [http-nio-8080-exec-7] INFO  c.m.s.w.l.HttpRequestLogInterceptor.preHandle(35) - 2018-03-02T18:03:32.174 - called url:/Spring-In-Action_WEBApp/logout
2018-03-02 18:03:32 [http-nio-8080-exec-7] INFO  com.mvc.spittr.web.LoginController.logoutPage(142) - Before Logout - authentication_org.springframework.security.authentication.UsernamePasswordAuthenticationToken@7de43686: Principal: org.springframework.security.core.userdetails.User@586034f: Username: admin; Password: [PROTECTED]; Enabled: true; AccountNonExpired: true; credentialsNonExpired: true; AccountNonLocked: true; Granted Authorities: ROLE_ADMIN,ROLE_DB,ROLE_USER; Credentials: [PROTECTED]; Authenticated: true; Details: org.springframework.security.web.authentication.WebAuthenticationDetails@fffe9938: RemoteIpAddress: 0:0:0:0:0:0:0:1; SessionId: 990CD2321EC9FBB4B968FBE852014058; Granted Authorities: ROLE_ADMIN, ROLE_DB, ROLE_USER 
2018-03-02 18:03:32 [http-nio-8080-exec-7] INFO  com.mvc.spittr.web.LoginController.logoutPage(148) - After Logout authentication_org.springframework.security.authentication.UsernamePasswordAuthenticationToken@7de43686: Principal: org.springframework.security.core.userdetails.User@586034f: Username: admin; Password: [PROTECTED]; Enabled: true; AccountNonExpired: true; credentialsNonExpired: true; AccountNonLocked: true; Granted Authorities: ROLE_ADMIN,ROLE_DB,ROLE_USER; Credentials: [PROTECTED]; Authenticated: true; Details: org.springframework.security.web.authentication.WebAuthenticationDetails@fffe9938: RemoteIpAddress: 0:0:0:0:0:0:0:1; SessionId: 990CD2321EC9FBB4B968FBE852014058; Granted Authorities: ROLE_ADMIN, ROLE_DB, ROLE_USER 
2018-03-02 18:03:32 [http-nio-8080-exec-6] INFO  c.m.s.w.l.HttpRequestLogInterceptor.preHandle(35) - 2018-03-02T18:03:32.908 - called url:/Spring-In-Action_WEBApp/
2018-03-02 18:03:39 [http-nio-8080-exec-1] INFO  c.m.s.w.l.HttpRequestLogInterceptor.preHandle(35) - 2018-03-02T18:03:39.893 - called url:/Spring-In-Action_WEBApp/login
2018-03-02 18:03:39 [http-nio-8080-exec-1] INFO  com.mvc.spittr.web.LoginController.isCurrentAuthenticationAnonymous(177) - isCurrentAuthenticationAnonymous() flag value: true and credential_
2018-03-02 18:03:39 [http-nio-8080-exec-1] INFO  com.mvc.spittr.web.LoginController.isCurrentAuthenticationAnonymous(177) - isCurrentAuthenticationAnonymous() flag value: true and credential_
2018-03-02 18:03:39 [http-nio-8080-exec-1] INFO  com.mvc.spittr.web.LoginController.loginPage(105) - Is Current Authentication Anonymous? true
2018-03-02 18:03:43 [http-nio-8080-exec-5] INFO  c.m.s.w.l.HttpRequestLogInterceptor.preHandle(35) - 2018-03-02T18:03:43.156 - called url:/Spring-In-Action_WEBApp/spitter
2018-03-02 18:03:43 [http-nio-8080-exec-5] INFO  c.mvc.spittr.web.util.WebFacilities.getPrincipal(28) - Auth valaue: admin
2018-03-02 18:03:58 [http-nio-8080-exec-6] INFO  c.m.s.w.l.HttpRequestLogInterceptor.preHandle(35) - 2018-03-02T18:03:58.966 - called url:/Spring-In-Action_WEBApp/spitter
2018-03-02 18:03:58 [http-nio-8080-exec-6] INFO  c.mvc.spittr.web.util.WebFacilities.getPrincipal(28) - Auth valaue: admin
2018-03-02 18:05:54 [http-nio-8080-exec-2] INFO  c.m.s.w.l.HttpRequestLogInterceptor.preHandle(35) - 2018-03-02T18:05:54.891 - called url:/Spring-In-Action_WEBApp/logout
2018-03-02 18:05:54 [http-nio-8080-exec-2] INFO  com.mvc.spittr.web.LoginController.logoutPage(142) - Before Logout - authentication_org.springframework.security.authentication.UsernamePasswordAuthenticationToken@7de43686: Principal: org.springframework.security.core.userdetails.User@586034f: Username: admin; Password: [PROTECTED]; Enabled: true; AccountNonExpired: true; credentialsNonExpired: true; AccountNonLocked: true; Granted Authorities: ROLE_ADMIN,ROLE_DB,ROLE_USER; Credentials: [PROTECTED]; Authenticated: true; Details: org.springframework.security.web.authentication.WebAuthenticationDetails@fffe9938: RemoteIpAddress: 0:0:0:0:0:0:0:1; SessionId: 990CD2321EC9FBB4B968FBE852014058; Granted Authorities: ROLE_ADMIN, ROLE_DB, ROLE_USER 
2018-03-02 18:05:54 [http-nio-8080-exec-2] INFO  com.mvc.spittr.web.LoginController.logoutPage(148) - After Logout authentication_org.springframework.security.authentication.UsernamePasswordAuthenticationToken@7de43686: Principal: org.springframework.security.core.userdetails.User@586034f: Username: admin; Password: [PROTECTED]; Enabled: true; AccountNonExpired: true; credentialsNonExpired: true; AccountNonLocked: true; Granted Authorities: ROLE_ADMIN,ROLE_DB,ROLE_USER; Credentials: [PROTECTED]; Authenticated: true; Details: org.springframework.security.web.authentication.WebAuthenticationDetails@fffe9938: RemoteIpAddress: 0:0:0:0:0:0:0:1; SessionId: 990CD2321EC9FBB4B968FBE852014058; Granted Authorities: ROLE_ADMIN, ROLE_DB, ROLE_USER 
2018-03-02 18:05:54 [http-nio-8080-exec-5] INFO  c.m.s.w.l.HttpRequestLogInterceptor.preHandle(35) - 2018-03-02T18:05:54.919 - called url:/Spring-In-Action_WEBApp/
2018-03-02 18:05:56 [http-nio-8080-exec-6] INFO  c.m.s.w.l.HttpRequestLogInterceptor.preHandle(35) - 2018-03-02T18:05:56.984 - called url:/Spring-In-Action_WEBApp/login
2018-03-02 18:05:56 [http-nio-8080-exec-6] INFO  com.mvc.spittr.web.LoginController.isCurrentAuthenticationAnonymous(177) - isCurrentAuthenticationAnonymous() flag value: true and credential_
2018-03-02 18:05:56 [http-nio-8080-exec-6] INFO  com.mvc.spittr.web.LoginController.isCurrentAuthenticationAnonymous(177) - isCurrentAuthenticationAnonymous() flag value: true and credential_
2018-03-02 18:05:56 [http-nio-8080-exec-6] INFO  com.mvc.spittr.web.LoginController.loginPage(105) - Is Current Authentication Anonymous? true
2018-03-02 18:06:08 [ContainerBackgroundProcessor[StandardEngine[Catalina]]] INFO  c.m.s.w.c.RoleToUserProfileConverter.<clinit>(27) - ************************Start RoleToUserProfileConverter************************
2018-03-02 18:06:08 [ContainerBackgroundProcessor[StandardEngine[Catalina]]] INFO  c.m.s.w.c.RoleToUserProfileConverter.<clinit>(42) - ************************End RoleToUserProfileConverter************************
2018-03-02 18:06:12 [ContainerBackgroundProcessor[StandardEngine[Catalina]]] INFO  c.m.s.w.l.HttpRequestLogInterceptor.<clinit>(28) - HttpRequestLogInterceptor initialized
2018-03-02 18:06:13 [ContainerBackgroundProcessor[StandardEngine[Catalina]]] DEBUG com.mvc.spittr.web.SpittleController.<init>(55) - 2018-03-02T18:06:13.533 Constructor call
2018-03-02 18:06:16 [ContainerBackgroundProcessor[StandardEngine[Catalina]]] DEBUG com.mvc.spittr.web.SpittleController.<init>(55) - 2018-03-02T18:06:16.434 Constructor call
2018-03-02 18:06:16 [ContainerBackgroundProcessor[StandardEngine[Catalina]]] INFO  c.m.s.w.s.GenericServletDemoServlet.<clinit>(29) - ************************Start - GenericServletDemoServlet************************
2018-03-02 18:06:16 [ContainerBackgroundProcessor[StandardEngine[Catalina]]] INFO  c.m.s.w.s.GenericServletDemoServlet.<clinit>(47) - ************************End - GenericServletDemoServlet************************
2018-03-02 18:06:39 [http-nio-8080-exec-14] INFO  c.m.s.w.l.HttpRequestLogInterceptor.preHandle(35) - 2018-03-02T18:06:39.881 - called url:/Spring-In-Action_WEBApp/login
2018-03-02 18:06:39 [http-nio-8080-exec-14] INFO  com.mvc.spittr.web.LoginController.isCurrentAuthenticationAnonymous(177) - isCurrentAuthenticationAnonymous() flag value: true and credential_
2018-03-02 18:06:39 [http-nio-8080-exec-14] INFO  com.mvc.spittr.web.LoginController.isCurrentAuthenticationAnonymous(177) - isCurrentAuthenticationAnonymous() flag value: true and credential_
2018-03-02 18:06:39 [http-nio-8080-exec-14] INFO  com.mvc.spittr.web.LoginController.loginPage(105) - Is Current Authentication Anonymous? true
2018-03-02 18:06:52 [http-nio-8080-exec-17] INFO  c.m.s.w.l.HttpRequestLogInterceptor.preHandle(35) - 2018-03-02T18:06:52.455 - called url:/Spring-In-Action_WEBApp/login
2018-03-02 18:06:52 [http-nio-8080-exec-17] INFO  com.mvc.spittr.web.LoginController.isCurrentAuthenticationAnonymous(177) - isCurrentAuthenticationAnonymous() flag value: true and credential_
2018-03-02 18:06:52 [http-nio-8080-exec-17] INFO  com.mvc.spittr.web.LoginController.isCurrentAuthenticationAnonymous(177) - isCurrentAuthenticationAnonymous() flag value: true and credential_
2018-03-02 18:06:52 [http-nio-8080-exec-17] INFO  com.mvc.spittr.web.LoginController.loginPage(105) - Is Current Authentication Anonymous? true
2018-03-02 18:10:53 [http-nio-8080-exec-26] INFO  c.m.s.w.l.HttpRequestLogInterceptor.preHandle(35) - 2018-03-02T18:10:53.350 - called url:/Spring-In-Action_WEBApp/
2018-03-02 18:10:55 [http-nio-8080-exec-26] INFO  c.m.s.w.l.HttpRequestLogInterceptor.preHandle(35) - 2018-03-02T18:10:55.276 - called url:/Spring-In-Action_WEBApp/login
2018-03-02 18:10:55 [http-nio-8080-exec-26] INFO  com.mvc.spittr.web.LoginController.isCurrentAuthenticationAnonymous(177) - isCurrentAuthenticationAnonymous() flag value: true and credential_
2018-03-02 18:10:55 [http-nio-8080-exec-26] INFO  com.mvc.spittr.web.LoginController.isCurrentAuthenticationAnonymous(177) - isCurrentAuthenticationAnonymous() flag value: true and credential_
2018-03-02 18:10:55 [http-nio-8080-exec-26] INFO  com.mvc.spittr.web.LoginController.loginPage(105) - Is Current Authentication Anonymous? true
2018-03-02 18:12:20 [localhost-startStop-1] INFO  c.m.s.w.c.RoleToUserProfileConverter.<clinit>(27) - ************************Start RoleToUserProfileConverter************************
2018-03-02 18:12:20 [localhost-startStop-1] INFO  c.m.s.w.c.RoleToUserProfileConverter.<clinit>(42) - ************************End RoleToUserProfileConverter************************
2018-03-02 18:12:25 [localhost-startStop-1] INFO  c.m.s.w.l.HttpRequestLogInterceptor.<clinit>(28) - HttpRequestLogInterceptor initialized
2018-03-02 18:12:25 [localhost-startStop-1] DEBUG com.mvc.spittr.web.SpittleController.<init>(55) - 2018-03-02T18:12:25.895 Constructor call
2018-03-02 18:12:29 [localhost-startStop-1] DEBUG com.mvc.spittr.web.SpittleController.<init>(55) - 2018-03-02T18:12:29.752 Constructor call
2018-03-02 18:12:30 [localhost-startStop-1] INFO  c.m.s.w.s.GenericServletDemoServlet.<clinit>(29) - ************************Start - GenericServletDemoServlet************************
2018-03-02 18:12:30 [localhost-startStop-1] INFO  c.m.s.w.s.GenericServletDemoServlet.<clinit>(47) - ************************End - GenericServletDemoServlet************************
2018-03-02 18:12:31 [http-nio-8080-exec-2] INFO  c.m.s.w.l.HttpRequestLogInterceptor.preHandle(35) - 2018-03-02T18:12:31.720 - called url:/Spring-In-Action_WEBApp/login
2018-03-02 18:12:31 [http-nio-8080-exec-2] INFO  com.mvc.spittr.web.LoginController.isCurrentAuthenticationAnonymous(177) - isCurrentAuthenticationAnonymous() flag value: true and credential_
2018-03-02 18:12:31 [http-nio-8080-exec-2] INFO  com.mvc.spittr.web.LoginController.isCurrentAuthenticationAnonymous(177) - isCurrentAuthenticationAnonymous() flag value: true and credential_
2018-03-02 18:12:31 [http-nio-8080-exec-2] INFO  com.mvc.spittr.web.LoginController.loginPage(105) - Is Current Authentication Anonymous? true
2018-03-02 18:12:32 [http-nio-8080-exec-5] INFO  c.m.s.w.l.HttpRequestLogInterceptor.preHandle(35) - 2018-03-02T18:12:32.623 - called url:/Spring-In-Action_WEBApp/login
2018-03-02 18:12:32 [http-nio-8080-exec-5] INFO  com.mvc.spittr.web.LoginController.isCurrentAuthenticationAnonymous(177) - isCurrentAuthenticationAnonymous() flag value: true and credential_
2018-03-02 18:12:32 [http-nio-8080-exec-5] INFO  com.mvc.spittr.web.LoginController.isCurrentAuthenticationAnonymous(177) - isCurrentAuthenticationAnonymous() flag value: true and credential_
2018-03-02 18:12:32 [http-nio-8080-exec-5] INFO  com.mvc.spittr.web.LoginController.loginPage(105) - Is Current Authentication Anonymous? true
2018-03-02 18:14:40 [http-nio-8080-exec-9] INFO  c.m.s.w.l.HttpRequestLogInterceptor.preHandle(35) - 2018-03-02T18:14:40.681 - called url:/Spring-In-Action_WEBApp/login
2018-03-02 18:14:40 [http-nio-8080-exec-9] INFO  com.mvc.spittr.web.LoginController.isCurrentAuthenticationAnonymous(177) - isCurrentAuthenticationAnonymous() flag value: true and credential_
2018-03-02 18:14:40 [http-nio-8080-exec-9] INFO  com.mvc.spittr.web.LoginController.isCurrentAuthenticationAnonymous(177) - isCurrentAuthenticationAnonymous() flag value: true and credential_
2018-03-02 18:14:40 [http-nio-8080-exec-9] INFO  com.mvc.spittr.web.LoginController.loginPage(105) - Is Current Authentication Anonymous? true
2018-03-02 18:14:45 [http-nio-8080-exec-3] INFO  c.m.s.w.l.HttpRequestLogInterceptor.preHandle(35) - 2018-03-02T18:14:45.861 - called url:/Spring-In-Action_WEBApp/spitter
2018-03-02 18:14:45 [http-nio-8080-exec-3] INFO  c.mvc.spittr.web.util.WebFacilities.getPrincipal(28) - Auth valaue: admin
2018-03-02 18:19:48 [localhost-startStop-1] INFO  c.m.s.w.c.RoleToUserProfileConverter.<clinit>(27) - ************************Start RoleToUserProfileConverter************************
2018-03-02 18:19:48 [localhost-startStop-1] INFO  c.m.s.w.c.RoleToUserProfileConverter.<clinit>(42) - ************************End RoleToUserProfileConverter************************
2018-03-02 18:19:53 [localhost-startStop-1] INFO  c.m.s.w.l.HttpRequestLogInterceptor.<clinit>(28) - HttpRequestLogInterceptor initialized
2018-03-02 18:19:53 [localhost-startStop-1] DEBUG com.mvc.spittr.web.SpittleController.<init>(55) - 2018-03-02T18:19:53.943 Constructor call
2018-03-02 18:19:57 [localhost-startStop-1] DEBUG com.mvc.spittr.web.SpittleController.<init>(55) - 2018-03-02T18:19:57.254 Constructor call
2018-03-02 18:19:57 [localhost-startStop-1] INFO  c.m.s.w.s.GenericServletDemoServlet.<clinit>(29) - ************************Start - GenericServletDemoServlet************************
2018-03-02 18:19:57 [localhost-startStop-1] INFO  c.m.s.w.s.GenericServletDemoServlet.<clinit>(47) - ************************End - GenericServletDemoServlet************************
