2018-03-17 14:37:50 [localhost-startStop-1] INFO  c.m.s.w.c.RoleToUserProfileConverter.<clinit>(27) - ************************Start RoleToUserProfileConverter************************
2018-03-17 14:37:50 [localhost-startStop-1] INFO  c.m.s.w.c.RoleToUserProfileConverter.<clinit>(42) - ************************End RoleToUserProfileConverter************************
2018-03-17 14:37:55 [localhost-startStop-1] INFO  c.m.s.w.l.HttpRequestLogInterceptor.<clinit>(28) - HttpRequestLogInterceptor initialized
2018-03-17 14:37:56 [localhost-startStop-1] INFO  com.mvc.spittr.web.SpittleController.<init>(55) - 2018-03-17T14:37:56.724 Constructor call
2018-03-17 14:37:59 [localhost-startStop-1] INFO  com.mvc.spittr.web.SpittleController.<init>(55) - 2018-03-17T14:37:59.724 Constructor call
2018-03-17 14:38:00 [localhost-startStop-1] INFO  c.m.s.w.s.GenericServletDemoServlet.<clinit>(29) - ************************Start - GenericServletDemoServlet************************
2018-03-17 14:38:00 [localhost-startStop-1] INFO  c.m.s.w.s.GenericServletDemoServlet.<clinit>(47) - ************************End - GenericServletDemoServlet************************
2018-03-17 14:38:03 [http-nio-8080-exec-2] INFO  c.m.s.w.l.HttpRequestLogInterceptor.preHandle(35) - 2018-03-17T14:38:03.492 - called url:/Spring-In-Action_WEBApp/
2018-03-17 14:39:11 [http-nio-8080-exec-4] INFO  c.m.s.w.l.HttpRequestLogInterceptor.preHandle(35) - 2018-03-17T14:39:11.929 - called url:/Spring-In-Action_WEBApp/list
2018-03-17 14:39:11 [http-nio-8080-exec-4] INFO  com.mvc.spittr.web.LoginController.listUsers(119) - spitterService is null? false
2018-03-17 14:39:12 [http-nio-8080-exec-4] INFO  c.mvc.spittr.web.util.WebFacilities.getPrincipal(31) - Auth valaue: anonymous
2018-03-17 14:39:19 [http-nio-8080-exec-7] INFO  c.m.s.w.l.HttpRequestLogInterceptor.preHandle(35) - 2018-03-17T14:39:19.580 - called url:/Spring-In-Action_WEBApp/spitter/getrole-admin
2018-03-17 14:39:20 [http-nio-8080-exec-7] INFO  com.mvc.spittr.web.SpitterController.showRoleUsername(171) - UserRole added to model: UsernameRole [username=admin, roles=[]] - []
2018-03-17 14:41:40 [ContainerBackgroundProcessor[StandardEngine[Catalina]]] INFO  c.m.s.w.c.RoleToUserProfileConverter.<clinit>(27) - ************************Start RoleToUserProfileConverter************************
2018-03-17 14:41:40 [ContainerBackgroundProcessor[StandardEngine[Catalina]]] INFO  c.m.s.w.c.RoleToUserProfileConverter.<clinit>(42) - ************************End RoleToUserProfileConverter************************
2018-03-17 14:41:44 [ContainerBackgroundProcessor[StandardEngine[Catalina]]] INFO  c.m.s.w.l.HttpRequestLogInterceptor.<clinit>(28) - HttpRequestLogInterceptor initialized
2018-03-17 14:41:45 [ContainerBackgroundProcessor[StandardEngine[Catalina]]] INFO  com.mvc.spittr.web.SpittleController.<init>(55) - 2018-03-17T14:41:45.309 Constructor call
2018-03-17 14:41:47 [ContainerBackgroundProcessor[StandardEngine[Catalina]]] INFO  com.mvc.spittr.web.SpittleController.<init>(55) - 2018-03-17T14:41:47.888 Constructor call
2018-03-17 14:41:48 [ContainerBackgroundProcessor[StandardEngine[Catalina]]] INFO  c.m.s.w.s.GenericServletDemoServlet.<clinit>(29) - ************************Start - GenericServletDemoServlet************************
2018-03-17 14:41:48 [ContainerBackgroundProcessor[StandardEngine[Catalina]]] INFO  c.m.s.w.s.GenericServletDemoServlet.<clinit>(47) - ************************End - GenericServletDemoServlet************************
2018-03-17 14:45:48 [http-nio-8080-exec-11] INFO  c.m.s.w.l.HttpRequestLogInterceptor.preHandle(35) - 2018-03-17T14:45:48.753 - called url:/Spring-In-Action_WEBApp/spitter/getrole-admin
2018-03-17 14:45:49 [http-nio-8080-exec-11] INFO  com.mvc.spittr.web.SpitterController.showRoleUsername(171) - UserRole added to model: UsernameRole [username=admin, roles=[]] - []
2018-03-17 14:46:19 [localhost-startStop-1] INFO  c.m.s.w.c.RoleToUserProfileConverter.<clinit>(27) - ************************Start RoleToUserProfileConverter************************
2018-03-17 14:46:19 [localhost-startStop-1] INFO  c.m.s.w.c.RoleToUserProfileConverter.<clinit>(42) - ************************End RoleToUserProfileConverter************************
2018-03-17 14:46:25 [localhost-startStop-1] INFO  c.m.s.w.l.HttpRequestLogInterceptor.<clinit>(28) - HttpRequestLogInterceptor initialized
2018-03-17 14:46:26 [localhost-startStop-1] INFO  com.mvc.spittr.web.SpittleController.<init>(55) - 2018-03-17T14:46:26.514 Constructor call
2018-03-17 14:46:29 [localhost-startStop-1] INFO  com.mvc.spittr.web.SpittleController.<init>(55) - 2018-03-17T14:46:29.807 Constructor call
2018-03-17 14:46:30 [localhost-startStop-1] INFO  c.m.s.w.s.GenericServletDemoServlet.<clinit>(29) - ************************Start - GenericServletDemoServlet************************
2018-03-17 14:46:30 [localhost-startStop-1] INFO  c.m.s.w.s.GenericServletDemoServlet.<clinit>(47) - ************************End - GenericServletDemoServlet************************
2018-03-17 14:48:36 [http-nio-8080-exec-2] INFO  c.m.s.w.l.HttpRequestLogInterceptor.preHandle(35) - 2018-03-17T14:48:36.563 - called url:/Spring-In-Action_WEBApp/
2018-03-17 14:48:44 [http-nio-8080-exec-4] INFO  c.m.s.w.l.HttpRequestLogInterceptor.preHandle(35) - 2018-03-17T14:48:44.665 - called url:/Spring-In-Action_WEBApp/login
2018-03-17 14:48:44 [http-nio-8080-exec-4] INFO  com.mvc.spittr.web.LoginController.isCurrentAuthenticationAnonymous(177) - isCurrentAuthenticationAnonymous() flag value: true and credential_
2018-03-17 14:48:44 [http-nio-8080-exec-4] INFO  com.mvc.spittr.web.LoginController.isCurrentAuthenticationAnonymous(177) - isCurrentAuthenticationAnonymous() flag value: true and credential_
2018-03-17 14:48:44 [http-nio-8080-exec-4] INFO  com.mvc.spittr.web.LoginController.loginPage(105) - Is Current Authentication Anonymous? true
2018-03-17 14:48:54 [http-nio-8080-exec-8] INFO  c.m.s.w.l.HttpRequestLogInterceptor.preHandle(35) - 2018-03-17T14:48:54.609 - called url:/Spring-In-Action_WEBApp/spitter
2018-03-17 14:48:54 [http-nio-8080-exec-8] INFO  c.mvc.spittr.web.util.WebFacilities.getPrincipal(28) - Auth valaue: admin
2018-03-17 14:48:56 [http-nio-8080-exec-10] INFO  c.m.s.w.l.HttpRequestLogInterceptor.preHandle(35) - 2018-03-17T14:48:56.961 - called url:/Spring-In-Action_WEBApp/list
2018-03-17 14:48:56 [http-nio-8080-exec-10] INFO  com.mvc.spittr.web.LoginController.listUsers(119) - spitterService is null? false
2018-03-17 14:48:57 [http-nio-8080-exec-10] INFO  c.mvc.spittr.web.util.WebFacilities.getPrincipal(28) - Auth valaue: admin
2018-03-17 14:49:00 [http-nio-8080-exec-3] INFO  c.m.s.w.l.HttpRequestLogInterceptor.preHandle(35) - 2018-03-17T14:49:00.741 - called url:/Spring-In-Action_WEBApp/spitter/getrole-admin
2018-03-17 14:49:01 [http-nio-8080-exec-3] INFO  com.mvc.spittr.web.SpitterController.showRoleUsername(171) - UserRole added to model: UsernameRole [username=admin, roles=[]] - []
2018-03-17 14:54:25 [http-nio-8080-exec-9] INFO  c.m.s.w.l.HttpRequestLogInterceptor.preHandle(35) - 2018-03-17T14:54:25.478 - called url:/Spring-In-Action_WEBApp/list
2018-03-17 14:54:25 [http-nio-8080-exec-9] INFO  com.mvc.spittr.web.LoginController.listUsers(119) - spitterService is null? false
2018-03-17 14:54:25 [http-nio-8080-exec-9] INFO  c.mvc.spittr.web.util.WebFacilities.getPrincipal(28) - Auth valaue: admin
2018-03-17 14:54:40 [http-nio-8080-exec-2] INFO  c.m.s.w.l.HttpRequestLogInterceptor.preHandle(35) - 2018-03-17T14:54:40.678 - called url:/Spring-In-Action_WEBApp/spitter/getrole-admin
2018-03-17 14:54:40 [http-nio-8080-exec-2] INFO  com.mvc.spittr.web.SpitterController.showRoleUsername(171) - UserRole added to model: UsernameRole [username=admin, roles=[]] - []
