2018-03-19 21:33:34 [ContainerBackgroundProcessor[StandardEngine[Catalina]]] ERROR o.s.web.context.ContextLoader.initWebApplicationContext(316) - Context initialization failed
org.springframework.beans.factory.BeanCreationException: Error creating bean with name 'webSecurityConfig': Initialization of bean failed; nested exception is org.springframework.beans.factory.UnsatisfiedDependencyException: Error creating bean with name 'getSpitterDetailService': Unsatisfied dependency expressed through field 'spitterDao'; nested exception is org.springframework.beans.factory.BeanCreationException: Error creating bean with name 'spitterDAOImpl' defined in file [/home/sabaja/Scrivania/Dev-space/TomCat_8_5_4/apache-tomcat-8.5.4/wtpwebapps/Spring-In-Action_WebApp/WEB-INF/classes/com/mvc/spittr/dao/SpitterDAOImpl.class]: Instantiation of bean failed; nested exception is org.springframework.beans.BeanInstantiationException: Failed to instantiate [com.mvc.spittr.dao.SpitterDAOImpl]: Constructor threw exception; nested exception is java.lang.Error: Unresolved compilation problems: 
	The method getUsername() is undefined for the type SpitterDAOImpl
	Collectors cannot be resolved

	at org.springframework.beans.factory.support.AbstractAutowireCapableBeanFactory.doCreateBean(AbstractAutowireCapableBeanFactory.java:591) ~[spring-beans-5.0.0.RELEASE.jar:5.0.0.RELEASE]
	at org.springframework.beans.factory.support.AbstractAutowireCapableBeanFactory.createBean(AbstractAutowireCapableBeanFactory.java:502) ~[spring-beans-5.0.0.RELEASE.jar:5.0.0.RELEASE]
	at org.springframework.beans.factory.support.AbstractBeanFactory.lambda$doGetBean$0(AbstractBeanFactory.java:312) ~[spring-beans-5.0.0.RELEASE.jar:5.0.0.RELEASE]
	at org.springframework.beans.factory.support.DefaultSingletonBeanRegistry.getSingleton(DefaultSingletonBeanRegistry.java:228) ~[spring-beans-5.0.0.RELEASE.jar:5.0.0.RELEASE]
	at org.springframework.beans.factory.support.AbstractBeanFactory.doGetBean(AbstractBeanFactory.java:310) ~[spring-beans-5.0.0.RELEASE.jar:5.0.0.RELEASE]
	at org.springframework.beans.factory.support.AbstractBeanFactory.getBean(AbstractBeanFactory.java:200) ~[spring-beans-5.0.0.RELEASE.jar:5.0.0.RELEASE]
	at org.springframework.beans.factory.support.DefaultListableBeanFactory.preInstantiateSingletons(DefaultListableBeanFactory.java:756) ~[spring-beans-5.0.0.RELEASE.jar:5.0.0.RELEASE]
	at org.springframework.context.support.AbstractApplicationContext.finishBeanFactoryInitialization(AbstractApplicationContext.java:868) ~[spring-context-5.0.0.RELEASE.jar:5.0.0.RELEASE]
	at org.springframework.context.support.AbstractApplicationContext.refresh(AbstractApplicationContext.java:549) ~[spring-context-5.0.0.RELEASE.jar:5.0.0.RELEASE]
	at org.springframework.web.context.ContextLoader.configureAndRefreshWebApplicationContext(ContextLoader.java:409) ~[spring-web-5.0.0.RELEASE.jar:5.0.0.RELEASE]
	at org.springframework.web.context.ContextLoader.initWebApplicationContext(ContextLoader.java:291) ~[spring-web-5.0.0.RELEASE.jar:5.0.0.RELEASE]
	at org.springframework.web.context.ContextLoaderListener.contextInitialized(ContextLoaderListener.java:103) [spring-web-5.0.0.RELEASE.jar:5.0.0.RELEASE]
	at org.apache.catalina.core.StandardContext.listenerStart(StandardContext.java:4714) [catalina.jar:8.5.4]
	at org.apache.catalina.core.StandardContext.startInternal(StandardContext.java:5178) [catalina.jar:8.5.4]
	at org.apache.catalina.util.LifecycleBase.start(LifecycleBase.java:152) [catalina.jar:8.5.4]
	at org.apache.catalina.core.StandardContext.reload(StandardContext.java:3771) [catalina.jar:8.5.4]
	at org.apache.catalina.loader.WebappLoader.backgroundProcess(WebappLoader.java:292) [catalina.jar:8.5.4]
	at org.apache.catalina.core.StandardContext.backgroundProcess(StandardContext.java:5534) [catalina.jar:8.5.4]
	at org.apache.catalina.core.ContainerBase$ContainerBackgroundProcessor.processChildren(ContainerBase.java:1372) [catalina.jar:8.5.4]
	at org.apache.catalina.core.ContainerBase$ContainerBackgroundProcessor.processChildren(ContainerBase.java:1376) [catalina.jar:8.5.4]
	at org.apache.catalina.core.ContainerBase$ContainerBackgroundProcessor.processChildren(ContainerBase.java:1376) [catalina.jar:8.5.4]
	at org.apache.catalina.core.ContainerBase$ContainerBackgroundProcessor.run(ContainerBase.java:1344) [catalina.jar:8.5.4]
	at java.lang.Thread.run(Thread.java:748) [na:1.8.0_161]
Caused by: org.springframework.beans.factory.UnsatisfiedDependencyException: Error creating bean with name 'getSpitterDetailService': Unsatisfied dependency expressed through field 'spitterDao'; nested exception is org.springframework.beans.factory.BeanCreationException: Error creating bean with name 'spitterDAOImpl' defined in file [/home/sabaja/Scrivania/Dev-space/TomCat_8_5_4/apache-tomcat-8.5.4/wtpwebapps/Spring-In-Action_WebApp/WEB-INF/classes/com/mvc/spittr/dao/SpitterDAOImpl.class]: Instantiation of bean failed; nested exception is org.springframework.beans.BeanInstantiationException: Failed to instantiate [com.mvc.spittr.dao.SpitterDAOImpl]: Constructor threw exception; nested exception is java.lang.Error: Unresolved compilation problems: 
	The method getUsername() is undefined for the type SpitterDAOImpl
	Collectors cannot be resolved

	at org.springframework.beans.factory.annotation.AutowiredAnnotationBeanPostProcessor$AutowiredFieldElement.inject(AutowiredAnnotationBeanPostProcessor.java:581) ~[spring-beans-5.0.0.RELEASE.jar:5.0.0.RELEASE]
	at org.springframework.beans.factory.annotation.InjectionMetadata.inject(InjectionMetadata.java:91) ~[spring-beans-5.0.0.RELEASE.jar:5.0.0.RELEASE]
	at org.springframework.beans.factory.annotation.AutowiredAnnotationBeanPostProcessor.postProcessPropertyValues(AutowiredAnnotationBeanPostProcessor.java:367) ~[spring-beans-5.0.0.RELEASE.jar:5.0.0.RELEASE]
	at org.springframework.beans.factory.support.AbstractAutowireCapableBeanFactory.populateBean(AbstractAutowireCapableBeanFactory.java:1340) ~[spring-beans-5.0.0.RELEASE.jar:5.0.0.RELEASE]
	at org.springframework.beans.factory.support.AbstractAutowireCapableBeanFactory.doCreateBean(AbstractAutowireCapableBeanFactory.java:582) ~[spring-beans-5.0.0.RELEASE.jar:5.0.0.RELEASE]
	at org.springframework.beans.factory.support.AbstractAutowireCapableBeanFactory.createBean(AbstractAutowireCapableBeanFactory.java:502) ~[spring-beans-5.0.0.RELEASE.jar:5.0.0.RELEASE]
	at org.springframework.beans.factory.support.AbstractBeanFactory.lambda$doGetBean$0(AbstractBeanFactory.java:312) ~[spring-beans-5.0.0.RELEASE.jar:5.0.0.RELEASE]
	at org.springframework.beans.factory.support.DefaultSingletonBeanRegistry.getSingleton(DefaultSingletonBeanRegistry.java:228) ~[spring-beans-5.0.0.RELEASE.jar:5.0.0.RELEASE]
	at org.springframework.beans.factory.support.AbstractBeanFactory.doGetBean(AbstractBeanFactory.java:310) ~[spring-beans-5.0.0.RELEASE.jar:5.0.0.RELEASE]
	at org.springframework.beans.factory.support.AbstractBeanFactory.getBean(AbstractBeanFactory.java:200) ~[spring-beans-5.0.0.RELEASE.jar:5.0.0.RELEASE]
	at org.springframework.context.annotation.ConfigurationClassEnhancer$BeanMethodInterceptor.resolveBeanReference(ConfigurationClassEnhancer.java:392) ~[spring-context-5.0.0.RELEASE.jar:5.0.0.RELEASE]
	at org.springframework.context.annotation.ConfigurationClassEnhancer$BeanMethodInterceptor.intercept(ConfigurationClassEnhancer.java:364) ~[spring-context-5.0.0.RELEASE.jar:5.0.0.RELEASE]
	at com.mvc.spittr.config.WebSecurityConfig$$EnhancerBySpringCGLIB$$dbe2ef2c.getSpitterDetailService(<generated>) ~[classes/:na]
	at com.mvc.spittr.config.WebSecurityConfig.configureGlobalSecurity(WebSecurityConfig.java:187) ~[classes/:na]
	at sun.reflect.NativeMethodAccessorImpl.invoke0(Native Method) ~[na:1.8.0_161]
	at sun.reflect.NativeMethodAccessorImpl.invoke(NativeMethodAccessorImpl.java:62) ~[na:1.8.0_161]
	at sun.reflect.DelegatingMethodAccessorImpl.invoke(DelegatingMethodAccessorImpl.java:43) ~[na:1.8.0_161]
	at java.lang.reflect.Method.invoke(Method.java:498) ~[na:1.8.0_161]
	at org.springframework.beans.factory.annotation.AutowiredAnnotationBeanPostProcessor$AutowiredMethodElement.inject(AutowiredAnnotationBeanPostProcessor.java:697) ~[spring-beans-5.0.0.RELEASE.jar:5.0.0.RELEASE]
	at org.springframework.beans.factory.annotation.InjectionMetadata.inject(InjectionMetadata.java:91) ~[spring-beans-5.0.0.RELEASE.jar:5.0.0.RELEASE]
	at org.springframework.beans.factory.annotation.AutowiredAnnotationBeanPostProcessor.postProcessPropertyValues(AutowiredAnnotationBeanPostProcessor.java:367) ~[spring-beans-5.0.0.RELEASE.jar:5.0.0.RELEASE]
	at org.springframework.beans.factory.support.AbstractAutowireCapableBeanFactory.populateBean(AbstractAutowireCapableBeanFactory.java:1340) ~[spring-beans-5.0.0.RELEASE.jar:5.0.0.RELEASE]
	at org.springframework.beans.factory.support.AbstractAutowireCapableBeanFactory.doCreateBean(AbstractAutowireCapableBeanFactory.java:582) ~[spring-beans-5.0.0.RELEASE.jar:5.0.0.RELEASE]
	... 22 common frames omitted
Caused by: org.springframework.beans.factory.BeanCreationException: Error creating bean with name 'spitterDAOImpl' defined in file [/home/sabaja/Scrivania/Dev-space/TomCat_8_5_4/apache-tomcat-8.5.4/wtpwebapps/Spring-In-Action_WebApp/WEB-INF/classes/com/mvc/spittr/dao/SpitterDAOImpl.class]: Instantiation of bean failed; nested exception is org.springframework.beans.BeanInstantiationException: Failed to instantiate [com.mvc.spittr.dao.SpitterDAOImpl]: Constructor threw exception; nested exception is java.lang.Error: Unresolved compilation problems: 
	The method getUsername() is undefined for the type SpitterDAOImpl
	Collectors cannot be resolved

	at org.springframework.beans.factory.support.AbstractAutowireCapableBeanFactory.instantiateBean(AbstractAutowireCapableBeanFactory.java:1231) ~[spring-beans-5.0.0.RELEASE.jar:5.0.0.RELEASE]
	at org.springframework.beans.factory.support.AbstractAutowireCapableBeanFactory.createBeanInstance(AbstractAutowireCapableBeanFactory.java:1130) ~[spring-beans-5.0.0.RELEASE.jar:5.0.0.RELEASE]
	at org.springframework.beans.factory.support.AbstractAutowireCapableBeanFactory.doCreateBean(AbstractAutowireCapableBeanFactory.java:545) ~[spring-beans-5.0.0.RELEASE.jar:5.0.0.RELEASE]
	at org.springframework.beans.factory.support.AbstractAutowireCapableBeanFactory.createBean(AbstractAutowireCapableBeanFactory.java:502) ~[spring-beans-5.0.0.RELEASE.jar:5.0.0.RELEASE]
	at org.springframework.beans.factory.support.AbstractBeanFactory.lambda$doGetBean$0(AbstractBeanFactory.java:312) ~[spring-beans-5.0.0.RELEASE.jar:5.0.0.RELEASE]
	at org.springframework.beans.factory.support.DefaultSingletonBeanRegistry.getSingleton(DefaultSingletonBeanRegistry.java:228) ~[spring-beans-5.0.0.RELEASE.jar:5.0.0.RELEASE]
	at org.springframework.beans.factory.support.AbstractBeanFactory.doGetBean(AbstractBeanFactory.java:310) ~[spring-beans-5.0.0.RELEASE.jar:5.0.0.RELEASE]
	at org.springframework.beans.factory.support.AbstractBeanFactory.getBean(AbstractBeanFactory.java:200) ~[spring-beans-5.0.0.RELEASE.jar:5.0.0.RELEASE]
	at org.springframework.beans.factory.config.DependencyDescriptor.resolveCandidate(DependencyDescriptor.java:251) ~[spring-beans-5.0.0.RELEASE.jar:5.0.0.RELEASE]
	at org.springframework.beans.factory.support.DefaultListableBeanFactory.doResolveDependency(DefaultListableBeanFactory.java:1133) ~[spring-beans-5.0.0.RELEASE.jar:5.0.0.RELEASE]
	at org.springframework.beans.factory.support.DefaultListableBeanFactory.resolveDependency(DefaultListableBeanFactory.java:1060) ~[spring-beans-5.0.0.RELEASE.jar:5.0.0.RELEASE]
	at org.springframework.beans.factory.annotation.AutowiredAnnotationBeanPostProcessor$AutowiredFieldElement.inject(AutowiredAnnotationBeanPostProcessor.java:578) ~[spring-beans-5.0.0.RELEASE.jar:5.0.0.RELEASE]
	... 44 common frames omitted
Caused by: org.springframework.beans.BeanInstantiationException: Failed to instantiate [com.mvc.spittr.dao.SpitterDAOImpl]: Constructor threw exception; nested exception is java.lang.Error: Unresolved compilation problems: 
	The method getUsername() is undefined for the type SpitterDAOImpl
	Collectors cannot be resolved

	at org.springframework.beans.BeanUtils.instantiateClass(BeanUtils.java:175) ~[spring-beans-5.0.0.RELEASE.jar:5.0.0.RELEASE]
	at org.springframework.beans.factory.support.SimpleInstantiationStrategy.instantiate(SimpleInstantiationStrategy.java:88) ~[spring-beans-5.0.0.RELEASE.jar:5.0.0.RELEASE]
	at org.springframework.beans.factory.support.AbstractAutowireCapableBeanFactory.instantiateBean(AbstractAutowireCapableBeanFactory.java:1223) ~[spring-beans-5.0.0.RELEASE.jar:5.0.0.RELEASE]
	... 55 common frames omitted
Caused by: java.lang.Error: Unresolved compilation problems: 
	The method getUsername() is undefined for the type SpitterDAOImpl
	Collectors cannot be resolved

	at com.mvc.spittr.dao.SpitterDAOImpl.<init>(SpitterDAOImpl.java:148) ~[classes/:na]
	at sun.reflect.NativeConstructorAccessorImpl.newInstance0(Native Method) ~[na:1.8.0_161]
	at sun.reflect.NativeConstructorAccessorImpl.newInstance(NativeConstructorAccessorImpl.java:62) ~[na:1.8.0_161]
	at sun.reflect.DelegatingConstructorAccessorImpl.newInstance(DelegatingConstructorAccessorImpl.java:45) ~[na:1.8.0_161]
	at java.lang.reflect.Constructor.newInstance(Constructor.java:423) ~[na:1.8.0_161]
	at org.springframework.beans.BeanUtils.instantiateClass(BeanUtils.java:163) ~[spring-beans-5.0.0.RELEASE.jar:5.0.0.RELEASE]
	... 57 common frames omitted
2018-03-19 21:39:30 [http-nio-8080-exec-2] ERROR o.h.e.jdbc.spi.SqlExceptionHelper.logExceptions(131) - Unknown column 'usernamero0_.ROLE_ID' in 'field list'
2018-03-19 21:40:45 [http-nio-8080-exec-5] ERROR o.h.e.jdbc.spi.SqlExceptionHelper.logExceptions(131) - Unknown column 'usernamero0_.role_ROLE_ID' in 'field list'
2018-03-19 21:43:29 [http-nio-8080-exec-9] ERROR o.h.e.jdbc.spi.SqlExceptionHelper.logExceptions(131) - Unknown column 'usernamero0_.role' in 'field list'
2018-03-19 21:49:01 [http-nio-8080-exec-11] ERROR o.h.e.jdbc.spi.SqlExceptionHelper.logExceptions(131) - Unknown column 'usernamero0_.role' in 'field list'
2018-03-19 21:57:23 [main] ERROR o.h.e.jdbc.spi.SqlExceptionHelper.logExceptions(131) - Duplicate entry 'mmm' for key 'UK_85kht9uql67t0nb50aav11xnb'
2018-03-19 21:57:23 [main] ERROR o.h.i.ExceptionMapperStandardImpl.mapManagedFlushFailure(39) - HHH000346: Error during managed flush [org.hibernate.exception.ConstraintViolationException: could not execute statement]
2018-03-19 21:58:54 [main] ERROR o.h.e.jdbc.spi.SqlExceptionHelper.logExceptions(131) - Unknown column 'usernamero0_.role' in 'field list'
