2018-03-02 14:32:52 [ContainerBackgroundProcessor[StandardEngine[Catalina]]] ERROR o.s.web.context.ContextLoader.initWebApplicationContext(316) - Context initialization failed
org.springframework.beans.factory.UnsatisfiedDependencyException: Error creating bean with name 'webSecurityConfig': Unsatisfied dependency expressed through method 'setContentNegotationStrategy' parameter 0; nested exception is org.springframework.beans.factory.UnsatisfiedDependencyException: Error creating bean with name 'org.springframework.web.servlet.config.annotation.DelegatingWebMvcConfiguration': Unsatisfied dependency expressed through method 'setConfigurers' parameter 0; nested exception is org.springframework.beans.factory.UnsatisfiedDependencyException: Error creating bean with name 'appWebConfig': Unsatisfied dependency expressed through field 'roleToUserProfileConverter'; nested exception is org.springframework.beans.factory.UnsatisfiedDependencyException: Error creating bean with name 'roleToUserProfileConverter': Unsatisfied dependency expressed through field 'spitterRoleService'; nested exception is org.springframework.beans.factory.UnsatisfiedDependencyException: Error creating bean with name 'spitterRoleServiceImpl': Unsatisfied dependency expressed through field 'roleDao'; nested exception is org.springframework.beans.factory.UnsatisfiedDependencyException: Error creating bean with name 'spitterRoleDAOImpl': Unsatisfied dependency expressed through field 'sessionFactory'; nested exception is org.springframework.beans.factory.BeanCreationException: Error creating bean with name 'getSessionFactory' defined in class path resource [com/mvc/spittr/web/config/HibernateConfiguration.class]: Invocation of init method failed; nested exception is org.hibernate.MappingException: Failed to scan classpath for unlisted classes
	at org.springframework.beans.factory.annotation.AutowiredAnnotationBeanPostProcessor$AutowiredMethodElement.inject(AutowiredAnnotationBeanPostProcessor.java:662) ~[spring-beans-5.0.0.RELEASE.jar:5.0.0.RELEASE]
	at org.springframework.beans.factory.annotation.InjectionMetadata.inject(InjectionMetadata.java:91) ~[spring-beans-5.0.0.RELEASE.jar:5.0.0.RELEASE]
	at org.springframework.beans.factory.annotation.AutowiredAnnotationBeanPostProcessor.postProcessPropertyValues(AutowiredAnnotationBeanPostProcessor.java:367) ~[spring-beans-5.0.0.RELEASE.jar:5.0.0.RELEASE]
	at org.springframework.beans.factory.support.AbstractAutowireCapableBeanFactory.populateBean(AbstractAutowireCapableBeanFactory.java:1340) ~[spring-beans-5.0.0.RELEASE.jar:5.0.0.RELEASE]
	at org.springframework.beans.factory.support.AbstractAutowireCapableBeanFactory.doCreateBean(AbstractAutowireCapableBeanFactory.java:582) ~[spring-beans-5.0.0.RELEASE.jar:5.0.0.RELEASE]
	at org.springframework.beans.factory.support.AbstractAutowireCapableBeanFactory.createBean(AbstractAutowireCapableBeanFactory.java:502) ~[spring-beans-5.0.0.RELEASE.jar:5.0.0.RELEASE]
	at org.springframework.beans.factory.support.AbstractBeanFactory.lambda$doGetBean$0(AbstractBeanFactory.java:312) ~[spring-beans-5.0.0.RELEASE.jar:5.0.0.RELEASE]
	at org.springframework.beans.factory.support.DefaultSingletonBeanRegistry.getSingleton(DefaultSingletonBeanRegistry.java:228) ~[spring-beans-5.0.0.RELEASE.jar:5.0.0.RELEASE]
	at org.springframework.beans.factory.support.AbstractBeanFactory.doGetBean(AbstractBeanFactory.java:310) ~[spring-beans-5.0.0.RELEASE.jar:5.0.0.RELEASE]
	at org.springframework.beans.factory.support.AbstractBeanFactory.getBean(AbstractBeanFactory.java:200) ~[spring-beans-5.0.0.RELEASE.jar:5.0.0.RELEASE]
	at org.springframework.beans.factory.support.DefaultListableBeanFactory.preInstantiateSingletons(DefaultListableBeanFactory.java:756) ~[spring-beans-5.0.0.RELEASE.jar:5.0.0.RELEASE]
	at org.springframework.context.support.AbstractApplicationContext.finishBeanFactoryInitialization(AbstractApplicationContext.java:868) ~[spring-context-5.0.0.RELEASE.jar:5.0.0.RELEASE]
	at org.springframework.context.support.AbstractApplicationContext.refresh(AbstractApplicationContext.java:549) ~[spring-context-5.0.0.RELEASE.jar:5.0.0.RELEASE]
	at org.springframework.web.context.ContextLoader.configureAndRefreshWebApplicationContext(ContextLoader.java:409) ~[spring-web-5.0.0.RELEASE.jar:5.0.0.RELEASE]
	at org.springframework.web.context.ContextLoader.initWebApplicationContext(ContextLoader.java:291) ~[spring-web-5.0.0.RELEASE.jar:5.0.0.RELEASE]
	at org.springframework.web.context.ContextLoaderListener.contextInitialized(ContextLoaderListener.java:103) [spring-web-5.0.0.RELEASE.jar:5.0.0.RELEASE]
	at org.apache.catalina.core.StandardContext.listenerStart(StandardContext.java:4714) [catalina.jar:8.5.4]
	at org.apache.catalina.core.StandardContext.startInternal(StandardContext.java:5178) [catalina.jar:8.5.4]
	at org.apache.catalina.util.LifecycleBase.start(LifecycleBase.java:152) [catalina.jar:8.5.4]
	at org.apache.catalina.core.StandardContext.reload(StandardContext.java:3771) [catalina.jar:8.5.4]
	at org.apache.catalina.loader.WebappLoader.backgroundProcess(WebappLoader.java:292) [catalina.jar:8.5.4]
	at org.apache.catalina.core.StandardContext.backgroundProcess(StandardContext.java:5534) [catalina.jar:8.5.4]
	at org.apache.catalina.core.ContainerBase$ContainerBackgroundProcessor.processChildren(ContainerBase.java:1372) [catalina.jar:8.5.4]
	at org.apache.catalina.core.ContainerBase$ContainerBackgroundProcessor.processChildren(ContainerBase.java:1376) [catalina.jar:8.5.4]
	at org.apache.catalina.core.ContainerBase$ContainerBackgroundProcessor.processChildren(ContainerBase.java:1376) [catalina.jar:8.5.4]
	at org.apache.catalina.core.ContainerBase$ContainerBackgroundProcessor.run(ContainerBase.java:1344) [catalina.jar:8.5.4]
	at java.lang.Thread.run(Thread.java:748) [na:1.8.0_161]
Caused by: org.springframework.beans.factory.UnsatisfiedDependencyException: Error creating bean with name 'org.springframework.web.servlet.config.annotation.DelegatingWebMvcConfiguration': Unsatisfied dependency expressed through method 'setConfigurers' parameter 0; nested exception is org.springframework.beans.factory.UnsatisfiedDependencyException: Error creating bean with name 'appWebConfig': Unsatisfied dependency expressed through field 'roleToUserProfileConverter'; nested exception is org.springframework.beans.factory.UnsatisfiedDependencyException: Error creating bean with name 'roleToUserProfileConverter': Unsatisfied dependency expressed through field 'spitterRoleService'; nested exception is org.springframework.beans.factory.UnsatisfiedDependencyException: Error creating bean with name 'spitterRoleServiceImpl': Unsatisfied dependency expressed through field 'roleDao'; nested exception is org.springframework.beans.factory.UnsatisfiedDependencyException: Error creating bean with name 'spitterRoleDAOImpl': Unsatisfied dependency expressed through field 'sessionFactory'; nested exception is org.springframework.beans.factory.BeanCreationException: Error creating bean with name 'getSessionFactory' defined in class path resource [com/mvc/spittr/web/config/HibernateConfiguration.class]: Invocation of init method failed; nested exception is org.hibernate.MappingException: Failed to scan classpath for unlisted classes
	at org.springframework.beans.factory.annotation.AutowiredAnnotationBeanPostProcessor$AutowiredMethodElement.inject(AutowiredAnnotationBeanPostProcessor.java:662) ~[spring-beans-5.0.0.RELEASE.jar:5.0.0.RELEASE]
	at org.springframework.beans.factory.annotation.InjectionMetadata.inject(InjectionMetadata.java:91) ~[spring-beans-5.0.0.RELEASE.jar:5.0.0.RELEASE]
	at org.springframework.beans.factory.annotation.AutowiredAnnotationBeanPostProcessor.postProcessPropertyValues(AutowiredAnnotationBeanPostProcessor.java:367) ~[spring-beans-5.0.0.RELEASE.jar:5.0.0.RELEASE]
	at org.springframework.beans.factory.support.AbstractAutowireCapableBeanFactory.populateBean(AbstractAutowireCapableBeanFactory.java:1340) ~[spring-beans-5.0.0.RELEASE.jar:5.0.0.RELEASE]
	at org.springframework.beans.factory.support.AbstractAutowireCapableBeanFactory.doCreateBean(AbstractAutowireCapableBeanFactory.java:582) ~[spring-beans-5.0.0.RELEASE.jar:5.0.0.RELEASE]
	at org.springframework.beans.factory.support.AbstractAutowireCapableBeanFactory.createBean(AbstractAutowireCapableBeanFactory.java:502) ~[spring-beans-5.0.0.RELEASE.jar:5.0.0.RELEASE]
	at org.springframework.beans.factory.support.AbstractBeanFactory.lambda$doGetBean$0(AbstractBeanFactory.java:312) ~[spring-beans-5.0.0.RELEASE.jar:5.0.0.RELEASE]
	at org.springframework.beans.factory.support.DefaultSingletonBeanRegistry.getSingleton(DefaultSingletonBeanRegistry.java:228) ~[spring-beans-5.0.0.RELEASE.jar:5.0.0.RELEASE]
	at org.springframework.beans.factory.support.AbstractBeanFactory.doGetBean(AbstractBeanFactory.java:310) ~[spring-beans-5.0.0.RELEASE.jar:5.0.0.RELEASE]
	at org.springframework.beans.factory.support.AbstractBeanFactory.getBean(AbstractBeanFactory.java:200) ~[spring-beans-5.0.0.RELEASE.jar:5.0.0.RELEASE]
	at org.springframework.beans.factory.support.ConstructorResolver.instantiateUsingFactoryMethod(ConstructorResolver.java:368) ~[spring-beans-5.0.0.RELEASE.jar:5.0.0.RELEASE]
	at org.springframework.beans.factory.support.AbstractAutowireCapableBeanFactory.instantiateUsingFactoryMethod(AbstractAutowireCapableBeanFactory.java:1249) ~[spring-beans-5.0.0.RELEASE.jar:5.0.0.RELEASE]
	at org.springframework.beans.factory.support.AbstractAutowireCapableBeanFactory.createBeanInstance(AbstractAutowireCapableBeanFactory.java:1098) ~[spring-beans-5.0.0.RELEASE.jar:5.0.0.RELEASE]
	at org.springframework.beans.factory.support.AbstractAutowireCapableBeanFactory.doCreateBean(AbstractAutowireCapableBeanFactory.java:545) ~[spring-beans-5.0.0.RELEASE.jar:5.0.0.RELEASE]
	at org.springframework.beans.factory.support.AbstractAutowireCapableBeanFactory.createBean(AbstractAutowireCapableBeanFactory.java:502) ~[spring-beans-5.0.0.RELEASE.jar:5.0.0.RELEASE]
	at org.springframework.beans.factory.support.AbstractBeanFactory.lambda$doGetBean$0(AbstractBeanFactory.java:312) ~[spring-beans-5.0.0.RELEASE.jar:5.0.0.RELEASE]
	at org.springframework.beans.factory.support.DefaultSingletonBeanRegistry.getSingleton(DefaultSingletonBeanRegistry.java:228) ~[spring-beans-5.0.0.RELEASE.jar:5.0.0.RELEASE]
	at org.springframework.beans.factory.support.AbstractBeanFactory.doGetBean(AbstractBeanFactory.java:310) ~[spring-beans-5.0.0.RELEASE.jar:5.0.0.RELEASE]
	at org.springframework.beans.factory.support.AbstractBeanFactory.getBean(AbstractBeanFactory.java:200) ~[spring-beans-5.0.0.RELEASE.jar:5.0.0.RELEASE]
	at org.springframework.beans.factory.config.DependencyDescriptor.resolveCandidate(DependencyDescriptor.java:251) ~[spring-beans-5.0.0.RELEASE.jar:5.0.0.RELEASE]
	at org.springframework.beans.factory.support.DefaultListableBeanFactory.doResolveDependency(DefaultListableBeanFactory.java:1133) ~[spring-beans-5.0.0.RELEASE.jar:5.0.0.RELEASE]
	at org.springframework.beans.factory.support.DefaultListableBeanFactory.resolveDependency(DefaultListableBeanFactory.java:1060) ~[spring-beans-5.0.0.RELEASE.jar:5.0.0.RELEASE]
	at org.springframework.beans.factory.annotation.AutowiredAnnotationBeanPostProcessor$AutowiredMethodElement.inject(AutowiredAnnotationBeanPostProcessor.java:654) ~[spring-beans-5.0.0.RELEASE.jar:5.0.0.RELEASE]
	... 26 common frames omitted
Caused by: org.springframework.beans.factory.UnsatisfiedDependencyException: Error creating bean with name 'appWebConfig': Unsatisfied dependency expressed through field 'roleToUserProfileConverter'; nested exception is org.springframework.beans.factory.UnsatisfiedDependencyException: Error creating bean with name 'roleToUserProfileConverter': Unsatisfied dependency expressed through field 'spitterRoleService'; nested exception is org.springframework.beans.factory.UnsatisfiedDependencyException: Error creating bean with name 'spitterRoleServiceImpl': Unsatisfied dependency expressed through field 'roleDao'; nested exception is org.springframework.beans.factory.UnsatisfiedDependencyException: Error creating bean with name 'spitterRoleDAOImpl': Unsatisfied dependency expressed through field 'sessionFactory'; nested exception is org.springframework.beans.factory.BeanCreationException: Error creating bean with name 'getSessionFactory' defined in class path resource [com/mvc/spittr/web/config/HibernateConfiguration.class]: Invocation of init method failed; nested exception is org.hibernate.MappingException: Failed to scan classpath for unlisted classes
	at org.springframework.beans.factory.annotation.AutowiredAnnotationBeanPostProcessor$AutowiredFieldElement.inject(AutowiredAnnotationBeanPostProcessor.java:581) ~[spring-beans-5.0.0.RELEASE.jar:5.0.0.RELEASE]
	at org.springframework.beans.factory.annotation.InjectionMetadata.inject(InjectionMetadata.java:91) ~[spring-beans-5.0.0.RELEASE.jar:5.0.0.RELEASE]
	at org.springframework.beans.factory.annotation.AutowiredAnnotationBeanPostProcessor.postProcessPropertyValues(AutowiredAnnotationBeanPostProcessor.java:367) ~[spring-beans-5.0.0.RELEASE.jar:5.0.0.RELEASE]
	at org.springframework.beans.factory.support.AbstractAutowireCapableBeanFactory.populateBean(AbstractAutowireCapableBeanFactory.java:1340) ~[spring-beans-5.0.0.RELEASE.jar:5.0.0.RELEASE]
	at org.springframework.beans.factory.support.AbstractAutowireCapableBeanFactory.doCreateBean(AbstractAutowireCapableBeanFactory.java:582) ~[spring-beans-5.0.0.RELEASE.jar:5.0.0.RELEASE]
	at org.springframework.beans.factory.support.AbstractAutowireCapableBeanFactory.createBean(AbstractAutowireCapableBeanFactory.java:502) ~[spring-beans-5.0.0.RELEASE.jar:5.0.0.RELEASE]
	at org.springframework.beans.factory.support.AbstractBeanFactory.lambda$doGetBean$0(AbstractBeanFactory.java:312) ~[spring-beans-5.0.0.RELEASE.jar:5.0.0.RELEASE]
	at org.springframework.beans.factory.support.DefaultSingletonBeanRegistry.getSingleton(DefaultSingletonBeanRegistry.java:228) ~[spring-beans-5.0.0.RELEASE.jar:5.0.0.RELEASE]
	at org.springframework.beans.factory.support.AbstractBeanFactory.doGetBean(AbstractBeanFactory.java:310) ~[spring-beans-5.0.0.RELEASE.jar:5.0.0.RELEASE]
	at org.springframework.beans.factory.support.AbstractBeanFactory.getBean(AbstractBeanFactory.java:200) ~[spring-beans-5.0.0.RELEASE.jar:5.0.0.RELEASE]
	at org.springframework.beans.factory.config.DependencyDescriptor.resolveCandidate(DependencyDescriptor.java:251) ~[spring-beans-5.0.0.RELEASE.jar:5.0.0.RELEASE]
	at org.springframework.beans.factory.support.DefaultListableBeanFactory.addCandidateEntry(DefaultListableBeanFactory.java:1320) ~[spring-beans-5.0.0.RELEASE.jar:5.0.0.RELEASE]
	at org.springframework.beans.factory.support.DefaultListableBeanFactory.findAutowireCandidates(DefaultListableBeanFactory.java:1286) ~[spring-beans-5.0.0.RELEASE.jar:5.0.0.RELEASE]
	at org.springframework.beans.factory.support.DefaultListableBeanFactory.resolveMultipleBeans(DefaultListableBeanFactory.java:1188) ~[spring-beans-5.0.0.RELEASE.jar:5.0.0.RELEASE]
	at org.springframework.beans.factory.support.DefaultListableBeanFactory.doResolveDependency(DefaultListableBeanFactory.java:1091) ~[spring-beans-5.0.0.RELEASE.jar:5.0.0.RELEASE]
	at org.springframework.beans.factory.support.DefaultListableBeanFactory.resolveDependency(DefaultListableBeanFactory.java:1060) ~[spring-beans-5.0.0.RELEASE.jar:5.0.0.RELEASE]
	at org.springframework.beans.factory.annotation.AutowiredAnnotationBeanPostProcessor$AutowiredMethodElement.inject(AutowiredAnnotationBeanPostProcessor.java:654) ~[spring-beans-5.0.0.RELEASE.jar:5.0.0.RELEASE]
	... 48 common frames omitted
Caused by: org.springframework.beans.factory.UnsatisfiedDependencyException: Error creating bean with name 'roleToUserProfileConverter': Unsatisfied dependency expressed through field 'spitterRoleService'; nested exception is org.springframework.beans.factory.UnsatisfiedDependencyException: Error creating bean with name 'spitterRoleServiceImpl': Unsatisfied dependency expressed through field 'roleDao'; nested exception is org.springframework.beans.factory.UnsatisfiedDependencyException: Error creating bean with name 'spitterRoleDAOImpl': Unsatisfied dependency expressed through field 'sessionFactory'; nested exception is org.springframework.beans.factory.BeanCreationException: Error creating bean with name 'getSessionFactory' defined in class path resource [com/mvc/spittr/web/config/HibernateConfiguration.class]: Invocation of init method failed; nested exception is org.hibernate.MappingException: Failed to scan classpath for unlisted classes
	at org.springframework.beans.factory.annotation.AutowiredAnnotationBeanPostProcessor$AutowiredFieldElement.inject(AutowiredAnnotationBeanPostProcessor.java:581) ~[spring-beans-5.0.0.RELEASE.jar:5.0.0.RELEASE]
	at org.springframework.beans.factory.annotation.InjectionMetadata.inject(InjectionMetadata.java:91) ~[spring-beans-5.0.0.RELEASE.jar:5.0.0.RELEASE]
	at org.springframework.beans.factory.annotation.AutowiredAnnotationBeanPostProcessor.postProcessPropertyValues(AutowiredAnnotationBeanPostProcessor.java:367) ~[spring-beans-5.0.0.RELEASE.jar:5.0.0.RELEASE]
	at org.springframework.beans.factory.support.AbstractAutowireCapableBeanFactory.populateBean(AbstractAutowireCapableBeanFactory.java:1340) ~[spring-beans-5.0.0.RELEASE.jar:5.0.0.RELEASE]
	at org.springframework.beans.factory.support.AbstractAutowireCapableBeanFactory.doCreateBean(AbstractAutowireCapableBeanFactory.java:582) ~[spring-beans-5.0.0.RELEASE.jar:5.0.0.RELEASE]
	at org.springframework.beans.factory.support.AbstractAutowireCapableBeanFactory.createBean(AbstractAutowireCapableBeanFactory.java:502) ~[spring-beans-5.0.0.RELEASE.jar:5.0.0.RELEASE]
	at org.springframework.beans.factory.support.AbstractBeanFactory.lambda$doGetBean$0(AbstractBeanFactory.java:312) ~[spring-beans-5.0.0.RELEASE.jar:5.0.0.RELEASE]
	at org.springframework.beans.factory.support.DefaultSingletonBeanRegistry.getSingleton(DefaultSingletonBeanRegistry.java:228) ~[spring-beans-5.0.0.RELEASE.jar:5.0.0.RELEASE]
	at org.springframework.beans.factory.support.AbstractBeanFactory.doGetBean(AbstractBeanFactory.java:310) ~[spring-beans-5.0.0.RELEASE.jar:5.0.0.RELEASE]
	at org.springframework.beans.factory.support.AbstractBeanFactory.getBean(AbstractBeanFactory.java:200) ~[spring-beans-5.0.0.RELEASE.jar:5.0.0.RELEASE]
	at org.springframework.beans.factory.config.DependencyDescriptor.resolveCandidate(DependencyDescriptor.java:251) ~[spring-beans-5.0.0.RELEASE.jar:5.0.0.RELEASE]
	at org.springframework.beans.factory.support.DefaultListableBeanFactory.doResolveDependency(DefaultListableBeanFactory.java:1133) ~[spring-beans-5.0.0.RELEASE.jar:5.0.0.RELEASE]
	at org.springframework.beans.factory.support.DefaultListableBeanFactory.resolveDependency(DefaultListableBeanFactory.java:1060) ~[spring-beans-5.0.0.RELEASE.jar:5.0.0.RELEASE]
	at org.springframework.beans.factory.annotation.AutowiredAnnotationBeanPostProcessor$AutowiredFieldElement.inject(AutowiredAnnotationBeanPostProcessor.java:578) ~[spring-beans-5.0.0.RELEASE.jar:5.0.0.RELEASE]
	... 64 common frames omitted
Caused by: org.springframework.beans.factory.UnsatisfiedDependencyException: Error creating bean with name 'spitterRoleServiceImpl': Unsatisfied dependency expressed through field 'roleDao'; nested exception is org.springframework.beans.factory.UnsatisfiedDependencyException: Error creating bean with name 'spitterRoleDAOImpl': Unsatisfied dependency expressed through field 'sessionFactory'; nested exception is org.springframework.beans.factory.BeanCreationException: Error creating bean with name 'getSessionFactory' defined in class path resource [com/mvc/spittr/web/config/HibernateConfiguration.class]: Invocation of init method failed; nested exception is org.hibernate.MappingException: Failed to scan classpath for unlisted classes
	at org.springframework.beans.factory.annotation.AutowiredAnnotationBeanPostProcessor$AutowiredFieldElement.inject(AutowiredAnnotationBeanPostProcessor.java:581) ~[spring-beans-5.0.0.RELEASE.jar:5.0.0.RELEASE]
	at org.springframework.beans.factory.annotation.InjectionMetadata.inject(InjectionMetadata.java:91) ~[spring-beans-5.0.0.RELEASE.jar:5.0.0.RELEASE]
	at org.springframework.beans.factory.annotation.AutowiredAnnotationBeanPostProcessor.postProcessPropertyValues(AutowiredAnnotationBeanPostProcessor.java:367) ~[spring-beans-5.0.0.RELEASE.jar:5.0.0.RELEASE]
	at org.springframework.beans.factory.support.AbstractAutowireCapableBeanFactory.populateBean(AbstractAutowireCapableBeanFactory.java:1340) ~[spring-beans-5.0.0.RELEASE.jar:5.0.0.RELEASE]
	at org.springframework.beans.factory.support.AbstractAutowireCapableBeanFactory.doCreateBean(AbstractAutowireCapableBeanFactory.java:582) ~[spring-beans-5.0.0.RELEASE.jar:5.0.0.RELEASE]
	at org.springframework.beans.factory.support.AbstractAutowireCapableBeanFactory.createBean(AbstractAutowireCapableBeanFactory.java:502) ~[spring-beans-5.0.0.RELEASE.jar:5.0.0.RELEASE]
	at org.springframework.beans.factory.support.AbstractBeanFactory.lambda$doGetBean$0(AbstractBeanFactory.java:312) ~[spring-beans-5.0.0.RELEASE.jar:5.0.0.RELEASE]
	at org.springframework.beans.factory.support.DefaultSingletonBeanRegistry.getSingleton(DefaultSingletonBeanRegistry.java:228) ~[spring-beans-5.0.0.RELEASE.jar:5.0.0.RELEASE]
	at org.springframework.beans.factory.support.AbstractBeanFactory.doGetBean(AbstractBeanFactory.java:310) ~[spring-beans-5.0.0.RELEASE.jar:5.0.0.RELEASE]
	at org.springframework.beans.factory.support.AbstractBeanFactory.getBean(AbstractBeanFactory.java:200) ~[spring-beans-5.0.0.RELEASE.jar:5.0.0.RELEASE]
	at org.springframework.beans.factory.config.DependencyDescriptor.resolveCandidate(DependencyDescriptor.java:251) ~[spring-beans-5.0.0.RELEASE.jar:5.0.0.RELEASE]
	at org.springframework.beans.factory.support.DefaultListableBeanFactory.doResolveDependency(DefaultListableBeanFactory.java:1133) ~[spring-beans-5.0.0.RELEASE.jar:5.0.0.RELEASE]
	at org.springframework.beans.factory.support.DefaultListableBeanFactory.resolveDependency(DefaultListableBeanFactory.java:1060) ~[spring-beans-5.0.0.RELEASE.jar:5.0.0.RELEASE]
	at org.springframework.beans.factory.annotation.AutowiredAnnotationBeanPostProcessor$AutowiredFieldElement.inject(AutowiredAnnotationBeanPostProcessor.java:578) ~[spring-beans-5.0.0.RELEASE.jar:5.0.0.RELEASE]
	... 77 common frames omitted
Caused by: org.springframework.beans.factory.UnsatisfiedDependencyException: Error creating bean with name 'spitterRoleDAOImpl': Unsatisfied dependency expressed through field 'sessionFactory'; nested exception is org.springframework.beans.factory.BeanCreationException: Error creating bean with name 'getSessionFactory' defined in class path resource [com/mvc/spittr/web/config/HibernateConfiguration.class]: Invocation of init method failed; nested exception is org.hibernate.MappingException: Failed to scan classpath for unlisted classes
	at org.springframework.beans.factory.annotation.AutowiredAnnotationBeanPostProcessor$AutowiredFieldElement.inject(AutowiredAnnotationBeanPostProcessor.java:581) ~[spring-beans-5.0.0.RELEASE.jar:5.0.0.RELEASE]
	at org.springframework.beans.factory.annotation.InjectionMetadata.inject(InjectionMetadata.java:91) ~[spring-beans-5.0.0.RELEASE.jar:5.0.0.RELEASE]
	at org.springframework.beans.factory.annotation.AutowiredAnnotationBeanPostProcessor.postProcessPropertyValues(AutowiredAnnotationBeanPostProcessor.java:367) ~[spring-beans-5.0.0.RELEASE.jar:5.0.0.RELEASE]
	at org.springframework.beans.factory.support.AbstractAutowireCapableBeanFactory.populateBean(AbstractAutowireCapableBeanFactory.java:1340) ~[spring-beans-5.0.0.RELEASE.jar:5.0.0.RELEASE]
	at org.springframework.beans.factory.support.AbstractAutowireCapableBeanFactory.doCreateBean(AbstractAutowireCapableBeanFactory.java:582) ~[spring-beans-5.0.0.RELEASE.jar:5.0.0.RELEASE]
	at org.springframework.beans.factory.support.AbstractAutowireCapableBeanFactory.createBean(AbstractAutowireCapableBeanFactory.java:502) ~[spring-beans-5.0.0.RELEASE.jar:5.0.0.RELEASE]
	at org.springframework.beans.factory.support.AbstractBeanFactory.lambda$doGetBean$0(AbstractBeanFactory.java:312) ~[spring-beans-5.0.0.RELEASE.jar:5.0.0.RELEASE]
	at org.springframework.beans.factory.support.DefaultSingletonBeanRegistry.getSingleton(DefaultSingletonBeanRegistry.java:228) ~[spring-beans-5.0.0.RELEASE.jar:5.0.0.RELEASE]
	at org.springframework.beans.factory.support.AbstractBeanFactory.doGetBean(AbstractBeanFactory.java:310) ~[spring-beans-5.0.0.RELEASE.jar:5.0.0.RELEASE]
	at org.springframework.beans.factory.support.AbstractBeanFactory.getBean(AbstractBeanFactory.java:200) ~[spring-beans-5.0.0.RELEASE.jar:5.0.0.RELEASE]
	at org.springframework.beans.factory.config.DependencyDescriptor.resolveCandidate(DependencyDescriptor.java:251) ~[spring-beans-5.0.0.RELEASE.jar:5.0.0.RELEASE]
	at org.springframework.beans.factory.support.DefaultListableBeanFactory.doResolveDependency(DefaultListableBeanFactory.java:1133) ~[spring-beans-5.0.0.RELEASE.jar:5.0.0.RELEASE]
	at org.springframework.beans.factory.support.DefaultListableBeanFactory.resolveDependency(DefaultListableBeanFactory.java:1060) ~[spring-beans-5.0.0.RELEASE.jar:5.0.0.RELEASE]
	at org.springframework.beans.factory.annotation.AutowiredAnnotationBeanPostProcessor$AutowiredFieldElement.inject(AutowiredAnnotationBeanPostProcessor.java:578) ~[spring-beans-5.0.0.RELEASE.jar:5.0.0.RELEASE]
	... 90 common frames omitted
Caused by: org.springframework.beans.factory.BeanCreationException: Error creating bean with name 'getSessionFactory' defined in class path resource [com/mvc/spittr/web/config/HibernateConfiguration.class]: Invocation of init method failed; nested exception is org.hibernate.MappingException: Failed to scan classpath for unlisted classes
	at org.springframework.beans.factory.support.AbstractAutowireCapableBeanFactory.initializeBean(AbstractAutowireCapableBeanFactory.java:1704) ~[spring-beans-5.0.0.RELEASE.jar:5.0.0.RELEASE]
	at org.springframework.beans.factory.support.AbstractAutowireCapableBeanFactory.doCreateBean(AbstractAutowireCapableBeanFactory.java:583) ~[spring-beans-5.0.0.RELEASE.jar:5.0.0.RELEASE]
	at org.springframework.beans.factory.support.AbstractAutowireCapableBeanFactory.createBean(AbstractAutowireCapableBeanFactory.java:502) ~[spring-beans-5.0.0.RELEASE.jar:5.0.0.RELEASE]
	at org.springframework.beans.factory.support.AbstractBeanFactory.lambda$doGetBean$0(AbstractBeanFactory.java:312) ~[spring-beans-5.0.0.RELEASE.jar:5.0.0.RELEASE]
	at org.springframework.beans.factory.support.DefaultSingletonBeanRegistry.getSingleton(DefaultSingletonBeanRegistry.java:228) ~[spring-beans-5.0.0.RELEASE.jar:5.0.0.RELEASE]
	at org.springframework.beans.factory.support.AbstractBeanFactory.doGetBean(AbstractBeanFactory.java:310) ~[spring-beans-5.0.0.RELEASE.jar:5.0.0.RELEASE]
	at org.springframework.beans.factory.support.AbstractBeanFactory.getBean(AbstractBeanFactory.java:200) ~[spring-beans-5.0.0.RELEASE.jar:5.0.0.RELEASE]
	at org.springframework.beans.factory.config.DependencyDescriptor.resolveCandidate(DependencyDescriptor.java:251) ~[spring-beans-5.0.0.RELEASE.jar:5.0.0.RELEASE]
	at org.springframework.beans.factory.support.DefaultListableBeanFactory.doResolveDependency(DefaultListableBeanFactory.java:1133) ~[spring-beans-5.0.0.RELEASE.jar:5.0.0.RELEASE]
	at org.springframework.beans.factory.support.DefaultListableBeanFactory.resolveDependency(DefaultListableBeanFactory.java:1060) ~[spring-beans-5.0.0.RELEASE.jar:5.0.0.RELEASE]
	at org.springframework.beans.factory.annotation.AutowiredAnnotationBeanPostProcessor$AutowiredFieldElement.inject(AutowiredAnnotationBeanPostProcessor.java:578) ~[spring-beans-5.0.0.RELEASE.jar:5.0.0.RELEASE]
	... 103 common frames omitted
Caused by: org.hibernate.MappingException: Failed to scan classpath for unlisted classes
	at org.springframework.orm.hibernate5.LocalSessionFactoryBuilder.scanPackages(LocalSessionFactoryBuilder.java:321) ~[spring-orm-5.0.0.RELEASE.jar:5.0.0.RELEASE]
	at org.springframework.orm.hibernate5.LocalSessionFactoryBean.afterPropertiesSet(LocalSessionFactoryBean.java:514) ~[spring-orm-5.0.0.RELEASE.jar:5.0.0.RELEASE]
	at org.springframework.beans.factory.support.AbstractAutowireCapableBeanFactory.invokeInitMethods(AbstractAutowireCapableBeanFactory.java:1763) ~[spring-beans-5.0.0.RELEASE.jar:5.0.0.RELEASE]
	at org.springframework.beans.factory.support.AbstractAutowireCapableBeanFactory.initializeBean(AbstractAutowireCapableBeanFactory.java:1700) ~[spring-beans-5.0.0.RELEASE.jar:5.0.0.RELEASE]
	... 113 common frames omitted
Caused by: java.nio.channels.ClosedByInterruptException: null
	at java.nio.channels.spi.AbstractInterruptibleChannel.end(AbstractInterruptibleChannel.java:202) ~[na:1.8.0_161]
	at sun.nio.ch.FileChannelImpl.size(FileChannelImpl.java:315) ~[na:1.8.0_161]
	at sun.nio.ch.ChannelInputStream.available(ChannelInputStream.java:116) ~[na:1.8.0_161]
	at java.io.BufferedInputStream.available(BufferedInputStream.java:410) ~[na:1.8.0_161]
	at org.springframework.asm.ClassReader.readClass(ClassReader.java:479) ~[spring-core-5.0.0.RELEASE.jar:5.0.0.RELEASE]
	at org.springframework.asm.ClassReader.<init>(ClassReader.java:445) ~[spring-core-5.0.0.RELEASE.jar:5.0.0.RELEASE]
	at org.springframework.core.type.classreading.SimpleMetadataReader.<init>(SimpleMetadataReader.java:54) ~[spring-core-5.0.0.RELEASE.jar:5.0.0.RELEASE]
	at org.springframework.core.type.classreading.SimpleMetadataReaderFactory.getMetadataReader(SimpleMetadataReaderFactory.java:99) ~[spring-core-5.0.0.RELEASE.jar:5.0.0.RELEASE]
	at org.springframework.core.type.classreading.CachingMetadataReaderFactory.getMetadataReader(CachingMetadataReaderFactory.java:123) ~[spring-core-5.0.0.RELEASE.jar:5.0.0.RELEASE]
	at org.springframework.orm.hibernate5.LocalSessionFactoryBuilder.scanPackages(LocalSessionFactoryBuilder.java:305) ~[spring-orm-5.0.0.RELEASE.jar:5.0.0.RELEASE]
	... 116 common frames omitted
