2018-02-22 22:53:42 [http-nio-8080-exec-10] ERROR o.s.s.w.a.UsernamePasswordAuthenticationFilter.doFilter(221) - An internal error occurred while trying to authenticate the user.
org.springframework.security.authentication.InternalAuthenticationServiceException: Unknown name value [ROLE_USER] for enum class [com.mvc.spittr.entity.RoleType]
	at org.springframework.security.authentication.dao.DaoAuthenticationProvider.retrieveUser(DaoAuthenticationProvider.java:126) ~[spring-security-core-4.2.3.RELEASE.jar:4.2.3.RELEASE]
	at org.springframework.security.authentication.dao.AbstractUserDetailsAuthenticationProvider.authenticate(AbstractUserDetailsAuthenticationProvider.java:144) ~[spring-security-core-4.2.3.RELEASE.jar:4.2.3.RELEASE]
	at org.springframework.security.authentication.ProviderManager.authenticate(ProviderManager.java:174) ~[spring-security-core-4.2.3.RELEASE.jar:4.2.3.RELEASE]
	at org.springframework.security.authentication.ProviderManager.authenticate(ProviderManager.java:199) ~[spring-security-core-4.2.3.RELEASE.jar:4.2.3.RELEASE]
	at org.springframework.security.web.authentication.UsernamePasswordAuthenticationFilter.attemptAuthentication(UsernamePasswordAuthenticationFilter.java:94) ~[spring-security-web-4.2.3.RELEASE.jar:4.2.3.RELEASE]
	at org.springframework.security.web.authentication.AbstractAuthenticationProcessingFilter.doFilter(AbstractAuthenticationProcessingFilter.java:212) ~[spring-security-web-4.2.3.RELEASE.jar:4.2.3.RELEASE]
	at org.springframework.security.web.FilterChainProxy$VirtualFilterChain.doFilter(FilterChainProxy.java:331) [spring-security-web-4.2.3.RELEASE.jar:4.2.3.RELEASE]
	at org.springframework.security.web.authentication.logout.LogoutFilter.doFilter(LogoutFilter.java:116) [spring-security-web-4.2.3.RELEASE.jar:4.2.3.RELEASE]
	at org.springframework.security.web.FilterChainProxy$VirtualFilterChain.doFilter(FilterChainProxy.java:331) [spring-security-web-4.2.3.RELEASE.jar:4.2.3.RELEASE]
	at org.springframework.security.web.csrf.CsrfFilter.doFilterInternal(CsrfFilter.java:124) [spring-security-web-4.2.3.RELEASE.jar:4.2.3.RELEASE]
	at org.springframework.web.filter.OncePerRequestFilter.doFilter(OncePerRequestFilter.java:107) [spring-web-5.0.0.RELEASE.jar:5.0.0.RELEASE]
	at org.springframework.security.web.FilterChainProxy$VirtualFilterChain.doFilter(FilterChainProxy.java:331) [spring-security-web-4.2.3.RELEASE.jar:4.2.3.RELEASE]
	at org.springframework.security.web.header.HeaderWriterFilter.doFilterInternal(HeaderWriterFilter.java:64) [spring-security-web-4.2.3.RELEASE.jar:4.2.3.RELEASE]
	at org.springframework.web.filter.OncePerRequestFilter.doFilter(OncePerRequestFilter.java:107) [spring-web-5.0.0.RELEASE.jar:5.0.0.RELEASE]
	at org.springframework.security.web.FilterChainProxy$VirtualFilterChain.doFilter(FilterChainProxy.java:331) [spring-security-web-4.2.3.RELEASE.jar:4.2.3.RELEASE]
	at org.springframework.security.web.context.SecurityContextPersistenceFilter.doFilter(SecurityContextPersistenceFilter.java:105) [spring-security-web-4.2.3.RELEASE.jar:4.2.3.RELEASE]
	at org.springframework.security.web.FilterChainProxy$VirtualFilterChain.doFilter(FilterChainProxy.java:331) [spring-security-web-4.2.3.RELEASE.jar:4.2.3.RELEASE]
	at org.springframework.security.web.context.request.async.WebAsyncManagerIntegrationFilter.doFilterInternal(WebAsyncManagerIntegrationFilter.java:56) [spring-security-web-4.2.3.RELEASE.jar:4.2.3.RELEASE]
	at org.springframework.web.filter.OncePerRequestFilter.doFilter(OncePerRequestFilter.java:107) [spring-web-5.0.0.RELEASE.jar:5.0.0.RELEASE]
	at org.springframework.security.web.FilterChainProxy$VirtualFilterChain.doFilter(FilterChainProxy.java:331) [spring-security-web-4.2.3.RELEASE.jar:4.2.3.RELEASE]
	at org.springframework.security.web.access.channel.ChannelProcessingFilter.doFilter(ChannelProcessingFilter.java:157) [spring-security-web-4.2.3.RELEASE.jar:4.2.3.RELEASE]
	at org.springframework.security.web.FilterChainProxy$VirtualFilterChain.doFilter(FilterChainProxy.java:331) [spring-security-web-4.2.3.RELEASE.jar:4.2.3.RELEASE]
	at org.springframework.security.web.FilterChainProxy.doFilterInternal(FilterChainProxy.java:214) [spring-security-web-4.2.3.RELEASE.jar:4.2.3.RELEASE]
	at org.springframework.security.web.FilterChainProxy.doFilter(FilterChainProxy.java:177) [spring-security-web-4.2.3.RELEASE.jar:4.2.3.RELEASE]
	at org.springframework.web.filter.DelegatingFilterProxy.invokeDelegate(DelegatingFilterProxy.java:357) [spring-web-5.0.0.RELEASE.jar:5.0.0.RELEASE]
	at org.springframework.web.filter.DelegatingFilterProxy.doFilter(DelegatingFilterProxy.java:270) [spring-web-5.0.0.RELEASE.jar:5.0.0.RELEASE]
	at org.apache.catalina.core.ApplicationFilterChain.internalDoFilter(ApplicationFilterChain.java:192) [catalina.jar:8.5.4]
	at org.apache.catalina.core.ApplicationFilterChain.doFilter(ApplicationFilterChain.java:165) [catalina.jar:8.5.4]
	at org.apache.catalina.core.StandardWrapperValve.invoke(StandardWrapperValve.java:198) [catalina.jar:8.5.4]
	at org.apache.catalina.core.StandardContextValve.invoke(StandardContextValve.java:108) [catalina.jar:8.5.4]
	at org.apache.catalina.authenticator.AuthenticatorBase.invoke(AuthenticatorBase.java:522) [catalina.jar:8.5.4]
	at org.apache.catalina.core.StandardHostValve.invoke(StandardHostValve.java:140) [catalina.jar:8.5.4]
	at org.apache.catalina.valves.ErrorReportValve.invoke(ErrorReportValve.java:79) [catalina.jar:8.5.4]
	at org.apache.catalina.valves.AbstractAccessLogValve.invoke(AbstractAccessLogValve.java:620) [catalina.jar:8.5.4]
	at org.apache.catalina.core.StandardEngineValve.invoke(StandardEngineValve.java:87) [catalina.jar:8.5.4]
	at org.apache.catalina.connector.CoyoteAdapter.service(CoyoteAdapter.java:349) [catalina.jar:8.5.4]
	at org.apache.coyote.http11.Http11Processor.service(Http11Processor.java:1110) [tomcat-coyote.jar:8.5.4]
	at org.apache.coyote.AbstractProcessorLight.process(AbstractProcessorLight.java:66) [tomcat-coyote.jar:8.5.4]
	at org.apache.coyote.AbstractProtocol$ConnectionHandler.process(AbstractProtocol.java:785) [tomcat-coyote.jar:8.5.4]
	at org.apache.tomcat.util.net.NioEndpoint$SocketProcessor.doRun(NioEndpoint.java:1425) [tomcat-coyote.jar:8.5.4]
	at org.apache.tomcat.util.net.SocketProcessorBase.run(SocketProcessorBase.java:49) [tomcat-coyote.jar:8.5.4]
	at java.util.concurrent.ThreadPoolExecutor.runWorker(ThreadPoolExecutor.java:1149) [na:1.8.0_161]
	at java.util.concurrent.ThreadPoolExecutor$Worker.run(ThreadPoolExecutor.java:624) [na:1.8.0_161]
	at org.apache.tomcat.util.threads.TaskThread$WrappingRunnable.run(TaskThread.java:61) [tomcat-util.jar:8.5.4]
	at java.lang.Thread.run(Thread.java:748) [na:1.8.0_161]
Caused by: java.lang.IllegalArgumentException: Unknown name value [ROLE_USER] for enum class [com.mvc.spittr.entity.RoleType]
	at org.hibernate.type.EnumType$NamedEnumValueMapper.fromName(EnumType.java:433) ~[hibernate-core-5.2.10.Final.jar:5.2.10.Final]
	at org.hibernate.type.EnumType$NamedEnumValueMapper.getValue(EnumType.java:417) ~[hibernate-core-5.2.10.Final.jar:5.2.10.Final]
	at org.hibernate.type.EnumType.nullSafeGet(EnumType.java:231) ~[hibernate-core-5.2.10.Final.jar:5.2.10.Final]
	at org.hibernate.type.CustomType.nullSafeGet(CustomType.java:119) ~[hibernate-core-5.2.10.Final.jar:5.2.10.Final]
	at org.hibernate.type.AbstractType.hydrate(AbstractType.java:82) ~[hibernate-core-5.2.10.Final.jar:5.2.10.Final]
	at org.hibernate.persister.entity.AbstractEntityPersister.hydrate(AbstractEntityPersister.java:2844) ~[hibernate-core-5.2.10.Final.jar:5.2.10.Final]
	at org.hibernate.loader.plan.exec.process.internal.EntityReferenceInitializerImpl.loadFromResultSet(EntityReferenceInitializerImpl.java:305) ~[hibernate-core-5.2.10.Final.jar:5.2.10.Final]
	at org.hibernate.loader.plan.exec.process.internal.EntityReferenceInitializerImpl.hydrateEntityState(EntityReferenceInitializerImpl.java:233) ~[hibernate-core-5.2.10.Final.jar:5.2.10.Final]
	at org.hibernate.loader.plan.exec.process.internal.AbstractRowReader.readRow(AbstractRowReader.java:103) ~[hibernate-core-5.2.10.Final.jar:5.2.10.Final]
	at org.hibernate.loader.plan.exec.process.internal.ResultSetProcessorImpl.extractResults(ResultSetProcessorImpl.java:122) ~[hibernate-core-5.2.10.Final.jar:5.2.10.Final]
	at org.hibernate.loader.plan.exec.internal.AbstractLoadPlanBasedLoader.executeLoad(AbstractLoadPlanBasedLoader.java:122) ~[hibernate-core-5.2.10.Final.jar:5.2.10.Final]
	at org.hibernate.loader.plan.exec.internal.AbstractLoadPlanBasedLoader.executeLoad(AbstractLoadPlanBasedLoader.java:86) ~[hibernate-core-5.2.10.Final.jar:5.2.10.Final]
	at org.hibernate.loader.collection.plan.AbstractLoadPlanBasedCollectionInitializer.initialize(AbstractLoadPlanBasedCollectionInitializer.java:87) ~[hibernate-core-5.2.10.Final.jar:5.2.10.Final]
	at org.hibernate.persister.collection.AbstractCollectionPersister.initialize(AbstractCollectionPersister.java:688) ~[hibernate-core-5.2.10.Final.jar:5.2.10.Final]
	at org.hibernate.event.internal.DefaultInitializeCollectionEventListener.onInitializeCollection(DefaultInitializeCollectionEventListener.java:75) ~[hibernate-core-5.2.10.Final.jar:5.2.10.Final]
	at org.hibernate.internal.SessionImpl.initializeCollection(SessionImpl.java:2183) ~[hibernate-core-5.2.10.Final.jar:5.2.10.Final]
	at org.hibernate.collection.internal.AbstractPersistentCollection$4.doWork(AbstractPersistentCollection.java:565) ~[hibernate-core-5.2.10.Final.jar:5.2.10.Final]
	at org.hibernate.collection.internal.AbstractPersistentCollection.withTemporarySessionIfNeeded(AbstractPersistentCollection.java:247) ~[hibernate-core-5.2.10.Final.jar:5.2.10.Final]
	at org.hibernate.collection.internal.AbstractPersistentCollection.initialize(AbstractPersistentCollection.java:561) ~[hibernate-core-5.2.10.Final.jar:5.2.10.Final]
	at org.hibernate.collection.internal.AbstractPersistentCollection.forceInitialization(AbstractPersistentCollection.java:729) ~[hibernate-core-5.2.10.Final.jar:5.2.10.Final]
	at org.hibernate.Hibernate.initialize(Hibernate.java:64) ~[hibernate-core-5.2.10.Final.jar:5.2.10.Final]
	at com.mvc.spittr.dao.SpitterDAOImpl.findBySsoId(SpitterDAOImpl.java:84) ~[classes/:na]
	at com.mvc.spittr.service.SpitterDetailService.loadUserByUsername(SpitterDetailService.java:43) ~[classes/:na]
	at com.mvc.spittr.service.SpitterDetailService$$FastClassBySpringCGLIB$$21fc9d2b.invoke(<generated>) ~[classes/:na]
	at org.springframework.cglib.proxy.MethodProxy.invoke(MethodProxy.java:204) ~[spring-core-5.0.0.RELEASE.jar:5.0.0.RELEASE]
	at org.springframework.aop.framework.CglibAopProxy$CglibMethodInvocation.invokeJoinpoint(CglibAopProxy.java:747) ~[spring-aop-5.0.0.RELEASE.jar:5.0.0.RELEASE]
	at org.springframework.aop.framework.ReflectiveMethodInvocation.proceed(ReflectiveMethodInvocation.java:163) ~[spring-aop-5.0.0.RELEASE.jar:5.0.0.RELEASE]
	at org.springframework.transaction.interceptor.TransactionAspectSupport.invokeWithinTransaction(TransactionAspectSupport.java:294) ~[spring-tx-5.0.0.RELEASE.jar:5.0.0.RELEASE]
	at org.springframework.transaction.interceptor.TransactionInterceptor.invoke(TransactionInterceptor.java:98) ~[spring-tx-5.0.0.RELEASE.jar:5.0.0.RELEASE]
	at org.springframework.aop.framework.ReflectiveMethodInvocation.proceed(ReflectiveMethodInvocation.java:185) ~[spring-aop-5.0.0.RELEASE.jar:5.0.0.RELEASE]
	at org.springframework.aop.framework.CglibAopProxy$DynamicAdvisedInterceptor.intercept(CglibAopProxy.java:689) ~[spring-aop-5.0.0.RELEASE.jar:5.0.0.RELEASE]
	at com.mvc.spittr.service.SpitterDetailService$$EnhancerBySpringCGLIB$$ed82cb3.loadUserByUsername(<generated>) ~[classes/:na]
	at org.springframework.security.authentication.dao.DaoAuthenticationProvider.retrieveUser(DaoAuthenticationProvider.java:114) ~[spring-security-core-4.2.3.RELEASE.jar:4.2.3.RELEASE]
	... 44 common frames omitted
2018-02-22 22:54:09 [http-nio-8080-exec-9] ERROR o.s.s.w.a.UsernamePasswordAuthenticationFilter.doFilter(221) - An internal error occurred while trying to authenticate the user.
org.springframework.security.authentication.InternalAuthenticationServiceException: Unknown name value [ROLE_USER] for enum class [com.mvc.spittr.entity.RoleType]
	at org.springframework.security.authentication.dao.DaoAuthenticationProvider.retrieveUser(DaoAuthenticationProvider.java:126) ~[spring-security-core-4.2.3.RELEASE.jar:4.2.3.RELEASE]
	at org.springframework.security.authentication.dao.AbstractUserDetailsAuthenticationProvider.authenticate(AbstractUserDetailsAuthenticationProvider.java:144) ~[spring-security-core-4.2.3.RELEASE.jar:4.2.3.RELEASE]
	at org.springframework.security.authentication.ProviderManager.authenticate(ProviderManager.java:174) ~[spring-security-core-4.2.3.RELEASE.jar:4.2.3.RELEASE]
	at org.springframework.security.authentication.ProviderManager.authenticate(ProviderManager.java:199) ~[spring-security-core-4.2.3.RELEASE.jar:4.2.3.RELEASE]
	at org.springframework.security.web.authentication.UsernamePasswordAuthenticationFilter.attemptAuthentication(UsernamePasswordAuthenticationFilter.java:94) ~[spring-security-web-4.2.3.RELEASE.jar:4.2.3.RELEASE]
	at org.springframework.security.web.authentication.AbstractAuthenticationProcessingFilter.doFilter(AbstractAuthenticationProcessingFilter.java:212) ~[spring-security-web-4.2.3.RELEASE.jar:4.2.3.RELEASE]
	at org.springframework.security.web.FilterChainProxy$VirtualFilterChain.doFilter(FilterChainProxy.java:331) [spring-security-web-4.2.3.RELEASE.jar:4.2.3.RELEASE]
	at org.springframework.security.web.authentication.logout.LogoutFilter.doFilter(LogoutFilter.java:116) [spring-security-web-4.2.3.RELEASE.jar:4.2.3.RELEASE]
	at org.springframework.security.web.FilterChainProxy$VirtualFilterChain.doFilter(FilterChainProxy.java:331) [spring-security-web-4.2.3.RELEASE.jar:4.2.3.RELEASE]
	at org.springframework.security.web.csrf.CsrfFilter.doFilterInternal(CsrfFilter.java:124) [spring-security-web-4.2.3.RELEASE.jar:4.2.3.RELEASE]
	at org.springframework.web.filter.OncePerRequestFilter.doFilter(OncePerRequestFilter.java:107) [spring-web-5.0.0.RELEASE.jar:5.0.0.RELEASE]
	at org.springframework.security.web.FilterChainProxy$VirtualFilterChain.doFilter(FilterChainProxy.java:331) [spring-security-web-4.2.3.RELEASE.jar:4.2.3.RELEASE]
	at org.springframework.security.web.header.HeaderWriterFilter.doFilterInternal(HeaderWriterFilter.java:64) [spring-security-web-4.2.3.RELEASE.jar:4.2.3.RELEASE]
	at org.springframework.web.filter.OncePerRequestFilter.doFilter(OncePerRequestFilter.java:107) [spring-web-5.0.0.RELEASE.jar:5.0.0.RELEASE]
	at org.springframework.security.web.FilterChainProxy$VirtualFilterChain.doFilter(FilterChainProxy.java:331) [spring-security-web-4.2.3.RELEASE.jar:4.2.3.RELEASE]
	at org.springframework.security.web.context.SecurityContextPersistenceFilter.doFilter(SecurityContextPersistenceFilter.java:105) [spring-security-web-4.2.3.RELEASE.jar:4.2.3.RELEASE]
	at org.springframework.security.web.FilterChainProxy$VirtualFilterChain.doFilter(FilterChainProxy.java:331) [spring-security-web-4.2.3.RELEASE.jar:4.2.3.RELEASE]
	at org.springframework.security.web.context.request.async.WebAsyncManagerIntegrationFilter.doFilterInternal(WebAsyncManagerIntegrationFilter.java:56) [spring-security-web-4.2.3.RELEASE.jar:4.2.3.RELEASE]
	at org.springframework.web.filter.OncePerRequestFilter.doFilter(OncePerRequestFilter.java:107) [spring-web-5.0.0.RELEASE.jar:5.0.0.RELEASE]
	at org.springframework.security.web.FilterChainProxy$VirtualFilterChain.doFilter(FilterChainProxy.java:331) [spring-security-web-4.2.3.RELEASE.jar:4.2.3.RELEASE]
	at org.springframework.security.web.access.channel.ChannelProcessingFilter.doFilter(ChannelProcessingFilter.java:157) [spring-security-web-4.2.3.RELEASE.jar:4.2.3.RELEASE]
	at org.springframework.security.web.FilterChainProxy$VirtualFilterChain.doFilter(FilterChainProxy.java:331) [spring-security-web-4.2.3.RELEASE.jar:4.2.3.RELEASE]
	at org.springframework.security.web.FilterChainProxy.doFilterInternal(FilterChainProxy.java:214) [spring-security-web-4.2.3.RELEASE.jar:4.2.3.RELEASE]
	at org.springframework.security.web.FilterChainProxy.doFilter(FilterChainProxy.java:177) [spring-security-web-4.2.3.RELEASE.jar:4.2.3.RELEASE]
	at org.springframework.web.filter.DelegatingFilterProxy.invokeDelegate(DelegatingFilterProxy.java:357) [spring-web-5.0.0.RELEASE.jar:5.0.0.RELEASE]
	at org.springframework.web.filter.DelegatingFilterProxy.doFilter(DelegatingFilterProxy.java:270) [spring-web-5.0.0.RELEASE.jar:5.0.0.RELEASE]
	at org.apache.catalina.core.ApplicationFilterChain.internalDoFilter(ApplicationFilterChain.java:192) [catalina.jar:8.5.4]
	at org.apache.catalina.core.ApplicationFilterChain.doFilter(ApplicationFilterChain.java:165) [catalina.jar:8.5.4]
	at org.apache.catalina.core.StandardWrapperValve.invoke(StandardWrapperValve.java:198) [catalina.jar:8.5.4]
	at org.apache.catalina.core.StandardContextValve.invoke(StandardContextValve.java:108) [catalina.jar:8.5.4]
	at org.apache.catalina.authenticator.AuthenticatorBase.invoke(AuthenticatorBase.java:522) [catalina.jar:8.5.4]
	at org.apache.catalina.core.StandardHostValve.invoke(StandardHostValve.java:140) [catalina.jar:8.5.4]
	at org.apache.catalina.valves.ErrorReportValve.invoke(ErrorReportValve.java:79) [catalina.jar:8.5.4]
	at org.apache.catalina.valves.AbstractAccessLogValve.invoke(AbstractAccessLogValve.java:620) [catalina.jar:8.5.4]
	at org.apache.catalina.core.StandardEngineValve.invoke(StandardEngineValve.java:87) [catalina.jar:8.5.4]
	at org.apache.catalina.connector.CoyoteAdapter.service(CoyoteAdapter.java:349) [catalina.jar:8.5.4]
	at org.apache.coyote.http11.Http11Processor.service(Http11Processor.java:1110) [tomcat-coyote.jar:8.5.4]
	at org.apache.coyote.AbstractProcessorLight.process(AbstractProcessorLight.java:66) [tomcat-coyote.jar:8.5.4]
	at org.apache.coyote.AbstractProtocol$ConnectionHandler.process(AbstractProtocol.java:785) [tomcat-coyote.jar:8.5.4]
	at org.apache.tomcat.util.net.NioEndpoint$SocketProcessor.doRun(NioEndpoint.java:1425) [tomcat-coyote.jar:8.5.4]
	at org.apache.tomcat.util.net.SocketProcessorBase.run(SocketProcessorBase.java:49) [tomcat-coyote.jar:8.5.4]
	at java.util.concurrent.ThreadPoolExecutor.runWorker(ThreadPoolExecutor.java:1149) [na:1.8.0_161]
	at java.util.concurrent.ThreadPoolExecutor$Worker.run(ThreadPoolExecutor.java:624) [na:1.8.0_161]
	at org.apache.tomcat.util.threads.TaskThread$WrappingRunnable.run(TaskThread.java:61) [tomcat-util.jar:8.5.4]
	at java.lang.Thread.run(Thread.java:748) [na:1.8.0_161]
Caused by: java.lang.IllegalArgumentException: Unknown name value [ROLE_USER] for enum class [com.mvc.spittr.entity.RoleType]
	at org.hibernate.type.EnumType$NamedEnumValueMapper.fromName(EnumType.java:433) ~[hibernate-core-5.2.10.Final.jar:5.2.10.Final]
	at org.hibernate.type.EnumType$NamedEnumValueMapper.getValue(EnumType.java:417) ~[hibernate-core-5.2.10.Final.jar:5.2.10.Final]
	at org.hibernate.type.EnumType.nullSafeGet(EnumType.java:231) ~[hibernate-core-5.2.10.Final.jar:5.2.10.Final]
	at org.hibernate.type.CustomType.nullSafeGet(CustomType.java:119) ~[hibernate-core-5.2.10.Final.jar:5.2.10.Final]
	at org.hibernate.type.AbstractType.hydrate(AbstractType.java:82) ~[hibernate-core-5.2.10.Final.jar:5.2.10.Final]
	at org.hibernate.persister.entity.AbstractEntityPersister.hydrate(AbstractEntityPersister.java:2844) ~[hibernate-core-5.2.10.Final.jar:5.2.10.Final]
	at org.hibernate.loader.plan.exec.process.internal.EntityReferenceInitializerImpl.loadFromResultSet(EntityReferenceInitializerImpl.java:305) ~[hibernate-core-5.2.10.Final.jar:5.2.10.Final]
	at org.hibernate.loader.plan.exec.process.internal.EntityReferenceInitializerImpl.hydrateEntityState(EntityReferenceInitializerImpl.java:233) ~[hibernate-core-5.2.10.Final.jar:5.2.10.Final]
	at org.hibernate.loader.plan.exec.process.internal.AbstractRowReader.readRow(AbstractRowReader.java:103) ~[hibernate-core-5.2.10.Final.jar:5.2.10.Final]
	at org.hibernate.loader.plan.exec.process.internal.ResultSetProcessorImpl.extractResults(ResultSetProcessorImpl.java:122) ~[hibernate-core-5.2.10.Final.jar:5.2.10.Final]
	at org.hibernate.loader.plan.exec.internal.AbstractLoadPlanBasedLoader.executeLoad(AbstractLoadPlanBasedLoader.java:122) ~[hibernate-core-5.2.10.Final.jar:5.2.10.Final]
	at org.hibernate.loader.plan.exec.internal.AbstractLoadPlanBasedLoader.executeLoad(AbstractLoadPlanBasedLoader.java:86) ~[hibernate-core-5.2.10.Final.jar:5.2.10.Final]
	at org.hibernate.loader.collection.plan.AbstractLoadPlanBasedCollectionInitializer.initialize(AbstractLoadPlanBasedCollectionInitializer.java:87) ~[hibernate-core-5.2.10.Final.jar:5.2.10.Final]
	at org.hibernate.persister.collection.AbstractCollectionPersister.initialize(AbstractCollectionPersister.java:688) ~[hibernate-core-5.2.10.Final.jar:5.2.10.Final]
	at org.hibernate.event.internal.DefaultInitializeCollectionEventListener.onInitializeCollection(DefaultInitializeCollectionEventListener.java:75) ~[hibernate-core-5.2.10.Final.jar:5.2.10.Final]
	at org.hibernate.internal.SessionImpl.initializeCollection(SessionImpl.java:2183) ~[hibernate-core-5.2.10.Final.jar:5.2.10.Final]
	at org.hibernate.collection.internal.AbstractPersistentCollection$4.doWork(AbstractPersistentCollection.java:565) ~[hibernate-core-5.2.10.Final.jar:5.2.10.Final]
	at org.hibernate.collection.internal.AbstractPersistentCollection.withTemporarySessionIfNeeded(AbstractPersistentCollection.java:247) ~[hibernate-core-5.2.10.Final.jar:5.2.10.Final]
	at org.hibernate.collection.internal.AbstractPersistentCollection.initialize(AbstractPersistentCollection.java:561) ~[hibernate-core-5.2.10.Final.jar:5.2.10.Final]
	at org.hibernate.collection.internal.AbstractPersistentCollection.forceInitialization(AbstractPersistentCollection.java:729) ~[hibernate-core-5.2.10.Final.jar:5.2.10.Final]
	at org.hibernate.Hibernate.initialize(Hibernate.java:64) ~[hibernate-core-5.2.10.Final.jar:5.2.10.Final]
	at com.mvc.spittr.dao.SpitterDAOImpl.findBySsoId(SpitterDAOImpl.java:84) ~[classes/:na]
	at com.mvc.spittr.service.SpitterDetailService.loadUserByUsername(SpitterDetailService.java:43) ~[classes/:na]
	at com.mvc.spittr.service.SpitterDetailService$$FastClassBySpringCGLIB$$21fc9d2b.invoke(<generated>) ~[classes/:na]
	at org.springframework.cglib.proxy.MethodProxy.invoke(MethodProxy.java:204) ~[spring-core-5.0.0.RELEASE.jar:5.0.0.RELEASE]
	at org.springframework.aop.framework.CglibAopProxy$CglibMethodInvocation.invokeJoinpoint(CglibAopProxy.java:747) ~[spring-aop-5.0.0.RELEASE.jar:5.0.0.RELEASE]
	at org.springframework.aop.framework.ReflectiveMethodInvocation.proceed(ReflectiveMethodInvocation.java:163) ~[spring-aop-5.0.0.RELEASE.jar:5.0.0.RELEASE]
	at org.springframework.transaction.interceptor.TransactionAspectSupport.invokeWithinTransaction(TransactionAspectSupport.java:294) ~[spring-tx-5.0.0.RELEASE.jar:5.0.0.RELEASE]
	at org.springframework.transaction.interceptor.TransactionInterceptor.invoke(TransactionInterceptor.java:98) ~[spring-tx-5.0.0.RELEASE.jar:5.0.0.RELEASE]
	at org.springframework.aop.framework.ReflectiveMethodInvocation.proceed(ReflectiveMethodInvocation.java:185) ~[spring-aop-5.0.0.RELEASE.jar:5.0.0.RELEASE]
	at org.springframework.aop.framework.CglibAopProxy$DynamicAdvisedInterceptor.intercept(CglibAopProxy.java:689) ~[spring-aop-5.0.0.RELEASE.jar:5.0.0.RELEASE]
	at com.mvc.spittr.service.SpitterDetailService$$EnhancerBySpringCGLIB$$ed82cb3.loadUserByUsername(<generated>) ~[classes/:na]
	at org.springframework.security.authentication.dao.DaoAuthenticationProvider.retrieveUser(DaoAuthenticationProvider.java:114) ~[spring-security-core-4.2.3.RELEASE.jar:4.2.3.RELEASE]
	... 44 common frames omitted
2018-02-22 22:55:31 [http-nio-8080-exec-2] ERROR o.s.s.w.a.UsernamePasswordAuthenticationFilter.doFilter(221) - An internal error occurred while trying to authenticate the user.
org.springframework.security.authentication.InternalAuthenticationServiceException: Unknown name value [ROLE_USER] for enum class [com.mvc.spittr.entity.RoleType]
	at org.springframework.security.authentication.dao.DaoAuthenticationProvider.retrieveUser(DaoAuthenticationProvider.java:126) ~[spring-security-core-4.2.3.RELEASE.jar:4.2.3.RELEASE]
	at org.springframework.security.authentication.dao.AbstractUserDetailsAuthenticationProvider.authenticate(AbstractUserDetailsAuthenticationProvider.java:144) ~[spring-security-core-4.2.3.RELEASE.jar:4.2.3.RELEASE]
	at org.springframework.security.authentication.ProviderManager.authenticate(ProviderManager.java:174) ~[spring-security-core-4.2.3.RELEASE.jar:4.2.3.RELEASE]
	at org.springframework.security.authentication.ProviderManager.authenticate(ProviderManager.java:199) ~[spring-security-core-4.2.3.RELEASE.jar:4.2.3.RELEASE]
	at org.springframework.security.web.authentication.UsernamePasswordAuthenticationFilter.attemptAuthentication(UsernamePasswordAuthenticationFilter.java:94) ~[spring-security-web-4.2.3.RELEASE.jar:4.2.3.RELEASE]
	at org.springframework.security.web.authentication.AbstractAuthenticationProcessingFilter.doFilter(AbstractAuthenticationProcessingFilter.java:212) ~[spring-security-web-4.2.3.RELEASE.jar:4.2.3.RELEASE]
	at org.springframework.security.web.FilterChainProxy$VirtualFilterChain.doFilter(FilterChainProxy.java:331) [spring-security-web-4.2.3.RELEASE.jar:4.2.3.RELEASE]
	at org.springframework.security.web.authentication.logout.LogoutFilter.doFilter(LogoutFilter.java:116) [spring-security-web-4.2.3.RELEASE.jar:4.2.3.RELEASE]
	at org.springframework.security.web.FilterChainProxy$VirtualFilterChain.doFilter(FilterChainProxy.java:331) [spring-security-web-4.2.3.RELEASE.jar:4.2.3.RELEASE]
	at org.springframework.security.web.csrf.CsrfFilter.doFilterInternal(CsrfFilter.java:124) [spring-security-web-4.2.3.RELEASE.jar:4.2.3.RELEASE]
	at org.springframework.web.filter.OncePerRequestFilter.doFilter(OncePerRequestFilter.java:107) [spring-web-5.0.0.RELEASE.jar:5.0.0.RELEASE]
	at org.springframework.security.web.FilterChainProxy$VirtualFilterChain.doFilter(FilterChainProxy.java:331) [spring-security-web-4.2.3.RELEASE.jar:4.2.3.RELEASE]
	at org.springframework.security.web.header.HeaderWriterFilter.doFilterInternal(HeaderWriterFilter.java:64) [spring-security-web-4.2.3.RELEASE.jar:4.2.3.RELEASE]
	at org.springframework.web.filter.OncePerRequestFilter.doFilter(OncePerRequestFilter.java:107) [spring-web-5.0.0.RELEASE.jar:5.0.0.RELEASE]
	at org.springframework.security.web.FilterChainProxy$VirtualFilterChain.doFilter(FilterChainProxy.java:331) [spring-security-web-4.2.3.RELEASE.jar:4.2.3.RELEASE]
	at org.springframework.security.web.context.SecurityContextPersistenceFilter.doFilter(SecurityContextPersistenceFilter.java:105) [spring-security-web-4.2.3.RELEASE.jar:4.2.3.RELEASE]
	at org.springframework.security.web.FilterChainProxy$VirtualFilterChain.doFilter(FilterChainProxy.java:331) [spring-security-web-4.2.3.RELEASE.jar:4.2.3.RELEASE]
	at org.springframework.security.web.context.request.async.WebAsyncManagerIntegrationFilter.doFilterInternal(WebAsyncManagerIntegrationFilter.java:56) [spring-security-web-4.2.3.RELEASE.jar:4.2.3.RELEASE]
	at org.springframework.web.filter.OncePerRequestFilter.doFilter(OncePerRequestFilter.java:107) [spring-web-5.0.0.RELEASE.jar:5.0.0.RELEASE]
	at org.springframework.security.web.FilterChainProxy$VirtualFilterChain.doFilter(FilterChainProxy.java:331) [spring-security-web-4.2.3.RELEASE.jar:4.2.3.RELEASE]
	at org.springframework.security.web.access.channel.ChannelProcessingFilter.doFilter(ChannelProcessingFilter.java:157) [spring-security-web-4.2.3.RELEASE.jar:4.2.3.RELEASE]
	at org.springframework.security.web.FilterChainProxy$VirtualFilterChain.doFilter(FilterChainProxy.java:331) [spring-security-web-4.2.3.RELEASE.jar:4.2.3.RELEASE]
	at org.springframework.security.web.FilterChainProxy.doFilterInternal(FilterChainProxy.java:214) [spring-security-web-4.2.3.RELEASE.jar:4.2.3.RELEASE]
	at org.springframework.security.web.FilterChainProxy.doFilter(FilterChainProxy.java:177) [spring-security-web-4.2.3.RELEASE.jar:4.2.3.RELEASE]
	at org.springframework.web.filter.DelegatingFilterProxy.invokeDelegate(DelegatingFilterProxy.java:357) [spring-web-5.0.0.RELEASE.jar:5.0.0.RELEASE]
	at org.springframework.web.filter.DelegatingFilterProxy.doFilter(DelegatingFilterProxy.java:270) [spring-web-5.0.0.RELEASE.jar:5.0.0.RELEASE]
	at org.apache.catalina.core.ApplicationFilterChain.internalDoFilter(ApplicationFilterChain.java:192) [catalina.jar:8.5.4]
	at org.apache.catalina.core.ApplicationFilterChain.doFilter(ApplicationFilterChain.java:165) [catalina.jar:8.5.4]
	at org.apache.catalina.core.StandardWrapperValve.invoke(StandardWrapperValve.java:198) [catalina.jar:8.5.4]
	at org.apache.catalina.core.StandardContextValve.invoke(StandardContextValve.java:108) [catalina.jar:8.5.4]
	at org.apache.catalina.authenticator.AuthenticatorBase.invoke(AuthenticatorBase.java:522) [catalina.jar:8.5.4]
	at org.apache.catalina.core.StandardHostValve.invoke(StandardHostValve.java:140) [catalina.jar:8.5.4]
	at org.apache.catalina.valves.ErrorReportValve.invoke(ErrorReportValve.java:79) [catalina.jar:8.5.4]
	at org.apache.catalina.valves.AbstractAccessLogValve.invoke(AbstractAccessLogValve.java:620) [catalina.jar:8.5.4]
	at org.apache.catalina.core.StandardEngineValve.invoke(StandardEngineValve.java:87) [catalina.jar:8.5.4]
	at org.apache.catalina.connector.CoyoteAdapter.service(CoyoteAdapter.java:349) [catalina.jar:8.5.4]
	at org.apache.coyote.http11.Http11Processor.service(Http11Processor.java:1110) [tomcat-coyote.jar:8.5.4]
	at org.apache.coyote.AbstractProcessorLight.process(AbstractProcessorLight.java:66) [tomcat-coyote.jar:8.5.4]
	at org.apache.coyote.AbstractProtocol$ConnectionHandler.process(AbstractProtocol.java:785) [tomcat-coyote.jar:8.5.4]
	at org.apache.tomcat.util.net.NioEndpoint$SocketProcessor.doRun(NioEndpoint.java:1425) [tomcat-coyote.jar:8.5.4]
	at org.apache.tomcat.util.net.SocketProcessorBase.run(SocketProcessorBase.java:49) [tomcat-coyote.jar:8.5.4]
	at java.util.concurrent.ThreadPoolExecutor.runWorker(ThreadPoolExecutor.java:1149) [na:1.8.0_161]
	at java.util.concurrent.ThreadPoolExecutor$Worker.run(ThreadPoolExecutor.java:624) [na:1.8.0_161]
	at org.apache.tomcat.util.threads.TaskThread$WrappingRunnable.run(TaskThread.java:61) [tomcat-util.jar:8.5.4]
	at java.lang.Thread.run(Thread.java:748) [na:1.8.0_161]
Caused by: java.lang.IllegalArgumentException: Unknown name value [ROLE_USER] for enum class [com.mvc.spittr.entity.RoleType]
	at org.hibernate.type.EnumType$NamedEnumValueMapper.fromName(EnumType.java:433) ~[hibernate-core-5.2.10.Final.jar:5.2.10.Final]
	at org.hibernate.type.EnumType$NamedEnumValueMapper.getValue(EnumType.java:417) ~[hibernate-core-5.2.10.Final.jar:5.2.10.Final]
	at org.hibernate.type.EnumType.nullSafeGet(EnumType.java:231) ~[hibernate-core-5.2.10.Final.jar:5.2.10.Final]
	at org.hibernate.type.CustomType.nullSafeGet(CustomType.java:119) ~[hibernate-core-5.2.10.Final.jar:5.2.10.Final]
	at org.hibernate.type.AbstractType.hydrate(AbstractType.java:82) ~[hibernate-core-5.2.10.Final.jar:5.2.10.Final]
	at org.hibernate.persister.entity.AbstractEntityPersister.hydrate(AbstractEntityPersister.java:2844) ~[hibernate-core-5.2.10.Final.jar:5.2.10.Final]
	at org.hibernate.loader.plan.exec.process.internal.EntityReferenceInitializerImpl.loadFromResultSet(EntityReferenceInitializerImpl.java:305) ~[hibernate-core-5.2.10.Final.jar:5.2.10.Final]
	at org.hibernate.loader.plan.exec.process.internal.EntityReferenceInitializerImpl.hydrateEntityState(EntityReferenceInitializerImpl.java:233) ~[hibernate-core-5.2.10.Final.jar:5.2.10.Final]
	at org.hibernate.loader.plan.exec.process.internal.AbstractRowReader.readRow(AbstractRowReader.java:103) ~[hibernate-core-5.2.10.Final.jar:5.2.10.Final]
	at org.hibernate.loader.plan.exec.process.internal.ResultSetProcessorImpl.extractResults(ResultSetProcessorImpl.java:122) ~[hibernate-core-5.2.10.Final.jar:5.2.10.Final]
	at org.hibernate.loader.plan.exec.internal.AbstractLoadPlanBasedLoader.executeLoad(AbstractLoadPlanBasedLoader.java:122) ~[hibernate-core-5.2.10.Final.jar:5.2.10.Final]
	at org.hibernate.loader.plan.exec.internal.AbstractLoadPlanBasedLoader.executeLoad(AbstractLoadPlanBasedLoader.java:86) ~[hibernate-core-5.2.10.Final.jar:5.2.10.Final]
	at org.hibernate.loader.collection.plan.AbstractLoadPlanBasedCollectionInitializer.initialize(AbstractLoadPlanBasedCollectionInitializer.java:87) ~[hibernate-core-5.2.10.Final.jar:5.2.10.Final]
	at org.hibernate.persister.collection.AbstractCollectionPersister.initialize(AbstractCollectionPersister.java:688) ~[hibernate-core-5.2.10.Final.jar:5.2.10.Final]
	at org.hibernate.event.internal.DefaultInitializeCollectionEventListener.onInitializeCollection(DefaultInitializeCollectionEventListener.java:75) ~[hibernate-core-5.2.10.Final.jar:5.2.10.Final]
	at org.hibernate.internal.SessionImpl.initializeCollection(SessionImpl.java:2183) ~[hibernate-core-5.2.10.Final.jar:5.2.10.Final]
	at org.hibernate.collection.internal.AbstractPersistentCollection$4.doWork(AbstractPersistentCollection.java:565) ~[hibernate-core-5.2.10.Final.jar:5.2.10.Final]
	at org.hibernate.collection.internal.AbstractPersistentCollection.withTemporarySessionIfNeeded(AbstractPersistentCollection.java:247) ~[hibernate-core-5.2.10.Final.jar:5.2.10.Final]
	at org.hibernate.collection.internal.AbstractPersistentCollection.initialize(AbstractPersistentCollection.java:561) ~[hibernate-core-5.2.10.Final.jar:5.2.10.Final]
	at org.hibernate.collection.internal.AbstractPersistentCollection.forceInitialization(AbstractPersistentCollection.java:729) ~[hibernate-core-5.2.10.Final.jar:5.2.10.Final]
	at org.hibernate.Hibernate.initialize(Hibernate.java:64) ~[hibernate-core-5.2.10.Final.jar:5.2.10.Final]
	at com.mvc.spittr.dao.SpitterDAOImpl.findBySsoId(SpitterDAOImpl.java:84) ~[classes/:na]
	at com.mvc.spittr.service.SpitterDetailService.loadUserByUsername(SpitterDetailService.java:43) ~[classes/:na]
	at com.mvc.spittr.service.SpitterDetailService$$FastClassBySpringCGLIB$$21fc9d2b.invoke(<generated>) ~[classes/:na]
	at org.springframework.cglib.proxy.MethodProxy.invoke(MethodProxy.java:204) ~[spring-core-5.0.0.RELEASE.jar:5.0.0.RELEASE]
	at org.springframework.aop.framework.CglibAopProxy$CglibMethodInvocation.invokeJoinpoint(CglibAopProxy.java:747) ~[spring-aop-5.0.0.RELEASE.jar:5.0.0.RELEASE]
	at org.springframework.aop.framework.ReflectiveMethodInvocation.proceed(ReflectiveMethodInvocation.java:163) ~[spring-aop-5.0.0.RELEASE.jar:5.0.0.RELEASE]
	at org.springframework.transaction.interceptor.TransactionAspectSupport.invokeWithinTransaction(TransactionAspectSupport.java:294) ~[spring-tx-5.0.0.RELEASE.jar:5.0.0.RELEASE]
	at org.springframework.transaction.interceptor.TransactionInterceptor.invoke(TransactionInterceptor.java:98) ~[spring-tx-5.0.0.RELEASE.jar:5.0.0.RELEASE]
	at org.springframework.aop.framework.ReflectiveMethodInvocation.proceed(ReflectiveMethodInvocation.java:185) ~[spring-aop-5.0.0.RELEASE.jar:5.0.0.RELEASE]
	at org.springframework.aop.framework.CglibAopProxy$DynamicAdvisedInterceptor.intercept(CglibAopProxy.java:689) ~[spring-aop-5.0.0.RELEASE.jar:5.0.0.RELEASE]
	at com.mvc.spittr.service.SpitterDetailService$$EnhancerBySpringCGLIB$$ed82cb3.loadUserByUsername(<generated>) ~[classes/:na]
	at org.springframework.security.authentication.dao.DaoAuthenticationProvider.retrieveUser(DaoAuthenticationProvider.java:114) ~[spring-security-core-4.2.3.RELEASE.jar:4.2.3.RELEASE]
	... 44 common frames omitted
2018-02-22 22:56:03 [http-nio-8080-exec-10] ERROR o.s.s.w.a.UsernamePasswordAuthenticationFilter.doFilter(221) - An internal error occurred while trying to authenticate the user.
org.springframework.security.authentication.InternalAuthenticationServiceException: Unknown name value [ROLE_USER] for enum class [com.mvc.spittr.entity.RoleType]
	at org.springframework.security.authentication.dao.DaoAuthenticationProvider.retrieveUser(DaoAuthenticationProvider.java:126) ~[spring-security-core-4.2.3.RELEASE.jar:4.2.3.RELEASE]
	at org.springframework.security.authentication.dao.AbstractUserDetailsAuthenticationProvider.authenticate(AbstractUserDetailsAuthenticationProvider.java:144) ~[spring-security-core-4.2.3.RELEASE.jar:4.2.3.RELEASE]
	at org.springframework.security.authentication.ProviderManager.authenticate(ProviderManager.java:174) ~[spring-security-core-4.2.3.RELEASE.jar:4.2.3.RELEASE]
	at org.springframework.security.authentication.ProviderManager.authenticate(ProviderManager.java:199) ~[spring-security-core-4.2.3.RELEASE.jar:4.2.3.RELEASE]
	at org.springframework.security.web.authentication.UsernamePasswordAuthenticationFilter.attemptAuthentication(UsernamePasswordAuthenticationFilter.java:94) ~[spring-security-web-4.2.3.RELEASE.jar:4.2.3.RELEASE]
	at org.springframework.security.web.authentication.AbstractAuthenticationProcessingFilter.doFilter(AbstractAuthenticationProcessingFilter.java:212) ~[spring-security-web-4.2.3.RELEASE.jar:4.2.3.RELEASE]
	at org.springframework.security.web.FilterChainProxy$VirtualFilterChain.doFilter(FilterChainProxy.java:331) [spring-security-web-4.2.3.RELEASE.jar:4.2.3.RELEASE]
	at org.springframework.security.web.authentication.logout.LogoutFilter.doFilter(LogoutFilter.java:116) [spring-security-web-4.2.3.RELEASE.jar:4.2.3.RELEASE]
	at org.springframework.security.web.FilterChainProxy$VirtualFilterChain.doFilter(FilterChainProxy.java:331) [spring-security-web-4.2.3.RELEASE.jar:4.2.3.RELEASE]
	at org.springframework.security.web.csrf.CsrfFilter.doFilterInternal(CsrfFilter.java:124) [spring-security-web-4.2.3.RELEASE.jar:4.2.3.RELEASE]
	at org.springframework.web.filter.OncePerRequestFilter.doFilter(OncePerRequestFilter.java:107) [spring-web-5.0.0.RELEASE.jar:5.0.0.RELEASE]
	at org.springframework.security.web.FilterChainProxy$VirtualFilterChain.doFilter(FilterChainProxy.java:331) [spring-security-web-4.2.3.RELEASE.jar:4.2.3.RELEASE]
	at org.springframework.security.web.header.HeaderWriterFilter.doFilterInternal(HeaderWriterFilter.java:64) [spring-security-web-4.2.3.RELEASE.jar:4.2.3.RELEASE]
	at org.springframework.web.filter.OncePerRequestFilter.doFilter(OncePerRequestFilter.java:107) [spring-web-5.0.0.RELEASE.jar:5.0.0.RELEASE]
	at org.springframework.security.web.FilterChainProxy$VirtualFilterChain.doFilter(FilterChainProxy.java:331) [spring-security-web-4.2.3.RELEASE.jar:4.2.3.RELEASE]
	at org.springframework.security.web.context.SecurityContextPersistenceFilter.doFilter(SecurityContextPersistenceFilter.java:105) [spring-security-web-4.2.3.RELEASE.jar:4.2.3.RELEASE]
	at org.springframework.security.web.FilterChainProxy$VirtualFilterChain.doFilter(FilterChainProxy.java:331) [spring-security-web-4.2.3.RELEASE.jar:4.2.3.RELEASE]
	at org.springframework.security.web.context.request.async.WebAsyncManagerIntegrationFilter.doFilterInternal(WebAsyncManagerIntegrationFilter.java:56) [spring-security-web-4.2.3.RELEASE.jar:4.2.3.RELEASE]
	at org.springframework.web.filter.OncePerRequestFilter.doFilter(OncePerRequestFilter.java:107) [spring-web-5.0.0.RELEASE.jar:5.0.0.RELEASE]
	at org.springframework.security.web.FilterChainProxy$VirtualFilterChain.doFilter(FilterChainProxy.java:331) [spring-security-web-4.2.3.RELEASE.jar:4.2.3.RELEASE]
	at org.springframework.security.web.access.channel.ChannelProcessingFilter.doFilter(ChannelProcessingFilter.java:157) [spring-security-web-4.2.3.RELEASE.jar:4.2.3.RELEASE]
	at org.springframework.security.web.FilterChainProxy$VirtualFilterChain.doFilter(FilterChainProxy.java:331) [spring-security-web-4.2.3.RELEASE.jar:4.2.3.RELEASE]
	at org.springframework.security.web.FilterChainProxy.doFilterInternal(FilterChainProxy.java:214) [spring-security-web-4.2.3.RELEASE.jar:4.2.3.RELEASE]
	at org.springframework.security.web.FilterChainProxy.doFilter(FilterChainProxy.java:177) [spring-security-web-4.2.3.RELEASE.jar:4.2.3.RELEASE]
	at org.springframework.web.filter.DelegatingFilterProxy.invokeDelegate(DelegatingFilterProxy.java:357) [spring-web-5.0.0.RELEASE.jar:5.0.0.RELEASE]
	at org.springframework.web.filter.DelegatingFilterProxy.doFilter(DelegatingFilterProxy.java:270) [spring-web-5.0.0.RELEASE.jar:5.0.0.RELEASE]
	at org.apache.catalina.core.ApplicationFilterChain.internalDoFilter(ApplicationFilterChain.java:192) [catalina.jar:8.5.4]
	at org.apache.catalina.core.ApplicationFilterChain.doFilter(ApplicationFilterChain.java:165) [catalina.jar:8.5.4]
	at org.apache.catalina.core.StandardWrapperValve.invoke(StandardWrapperValve.java:198) [catalina.jar:8.5.4]
	at org.apache.catalina.core.StandardContextValve.invoke(StandardContextValve.java:108) [catalina.jar:8.5.4]
	at org.apache.catalina.authenticator.AuthenticatorBase.invoke(AuthenticatorBase.java:522) [catalina.jar:8.5.4]
	at org.apache.catalina.core.StandardHostValve.invoke(StandardHostValve.java:140) [catalina.jar:8.5.4]
	at org.apache.catalina.valves.ErrorReportValve.invoke(ErrorReportValve.java:79) [catalina.jar:8.5.4]
	at org.apache.catalina.valves.AbstractAccessLogValve.invoke(AbstractAccessLogValve.java:620) [catalina.jar:8.5.4]
	at org.apache.catalina.core.StandardEngineValve.invoke(StandardEngineValve.java:87) [catalina.jar:8.5.4]
	at org.apache.catalina.connector.CoyoteAdapter.service(CoyoteAdapter.java:349) [catalina.jar:8.5.4]
	at org.apache.coyote.http11.Http11Processor.service(Http11Processor.java:1110) [tomcat-coyote.jar:8.5.4]
	at org.apache.coyote.AbstractProcessorLight.process(AbstractProcessorLight.java:66) [tomcat-coyote.jar:8.5.4]
	at org.apache.coyote.AbstractProtocol$ConnectionHandler.process(AbstractProtocol.java:785) [tomcat-coyote.jar:8.5.4]
	at org.apache.tomcat.util.net.NioEndpoint$SocketProcessor.doRun(NioEndpoint.java:1425) [tomcat-coyote.jar:8.5.4]
	at org.apache.tomcat.util.net.SocketProcessorBase.run(SocketProcessorBase.java:49) [tomcat-coyote.jar:8.5.4]
	at java.util.concurrent.ThreadPoolExecutor.runWorker(ThreadPoolExecutor.java:1149) [na:1.8.0_161]
	at java.util.concurrent.ThreadPoolExecutor$Worker.run(ThreadPoolExecutor.java:624) [na:1.8.0_161]
	at org.apache.tomcat.util.threads.TaskThread$WrappingRunnable.run(TaskThread.java:61) [tomcat-util.jar:8.5.4]
	at java.lang.Thread.run(Thread.java:748) [na:1.8.0_161]
Caused by: java.lang.IllegalArgumentException: Unknown name value [ROLE_USER] for enum class [com.mvc.spittr.entity.RoleType]
	at org.hibernate.type.EnumType$NamedEnumValueMapper.fromName(EnumType.java:433) ~[hibernate-core-5.2.10.Final.jar:5.2.10.Final]
	at org.hibernate.type.EnumType$NamedEnumValueMapper.getValue(EnumType.java:417) ~[hibernate-core-5.2.10.Final.jar:5.2.10.Final]
	at org.hibernate.type.EnumType.nullSafeGet(EnumType.java:231) ~[hibernate-core-5.2.10.Final.jar:5.2.10.Final]
	at org.hibernate.type.CustomType.nullSafeGet(CustomType.java:119) ~[hibernate-core-5.2.10.Final.jar:5.2.10.Final]
	at org.hibernate.type.AbstractType.hydrate(AbstractType.java:82) ~[hibernate-core-5.2.10.Final.jar:5.2.10.Final]
	at org.hibernate.persister.entity.AbstractEntityPersister.hydrate(AbstractEntityPersister.java:2844) ~[hibernate-core-5.2.10.Final.jar:5.2.10.Final]
	at org.hibernate.loader.plan.exec.process.internal.EntityReferenceInitializerImpl.loadFromResultSet(EntityReferenceInitializerImpl.java:305) ~[hibernate-core-5.2.10.Final.jar:5.2.10.Final]
	at org.hibernate.loader.plan.exec.process.internal.EntityReferenceInitializerImpl.hydrateEntityState(EntityReferenceInitializerImpl.java:233) ~[hibernate-core-5.2.10.Final.jar:5.2.10.Final]
	at org.hibernate.loader.plan.exec.process.internal.AbstractRowReader.readRow(AbstractRowReader.java:103) ~[hibernate-core-5.2.10.Final.jar:5.2.10.Final]
	at org.hibernate.loader.plan.exec.process.internal.ResultSetProcessorImpl.extractResults(ResultSetProcessorImpl.java:122) ~[hibernate-core-5.2.10.Final.jar:5.2.10.Final]
	at org.hibernate.loader.plan.exec.internal.AbstractLoadPlanBasedLoader.executeLoad(AbstractLoadPlanBasedLoader.java:122) ~[hibernate-core-5.2.10.Final.jar:5.2.10.Final]
	at org.hibernate.loader.plan.exec.internal.AbstractLoadPlanBasedLoader.executeLoad(AbstractLoadPlanBasedLoader.java:86) ~[hibernate-core-5.2.10.Final.jar:5.2.10.Final]
	at org.hibernate.loader.collection.plan.AbstractLoadPlanBasedCollectionInitializer.initialize(AbstractLoadPlanBasedCollectionInitializer.java:87) ~[hibernate-core-5.2.10.Final.jar:5.2.10.Final]
	at org.hibernate.persister.collection.AbstractCollectionPersister.initialize(AbstractCollectionPersister.java:688) ~[hibernate-core-5.2.10.Final.jar:5.2.10.Final]
	at org.hibernate.event.internal.DefaultInitializeCollectionEventListener.onInitializeCollection(DefaultInitializeCollectionEventListener.java:75) ~[hibernate-core-5.2.10.Final.jar:5.2.10.Final]
	at org.hibernate.internal.SessionImpl.initializeCollection(SessionImpl.java:2183) ~[hibernate-core-5.2.10.Final.jar:5.2.10.Final]
	at org.hibernate.collection.internal.AbstractPersistentCollection$4.doWork(AbstractPersistentCollection.java:565) ~[hibernate-core-5.2.10.Final.jar:5.2.10.Final]
	at org.hibernate.collection.internal.AbstractPersistentCollection.withTemporarySessionIfNeeded(AbstractPersistentCollection.java:247) ~[hibernate-core-5.2.10.Final.jar:5.2.10.Final]
	at org.hibernate.collection.internal.AbstractPersistentCollection.initialize(AbstractPersistentCollection.java:561) ~[hibernate-core-5.2.10.Final.jar:5.2.10.Final]
	at org.hibernate.collection.internal.AbstractPersistentCollection.forceInitialization(AbstractPersistentCollection.java:729) ~[hibernate-core-5.2.10.Final.jar:5.2.10.Final]
	at org.hibernate.Hibernate.initialize(Hibernate.java:64) ~[hibernate-core-5.2.10.Final.jar:5.2.10.Final]
	at com.mvc.spittr.dao.SpitterDAOImpl.findBySsoId(SpitterDAOImpl.java:84) ~[classes/:na]
	at com.mvc.spittr.service.SpitterDetailService.loadUserByUsername(SpitterDetailService.java:43) ~[classes/:na]
	at com.mvc.spittr.service.SpitterDetailService$$FastClassBySpringCGLIB$$21fc9d2b.invoke(<generated>) ~[classes/:na]
	at org.springframework.cglib.proxy.MethodProxy.invoke(MethodProxy.java:204) ~[spring-core-5.0.0.RELEASE.jar:5.0.0.RELEASE]
	at org.springframework.aop.framework.CglibAopProxy$CglibMethodInvocation.invokeJoinpoint(CglibAopProxy.java:747) ~[spring-aop-5.0.0.RELEASE.jar:5.0.0.RELEASE]
	at org.springframework.aop.framework.ReflectiveMethodInvocation.proceed(ReflectiveMethodInvocation.java:163) ~[spring-aop-5.0.0.RELEASE.jar:5.0.0.RELEASE]
	at org.springframework.transaction.interceptor.TransactionAspectSupport.invokeWithinTransaction(TransactionAspectSupport.java:294) ~[spring-tx-5.0.0.RELEASE.jar:5.0.0.RELEASE]
	at org.springframework.transaction.interceptor.TransactionInterceptor.invoke(TransactionInterceptor.java:98) ~[spring-tx-5.0.0.RELEASE.jar:5.0.0.RELEASE]
	at org.springframework.aop.framework.ReflectiveMethodInvocation.proceed(ReflectiveMethodInvocation.java:185) ~[spring-aop-5.0.0.RELEASE.jar:5.0.0.RELEASE]
	at org.springframework.aop.framework.CglibAopProxy$DynamicAdvisedInterceptor.intercept(CglibAopProxy.java:689) ~[spring-aop-5.0.0.RELEASE.jar:5.0.0.RELEASE]
	at com.mvc.spittr.service.SpitterDetailService$$EnhancerBySpringCGLIB$$ed82cb3.loadUserByUsername(<generated>) ~[classes/:na]
	at org.springframework.security.authentication.dao.DaoAuthenticationProvider.retrieveUser(DaoAuthenticationProvider.java:114) ~[spring-security-core-4.2.3.RELEASE.jar:4.2.3.RELEASE]
	... 44 common frames omitted
