2018-03-31 15:45:04 [ContainerBackgroundProcessor[StandardEngine[Catalina]]] ERROR o.s.web.context.ContextLoader.initWebApplicationContext(316) - Context initialization failed
org.springframework.beans.factory.BeanCreationException: Error creating bean with name 'springSecurityFilterChain' defined in org.springframework.security.config.annotation.web.configuration.WebSecurityConfiguration: Bean instantiation via factory method failed; nested exception is org.springframework.beans.BeanInstantiationException: Failed to instantiate [javax.servlet.Filter]: Factory method 'springSecurityFilterChain' threw exception; nested exception is java.lang.IllegalArgumentException: errorPage must begin with '/'
	at org.springframework.beans.factory.support.ConstructorResolver.instantiateUsingFactoryMethod(ConstructorResolver.java:583) ~[spring-beans-5.0.0.RELEASE.jar:5.0.0.RELEASE]
	at org.springframework.beans.factory.support.AbstractAutowireCapableBeanFactory.instantiateUsingFactoryMethod(AbstractAutowireCapableBeanFactory.java:1249) ~[spring-beans-5.0.0.RELEASE.jar:5.0.0.RELEASE]
	at org.springframework.beans.factory.support.AbstractAutowireCapableBeanFactory.createBeanInstance(AbstractAutowireCapableBeanFactory.java:1098) ~[spring-beans-5.0.0.RELEASE.jar:5.0.0.RELEASE]
	at org.springframework.beans.factory.support.AbstractAutowireCapableBeanFactory.doCreateBean(AbstractAutowireCapableBeanFactory.java:545) ~[spring-beans-5.0.0.RELEASE.jar:5.0.0.RELEASE]
	at org.springframework.beans.factory.support.AbstractAutowireCapableBeanFactory.createBean(AbstractAutowireCapableBeanFactory.java:502) ~[spring-beans-5.0.0.RELEASE.jar:5.0.0.RELEASE]
	at org.springframework.beans.factory.support.AbstractBeanFactory.lambda$doGetBean$0(AbstractBeanFactory.java:312) ~[spring-beans-5.0.0.RELEASE.jar:5.0.0.RELEASE]
	at org.springframework.beans.factory.support.DefaultSingletonBeanRegistry.getSingleton(DefaultSingletonBeanRegistry.java:228) ~[spring-beans-5.0.0.RELEASE.jar:5.0.0.RELEASE]
	at org.springframework.beans.factory.support.AbstractBeanFactory.doGetBean(AbstractBeanFactory.java:310) ~[spring-beans-5.0.0.RELEASE.jar:5.0.0.RELEASE]
	at org.springframework.beans.factory.support.AbstractBeanFactory.getBean(AbstractBeanFactory.java:200) ~[spring-beans-5.0.0.RELEASE.jar:5.0.0.RELEASE]
	at org.springframework.beans.factory.support.AbstractBeanFactory.doGetBean(AbstractBeanFactory.java:304) ~[spring-beans-5.0.0.RELEASE.jar:5.0.0.RELEASE]
	at org.springframework.beans.factory.support.AbstractBeanFactory.getBean(AbstractBeanFactory.java:200) ~[spring-beans-5.0.0.RELEASE.jar:5.0.0.RELEASE]
	at org.springframework.beans.factory.support.DefaultListableBeanFactory.preInstantiateSingletons(DefaultListableBeanFactory.java:756) ~[spring-beans-5.0.0.RELEASE.jar:5.0.0.RELEASE]
	at org.springframework.context.support.AbstractApplicationContext.finishBeanFactoryInitialization(AbstractApplicationContext.java:868) ~[spring-context-5.0.0.RELEASE.jar:5.0.0.RELEASE]
	at org.springframework.context.support.AbstractApplicationContext.refresh(AbstractApplicationContext.java:549) ~[spring-context-5.0.0.RELEASE.jar:5.0.0.RELEASE]
	at org.springframework.web.context.ContextLoader.configureAndRefreshWebApplicationContext(ContextLoader.java:409) ~[spring-web-5.0.0.RELEASE.jar:5.0.0.RELEASE]
	at org.springframework.web.context.ContextLoader.initWebApplicationContext(ContextLoader.java:291) ~[spring-web-5.0.0.RELEASE.jar:5.0.0.RELEASE]
	at org.springframework.web.context.ContextLoaderListener.contextInitialized(ContextLoaderListener.java:103) [spring-web-5.0.0.RELEASE.jar:5.0.0.RELEASE]
	at org.apache.catalina.core.StandardContext.listenerStart(StandardContext.java:4714) [catalina.jar:8.5.4]
	at org.apache.catalina.core.StandardContext.startInternal(StandardContext.java:5178) [catalina.jar:8.5.4]
	at org.apache.catalina.util.LifecycleBase.start(LifecycleBase.java:152) [catalina.jar:8.5.4]
	at org.apache.catalina.core.StandardContext.reload(StandardContext.java:3771) [catalina.jar:8.5.4]
	at org.apache.catalina.loader.WebappLoader.backgroundProcess(WebappLoader.java:292) [catalina.jar:8.5.4]
	at org.apache.catalina.core.StandardContext.backgroundProcess(StandardContext.java:5534) [catalina.jar:8.5.4]
	at org.apache.catalina.core.ContainerBase$ContainerBackgroundProcessor.processChildren(ContainerBase.java:1372) [catalina.jar:8.5.4]
	at org.apache.catalina.core.ContainerBase$ContainerBackgroundProcessor.processChildren(ContainerBase.java:1376) [catalina.jar:8.5.4]
	at org.apache.catalina.core.ContainerBase$ContainerBackgroundProcessor.processChildren(ContainerBase.java:1376) [catalina.jar:8.5.4]
	at org.apache.catalina.core.ContainerBase$ContainerBackgroundProcessor.run(ContainerBase.java:1344) [catalina.jar:8.5.4]
	at java.lang.Thread.run(Thread.java:748) [na:1.8.0_161]
Caused by: org.springframework.beans.BeanInstantiationException: Failed to instantiate [javax.servlet.Filter]: Factory method 'springSecurityFilterChain' threw exception; nested exception is java.lang.IllegalArgumentException: errorPage must begin with '/'
	at org.springframework.beans.factory.support.SimpleInstantiationStrategy.instantiate(SimpleInstantiationStrategy.java:186) ~[spring-beans-5.0.0.RELEASE.jar:5.0.0.RELEASE]
	at org.springframework.beans.factory.support.ConstructorResolver.instantiateUsingFactoryMethod(ConstructorResolver.java:575) ~[spring-beans-5.0.0.RELEASE.jar:5.0.0.RELEASE]
	... 27 common frames omitted
Caused by: java.lang.IllegalArgumentException: errorPage must begin with '/'
	at org.springframework.security.web.access.AccessDeniedHandlerImpl.setErrorPage(AccessDeniedHandlerImpl.java:92) ~[spring-security-web-4.2.3.RELEASE.jar:4.2.3.RELEASE]
	at org.springframework.security.config.annotation.web.configurers.ExceptionHandlingConfigurer.accessDeniedPage(ExceptionHandlingConfigurer.java:91) ~[spring-security-config-4.2.3.RELEASE.jar:4.2.3.RELEASE]
	at com.mvc.spittr.config.WebSecurityConfig.configure(WebSecurityConfig.java:142) ~[classes/:na]
	at org.springframework.security.config.annotation.web.configuration.WebSecurityConfigurerAdapter.getHttp(WebSecurityConfigurerAdapter.java:224) ~[spring-security-config-4.2.3.RELEASE.jar:4.2.3.RELEASE]
	at org.springframework.security.config.annotation.web.configuration.WebSecurityConfigurerAdapter.init(WebSecurityConfigurerAdapter.java:315) ~[spring-security-config-4.2.3.RELEASE.jar:4.2.3.RELEASE]
	at org.springframework.security.config.annotation.web.configuration.WebSecurityConfigurerAdapter.init(WebSecurityConfigurerAdapter.java:86) ~[spring-security-config-4.2.3.RELEASE.jar:4.2.3.RELEASE]
	at com.mvc.spittr.config.WebSecurityConfig$$EnhancerBySpringCGLIB$$5c3c29f4.init(<generated>) ~[classes/:na]
	at org.springframework.security.config.annotation.AbstractConfiguredSecurityBuilder.init(AbstractConfiguredSecurityBuilder.java:371) ~[spring-security-config-4.2.3.RELEASE.jar:4.2.3.RELEASE]
	at org.springframework.security.config.annotation.AbstractConfiguredSecurityBuilder.doBuild(AbstractConfiguredSecurityBuilder.java:325) ~[spring-security-config-4.2.3.RELEASE.jar:4.2.3.RELEASE]
	at org.springframework.security.config.annotation.AbstractSecurityBuilder.build(AbstractSecurityBuilder.java:41) ~[spring-security-config-4.2.3.RELEASE.jar:4.2.3.RELEASE]
	at org.springframework.security.config.annotation.web.configuration.WebSecurityConfiguration.springSecurityFilterChain(WebSecurityConfiguration.java:104) ~[spring-security-config-4.2.3.RELEASE.jar:4.2.3.RELEASE]
	at org.springframework.security.config.annotation.web.configuration.WebSecurityConfiguration$$EnhancerBySpringCGLIB$$420766f1.CGLIB$springSecurityFilterChain$0(<generated>) ~[spring-security-config-4.2.3.RELEASE.jar:4.2.3.RELEASE]
	at org.springframework.security.config.annotation.web.configuration.WebSecurityConfiguration$$EnhancerBySpringCGLIB$$420766f1$$FastClassBySpringCGLIB$$926585fb.invoke(<generated>) ~[spring-security-config-4.2.3.RELEASE.jar:4.2.3.RELEASE]
	at org.springframework.cglib.proxy.MethodProxy.invokeSuper(MethodProxy.java:228) ~[spring-core-5.0.0.RELEASE.jar:5.0.0.RELEASE]
	at org.springframework.context.annotation.ConfigurationClassEnhancer$BeanMethodInterceptor.intercept(ConfigurationClassEnhancer.java:361) ~[spring-context-5.0.0.RELEASE.jar:5.0.0.RELEASE]
	at org.springframework.security.config.annotation.web.configuration.WebSecurityConfiguration$$EnhancerBySpringCGLIB$$420766f1.springSecurityFilterChain(<generated>) ~[spring-security-config-4.2.3.RELEASE.jar:4.2.3.RELEASE]
	at sun.reflect.NativeMethodAccessorImpl.invoke0(Native Method) ~[na:1.8.0_161]
	at sun.reflect.NativeMethodAccessorImpl.invoke(NativeMethodAccessorImpl.java:62) ~[na:1.8.0_161]
	at sun.reflect.DelegatingMethodAccessorImpl.invoke(DelegatingMethodAccessorImpl.java:43) ~[na:1.8.0_161]
	at java.lang.reflect.Method.invoke(Method.java:498) ~[na:1.8.0_161]
	at org.springframework.beans.factory.support.SimpleInstantiationStrategy.instantiate(SimpleInstantiationStrategy.java:155) ~[spring-beans-5.0.0.RELEASE.jar:5.0.0.RELEASE]
	... 28 common frames omitted
